[0.013s] Invoking command in '/home/ayush/challenge_multi_drone/build/led_ring_plugin': CMAKE_PREFIX_PATH=${CMAKE_PREFIX_PATH}:/home/ayush/project_gazebo_ws/install/as2_visualization:/home/ayush/project_gazebo_ws/install/as2_keyboard_teleoperation:/home/ayush/project_gazebo_ws/install/as2_python_api:/opt/ros/humble /usr/bin/cmake --build /home/ayush/challenge_multi_drone/build/led_ring_plugin -- -j12 -l12
[0.084s] [35m[1mConsolidate compiler generated dependencies of target LedRingPlugin[0m
[0.118s] [100%] Built target LedRingPlugin
[0.130s] Invoked command in '/home/ayush/challenge_multi_drone/build/led_ring_plugin' returned '0': CMAKE_PREFIX_PATH=${CMAKE_PREFIX_PATH}:/home/ayush/project_gazebo_ws/install/as2_visualization:/home/ayush/project_gazebo_ws/install/as2_keyboard_teleoperation:/home/ayush/project_gazebo_ws/install/as2_python_api:/opt/ros/humble /usr/bin/cmake --build /home/ayush/challenge_multi_drone/build/led_ring_plugin -- -j12 -l12
[0.132s] Invoking command in '/home/ayush/challenge_multi_drone/build/led_ring_plugin': CMAKE_PREFIX_PATH=${CMAKE_PREFIX_PATH}:/home/ayush/project_gazebo_ws/install/as2_visualization:/home/ayush/project_gazebo_ws/install/as2_keyboard_teleoperation:/home/ayush/project_gazebo_ws/install/as2_python_api:/opt/ros/humble /usr/bin/cmake --install /home/ayush/challenge_multi_drone/build/led_ring_plugin
[0.143s] -- Install configuration: ""
[0.144s] -- Up-to-date: /home/ayush/challenge_multi_drone/install/led_ring_plugin/share/led_ring_plugin/environment/library_path.sh
[0.144s] -- Up-to-date: /home/ayush/challenge_multi_drone/install/led_ring_plugin/share/led_ring_plugin/environment/library_path.dsv
[0.144s] -- Up-to-date: /home/ayush/challenge_multi_drone/install/led_ring_plugin/share/led_ring_plugin/environment/led_ring_plugin.sh
[0.144s] -- Up-to-date: /home/ayush/challenge_multi_drone/install/led_ring_plugin/share/ament_index/resource_index/package_run_dependencies/led_ring_plugin
[0.144s] -- Up-to-date: /home/ayush/challenge_multi_drone/install/led_ring_plugin/share/ament_index/resource_index/parent_prefix_path/led_ring_plugin
[0.144s] -- Up-to-date: /home/ayush/challenge_multi_drone/install/led_ring_plugin/share/led_ring_plugin/environment/ament_prefix_path.sh
[0.144s] -- Up-to-date: /home/ayush/challenge_multi_drone/install/led_ring_plugin/share/led_ring_plugin/environment/ament_prefix_path.dsv
[0.144s] -- Up-to-date: /home/ayush/challenge_multi_drone/install/led_ring_plugin/share/led_ring_plugin/environment/path.sh
[0.144s] -- Up-to-date: /home/ayush/challenge_multi_drone/install/led_ring_plugin/share/led_ring_plugin/environment/path.dsv
[0.145s] -- Up-to-date: /home/ayush/challenge_multi_drone/install/led_ring_plugin/share/led_ring_plugin/local_setup.bash
[0.145s] -- Up-to-date: /home/ayush/challenge_multi_drone/install/led_ring_plugin/share/led_ring_plugin/local_setup.sh
[0.145s] -- Up-to-date: /home/ayush/challenge_multi_drone/install/led_ring_plugin/share/led_ring_plugin/local_setup.zsh
[0.145s] -- Up-to-date: /home/ayush/challenge_multi_drone/install/led_ring_plugin/share/led_ring_plugin/local_setup.dsv
[0.145s] -- Installing: /home/ayush/challenge_multi_drone/install/led_ring_plugin/share/led_ring_plugin/package.dsv
[0.145s] -- Up-to-date: /home/ayush/challenge_multi_drone/install/led_ring_plugin/share/ament_index/resource_index/packages/led_ring_plugin
[0.145s] -- Up-to-date: /home/ayush/challenge_multi_drone/install/led_ring_plugin/share/led_ring_plugin/cmake/ament_cmake_export_libraries-extras.cmake
[0.145s] -- Up-to-date: /home/ayush/challenge_multi_drone/install/led_ring_plugin/share/led_ring_plugin/cmake/ament_cmake_export_dependencies-extras.cmake
[0.145s] -- Up-to-date: /home/ayush/challenge_multi_drone/install/led_ring_plugin/share/led_ring_plugin/cmake/led_ring_pluginConfig.cmake
[0.146s] -- Up-to-date: /home/ayush/challenge_multi_drone/install/led_ring_plugin/share/led_ring_plugin/cmake/led_ring_pluginConfig-version.cmake
[0.146s] -- Up-to-date: /home/ayush/challenge_multi_drone/install/led_ring_plugin/share/led_ring_plugin/package.xml
[0.146s] -- Up-to-date: /home/ayush/challenge_multi_drone/install/led_ring_plugin/include
[0.146s] -- Up-to-date: /home/ayush/challenge_multi_drone/install/led_ring_plugin/include/led_ring.hpp
[0.146s] -- Up-to-date: /home/ayush/challenge_multi_drone/install/led_ring_plugin/lib/libLedRingPlugin.so
[0.149s] Invoked command in '/home/ayush/challenge_multi_drone/build/led_ring_plugin' returned '0': CMAKE_PREFIX_PATH=${CMAKE_PREFIX_PATH}:/home/ayush/project_gazebo_ws/install/as2_visualization:/home/ayush/project_gazebo_ws/install/as2_keyboard_teleoperation:/home/ayush/project_gazebo_ws/install/as2_python_api:/opt/ros/humble /usr/bin/cmake --install /home/ayush/challenge_multi_drone/build/led_ring_plugin
