-- The C compiler identification is GNU 11.4.0
-- The CXX compiler identification is GNU 11.4.0
-- Detecting C compiler ABI info
-- Detecting C compiler ABI info - done
-- Check for working C compiler: /usr/bin/cc - skipped
-- Detecting C compile features
-- Detecting C compile features - done
-- Detecting CXX compiler ABI info
-- Detecting CXX compiler ABI info - done
-- Check for working CXX compiler: /usr/bin/c++ - skipped
-- Detecting CXX compile features
-- Detecting CXX compile features - done
-- Found ament_cmake: 1.3.11 (/opt/ros/humble/share/ament_cmake/cmake)
-- Found Python3: /usr/bin/python3 (found version "3.10.12") found components: Interpreter 
-- Found rclcpp: 16.0.11 (/opt/ros/humble/share/rclcpp/cmake)
-- Found rosidl_generator_c: 3.1.6 (/opt/ros/humble/share/rosidl_generator_c/cmake)
-- Found rosidl_adapter: 3.1.6 (/opt/ros/humble/share/rosidl_adapter/cmake)
-- Found rosidl_generator_cpp: 3.1.6 (/opt/ros/humble/share/rosidl_generator_cpp/cmake)
-- Using all available rosidl_typesupport_c: rosidl_typesupport_fastrtps_c;rosidl_typesupport_introspection_c
-- Using all available rosidl_typesupport_cpp: rosidl_typesupport_fastrtps_cpp;rosidl_typesupport_introspection_cpp
-- Found rmw_implementation_cmake: 6.1.2 (/opt/ros/humble/share/rmw_implementation_cmake/cmake)
-- Found rmw_fastrtps_cpp: 6.2.7 (/opt/ros/humble/share/rmw_fastrtps_cpp/cmake)
-- Found OpenSSL: /usr/lib/x86_64-linux-gnu/libcrypto.so (found version "3.0.2")  
-- Found FastRTPS: /opt/ros/humble/include  
-- Using RMW implementation 'rmw_fastrtps_cpp' as default
-- Looking for pthread.h
-- Looking for pthread.h - found
-- Performing Test CMAKE_HAVE_LIBC_PTHREAD
-- Performing Test CMAKE_HAVE_LIBC_PTHREAD - Success
-- Found Threads: TRUE  
-- Found visualization_msgs: 4.2.4 (/opt/ros/humble/share/visualization_msgs/cmake)
-- Found tf2_ros: 0.25.11 (/opt/ros/humble/share/tf2_ros/cmake)
-- Found tf2_geometry_msgs: 0.25.11 (/opt/ros/humble/share/tf2_geometry_msgs/cmake)
-- Found eigen3_cmake_module: 0.1.1 (/opt/ros/humble/share/eigen3_cmake_module/cmake)
-- Found Eigen3: TRUE (found version "3.4.0") 
-- Ensuring Eigen3 include directory is part of orocos-kdl CMake target
-- Configuring done
-- Generating done
-- Build files have been written to: /home/ayush/challenge_multi_drone/build/led_ring_visualizer
[ 50%] [32mBuilding CXX object CMakeFiles/led_ring_visualizer.dir/src/led_ring_viz.cpp.o[0m
In file included from [01m[K/home/ayush/challenge_multi_drone/src/challenge_multi_drone/config_sim/rviz2/led_ring_viz/src/led_ring_viz.cpp:6[m[K:
[01m[K/opt/ros/humble/include/tf2_geometry_msgs/tf2_geometry_msgs/tf2_geometry_msgs.h:35:2:[m[K [01;35m[Kwarning: [m[K#warning This header is obsolete, please include tf2_geometry_msgs/tf2_geometry_msgs.hpp instead [[01;35m[K]8;;https://gcc.gnu.org/onlinedocs/gcc/Warning-Options.html#index-Wcpp-Wcpp]8;;[m[K]
   35 | #[01;35m[Kwarning[m[K This header is obsolete, please include tf2_geometry_msgs/tf2_geometry_msgs.hpp instead
      |  [01;35m[K^~~~~~~[m[K
[01m[K/home/ayush/challenge_multi_drone/src/challenge_multi_drone/config_sim/rviz2/led_ring_viz/src/led_ring_viz.cpp:[m[K In constructor ‘[01m[KLEDRingVisualizer::LEDRingVisualizer()[m[K’:
[01m[K/home/ayush/challenge_multi_drone/src/challenge_multi_drone/config_sim/rviz2/led_ring_viz/src/led_ring_viz.cpp:15:58:[m[K [01;35m[Kwarning: [m[Kconverting to ‘[01m[Kconst ParameterDescriptor[m[K’ {aka ‘[01m[Kconst rcl_interfaces::msg::ParameterDescriptor_<std::allocator<void> >[m[K’} from initializer list would use explicit constructor ‘[01m[Krcl_interfaces::msg::ParameterDescriptor_<ContainerAllocator>::ParameterDescriptor_(rosidl_runtime_cpp::MessageInitialization) [with ContainerAllocator = std::allocator<void>][m[K’
   15 |         [01;35m[Kthis->declare_parameter<std::vector<std::string>>("namespace_list", {})[m[K;
      |         [01;35m[K~~~~~~~~~~~~~~~~~~~~~~~~~~~~~~~~~~~~~~~~~~~~~~~~~^~~~~~~~~~~~~~~~~~~~~~[m[K
[01m[K/home/ayush/challenge_multi_drone/src/challenge_multi_drone/config_sim/rviz2/led_ring_viz/src/led_ring_viz.cpp:15:58:[m[K [01;36m[Knote: [m[Kin C++11 and above a default constructor can be explicit
[100%] [32m[1mLinking CXX executable led_ring_visualizer[0m
[100%] Built target led_ring_visualizer
-- Install configuration: ""
-- Installing: /home/ayush/challenge_multi_drone/install/led_ring_visualizer/lib/led_ring_visualizer/led_ring_visualizer
-- Set runtime path of "/home/ayush/challenge_multi_drone/install/led_ring_visualizer/lib/led_ring_visualizer/led_ring_visualizer" to ""
-- Installing: /home/ayush/challenge_multi_drone/install/led_ring_visualizer/share/led_ring_visualizer//launch
-- Installing: /home/ayush/challenge_multi_drone/install/led_ring_visualizer/share/led_ring_visualizer//launch/led_ring_viz.launch.py
-- Installing: /home/ayush/challenge_multi_drone/install/led_ring_visualizer/share/ament_index/resource_index/package_run_dependencies/led_ring_visualizer
-- Installing: /home/ayush/challenge_multi_drone/install/led_ring_visualizer/share/ament_index/resource_index/parent_prefix_path/led_ring_visualizer
-- Installing: /home/ayush/challenge_multi_drone/install/led_ring_visualizer/share/led_ring_visualizer/environment/ament_prefix_path.sh
-- Installing: /home/ayush/challenge_multi_drone/install/led_ring_visualizer/share/led_ring_visualizer/environment/ament_prefix_path.dsv
-- Installing: /home/ayush/challenge_multi_drone/install/led_ring_visualizer/share/led_ring_visualizer/environment/path.sh
-- Installing: /home/ayush/challenge_multi_drone/install/led_ring_visualizer/share/led_ring_visualizer/environment/path.dsv
-- Installing: /home/ayush/challenge_multi_drone/install/led_ring_visualizer/share/led_ring_visualizer/local_setup.bash
-- Installing: /home/ayush/challenge_multi_drone/install/led_ring_visualizer/share/led_ring_visualizer/local_setup.sh
-- Installing: /home/ayush/challenge_multi_drone/install/led_ring_visualizer/share/led_ring_visualizer/local_setup.zsh
-- Installing: /home/ayush/challenge_multi_drone/install/led_ring_visualizer/share/led_ring_visualizer/local_setup.dsv
-- Installing: /home/ayush/challenge_multi_drone/install/led_ring_visualizer/share/led_ring_visualizer/package.dsv
-- Installing: /home/ayush/challenge_multi_drone/install/led_ring_visualizer/share/ament_index/resource_index/packages/led_ring_visualizer
-- Installing: /home/ayush/challenge_multi_drone/install/led_ring_visualizer/share/led_ring_visualizer/cmake/led_ring_visualizerConfig.cmake
-- Installing: /home/ayush/challenge_multi_drone/install/led_ring_visualizer/share/led_ring_visualizer/cmake/led_ring_visualizerConfig-version.cmake
-- Installing: /home/ayush/challenge_multi_drone/install/led_ring_visualizer/share/led_ring_visualizer/package.xml
