[0.020s] Invoking command in '/home/ayush/challenge_multi_drone/build/led_ring_visualizer': CMAKE_PREFIX_PATH=${CMAKE_PREFIX_PATH}:/home/ayush/project_gazebo_ws/install/as2_visualization:/home/ayush/project_gazebo_ws/install/as2_keyboard_teleoperation:/home/ayush/project_gazebo_ws/install/as2_python_api:/opt/ros/humble /usr/bin/cmake /home/ayush/challenge_multi_drone/src/challenge_multi_drone/config_sim/rviz2/led_ring_viz -DCMAKE_INSTALL_PREFIX=/home/ayush/challenge_multi_drone/install/led_ring_visualizer
[0.109s] -- The C compiler identification is GNU 11.4.0
[0.222s] -- The CXX compiler identification is GNU 11.4.0
[0.231s] -- Detecting C compiler ABI info
[0.304s] -- Detecting C compiler ABI info - done
[0.311s] -- Check for working C compiler: /usr/bin/cc - skipped
[0.312s] -- Detecting C compile features
[0.312s] -- Detecting C compile features - done
[0.315s] -- Detecting CXX compiler ABI info
[0.399s] -- Detecting CXX compiler ABI info - done
[0.408s] -- Check for working CXX compiler: /usr/bin/c++ - skipped
[0.409s] -- Detecting CXX compile features
[0.409s] -- Detecting CXX compile features - done
[0.414s] -- Found ament_cmake: 1.3.11 (/opt/ros/humble/share/ament_cmake/cmake)
[0.652s] -- Found Python3: /usr/bin/python3 (found version "3.10.12") found components: Interpreter 
[0.793s] -- Found rclcpp: 16.0.11 (/opt/ros/humble/share/rclcpp/cmake)
[0.851s] -- Found rosidl_generator_c: 3.1.6 (/opt/ros/humble/share/rosidl_generator_c/cmake)
[0.858s] -- Found rosidl_adapter: 3.1.6 (/opt/ros/humble/share/rosidl_adapter/cmake)
[0.868s] -- Found rosidl_generator_cpp: 3.1.6 (/opt/ros/humble/share/rosidl_generator_cpp/cmake)
[0.884s] -- Using all available rosidl_typesupport_c: rosidl_typesupport_fastrtps_c;rosidl_typesupport_introspection_c
[0.902s] -- Using all available rosidl_typesupport_cpp: rosidl_typesupport_fastrtps_cpp;rosidl_typesupport_introspection_cpp
[0.965s] -- Found rmw_implementation_cmake: 6.1.2 (/opt/ros/humble/share/rmw_implementation_cmake/cmake)
[0.970s] -- Found rmw_fastrtps_cpp: 6.2.7 (/opt/ros/humble/share/rmw_fastrtps_cpp/cmake)
[1.090s] -- Found OpenSSL: /usr/lib/x86_64-linux-gnu/libcrypto.so (found version "3.0.2")  
[1.119s] -- Found FastRTPS: /opt/ros/humble/include  
[1.162s] -- Using RMW implementation 'rmw_fastrtps_cpp' as default
[1.174s] -- Looking for pthread.h
[1.258s] -- Looking for pthread.h - found
[1.258s] -- Performing Test CMAKE_HAVE_LIBC_PTHREAD
[1.342s] -- Performing Test CMAKE_HAVE_LIBC_PTHREAD - Success
[1.344s] -- Found Threads: TRUE  
[1.418s] -- Found visualization_msgs: 4.2.4 (/opt/ros/humble/share/visualization_msgs/cmake)
[1.473s] -- Found tf2_ros: 0.25.11 (/opt/ros/humble/share/tf2_ros/cmake)
[1.610s] -- Found tf2_geometry_msgs: 0.25.11 (/opt/ros/humble/share/tf2_geometry_msgs/cmake)
[1.641s] -- Found eigen3_cmake_module: 0.1.1 (/opt/ros/humble/share/eigen3_cmake_module/cmake)
[1.642s] -- Found Eigen3: TRUE (found version "3.4.0") 
[1.642s] -- Ensuring Eigen3 include directory is part of orocos-kdl CMake target
[1.707s] -- Configuring done
[1.716s] -- Generating done
[1.720s] -- Build files have been written to: /home/ayush/challenge_multi_drone/build/led_ring_visualizer
[1.731s] Invoked command in '/home/ayush/challenge_multi_drone/build/led_ring_visualizer' returned '0': CMAKE_PREFIX_PATH=${CMAKE_PREFIX_PATH}:/home/ayush/project_gazebo_ws/install/as2_visualization:/home/ayush/project_gazebo_ws/install/as2_keyboard_teleoperation:/home/ayush/project_gazebo_ws/install/as2_python_api:/opt/ros/humble /usr/bin/cmake /home/ayush/challenge_multi_drone/src/challenge_multi_drone/config_sim/rviz2/led_ring_viz -DCMAKE_INSTALL_PREFIX=/home/ayush/challenge_multi_drone/install/led_ring_visualizer
[1.732s] Invoking command in '/home/ayush/challenge_multi_drone/build/led_ring_visualizer': CMAKE_PREFIX_PATH=${CMAKE_PREFIX_PATH}:/home/ayush/project_gazebo_ws/install/as2_visualization:/home/ayush/project_gazebo_ws/install/as2_keyboard_teleoperation:/home/ayush/project_gazebo_ws/install/as2_python_api:/opt/ros/humble /usr/bin/cmake --build /home/ayush/challenge_multi_drone/build/led_ring_visualizer -- -j12 -l12
[1.791s] [ 50%] [32mBuilding CXX object CMakeFiles/led_ring_visualizer.dir/src/led_ring_viz.cpp.o[0m
[2.150s] In file included from [01m[K/home/ayush/challenge_multi_drone/src/challenge_multi_drone/config_sim/rviz2/led_ring_viz/src/led_ring_viz.cpp:6[m[K:
[2.150s] [01m[K/opt/ros/humble/include/tf2_geometry_msgs/tf2_geometry_msgs/tf2_geometry_msgs.h:35:2:[m[K [01;35m[Kwarning: [m[K#warning This header is obsolete, please include tf2_geometry_msgs/tf2_geometry_msgs.hpp instead [[01;35m[K]8;;https://gcc.gnu.org/onlinedocs/gcc/Warning-Options.html#index-Wcpp-Wcpp]8;;[m[K]
[2.150s]    35 | #[01;35m[Kwarning[m[K This header is obsolete, please include tf2_geometry_msgs/tf2_geometry_msgs.hpp instead
[2.150s]       |  [01;35m[K^~~~~~~[m[K
[4.186s] [01m[K/home/ayush/challenge_multi_drone/src/challenge_multi_drone/config_sim/rviz2/led_ring_viz/src/led_ring_viz.cpp:[m[K In constructor ‘[01m[KLEDRingVisualizer::LEDRingVisualizer()[m[K’:
[4.186s] [01m[K/home/ayush/challenge_multi_drone/src/challenge_multi_drone/config_sim/rviz2/led_ring_viz/src/led_ring_viz.cpp:15:58:[m[K [01;35m[Kwarning: [m[Kconverting to ‘[01m[Kconst ParameterDescriptor[m[K’ {aka ‘[01m[Kconst rcl_interfaces::msg::ParameterDescriptor_<std::allocator<void> >[m[K’} from initializer list would use explicit constructor ‘[01m[Krcl_interfaces::msg::ParameterDescriptor_<ContainerAllocator>::ParameterDescriptor_(rosidl_runtime_cpp::MessageInitialization) [with ContainerAllocator = std::allocator<void>][m[K’
[4.186s]    15 |         [01;35m[Kthis->declare_parameter<std::vector<std::string>>("namespace_list", {})[m[K;
[4.186s]       |         [01;35m[K~~~~~~~~~~~~~~~~~~~~~~~~~~~~~~~~~~~~~~~~~~~~~~~~~^~~~~~~~~~~~~~~~~~~~~~[m[K
[4.186s] [01m[K/home/ayush/challenge_multi_drone/src/challenge_multi_drone/config_sim/rviz2/led_ring_viz/src/led_ring_viz.cpp:15:58:[m[K [01;36m[Knote: [m[Kin C++11 and above a default constructor can be explicit
[11.478s] [100%] [32m[1mLinking CXX executable led_ring_visualizer[0m
[12.274s] [100%] Built target led_ring_visualizer
[12.298s] Invoked command in '/home/ayush/challenge_multi_drone/build/led_ring_visualizer' returned '0': CMAKE_PREFIX_PATH=${CMAKE_PREFIX_PATH}:/home/ayush/project_gazebo_ws/install/as2_visualization:/home/ayush/project_gazebo_ws/install/as2_keyboard_teleoperation:/home/ayush/project_gazebo_ws/install/as2_python_api:/opt/ros/humble /usr/bin/cmake --build /home/ayush/challenge_multi_drone/build/led_ring_visualizer -- -j12 -l12
[12.299s] Invoking command in '/home/ayush/challenge_multi_drone/build/led_ring_visualizer': CMAKE_PREFIX_PATH=${CMAKE_PREFIX_PATH}:/home/ayush/project_gazebo_ws/install/as2_visualization:/home/ayush/project_gazebo_ws/install/as2_keyboard_teleoperation:/home/ayush/project_gazebo_ws/install/as2_python_api:/opt/ros/humble /usr/bin/cmake --install /home/ayush/challenge_multi_drone/build/led_ring_visualizer
[12.312s] -- Install configuration: ""
[12.313s] -- Installing: /home/ayush/challenge_multi_drone/install/led_ring_visualizer/lib/led_ring_visualizer/led_ring_visualizer
[12.319s] -- Set runtime path of "/home/ayush/challenge_multi_drone/install/led_ring_visualizer/lib/led_ring_visualizer/led_ring_visualizer" to ""
[12.319s] -- Installing: /home/ayush/challenge_multi_drone/install/led_ring_visualizer/share/led_ring_visualizer//launch
[12.320s] -- Installing: /home/ayush/challenge_multi_drone/install/led_ring_visualizer/share/led_ring_visualizer//launch/led_ring_viz.launch.py
[12.321s] -- Installing: /home/ayush/challenge_multi_drone/install/led_ring_visualizer/share/ament_index/resource_index/package_run_dependencies/led_ring_visualizer
[12.321s] -- Installing: /home/ayush/challenge_multi_drone/install/led_ring_visualizer/share/ament_index/resource_index/parent_prefix_path/led_ring_visualizer
[12.321s] -- Installing: /home/ayush/challenge_multi_drone/install/led_ring_visualizer/share/led_ring_visualizer/environment/ament_prefix_path.sh
[12.321s] -- Installing: /home/ayush/challenge_multi_drone/install/led_ring_visualizer/share/led_ring_visualizer/environment/ament_prefix_path.dsv
[12.321s] -- Installing: /home/ayush/challenge_multi_drone/install/led_ring_visualizer/share/led_ring_visualizer/environment/path.sh
[12.322s] -- Installing: /home/ayush/challenge_multi_drone/install/led_ring_visualizer/share/led_ring_visualizer/environment/path.dsv
[12.322s] -- Installing: /home/ayush/challenge_multi_drone/install/led_ring_visualizer/share/led_ring_visualizer/local_setup.bash
[12.324s] -- Installing: /home/ayush/challenge_multi_drone/install/led_ring_visualizer/share/led_ring_visualizer/local_setup.sh
[12.324s] -- Installing: /home/ayush/challenge_multi_drone/install/led_ring_visualizer/share/led_ring_visualizer/local_setup.zsh
[12.324s] -- Installing: /home/ayush/challenge_multi_drone/install/led_ring_visualizer/share/led_ring_visualizer/local_setup.dsv
[12.325s] -- Installing: /home/ayush/challenge_multi_drone/install/led_ring_visualizer/share/led_ring_visualizer/package.dsv
[12.325s] -- Installing: /home/ayush/challenge_multi_drone/install/led_ring_visualizer/share/ament_index/resource_index/packages/led_ring_visualizer
[12.325s] -- Installing: /home/ayush/challenge_multi_drone/install/led_ring_visualizer/share/led_ring_visualizer/cmake/led_ring_visualizerConfig.cmake
[12.325s] -- Installing: /home/ayush/challenge_multi_drone/install/led_ring_visualizer/share/led_ring_visualizer/cmake/led_ring_visualizerConfig-version.cmake
[12.325s] -- Installing: /home/ayush/challenge_multi_drone/install/led_ring_visualizer/share/led_ring_visualizer/package.xml
[12.328s] Invoked command in '/home/ayush/challenge_multi_drone/build/led_ring_visualizer' returned '0': CMAKE_PREFIX_PATH=${CMAKE_PREFIX_PATH}:/home/ayush/project_gazebo_ws/install/as2_visualization:/home/ayush/project_gazebo_ws/install/as2_keyboard_teleoperation:/home/ayush/project_gazebo_ws/install/as2_python_api:/opt/ros/humble /usr/bin/cmake --install /home/ayush/challenge_multi_drone/build/led_ring_visualizer
