[100%] Built target LedRingPlugin
-- Install configuration: ""
-- Up-to-date: /home/ayush/challenge_multi_drone/install/led_ring_plugin/share/led_ring_plugin/environment/library_path.sh
-- Up-to-date: /home/ayush/challenge_multi_drone/install/led_ring_plugin/share/led_ring_plugin/environment/library_path.dsv
-- Up-to-date: /home/ayush/challenge_multi_drone/install/led_ring_plugin/share/led_ring_plugin/environment/led_ring_plugin.sh
-- Up-to-date: /home/ayush/challenge_multi_drone/install/led_ring_plugin/share/ament_index/resource_index/package_run_dependencies/led_ring_plugin
-- Up-to-date: /home/ayush/challenge_multi_drone/install/led_ring_plugin/share/ament_index/resource_index/parent_prefix_path/led_ring_plugin
-- Up-to-date: /home/ayush/challenge_multi_drone/install/led_ring_plugin/share/led_ring_plugin/environment/ament_prefix_path.sh
-- Up-to-date: /home/ayush/challenge_multi_drone/install/led_ring_plugin/share/led_ring_plugin/environment/ament_prefix_path.dsv
-- Up-to-date: /home/ayush/challenge_multi_drone/install/led_ring_plugin/share/led_ring_plugin/environment/path.sh
-- Up-to-date: /home/ayush/challenge_multi_drone/install/led_ring_plugin/share/led_ring_plugin/environment/path.dsv
-- Up-to-date: /home/ayush/challenge_multi_drone/install/led_ring_plugin/share/led_ring_plugin/local_setup.bash
-- Up-to-date: /home/ayush/challenge_multi_drone/install/led_ring_plugin/share/led_ring_plugin/local_setup.sh
-- Up-to-date: /home/ayush/challenge_multi_drone/install/led_ring_plugin/share/led_ring_plugin/local_setup.zsh
-- Up-to-date: /home/ayush/challenge_multi_drone/install/led_ring_plugin/share/led_ring_plugin/local_setup.dsv
-- Installing: /home/ayush/challenge_multi_drone/install/led_ring_plugin/share/led_ring_plugin/package.dsv
-- Up-to-date: /home/ayush/challenge_multi_drone/install/led_ring_plugin/share/ament_index/resource_index/packages/led_ring_plugin
-- Up-to-date: /home/ayush/challenge_multi_drone/install/led_ring_plugin/share/led_ring_plugin/cmake/ament_cmake_export_libraries-extras.cmake
-- Up-to-date: /home/ayush/challenge_multi_drone/install/led_ring_plugin/share/led_ring_plugin/cmake/ament_cmake_export_dependencies-extras.cmake
-- Up-to-date: /home/ayush/challenge_multi_drone/install/led_ring_plugin/share/led_ring_plugin/cmake/led_ring_pluginConfig.cmake
-- Up-to-date: /home/ayush/challenge_multi_drone/install/led_ring_plugin/share/led_ring_plugin/cmake/led_ring_pluginConfig-version.cmake
-- Up-to-date: /home/ayush/challenge_multi_drone/install/led_ring_plugin/share/led_ring_plugin/package.xml
-- Up-to-date: /home/ayush/challenge_multi_drone/install/led_ring_plugin/include
-- Up-to-date: /home/ayush/challenge_multi_drone/install/led_ring_plugin/include/led_ring.hpp
-- Up-to-date: /home/ayush/challenge_multi_drone/install/led_ring_plugin/lib/libLedRingPlugin.so
