running egg_info
creating ../../../../build/as2_keyboard_teleoperation/as2_keyboard_teleoperation.egg-info
writing ../../../../build/as2_keyboard_teleoperation/as2_keyboard_teleoperation.egg-info/PKG-INFO
writing dependency_links to ../../../../build/as2_keyboard_teleoperation/as2_keyboard_teleoperation.egg-info/dependency_links.txt
writing requirements to ../../../../build/as2_keyboard_teleoperation/as2_keyboard_teleoperation.egg-info/requires.txt
writing top-level names to ../../../../build/as2_keyboard_teleoperation/as2_keyboard_teleoperation.egg-info/top_level.txt
writing manifest file '../../../../build/as2_keyboard_teleoperation/as2_keyboard_teleoperation.egg-info/SOURCES.txt'
reading manifest file '../../../../build/as2_keyboard_teleoperation/as2_keyboard_teleoperation.egg-info/SOURCES.txt'
writing manifest file '../../../../build/as2_keyboard_teleoperation/as2_keyboard_teleoperation.egg-info/SOURCES.txt'
running build
running build_py
creating /home/ayush/challenge_multi_drone/build/as2_keyboard_teleoperation/build
creating /home/ayush/challenge_multi_drone/build/as2_keyboard_teleoperation/build/lib
creating /home/ayush/challenge_multi_drone/build/as2_keyboard_teleoperation/build/lib/as2_keyboard_teleoperation
copying as2_keyboard_teleoperation/config_values.py -> /home/ayush/challenge_multi_drone/build/as2_keyboard_teleoperation/build/lib/as2_keyboard_teleoperation
copying as2_keyboard_teleoperation/main_window.py -> /home/ayush/challenge_multi_drone/build/as2_keyboard_teleoperation/build/lib/as2_keyboard_teleoperation
copying as2_keyboard_teleoperation/drone_manager.py -> /home/ayush/challenge_multi_drone/build/as2_keyboard_teleoperation/build/lib/as2_keyboard_teleoperation
copying as2_keyboard_teleoperation/keyboard_teleoperation.py -> /home/ayush/challenge_multi_drone/build/as2_keyboard_teleoperation/build/lib/as2_keyboard_teleoperation
copying as2_keyboard_teleoperation/__init__.py -> /home/ayush/challenge_multi_drone/build/as2_keyboard_teleoperation/build/lib/as2_keyboard_teleoperation
copying as2_keyboard_teleoperation/localization_window.py -> /home/ayush/challenge_multi_drone/build/as2_keyboard_teleoperation/build/lib/as2_keyboard_teleoperation
copying as2_keyboard_teleoperation/settings_window.py -> /home/ayush/challenge_multi_drone/build/as2_keyboard_teleoperation/build/lib/as2_keyboard_teleoperation
running install
running install_lib
creating /home/ayush/challenge_multi_drone/install/as2_keyboard_teleoperation/lib/python3.10/site-packages/as2_keyboard_teleoperation
copying /home/ayush/challenge_multi_drone/build/as2_keyboard_teleoperation/build/lib/as2_keyboard_teleoperation/config_values.py -> /home/ayush/challenge_multi_drone/install/as2_keyboard_teleoperation/lib/python3.10/site-packages/as2_keyboard_teleoperation
copying /home/ayush/challenge_multi_drone/build/as2_keyboard_teleoperation/build/lib/as2_keyboard_teleoperation/main_window.py -> /home/ayush/challenge_multi_drone/install/as2_keyboard_teleoperation/lib/python3.10/site-packages/as2_keyboard_teleoperation
copying /home/ayush/challenge_multi_drone/build/as2_keyboard_teleoperation/build/lib/as2_keyboard_teleoperation/drone_manager.py -> /home/ayush/challenge_multi_drone/install/as2_keyboard_teleoperation/lib/python3.10/site-packages/as2_keyboard_teleoperation
copying /home/ayush/challenge_multi_drone/build/as2_keyboard_teleoperation/build/lib/as2_keyboard_teleoperation/keyboard_teleoperation.py -> /home/ayush/challenge_multi_drone/install/as2_keyboard_teleoperation/lib/python3.10/site-packages/as2_keyboard_teleoperation
copying /home/ayush/challenge_multi_drone/build/as2_keyboard_teleoperation/build/lib/as2_keyboard_teleoperation/__init__.py -> /home/ayush/challenge_multi_drone/install/as2_keyboard_teleoperation/lib/python3.10/site-packages/as2_keyboard_teleoperation
copying /home/ayush/challenge_multi_drone/build/as2_keyboard_teleoperation/build/lib/as2_keyboard_teleoperation/localization_window.py -> /home/ayush/challenge_multi_drone/install/as2_keyboard_teleoperation/lib/python3.10/site-packages/as2_keyboard_teleoperation
copying /home/ayush/challenge_multi_drone/build/as2_keyboard_teleoperation/build/lib/as2_keyboard_teleoperation/settings_window.py -> /home/ayush/challenge_multi_drone/install/as2_keyboard_teleoperation/lib/python3.10/site-packages/as2_keyboard_teleoperation
byte-compiling /home/ayush/challenge_multi_drone/install/as2_keyboard_teleoperation/lib/python3.10/site-packages/as2_keyboard_teleoperation/config_values.py to config_values.cpython-310.pyc
byte-compiling /home/ayush/challenge_multi_drone/install/as2_keyboard_teleoperation/lib/python3.10/site-packages/as2_keyboard_teleoperation/main_window.py to main_window.cpython-310.pyc
byte-compiling /home/ayush/challenge_multi_drone/install/as2_keyboard_teleoperation/lib/python3.10/site-packages/as2_keyboard_teleoperation/drone_manager.py to drone_manager.cpython-310.pyc
byte-compiling /home/ayush/challenge_multi_drone/install/as2_keyboard_teleoperation/lib/python3.10/site-packages/as2_keyboard_teleoperation/keyboard_teleoperation.py to keyboard_teleoperation.cpython-310.pyc
byte-compiling /home/ayush/challenge_multi_drone/install/as2_keyboard_teleoperation/lib/python3.10/site-packages/as2_keyboard_teleoperation/__init__.py to __init__.cpython-310.pyc
byte-compiling /home/ayush/challenge_multi_drone/install/as2_keyboard_teleoperation/lib/python3.10/site-packages/as2_keyboard_teleoperation/localization_window.py to localization_window.cpython-310.pyc
byte-compiling /home/ayush/challenge_multi_drone/install/as2_keyboard_teleoperation/lib/python3.10/site-packages/as2_keyboard_teleoperation/settings_window.py to settings_window.cpython-310.pyc
running install_data
creating /home/ayush/challenge_multi_drone/install/as2_keyboard_teleoperation/share/ament_index
creating /home/ayush/challenge_multi_drone/install/as2_keyboard_teleoperation/share/ament_index/resource_index
creating /home/ayush/challenge_multi_drone/install/as2_keyboard_teleoperation/share/ament_index/resource_index/packages
copying resource/as2_keyboard_teleoperation -> /home/ayush/challenge_multi_drone/install/as2_keyboard_teleoperation/share/ament_index/resource_index/packages
copying package.xml -> /home/ayush/challenge_multi_drone/install/as2_keyboard_teleoperation/share/as2_keyboard_teleoperation
creating /home/ayush/challenge_multi_drone/install/as2_keyboard_teleoperation/share/as2_keyboard_teleoperation/launch
copying launch/as2_keyboard_teleoperation_launch.py -> /home/ayush/challenge_multi_drone/install/as2_keyboard_teleoperation/share/as2_keyboard_teleoperation/launch
copying as2_keyboard_teleoperation/keyboard_teleoperation.py -> /home/ayush/challenge_multi_drone/install/as2_keyboard_teleoperation/share/as2_keyboard_teleoperation
copying as2_keyboard_teleoperation/drone_manager.py -> /home/ayush/challenge_multi_drone/install/as2_keyboard_teleoperation/share/as2_keyboard_teleoperation
copying as2_keyboard_teleoperation/main_window.py -> /home/ayush/challenge_multi_drone/install/as2_keyboard_teleoperation/share/as2_keyboard_teleoperation
copying as2_keyboard_teleoperation/settings_window.py -> /home/ayush/challenge_multi_drone/install/as2_keyboard_teleoperation/share/as2_keyboard_teleoperation
copying as2_keyboard_teleoperation/localization_window.py -> /home/ayush/challenge_multi_drone/install/as2_keyboard_teleoperation/share/as2_keyboard_teleoperation
copying as2_keyboard_teleoperation/config_values.py -> /home/ayush/challenge_multi_drone/install/as2_keyboard_teleoperation/share/as2_keyboard_teleoperation
creating /home/ayush/challenge_multi_drone/install/as2_keyboard_teleoperation/share/as2_keyboard_teleoperation/config
copying config/teleop_values_config.yaml -> /home/ayush/challenge_multi_drone/install/as2_keyboard_teleoperation/share/as2_keyboard_teleoperation/config
running install_egg_info
Copying ../../../../build/as2_keyboard_teleoperation/as2_keyboard_teleoperation.egg-info to /home/ayush/challenge_multi_drone/install/as2_keyboard_teleoperation/lib/python3.10/site-packages/as2_keyboard_teleoperation-1.1.2-py3.10.egg-info
running install_scripts
writing list of installed files to '/home/ayush/challenge_multi_drone/build/as2_keyboard_teleoperation/install.log'
