[0.755s] Invoking command in '/home/ayush/challenge_multi_drone/src/aerostack2/as2_user_interfaces/as2_keyboard_teleoperation': AMENT_PREFIX_PATH=/home/ayush/challenge_multi_drone/install/as2_python_api:/home/ayush/challenge_multi_drone/install/as2_motion_reference_handlers:/home/ayush/challenge_multi_drone/install/as2_core:/home/ayush/challenge_multi_drone/install/as2_msgs:${AMENT_PREFIX_PATH} AS2_MODULES_PATH=/home/ayush/challenge_multi_drone/install/as2_python_api/share/as2_python_api/modules:${AS2_MODULES_PATH} CMAKE_PREFIX_PATH=/home/ayush/challenge_multi_drone/install/as2_motion_reference_handlers:/home/ayush/challenge_multi_drone/install/as2_core:/home/ayush/challenge_multi_drone/install/as2_msgs:${CMAKE_PREFIX_PATH} LD_LIBRARY_PATH=/home/ayush/challenge_multi_drone/install/as2_python_api/lib:/home/ayush/challenge_multi_drone/install/as2_motion_reference_handlers/lib:/home/ayush/challenge_multi_drone/install/as2_core/lib:/home/ayush/challenge_multi_drone/install/as2_msgs/lib:${LD_LIBRARY_PATH} PYTHONPATH=/home/ayush/challenge_multi_drone/build/as2_keyboard_teleoperation/prefix_override:/usr/lib/python3/dist-packages/colcon_core/task/python/colcon_distutils_commands:/home/ayush/challenge_multi_drone/install/as2_keyboard_teleoperation/lib/python3.10/site-packages:/home/ayush/challenge_multi_drone/install/as2_python_api/lib/python3.10/site-packages:/home/ayush/challenge_multi_drone/install/as2_motion_reference_handlers/local/lib/python3.10/dist-packages:/home/ayush/challenge_multi_drone/install/as2_core/local/lib/python3.10/dist-packages:/home/ayush/challenge_multi_drone/install/as2_msgs/local/lib/python3.10/dist-packages:${PYTHONPATH} /usr/bin/python3 -W ignore:setup.py install is deprecated -W ignore:easy_install command is deprecated setup.py egg_info --egg-base ../../../../build/as2_keyboard_teleoperation build --build-base /home/ayush/challenge_multi_drone/build/as2_keyboard_teleoperation/build install --record /home/ayush/challenge_multi_drone/build/as2_keyboard_teleoperation/install.log --single-version-externally-managed install_data
[1.013s] running egg_info
[1.013s] creating ../../../../build/as2_keyboard_teleoperation/as2_keyboard_teleoperation.egg-info
[1.014s] writing ../../../../build/as2_keyboard_teleoperation/as2_keyboard_teleoperation.egg-info/PKG-INFO
[1.014s] writing dependency_links to ../../../../build/as2_keyboard_teleoperation/as2_keyboard_teleoperation.egg-info/dependency_links.txt
[1.014s] writing requirements to ../../../../build/as2_keyboard_teleoperation/as2_keyboard_teleoperation.egg-info/requires.txt
[1.014s] writing top-level names to ../../../../build/as2_keyboard_teleoperation/as2_keyboard_teleoperation.egg-info/top_level.txt
[1.014s] writing manifest file '../../../../build/as2_keyboard_teleoperation/as2_keyboard_teleoperation.egg-info/SOURCES.txt'
[1.017s] reading manifest file '../../../../build/as2_keyboard_teleoperation/as2_keyboard_teleoperation.egg-info/SOURCES.txt'
[1.018s] writing manifest file '../../../../build/as2_keyboard_teleoperation/as2_keyboard_teleoperation.egg-info/SOURCES.txt'
[1.018s] running build
[1.018s] running build_py
[1.019s] creating /home/ayush/challenge_multi_drone/build/as2_keyboard_teleoperation/build
[1.019s] creating /home/ayush/challenge_multi_drone/build/as2_keyboard_teleoperation/build/lib
[1.019s] creating /home/ayush/challenge_multi_drone/build/as2_keyboard_teleoperation/build/lib/as2_keyboard_teleoperation
[1.019s] copying as2_keyboard_teleoperation/config_values.py -> /home/ayush/challenge_multi_drone/build/as2_keyboard_teleoperation/build/lib/as2_keyboard_teleoperation
[1.019s] copying as2_keyboard_teleoperation/main_window.py -> /home/ayush/challenge_multi_drone/build/as2_keyboard_teleoperation/build/lib/as2_keyboard_teleoperation
[1.019s] copying as2_keyboard_teleoperation/drone_manager.py -> /home/ayush/challenge_multi_drone/build/as2_keyboard_teleoperation/build/lib/as2_keyboard_teleoperation
[1.020s] copying as2_keyboard_teleoperation/keyboard_teleoperation.py -> /home/ayush/challenge_multi_drone/build/as2_keyboard_teleoperation/build/lib/as2_keyboard_teleoperation
[1.020s] copying as2_keyboard_teleoperation/__init__.py -> /home/ayush/challenge_multi_drone/build/as2_keyboard_teleoperation/build/lib/as2_keyboard_teleoperation
[1.020s] copying as2_keyboard_teleoperation/localization_window.py -> /home/ayush/challenge_multi_drone/build/as2_keyboard_teleoperation/build/lib/as2_keyboard_teleoperation
[1.020s] copying as2_keyboard_teleoperation/settings_window.py -> /home/ayush/challenge_multi_drone/build/as2_keyboard_teleoperation/build/lib/as2_keyboard_teleoperation
[1.021s] running install
[1.021s] running install_lib
[1.022s] creating /home/ayush/challenge_multi_drone/install/as2_keyboard_teleoperation/lib/python3.10/site-packages/as2_keyboard_teleoperation
[1.022s] copying /home/ayush/challenge_multi_drone/build/as2_keyboard_teleoperation/build/lib/as2_keyboard_teleoperation/config_values.py -> /home/ayush/challenge_multi_drone/install/as2_keyboard_teleoperation/lib/python3.10/site-packages/as2_keyboard_teleoperation
[1.022s] copying /home/ayush/challenge_multi_drone/build/as2_keyboard_teleoperation/build/lib/as2_keyboard_teleoperation/main_window.py -> /home/ayush/challenge_multi_drone/install/as2_keyboard_teleoperation/lib/python3.10/site-packages/as2_keyboard_teleoperation
[1.022s] copying /home/ayush/challenge_multi_drone/build/as2_keyboard_teleoperation/build/lib/as2_keyboard_teleoperation/drone_manager.py -> /home/ayush/challenge_multi_drone/install/as2_keyboard_teleoperation/lib/python3.10/site-packages/as2_keyboard_teleoperation
[1.023s] copying /home/ayush/challenge_multi_drone/build/as2_keyboard_teleoperation/build/lib/as2_keyboard_teleoperation/keyboard_teleoperation.py -> /home/ayush/challenge_multi_drone/install/as2_keyboard_teleoperation/lib/python3.10/site-packages/as2_keyboard_teleoperation
[1.023s] copying /home/ayush/challenge_multi_drone/build/as2_keyboard_teleoperation/build/lib/as2_keyboard_teleoperation/__init__.py -> /home/ayush/challenge_multi_drone/install/as2_keyboard_teleoperation/lib/python3.10/site-packages/as2_keyboard_teleoperation
[1.023s] copying /home/ayush/challenge_multi_drone/build/as2_keyboard_teleoperation/build/lib/as2_keyboard_teleoperation/localization_window.py -> /home/ayush/challenge_multi_drone/install/as2_keyboard_teleoperation/lib/python3.10/site-packages/as2_keyboard_teleoperation
[1.023s] copying /home/ayush/challenge_multi_drone/build/as2_keyboard_teleoperation/build/lib/as2_keyboard_teleoperation/settings_window.py -> /home/ayush/challenge_multi_drone/install/as2_keyboard_teleoperation/lib/python3.10/site-packages/as2_keyboard_teleoperation
[1.024s] byte-compiling /home/ayush/challenge_multi_drone/install/as2_keyboard_teleoperation/lib/python3.10/site-packages/as2_keyboard_teleoperation/config_values.py to config_values.cpython-310.pyc
[1.025s] byte-compiling /home/ayush/challenge_multi_drone/install/as2_keyboard_teleoperation/lib/python3.10/site-packages/as2_keyboard_teleoperation/main_window.py to main_window.cpython-310.pyc
[1.029s] byte-compiling /home/ayush/challenge_multi_drone/install/as2_keyboard_teleoperation/lib/python3.10/site-packages/as2_keyboard_teleoperation/drone_manager.py to drone_manager.cpython-310.pyc
[1.031s] byte-compiling /home/ayush/challenge_multi_drone/install/as2_keyboard_teleoperation/lib/python3.10/site-packages/as2_keyboard_teleoperation/keyboard_teleoperation.py to keyboard_teleoperation.cpython-310.pyc
[1.033s] byte-compiling /home/ayush/challenge_multi_drone/install/as2_keyboard_teleoperation/lib/python3.10/site-packages/as2_keyboard_teleoperation/__init__.py to __init__.cpython-310.pyc
[1.033s] byte-compiling /home/ayush/challenge_multi_drone/install/as2_keyboard_teleoperation/lib/python3.10/site-packages/as2_keyboard_teleoperation/localization_window.py to localization_window.cpython-310.pyc
[1.034s] byte-compiling /home/ayush/challenge_multi_drone/install/as2_keyboard_teleoperation/lib/python3.10/site-packages/as2_keyboard_teleoperation/settings_window.py to settings_window.cpython-310.pyc
[1.035s] running install_data
[1.035s] creating /home/ayush/challenge_multi_drone/install/as2_keyboard_teleoperation/share/ament_index
[1.035s] creating /home/ayush/challenge_multi_drone/install/as2_keyboard_teleoperation/share/ament_index/resource_index
[1.035s] creating /home/ayush/challenge_multi_drone/install/as2_keyboard_teleoperation/share/ament_index/resource_index/packages
[1.036s] copying resource/as2_keyboard_teleoperation -> /home/ayush/challenge_multi_drone/install/as2_keyboard_teleoperation/share/ament_index/resource_index/packages
[1.036s] copying package.xml -> /home/ayush/challenge_multi_drone/install/as2_keyboard_teleoperation/share/as2_keyboard_teleoperation
[1.036s] creating /home/ayush/challenge_multi_drone/install/as2_keyboard_teleoperation/share/as2_keyboard_teleoperation/launch
[1.036s] copying launch/as2_keyboard_teleoperation_launch.py -> /home/ayush/challenge_multi_drone/install/as2_keyboard_teleoperation/share/as2_keyboard_teleoperation/launch
[1.036s] copying as2_keyboard_teleoperation/keyboard_teleoperation.py -> /home/ayush/challenge_multi_drone/install/as2_keyboard_teleoperation/share/as2_keyboard_teleoperation
[1.036s] copying as2_keyboard_teleoperation/drone_manager.py -> /home/ayush/challenge_multi_drone/install/as2_keyboard_teleoperation/share/as2_keyboard_teleoperation
[1.036s] copying as2_keyboard_teleoperation/main_window.py -> /home/ayush/challenge_multi_drone/install/as2_keyboard_teleoperation/share/as2_keyboard_teleoperation
[1.036s] copying as2_keyboard_teleoperation/settings_window.py -> /home/ayush/challenge_multi_drone/install/as2_keyboard_teleoperation/share/as2_keyboard_teleoperation
[1.037s] copying as2_keyboard_teleoperation/localization_window.py -> /home/ayush/challenge_multi_drone/install/as2_keyboard_teleoperation/share/as2_keyboard_teleoperation
[1.037s] copying as2_keyboard_teleoperation/config_values.py -> /home/ayush/challenge_multi_drone/install/as2_keyboard_teleoperation/share/as2_keyboard_teleoperation
[1.037s] creating /home/ayush/challenge_multi_drone/install/as2_keyboard_teleoperation/share/as2_keyboard_teleoperation/config
[1.037s] copying config/teleop_values_config.yaml -> /home/ayush/challenge_multi_drone/install/as2_keyboard_teleoperation/share/as2_keyboard_teleoperation/config
[1.037s] running install_egg_info
[1.041s] Copying ../../../../build/as2_keyboard_teleoperation/as2_keyboard_teleoperation.egg-info to /home/ayush/challenge_multi_drone/install/as2_keyboard_teleoperation/lib/python3.10/site-packages/as2_keyboard_teleoperation-1.1.2-py3.10.egg-info
[1.042s] running install_scripts
[1.074s] writing list of installed files to '/home/ayush/challenge_multi_drone/build/as2_keyboard_teleoperation/install.log'
[1.104s] Invoked command in '/home/ayush/challenge_multi_drone/src/aerostack2/as2_user_interfaces/as2_keyboard_teleoperation' returned '0': AMENT_PREFIX_PATH=/home/ayush/challenge_multi_drone/install/as2_python_api:/home/ayush/challenge_multi_drone/install/as2_motion_reference_handlers:/home/ayush/challenge_multi_drone/install/as2_core:/home/ayush/challenge_multi_drone/install/as2_msgs:${AMENT_PREFIX_PATH} AS2_MODULES_PATH=/home/ayush/challenge_multi_drone/install/as2_python_api/share/as2_python_api/modules:${AS2_MODULES_PATH} CMAKE_PREFIX_PATH=/home/ayush/challenge_multi_drone/install/as2_motion_reference_handlers:/home/ayush/challenge_multi_drone/install/as2_core:/home/ayush/challenge_multi_drone/install/as2_msgs:${CMAKE_PREFIX_PATH} LD_LIBRARY_PATH=/home/ayush/challenge_multi_drone/install/as2_python_api/lib:/home/ayush/challenge_multi_drone/install/as2_motion_reference_handlers/lib:/home/ayush/challenge_multi_drone/install/as2_core/lib:/home/ayush/challenge_multi_drone/install/as2_msgs/lib:${LD_LIBRARY_PATH} PYTHONPATH=/home/ayush/challenge_multi_drone/build/as2_keyboard_teleoperation/prefix_override:/usr/lib/python3/dist-packages/colcon_core/task/python/colcon_distutils_commands:/home/ayush/challenge_multi_drone/install/as2_keyboard_teleoperation/lib/python3.10/site-packages:/home/ayush/challenge_multi_drone/install/as2_python_api/lib/python3.10/site-packages:/home/ayush/challenge_multi_drone/install/as2_motion_reference_handlers/local/lib/python3.10/dist-packages:/home/ayush/challenge_multi_drone/install/as2_core/local/lib/python3.10/dist-packages:/home/ayush/challenge_multi_drone/install/as2_msgs/local/lib/python3.10/dist-packages:${PYTHONPATH} /usr/bin/python3 -W ignore:setup.py install is deprecated -W ignore:easy_install command is deprecated setup.py egg_info --egg-base ../../../../build/as2_keyboard_teleoperation build --build-base /home/ayush/challenge_multi_drone/build/as2_keyboard_teleoperation/build install --record /home/ayush/challenge_multi_drone/build/as2_keyboard_teleoperation/install.log --single-version-externally-managed install_data
