[0.036s] Invoking command in '/home/ayush/challenge_multi_drone/build/as2_behaviors_motion': AMENT_PREFIX_PATH=/home/ayush/challenge_multi_drone/install/as2_motion_reference_handlers:/home/ayush/challenge_multi_drone/install/as2_behavior:/home/ayush/challenge_multi_drone/install/as2_core:/home/ayush/challenge_multi_drone/install/as2_msgs:${AMENT_PREFIX_PATH} CMAKE_PREFIX_PATH=/home/ayush/challenge_multi_drone/install/as2_motion_reference_handlers:/home/ayush/challenge_multi_drone/install/as2_behavior:/home/ayush/challenge_multi_drone/install/as2_core:/home/ayush/challenge_multi_drone/install/as2_msgs:/home/ayush/project_gazebo_ws/install/aerostack2:/home/ayush/project_gazebo_ws/install/as2_usb_camera_interface:/home/ayush/project_gazebo_ws/install/as2_state_estimator:/home/ayush/project_gazebo_ws/install/as2_rviz_plugins:/home/ayush/project_gazebo_ws/install/as2_realsense_interface:/home/ayush/project_gazebo_ws/install/as2_platform_multirotor_simulator:/home/ayush/project_gazebo_ws/install/as2_platform_gazebo:/home/ayush/project_gazebo_ws/install/as2_motion_controller:/home/ayush/project_gazebo_ws/install/as2_behaviors_trajectory_generation:/home/ayush/project_gazebo_ws/install/as2_behaviors_motion:/home/ayush/project_gazebo_ws/install/as2_motion_reference_handlers:/home/ayush/project_gazebo_ws/install/as2_map_server:/home/ayush/project_gazebo_ws/install/as2_geozones:/home/ayush/project_gazebo_ws/install/as2_gazebo_assets:/home/ayush/project_gazebo_ws/install/as2_external_object_to_tf:/home/ayush/project_gazebo_ws/install/as2_behaviors_platform:/home/ayush/project_gazebo_ws/install/as2_behaviors_perception:/home/ayush/project_gazebo_ws/install/as2_behaviors_path_planning:/home/ayush/project_gazebo_ws/install/as2_behavior_tree:/home/ayush/project_gazebo_ws/install/as2_behavior:/home/ayush/project_gazebo_ws/install/as2_alphanumeric_viewer:/home/ayush/project_gazebo_ws/install/as2_core:/home/ayush/project_gazebo_ws/install/as2_msgs:/home/ayush/project_gazebo_ws/install/as2_cli:/home/ayush/project_gazebo_ws/install/as2_visualization:/home/ayush/project_gazebo_ws/install/as2_keyboard_teleoperation:/home/ayush/project_gazebo_ws/install/as2_python_api:/opt/ros/humble LD_LIBRARY_PATH=/home/ayush/challenge_multi_drone/install/as2_motion_reference_handlers/lib:/home/ayush/challenge_multi_drone/install/as2_behavior/lib:/home/ayush/challenge_multi_drone/install/as2_core/lib:/home/ayush/challenge_multi_drone/install/as2_msgs/lib:${LD_LIBRARY_PATH} PYTHONPATH=/home/ayush/challenge_multi_drone/install/as2_motion_reference_handlers/local/lib/python3.10/dist-packages:/home/ayush/challenge_multi_drone/install/as2_core/local/lib/python3.10/dist-packages:/home/ayush/challenge_multi_drone/install/as2_msgs/local/lib/python3.10/dist-packages:${PYTHONPATH} /usr/bin/cmake /home/ayush/challenge_multi_drone/src/aerostack2/as2_behaviors/as2_behaviors_motion -DCMAKE_INSTALL_PREFIX=/home/ayush/challenge_multi_drone/install/as2_behaviors_motion
[0.127s] -- The C compiler identification is GNU 11.4.0
[0.222s] -- The CXX compiler identification is GNU 11.4.0
[0.234s] -- Detecting C compiler ABI info
[0.347s] -- Detecting C compiler ABI info - done
[0.360s] -- Check for working C compiler: /usr/bin/cc - skipped
[0.360s] -- Detecting C compile features
[0.361s] -- Detecting C compile features - done
[0.366s] -- Detecting CXX compiler ABI info
[0.493s] -- Detecting CXX compiler ABI info - done
[0.506s] -- Check for working CXX compiler: /usr/bin/c++ - skipped
[0.507s] -- Detecting CXX compile features
[0.507s] -- Detecting CXX compile features - done
[0.516s] -- Found ament_cmake: 1.3.11 (/opt/ros/humble/share/ament_cmake/cmake)
[0.881s] -- Found Python3: /usr/bin/python3 (found version "3.10.12") found components: Interpreter 
[1.046s] -- Found ament_cmake_ros: 0.10.0 (/opt/ros/humble/share/ament_cmake_ros/cmake)
[1.065s] -- Found pluginlib: 5.1.0 (/opt/ros/humble/share/pluginlib/cmake)
[1.135s] -- Found rclcpp: 16.0.11 (/opt/ros/humble/share/rclcpp/cmake)
[1.186s] -- Found rosidl_generator_c: 3.1.6 (/opt/ros/humble/share/rosidl_generator_c/cmake)
[1.196s] -- Found rosidl_adapter: 3.1.6 (/opt/ros/humble/share/rosidl_adapter/cmake)
[1.210s] -- Found rosidl_generator_cpp: 3.1.6 (/opt/ros/humble/share/rosidl_generator_cpp/cmake)
[1.230s] -- Using all available rosidl_typesupport_c: rosidl_typesupport_fastrtps_c;rosidl_typesupport_introspection_c
[1.251s] -- Using all available rosidl_typesupport_cpp: rosidl_typesupport_fastrtps_cpp;rosidl_typesupport_introspection_cpp
[1.327s] -- Found rmw_implementation_cmake: 6.1.2 (/opt/ros/humble/share/rmw_implementation_cmake/cmake)
[1.334s] -- Found rmw_fastrtps_cpp: 6.2.7 (/opt/ros/humble/share/rmw_fastrtps_cpp/cmake)
[1.374s] -- Found TinyXML2 via Config file: TinyXML2_DIR-NOTFOUND
[1.470s] -- Found OpenSSL: /usr/lib/x86_64-linux-gnu/libcrypto.so (found version "3.0.2")  
[1.474s] -- Found TinyXML2 via Config file: TinyXML2_DIR-NOTFOUND
[1.503s] -- Found FastRTPS: /opt/ros/humble/include  
[1.508s] -- Found TinyXML2 via Config file: TinyXML2_DIR-NOTFOUND
[1.522s] -- Found TinyXML2 via Config file: TinyXML2_DIR-NOTFOUND
[1.540s] -- Using RMW implementation 'rmw_fastrtps_cpp' as default
[1.566s] -- Looking for pthread.h
[1.684s] -- Looking for pthread.h - found
[1.684s] -- Performing Test CMAKE_HAVE_LIBC_PTHREAD
[1.806s] -- Performing Test CMAKE_HAVE_LIBC_PTHREAD - Success
[1.808s] -- Found Threads: TRUE  
[1.881s] -- Found rclcpp_action: 16.0.11 (/opt/ros/humble/share/rclcpp_action/cmake)
[1.928s] -- Found as2_core: 1.1.2 (/home/ayush/challenge_multi_drone/install/as2_core/share/as2_core/cmake)
[2.103s] -- Found eigen3_cmake_module: 0.1.1 (/opt/ros/humble/share/eigen3_cmake_module/cmake)
[2.105s] -- Found Eigen3: TRUE (found version "3.4.0") 
[2.106s] -- Ensuring Eigen3 include directory is part of orocos-kdl CMake target
[2.255s] -- Found as2_behavior: 1.1.2 (/home/ayush/challenge_multi_drone/install/as2_behavior/share/as2_behavior/cmake)
[2.257s] -- Found as2_motion_reference_handlers: 1.1.2 (/home/ayush/challenge_multi_drone/install/as2_motion_reference_handlers/share/as2_motion_reference_handlers/cmake)
[2.399s] -- Found ament_lint_auto: 0.12.11 (/opt/ros/humble/share/ament_lint_auto/cmake)
[2.579s] -- Added test 'copyright' to check source files copyright and LICENSE
[2.589s] -- Added test 'cppcheck' to perform static code analysis on C / C++ code
[2.599s] -- Configured cppcheck include dirs: /home/ayush/challenge_multi_drone/src/aerostack2/as2_behaviors/as2_behaviors_motion/follow_path_behavior/include;/home/ayush/challenge_multi_drone/src/aerostack2/as2_behaviors/as2_behaviors_motion/follow_path_behavior/include/as2_behaviors_motion;/home/ayush/challenge_multi_drone/src/aerostack2/as2_behaviors/as2_behaviors_motion/go_to_behavior/include;/home/ayush/challenge_multi_drone/src/aerostack2/as2_behaviors/as2_behaviors_motion/go_to_behavior/include/as2_behaviors_motion;/home/ayush/challenge_multi_drone/src/aerostack2/as2_behaviors/as2_behaviors_motion/land_behavior/include;/home/ayush/challenge_multi_drone/src/aerostack2/as2_behaviors/as2_behaviors_motion/land_behavior/include/as2_behaviors_motion;/home/ayush/challenge_multi_drone/src/aerostack2/as2_behaviors/as2_behaviors_motion/takeoff_behavior/include;/home/ayush/challenge_multi_drone/src/aerostack2/as2_behaviors/as2_behaviors_motion/takeoff_behavior/include/as2_behaviors_motion;/home/ayush/challenge_multi_drone/src/aerostack2/as2_behaviors/as2_behaviors_motion/follow_reference_behavior/include;/home/ayush/challenge_multi_drone/src/aerostack2/as2_behaviors/as2_behaviors_motion/follow_reference_behavior/include/as2_behaviors_motion;$<BUILD_INTERFACE:/home/ayush/challenge_multi_drone/src/aerostack2/as2_behaviors/as2_behaviors_motion/include>
[2.599s] -- Configured cppcheck exclude dirs and/or files: 
[2.606s] -- Added test 'cpplint' to check C / C++ code against the Google style
[2.606s] -- Configured cpplint exclude dirs and/or files: 
[2.608s] -- Added test 'flake8' to check Python code syntax and style conventions
[2.611s] -- Added test 'lint_cmake' to check CMake code style
[2.613s] -- Added test 'pep257' to check Python code against some of the docstring style conventions in PEP 257
[2.620s] -- Added test 'uncrustify' to check C / C++ code style
[2.620s] -- Configured uncrustify additional arguments: 
[2.622s] -- Added test 'xmllint' to check XML markup files
[2.627s] -- Configuring done
[2.796s] -- Generating done
[2.859s] -- Build files have been written to: /home/ayush/challenge_multi_drone/build/as2_behaviors_motion
[2.878s] Invoked command in '/home/ayush/challenge_multi_drone/build/as2_behaviors_motion' returned '0': AMENT_PREFIX_PATH=/home/ayush/challenge_multi_drone/install/as2_motion_reference_handlers:/home/ayush/challenge_multi_drone/install/as2_behavior:/home/ayush/challenge_multi_drone/install/as2_core:/home/ayush/challenge_multi_drone/install/as2_msgs:${AMENT_PREFIX_PATH} CMAKE_PREFIX_PATH=/home/ayush/challenge_multi_drone/install/as2_motion_reference_handlers:/home/ayush/challenge_multi_drone/install/as2_behavior:/home/ayush/challenge_multi_drone/install/as2_core:/home/ayush/challenge_multi_drone/install/as2_msgs:/home/ayush/project_gazebo_ws/install/aerostack2:/home/ayush/project_gazebo_ws/install/as2_usb_camera_interface:/home/ayush/project_gazebo_ws/install/as2_state_estimator:/home/ayush/project_gazebo_ws/install/as2_rviz_plugins:/home/ayush/project_gazebo_ws/install/as2_realsense_interface:/home/ayush/project_gazebo_ws/install/as2_platform_multirotor_simulator:/home/ayush/project_gazebo_ws/install/as2_platform_gazebo:/home/ayush/project_gazebo_ws/install/as2_motion_controller:/home/ayush/project_gazebo_ws/install/as2_behaviors_trajectory_generation:/home/ayush/project_gazebo_ws/install/as2_behaviors_motion:/home/ayush/project_gazebo_ws/install/as2_motion_reference_handlers:/home/ayush/project_gazebo_ws/install/as2_map_server:/home/ayush/project_gazebo_ws/install/as2_geozones:/home/ayush/project_gazebo_ws/install/as2_gazebo_assets:/home/ayush/project_gazebo_ws/install/as2_external_object_to_tf:/home/ayush/project_gazebo_ws/install/as2_behaviors_platform:/home/ayush/project_gazebo_ws/install/as2_behaviors_perception:/home/ayush/project_gazebo_ws/install/as2_behaviors_path_planning:/home/ayush/project_gazebo_ws/install/as2_behavior_tree:/home/ayush/project_gazebo_ws/install/as2_behavior:/home/ayush/project_gazebo_ws/install/as2_alphanumeric_viewer:/home/ayush/project_gazebo_ws/install/as2_core:/home/ayush/project_gazebo_ws/install/as2_msgs:/home/ayush/project_gazebo_ws/install/as2_cli:/home/ayush/project_gazebo_ws/install/as2_visualization:/home/ayush/project_gazebo_ws/install/as2_keyboard_teleoperation:/home/ayush/project_gazebo_ws/install/as2_python_api:/opt/ros/humble LD_LIBRARY_PATH=/home/ayush/challenge_multi_drone/install/as2_motion_reference_handlers/lib:/home/ayush/challenge_multi_drone/install/as2_behavior/lib:/home/ayush/challenge_multi_drone/install/as2_core/lib:/home/ayush/challenge_multi_drone/install/as2_msgs/lib:${LD_LIBRARY_PATH} PYTHONPATH=/home/ayush/challenge_multi_drone/install/as2_motion_reference_handlers/local/lib/python3.10/dist-packages:/home/ayush/challenge_multi_drone/install/as2_core/local/lib/python3.10/dist-packages:/home/ayush/challenge_multi_drone/install/as2_msgs/local/lib/python3.10/dist-packages:${PYTHONPATH} /usr/bin/cmake /home/ayush/challenge_multi_drone/src/aerostack2/as2_behaviors/as2_behaviors_motion -DCMAKE_INSTALL_PREFIX=/home/ayush/challenge_multi_drone/install/as2_behaviors_motion
[2.880s] Invoking command in '/home/ayush/challenge_multi_drone/build/as2_behaviors_motion': AMENT_PREFIX_PATH=/home/ayush/challenge_multi_drone/install/as2_motion_reference_handlers:/home/ayush/challenge_multi_drone/install/as2_behavior:/home/ayush/challenge_multi_drone/install/as2_core:/home/ayush/challenge_multi_drone/install/as2_msgs:${AMENT_PREFIX_PATH} CMAKE_PREFIX_PATH=/home/ayush/challenge_multi_drone/install/as2_motion_reference_handlers:/home/ayush/challenge_multi_drone/install/as2_behavior:/home/ayush/challenge_multi_drone/install/as2_core:/home/ayush/challenge_multi_drone/install/as2_msgs:/home/ayush/project_gazebo_ws/install/aerostack2:/home/ayush/project_gazebo_ws/install/as2_usb_camera_interface:/home/ayush/project_gazebo_ws/install/as2_state_estimator:/home/ayush/project_gazebo_ws/install/as2_rviz_plugins:/home/ayush/project_gazebo_ws/install/as2_realsense_interface:/home/ayush/project_gazebo_ws/install/as2_platform_multirotor_simulator:/home/ayush/project_gazebo_ws/install/as2_platform_gazebo:/home/ayush/project_gazebo_ws/install/as2_motion_controller:/home/ayush/project_gazebo_ws/install/as2_behaviors_trajectory_generation:/home/ayush/project_gazebo_ws/install/as2_behaviors_motion:/home/ayush/project_gazebo_ws/install/as2_motion_reference_handlers:/home/ayush/project_gazebo_ws/install/as2_map_server:/home/ayush/project_gazebo_ws/install/as2_geozones:/home/ayush/project_gazebo_ws/install/as2_gazebo_assets:/home/ayush/project_gazebo_ws/install/as2_external_object_to_tf:/home/ayush/project_gazebo_ws/install/as2_behaviors_platform:/home/ayush/project_gazebo_ws/install/as2_behaviors_perception:/home/ayush/project_gazebo_ws/install/as2_behaviors_path_planning:/home/ayush/project_gazebo_ws/install/as2_behavior_tree:/home/ayush/project_gazebo_ws/install/as2_behavior:/home/ayush/project_gazebo_ws/install/as2_alphanumeric_viewer:/home/ayush/project_gazebo_ws/install/as2_core:/home/ayush/project_gazebo_ws/install/as2_msgs:/home/ayush/project_gazebo_ws/install/as2_cli:/home/ayush/project_gazebo_ws/install/as2_visualization:/home/ayush/project_gazebo_ws/install/as2_keyboard_teleoperation:/home/ayush/project_gazebo_ws/install/as2_python_api:/opt/ros/humble LD_LIBRARY_PATH=/home/ayush/challenge_multi_drone/install/as2_motion_reference_handlers/lib:/home/ayush/challenge_multi_drone/install/as2_behavior/lib:/home/ayush/challenge_multi_drone/install/as2_core/lib:/home/ayush/challenge_multi_drone/install/as2_msgs/lib:${LD_LIBRARY_PATH} PYTHONPATH=/home/ayush/challenge_multi_drone/install/as2_motion_reference_handlers/local/lib/python3.10/dist-packages:/home/ayush/challenge_multi_drone/install/as2_core/local/lib/python3.10/dist-packages:/home/ayush/challenge_multi_drone/install/as2_msgs/local/lib/python3.10/dist-packages:${PYTHONPATH} /usr/bin/cmake --build /home/ayush/challenge_multi_drone/build/as2_behaviors_motion -- -j12 -l12
[2.982s] [  2%] [32mBuilding CXX object CMakeFiles/as2_behaviors_motion.dir/follow_path_behavior/plugins/follow_path_plugin_position.cpp.o[0m
[2.982s] [  5%] [32mBuilding CXX object CMakeFiles/as2_behaviors_motion.dir/follow_path_behavior/plugins/follow_path_plugin_trajectory.cpp.o[0m
[2.988s] [ 10%] [32mBuilding CXX object CMakeFiles/go_to_behavior_node.dir/go_to_behavior/src/go_to_behavior.cpp.o[0m
[2.988s] [ 10%] [32mBuilding CXX object CMakeFiles/follow_path_behavior_node.dir/follow_path_behavior/src/follow_path_behavior.cpp.o[0m
[2.991s] [ 13%] [32mBuilding CXX object CMakeFiles/takeoff_behavior_node.dir/takeoff_behavior/src/takeoff_behavior.cpp.o[0m
[2.997s] [ 16%] [32mBuilding CXX object CMakeFiles/takeoff_component.dir/takeoff_behavior/src/takeoff_behavior.cpp.o[0m
[2.997s] [ 18%] [32mBuilding CXX object CMakeFiles/follow_reference_behavior_node.dir/follow_reference_behavior/src/follow_reference_behavior.cpp.o[0m
[2.997s] [ 21%] [32mBuilding CXX object CMakeFiles/land_component.dir/land_behavior/src/land_behavior.cpp.o[0m
[3.009s] [ 27%] [32mBuilding CXX object CMakeFiles/go_to_component.dir/go_to_behavior/src/go_to_behavior.cpp.o[0m
[3.010s] [ 27%] [32mBuilding CXX object CMakeFiles/follow_reference_component.dir/follow_reference_behavior/src/follow_reference_behavior.cpp.o[0m
[3.023s] [ 29%] [32mBuilding CXX object CMakeFiles/land_behavior_node.dir/land_behavior/src/land_behavior.cpp.o[0m
[3.033s] [ 32%] [32mBuilding CXX object CMakeFiles/follow_path_component.dir/follow_path_behavior/src/follow_path_behavior.cpp.o[0m
[23.285s] [ 35%] [32mBuilding CXX object CMakeFiles/go_to_behavior_node.dir/go_to_behavior/src/go_to_behavior_node.cpp.o[0m
[27.270s] [ 37%] [32mBuilding CXX object CMakeFiles/as2_behaviors_motion.dir/go_to_behavior/plugins/go_to_plugin_position.cpp.o[0m
[43.472s] [ 40%] [32mBuilding CXX object CMakeFiles/as2_behaviors_motion.dir/go_to_behavior/plugins/go_to_plugin_trajectory.cpp.o[0m
[66.384s] [ 43%] [32m[1mLinking CXX shared library libfollow_reference_component.so[0m
[66.871s] [ 45%] [32mBuilding CXX object CMakeFiles/follow_reference_behavior_node.dir/follow_reference_behavior/src/follow_reference_behavior_node.cpp.o[0m
[68.106s] [ 45%] Built target follow_reference_component
[72.360s] [ 48%] [32mBuilding CXX object CMakeFiles/as2_behaviors_motion.dir/land_behavior/plugins/land_plugin_speed.cpp.o[0m
[74.841s] [ 51%] [32mBuilding CXX object CMakeFiles/takeoff_behavior_node.dir/takeoff_behavior/src/takeoff_behavior_node.cpp.o[0m
[76.575s] [ 54%] [32m[1mLinking CXX shared library libtakeoff_component.so[0m
[77.605s] [ 54%] Built target takeoff_component
[83.396s] [ 56%] [32m[1mLinking CXX executable follow_reference_behavior_node[0m
[84.521s] [ 56%] Built target follow_reference_behavior_node
[86.462s] [ 59%] [32m[1mLinking CXX shared library libfollow_path_component.so[0m
[87.598s] [ 59%] Built target follow_path_component
[88.486s] [ 62%] [32m[1mLinking CXX shared library libland_component.so[0m
[88.845s] [ 64%] [32mBuilding CXX object CMakeFiles/as2_behaviors_motion.dir/takeoff_behavior/plugins/takeoff_plugin_platform.cpp.o[0m
[89.333s] [ 64%] Built target land_component
[89.537s] [ 67%] [32mBuilding CXX object CMakeFiles/land_behavior_node.dir/land_behavior/src/land_behavior_node.cpp.o[0m
[90.335s] [ 70%] [32m[1mLinking CXX executable takeoff_behavior_node[0m
[90.931s] [ 72%] [32m[1mLinking CXX executable go_to_behavior_node[0m
[91.215s] [ 75%] [32m[1mLinking CXX shared library libgo_to_component.so[0m
[91.298s] [ 75%] Built target takeoff_behavior_node
[91.698s] [ 75%] Built target go_to_behavior_node
[91.853s] [ 75%] Built target go_to_component
[93.599s] [ 78%] [32mBuilding CXX object CMakeFiles/follow_path_behavior_node.dir/follow_path_behavior/src/follow_path_behavior_node.cpp.o[0m
[98.588s] [ 81%] [32m[1mLinking CXX executable land_behavior_node[0m
[99.193s] [ 83%] [32mBuilding CXX object CMakeFiles/as2_behaviors_motion.dir/takeoff_behavior/plugins/takeoff_plugin_trajectory.cpp.o[0m
[99.307s] [ 83%] Built target land_behavior_node
[102.424s] [ 86%] [32m[1mLinking CXX executable follow_path_behavior_node[0m
[102.932s] [ 86%] Built target follow_path_behavior_node
[107.059s] [ 89%] [32mBuilding CXX object CMakeFiles/as2_behaviors_motion.dir/takeoff_behavior/plugins/takeoff_plugin_speed.cpp.o[0m
[113.078s] [ 91%] [32mBuilding CXX object CMakeFiles/as2_behaviors_motion.dir/land_behavior/plugins/land_plugin_platform.cpp.o[0m
[113.088s] [ 94%] [32mBuilding CXX object CMakeFiles/as2_behaviors_motion.dir/land_behavior/plugins/land_plugin_trajectory.cpp.o[0m
[113.088s] [ 97%] [32mBuilding CXX object CMakeFiles/as2_behaviors_motion.dir/takeoff_behavior/plugins/takeoff_plugin_position.cpp.o[0m
[129.473s] [100%] [32m[1mLinking CXX shared library libas2_behaviors_motion.so[0m
[129.979s] [100%] Built target as2_behaviors_motion
[130.014s] Invoked command in '/home/ayush/challenge_multi_drone/build/as2_behaviors_motion' returned '0': AMENT_PREFIX_PATH=/home/ayush/challenge_multi_drone/install/as2_motion_reference_handlers:/home/ayush/challenge_multi_drone/install/as2_behavior:/home/ayush/challenge_multi_drone/install/as2_core:/home/ayush/challenge_multi_drone/install/as2_msgs:${AMENT_PREFIX_PATH} CMAKE_PREFIX_PATH=/home/ayush/challenge_multi_drone/install/as2_motion_reference_handlers:/home/ayush/challenge_multi_drone/install/as2_behavior:/home/ayush/challenge_multi_drone/install/as2_core:/home/ayush/challenge_multi_drone/install/as2_msgs:/home/ayush/project_gazebo_ws/install/aerostack2:/home/ayush/project_gazebo_ws/install/as2_usb_camera_interface:/home/ayush/project_gazebo_ws/install/as2_state_estimator:/home/ayush/project_gazebo_ws/install/as2_rviz_plugins:/home/ayush/project_gazebo_ws/install/as2_realsense_interface:/home/ayush/project_gazebo_ws/install/as2_platform_multirotor_simulator:/home/ayush/project_gazebo_ws/install/as2_platform_gazebo:/home/ayush/project_gazebo_ws/install/as2_motion_controller:/home/ayush/project_gazebo_ws/install/as2_behaviors_trajectory_generation:/home/ayush/project_gazebo_ws/install/as2_behaviors_motion:/home/ayush/project_gazebo_ws/install/as2_motion_reference_handlers:/home/ayush/project_gazebo_ws/install/as2_map_server:/home/ayush/project_gazebo_ws/install/as2_geozones:/home/ayush/project_gazebo_ws/install/as2_gazebo_assets:/home/ayush/project_gazebo_ws/install/as2_external_object_to_tf:/home/ayush/project_gazebo_ws/install/as2_behaviors_platform:/home/ayush/project_gazebo_ws/install/as2_behaviors_perception:/home/ayush/project_gazebo_ws/install/as2_behaviors_path_planning:/home/ayush/project_gazebo_ws/install/as2_behavior_tree:/home/ayush/project_gazebo_ws/install/as2_behavior:/home/ayush/project_gazebo_ws/install/as2_alphanumeric_viewer:/home/ayush/project_gazebo_ws/install/as2_core:/home/ayush/project_gazebo_ws/install/as2_msgs:/home/ayush/project_gazebo_ws/install/as2_cli:/home/ayush/project_gazebo_ws/install/as2_visualization:/home/ayush/project_gazebo_ws/install/as2_keyboard_teleoperation:/home/ayush/project_gazebo_ws/install/as2_python_api:/opt/ros/humble LD_LIBRARY_PATH=/home/ayush/challenge_multi_drone/install/as2_motion_reference_handlers/lib:/home/ayush/challenge_multi_drone/install/as2_behavior/lib:/home/ayush/challenge_multi_drone/install/as2_core/lib:/home/ayush/challenge_multi_drone/install/as2_msgs/lib:${LD_LIBRARY_PATH} PYTHONPATH=/home/ayush/challenge_multi_drone/install/as2_motion_reference_handlers/local/lib/python3.10/dist-packages:/home/ayush/challenge_multi_drone/install/as2_core/local/lib/python3.10/dist-packages:/home/ayush/challenge_multi_drone/install/as2_msgs/local/lib/python3.10/dist-packages:${PYTHONPATH} /usr/bin/cmake --build /home/ayush/challenge_multi_drone/build/as2_behaviors_motion -- -j12 -l12
[130.018s] Invoking command in '/home/ayush/challenge_multi_drone/build/as2_behaviors_motion': AMENT_PREFIX_PATH=/home/ayush/challenge_multi_drone/install/as2_motion_reference_handlers:/home/ayush/challenge_multi_drone/install/as2_behavior:/home/ayush/challenge_multi_drone/install/as2_core:/home/ayush/challenge_multi_drone/install/as2_msgs:${AMENT_PREFIX_PATH} CMAKE_PREFIX_PATH=/home/ayush/challenge_multi_drone/install/as2_motion_reference_handlers:/home/ayush/challenge_multi_drone/install/as2_behavior:/home/ayush/challenge_multi_drone/install/as2_core:/home/ayush/challenge_multi_drone/install/as2_msgs:/home/ayush/project_gazebo_ws/install/aerostack2:/home/ayush/project_gazebo_ws/install/as2_usb_camera_interface:/home/ayush/project_gazebo_ws/install/as2_state_estimator:/home/ayush/project_gazebo_ws/install/as2_rviz_plugins:/home/ayush/project_gazebo_ws/install/as2_realsense_interface:/home/ayush/project_gazebo_ws/install/as2_platform_multirotor_simulator:/home/ayush/project_gazebo_ws/install/as2_platform_gazebo:/home/ayush/project_gazebo_ws/install/as2_motion_controller:/home/ayush/project_gazebo_ws/install/as2_behaviors_trajectory_generation:/home/ayush/project_gazebo_ws/install/as2_behaviors_motion:/home/ayush/project_gazebo_ws/install/as2_motion_reference_handlers:/home/ayush/project_gazebo_ws/install/as2_map_server:/home/ayush/project_gazebo_ws/install/as2_geozones:/home/ayush/project_gazebo_ws/install/as2_gazebo_assets:/home/ayush/project_gazebo_ws/install/as2_external_object_to_tf:/home/ayush/project_gazebo_ws/install/as2_behaviors_platform:/home/ayush/project_gazebo_ws/install/as2_behaviors_perception:/home/ayush/project_gazebo_ws/install/as2_behaviors_path_planning:/home/ayush/project_gazebo_ws/install/as2_behavior_tree:/home/ayush/project_gazebo_ws/install/as2_behavior:/home/ayush/project_gazebo_ws/install/as2_alphanumeric_viewer:/home/ayush/project_gazebo_ws/install/as2_core:/home/ayush/project_gazebo_ws/install/as2_msgs:/home/ayush/project_gazebo_ws/install/as2_cli:/home/ayush/project_gazebo_ws/install/as2_visualization:/home/ayush/project_gazebo_ws/install/as2_keyboard_teleoperation:/home/ayush/project_gazebo_ws/install/as2_python_api:/opt/ros/humble LD_LIBRARY_PATH=/home/ayush/challenge_multi_drone/install/as2_motion_reference_handlers/lib:/home/ayush/challenge_multi_drone/install/as2_behavior/lib:/home/ayush/challenge_multi_drone/install/as2_core/lib:/home/ayush/challenge_multi_drone/install/as2_msgs/lib:${LD_LIBRARY_PATH} PYTHONPATH=/home/ayush/challenge_multi_drone/install/as2_motion_reference_handlers/local/lib/python3.10/dist-packages:/home/ayush/challenge_multi_drone/install/as2_core/local/lib/python3.10/dist-packages:/home/ayush/challenge_multi_drone/install/as2_msgs/local/lib/python3.10/dist-packages:${PYTHONPATH} /usr/bin/cmake --install /home/ayush/challenge_multi_drone/build/as2_behaviors_motion
[130.034s] -- Install configuration: "Release"
[130.034s] -- Installing: /home/ayush/challenge_multi_drone/install/as2_behaviors_motion/share/as2_behaviors_motion/plugins.xml
[130.034s] -- Installing: /home/ayush/challenge_multi_drone/install/as2_behaviors_motion/lib/libas2_behaviors_motion.so
[130.038s] -- Set runtime path of "/home/ayush/challenge_multi_drone/install/as2_behaviors_motion/lib/libas2_behaviors_motion.so" to ""
[130.038s] -- Installing: /home/ayush/challenge_multi_drone/install/as2_behaviors_motion/share/as2_behaviors_motion/environment/library_path.sh
[130.039s] -- Installing: /home/ayush/challenge_multi_drone/install/as2_behaviors_motion/share/as2_behaviors_motion/environment/library_path.dsv
[130.039s] -- Installing: /home/ayush/challenge_multi_drone/install/as2_behaviors_motion/lib/as2_behaviors_motion/follow_path_behavior_node
[130.042s] -- Set runtime path of "/home/ayush/challenge_multi_drone/install/as2_behaviors_motion/lib/as2_behaviors_motion/follow_path_behavior_node" to ""
[130.042s] -- Installing: /home/ayush/challenge_multi_drone/install/as2_behaviors_motion/include
[130.043s] -- Installing: /home/ayush/challenge_multi_drone/install/as2_behaviors_motion/include/follow_path_behavior
[130.043s] -- Installing: /home/ayush/challenge_multi_drone/install/as2_behaviors_motion/include/follow_path_behavior/follow_path_base.hpp
[130.043s] -- Installing: /home/ayush/challenge_multi_drone/install/as2_behaviors_motion/include/follow_path_behavior/follow_path_behavior.hpp
[130.043s] -- Installing: /home/ayush/challenge_multi_drone/install/as2_behaviors_motion/share/as2_behaviors_motion/follow_path_behavior/config/
[130.043s] -- Installing: /home/ayush/challenge_multi_drone/install/as2_behaviors_motion/share/as2_behaviors_motion/follow_path_behavior/config//config_default.yaml
[130.043s] -- Installing: /home/ayush/challenge_multi_drone/install/as2_behaviors_motion/lib/as2_behaviors_motion/go_to_behavior_node
[130.047s] -- Set runtime path of "/home/ayush/challenge_multi_drone/install/as2_behaviors_motion/lib/as2_behaviors_motion/go_to_behavior_node" to ""
[130.047s] -- Up-to-date: /home/ayush/challenge_multi_drone/install/as2_behaviors_motion/include
[130.047s] -- Installing: /home/ayush/challenge_multi_drone/install/as2_behaviors_motion/include/go_to_behavior
[130.048s] -- Installing: /home/ayush/challenge_multi_drone/install/as2_behaviors_motion/include/go_to_behavior/go_to_base.hpp
[130.048s] -- Installing: /home/ayush/challenge_multi_drone/install/as2_behaviors_motion/include/go_to_behavior/go_to_behavior.hpp
[130.048s] -- Installing: /home/ayush/challenge_multi_drone/install/as2_behaviors_motion/share/as2_behaviors_motion/go_to_behavior/config/
[130.048s] -- Installing: /home/ayush/challenge_multi_drone/install/as2_behaviors_motion/share/as2_behaviors_motion/go_to_behavior/config//config_default.yaml
[130.048s] -- Installing: /home/ayush/challenge_multi_drone/install/as2_behaviors_motion/lib/as2_behaviors_motion/land_behavior_node
[130.052s] -- Set runtime path of "/home/ayush/challenge_multi_drone/install/as2_behaviors_motion/lib/as2_behaviors_motion/land_behavior_node" to ""
[130.052s] -- Up-to-date: /home/ayush/challenge_multi_drone/install/as2_behaviors_motion/include
[130.052s] -- Installing: /home/ayush/challenge_multi_drone/install/as2_behaviors_motion/include/land_behavior
[130.052s] -- Installing: /home/ayush/challenge_multi_drone/install/as2_behaviors_motion/include/land_behavior/land_base.hpp
[130.053s] -- Installing: /home/ayush/challenge_multi_drone/install/as2_behaviors_motion/include/land_behavior/land_behavior.hpp
[130.053s] -- Installing: /home/ayush/challenge_multi_drone/install/as2_behaviors_motion/share/as2_behaviors_motion/land_behavior/config/
[130.053s] -- Installing: /home/ayush/challenge_multi_drone/install/as2_behaviors_motion/share/as2_behaviors_motion/land_behavior/config//config_default.yaml
[130.053s] -- Installing: /home/ayush/challenge_multi_drone/install/as2_behaviors_motion/lib/as2_behaviors_motion/takeoff_behavior_node
[130.057s] -- Set runtime path of "/home/ayush/challenge_multi_drone/install/as2_behaviors_motion/lib/as2_behaviors_motion/takeoff_behavior_node" to ""
[130.057s] -- Up-to-date: /home/ayush/challenge_multi_drone/install/as2_behaviors_motion/include
[130.057s] -- Installing: /home/ayush/challenge_multi_drone/install/as2_behaviors_motion/include/takeoff_behavior
[130.057s] -- Installing: /home/ayush/challenge_multi_drone/install/as2_behaviors_motion/include/takeoff_behavior/takeoff_behavior.hpp
[130.058s] -- Installing: /home/ayush/challenge_multi_drone/install/as2_behaviors_motion/include/takeoff_behavior/takeoff_base.hpp
[130.058s] -- Installing: /home/ayush/challenge_multi_drone/install/as2_behaviors_motion/share/as2_behaviors_motion/takeoff_behavior/config/
[130.058s] -- Installing: /home/ayush/challenge_multi_drone/install/as2_behaviors_motion/share/as2_behaviors_motion/takeoff_behavior/config//config_default.yaml
[130.058s] -- Installing: /home/ayush/challenge_multi_drone/install/as2_behaviors_motion/lib/as2_behaviors_motion/follow_reference_behavior_node
[130.061s] -- Set runtime path of "/home/ayush/challenge_multi_drone/install/as2_behaviors_motion/lib/as2_behaviors_motion/follow_reference_behavior_node" to ""
[130.061s] -- Up-to-date: /home/ayush/challenge_multi_drone/install/as2_behaviors_motion/include
[130.061s] -- Installing: /home/ayush/challenge_multi_drone/install/as2_behaviors_motion/include/follow_reference_behavior
[130.062s] -- Installing: /home/ayush/challenge_multi_drone/install/as2_behaviors_motion/include/follow_reference_behavior/follow_reference_behavior.hpp
[130.062s] -- Installing: /home/ayush/challenge_multi_drone/install/as2_behaviors_motion/share/as2_behaviors_motion/follow_reference_behavior/config/
[130.062s] -- Installing: /home/ayush/challenge_multi_drone/install/as2_behaviors_motion/share/as2_behaviors_motion/follow_reference_behavior/config//config_default.yaml
[130.062s] -- Installing: /home/ayush/challenge_multi_drone/install/as2_behaviors_motion/lib/libtakeoff_component.so
[130.066s] -- Set runtime path of "/home/ayush/challenge_multi_drone/install/as2_behaviors_motion/lib/libtakeoff_component.so" to ""
[130.066s] -- Installing: /home/ayush/challenge_multi_drone/install/as2_behaviors_motion/lib/libland_component.so
[130.071s] -- Set runtime path of "/home/ayush/challenge_multi_drone/install/as2_behaviors_motion/lib/libland_component.so" to ""
[130.071s] -- Installing: /home/ayush/challenge_multi_drone/install/as2_behaviors_motion/lib/libgo_to_component.so
[130.076s] -- Set runtime path of "/home/ayush/challenge_multi_drone/install/as2_behaviors_motion/lib/libgo_to_component.so" to ""
[130.076s] -- Installing: /home/ayush/challenge_multi_drone/install/as2_behaviors_motion/lib/libfollow_path_component.so
[130.081s] -- Set runtime path of "/home/ayush/challenge_multi_drone/install/as2_behaviors_motion/lib/libfollow_path_component.so" to ""
[130.081s] -- Installing: /home/ayush/challenge_multi_drone/install/as2_behaviors_motion/lib/libfollow_reference_component.so
[130.085s] -- Set runtime path of "/home/ayush/challenge_multi_drone/install/as2_behaviors_motion/lib/libfollow_reference_component.so" to ""
[130.085s] -- Installing: /home/ayush/challenge_multi_drone/install/as2_behaviors_motion/share/as2_behaviors_motion/launch
[130.085s] -- Installing: /home/ayush/challenge_multi_drone/install/as2_behaviors_motion/share/as2_behaviors_motion/launch/land_behavior_launch.py
[130.086s] -- Installing: /home/ayush/challenge_multi_drone/install/as2_behaviors_motion/share/as2_behaviors_motion/launch/composable_follow_reference.launch.py
[130.086s] -- Installing: /home/ayush/challenge_multi_drone/install/as2_behaviors_motion/share/as2_behaviors_motion/launch/go_to_behavior_launch.py
[130.086s] -- Installing: /home/ayush/challenge_multi_drone/install/as2_behaviors_motion/share/as2_behaviors_motion/launch/motion_behaviors_launch.py
[130.086s] -- Installing: /home/ayush/challenge_multi_drone/install/as2_behaviors_motion/share/as2_behaviors_motion/launch/takeoff_behavior_launch.py
[130.086s] -- Installing: /home/ayush/challenge_multi_drone/install/as2_behaviors_motion/share/as2_behaviors_motion/launch/follow_path_behavior_launch.py
[130.086s] -- Installing: /home/ayush/challenge_multi_drone/install/as2_behaviors_motion/share/as2_behaviors_motion/launch/follow_reference_behavior_launch.py
[130.087s] -- Installing: /home/ayush/challenge_multi_drone/install/as2_behaviors_motion/share/as2_behaviors_motion/launch/composable_motion_behaviors.launch.py
[130.087s] -- Installing: /home/ayush/challenge_multi_drone/install/as2_behaviors_motion/share/ament_index/resource_index/package_run_dependencies/as2_behaviors_motion
[130.087s] -- Installing: /home/ayush/challenge_multi_drone/install/as2_behaviors_motion/share/ament_index/resource_index/parent_prefix_path/as2_behaviors_motion
[130.088s] -- Installing: /home/ayush/challenge_multi_drone/install/as2_behaviors_motion/share/as2_behaviors_motion/environment/ament_prefix_path.sh
[130.088s] -- Installing: /home/ayush/challenge_multi_drone/install/as2_behaviors_motion/share/as2_behaviors_motion/environment/ament_prefix_path.dsv
[130.088s] -- Installing: /home/ayush/challenge_multi_drone/install/as2_behaviors_motion/share/as2_behaviors_motion/environment/path.sh
[130.088s] -- Installing: /home/ayush/challenge_multi_drone/install/as2_behaviors_motion/share/as2_behaviors_motion/environment/path.dsv
[130.088s] -- Installing: /home/ayush/challenge_multi_drone/install/as2_behaviors_motion/share/as2_behaviors_motion/local_setup.bash
[130.089s] -- Installing: /home/ayush/challenge_multi_drone/install/as2_behaviors_motion/share/as2_behaviors_motion/local_setup.sh
[130.089s] -- Installing: /home/ayush/challenge_multi_drone/install/as2_behaviors_motion/share/as2_behaviors_motion/local_setup.zsh
[130.089s] -- Installing: /home/ayush/challenge_multi_drone/install/as2_behaviors_motion/share/as2_behaviors_motion/local_setup.dsv
[130.090s] -- Installing: /home/ayush/challenge_multi_drone/install/as2_behaviors_motion/share/as2_behaviors_motion/package.dsv
[130.090s] -- Installing: /home/ayush/challenge_multi_drone/install/as2_behaviors_motion/share/ament_index/resource_index/packages/as2_behaviors_motion
[130.090s] -- Installing: /home/ayush/challenge_multi_drone/install/as2_behaviors_motion/share/ament_index/resource_index/as2_behaviors_motion__pluginlib__plugin/as2_behaviors_motion
[130.090s] -- Installing: /home/ayush/challenge_multi_drone/install/as2_behaviors_motion/share/as2_behaviors_motion/cmake/export_as2_behaviors_motionExport.cmake
[130.091s] -- Installing: /home/ayush/challenge_multi_drone/install/as2_behaviors_motion/share/as2_behaviors_motion/cmake/export_as2_behaviors_motionExport-release.cmake
[130.091s] -- Installing: /home/ayush/challenge_multi_drone/install/as2_behaviors_motion/share/ament_index/resource_index/rclcpp_components/as2_behaviors_motion
[130.091s] -- Installing: /home/ayush/challenge_multi_drone/install/as2_behaviors_motion/share/as2_behaviors_motion/cmake/ament_cmake_export_libraries-extras.cmake
[130.091s] -- Installing: /home/ayush/challenge_multi_drone/install/as2_behaviors_motion/share/as2_behaviors_motion/cmake/ament_cmake_export_targets-extras.cmake
[130.092s] -- Installing: /home/ayush/challenge_multi_drone/install/as2_behaviors_motion/share/as2_behaviors_motion/cmake/ament_cmake_export_include_directories-extras.cmake
[130.092s] -- Installing: /home/ayush/challenge_multi_drone/install/as2_behaviors_motion/share/as2_behaviors_motion/cmake/as2_behaviors_motionConfig.cmake
[130.092s] -- Installing: /home/ayush/challenge_multi_drone/install/as2_behaviors_motion/share/as2_behaviors_motion/cmake/as2_behaviors_motionConfig-version.cmake
[130.092s] -- Installing: /home/ayush/challenge_multi_drone/install/as2_behaviors_motion/share/as2_behaviors_motion/package.xml
[130.096s] Invoked command in '/home/ayush/challenge_multi_drone/build/as2_behaviors_motion' returned '0': AMENT_PREFIX_PATH=/home/ayush/challenge_multi_drone/install/as2_motion_reference_handlers:/home/ayush/challenge_multi_drone/install/as2_behavior:/home/ayush/challenge_multi_drone/install/as2_core:/home/ayush/challenge_multi_drone/install/as2_msgs:${AMENT_PREFIX_PATH} CMAKE_PREFIX_PATH=/home/ayush/challenge_multi_drone/install/as2_motion_reference_handlers:/home/ayush/challenge_multi_drone/install/as2_behavior:/home/ayush/challenge_multi_drone/install/as2_core:/home/ayush/challenge_multi_drone/install/as2_msgs:/home/ayush/project_gazebo_ws/install/aerostack2:/home/ayush/project_gazebo_ws/install/as2_usb_camera_interface:/home/ayush/project_gazebo_ws/install/as2_state_estimator:/home/ayush/project_gazebo_ws/install/as2_rviz_plugins:/home/ayush/project_gazebo_ws/install/as2_realsense_interface:/home/ayush/project_gazebo_ws/install/as2_platform_multirotor_simulator:/home/ayush/project_gazebo_ws/install/as2_platform_gazebo:/home/ayush/project_gazebo_ws/install/as2_motion_controller:/home/ayush/project_gazebo_ws/install/as2_behaviors_trajectory_generation:/home/ayush/project_gazebo_ws/install/as2_behaviors_motion:/home/ayush/project_gazebo_ws/install/as2_motion_reference_handlers:/home/ayush/project_gazebo_ws/install/as2_map_server:/home/ayush/project_gazebo_ws/install/as2_geozones:/home/ayush/project_gazebo_ws/install/as2_gazebo_assets:/home/ayush/project_gazebo_ws/install/as2_external_object_to_tf:/home/ayush/project_gazebo_ws/install/as2_behaviors_platform:/home/ayush/project_gazebo_ws/install/as2_behaviors_perception:/home/ayush/project_gazebo_ws/install/as2_behaviors_path_planning:/home/ayush/project_gazebo_ws/install/as2_behavior_tree:/home/ayush/project_gazebo_ws/install/as2_behavior:/home/ayush/project_gazebo_ws/install/as2_alphanumeric_viewer:/home/ayush/project_gazebo_ws/install/as2_core:/home/ayush/project_gazebo_ws/install/as2_msgs:/home/ayush/project_gazebo_ws/install/as2_cli:/home/ayush/project_gazebo_ws/install/as2_visualization:/home/ayush/project_gazebo_ws/install/as2_keyboard_teleoperation:/home/ayush/project_gazebo_ws/install/as2_python_api:/opt/ros/humble LD_LIBRARY_PATH=/home/ayush/challenge_multi_drone/install/as2_motion_reference_handlers/lib:/home/ayush/challenge_multi_drone/install/as2_behavior/lib:/home/ayush/challenge_multi_drone/install/as2_core/lib:/home/ayush/challenge_multi_drone/install/as2_msgs/lib:${LD_LIBRARY_PATH} PYTHONPATH=/home/ayush/challenge_multi_drone/install/as2_motion_reference_handlers/local/lib/python3.10/dist-packages:/home/ayush/challenge_multi_drone/install/as2_core/local/lib/python3.10/dist-packages:/home/ayush/challenge_multi_drone/install/as2_msgs/local/lib/python3.10/dist-packages:${PYTHONPATH} /usr/bin/cmake --install /home/ayush/challenge_multi_drone/build/as2_behaviors_motion
