[0.021s] Invoking command in '/home/ayush/challenge_multi_drone/build/as2_map_server': AMENT_PREFIX_PATH=/home/ayush/challenge_multi_drone/install/as2_core:/home/ayush/challenge_multi_drone/install/as2_msgs:${AMENT_PREFIX_PATH} CMAKE_PREFIX_PATH=/home/ayush/challenge_multi_drone/install/as2_core:/home/ayush/challenge_multi_drone/install/as2_msgs:/home/ayush/project_gazebo_ws/install/aerostack2:/home/ayush/project_gazebo_ws/install/as2_usb_camera_interface:/home/ayush/project_gazebo_ws/install/as2_state_estimator:/home/ayush/project_gazebo_ws/install/as2_rviz_plugins:/home/ayush/project_gazebo_ws/install/as2_realsense_interface:/home/ayush/project_gazebo_ws/install/as2_platform_multirotor_simulator:/home/ayush/project_gazebo_ws/install/as2_platform_gazebo:/home/ayush/project_gazebo_ws/install/as2_motion_controller:/home/ayush/project_gazebo_ws/install/as2_behaviors_trajectory_generation:/home/ayush/project_gazebo_ws/install/as2_behaviors_motion:/home/ayush/project_gazebo_ws/install/as2_motion_reference_handlers:/home/ayush/project_gazebo_ws/install/as2_map_server:/home/ayush/project_gazebo_ws/install/as2_geozones:/home/ayush/project_gazebo_ws/install/as2_gazebo_assets:/home/ayush/project_gazebo_ws/install/as2_external_object_to_tf:/home/ayush/project_gazebo_ws/install/as2_behaviors_platform:/home/ayush/project_gazebo_ws/install/as2_behaviors_perception:/home/ayush/project_gazebo_ws/install/as2_behaviors_path_planning:/home/ayush/project_gazebo_ws/install/as2_behavior_tree:/home/ayush/project_gazebo_ws/install/as2_behavior:/home/ayush/project_gazebo_ws/install/as2_alphanumeric_viewer:/home/ayush/project_gazebo_ws/install/as2_core:/home/ayush/project_gazebo_ws/install/as2_msgs:/home/ayush/project_gazebo_ws/install/as2_cli:/home/ayush/project_gazebo_ws/install/as2_visualization:/home/ayush/project_gazebo_ws/install/as2_keyboard_teleoperation:/home/ayush/project_gazebo_ws/install/as2_python_api:/opt/ros/humble LD_LIBRARY_PATH=/home/ayush/challenge_multi_drone/install/as2_core/lib:/home/ayush/challenge_multi_drone/install/as2_msgs/lib:${LD_LIBRARY_PATH} PYTHONPATH=/home/ayush/challenge_multi_drone/install/as2_core/local/lib/python3.10/dist-packages:/home/ayush/challenge_multi_drone/install/as2_msgs/local/lib/python3.10/dist-packages:${PYTHONPATH} /usr/bin/cmake --build /home/ayush/challenge_multi_drone/build/as2_map_server -- -j12 -l12
[0.086s] [35m[1mConsolidate compiler generated dependencies of target gtest_main[0m
[0.086s] [35m[1mConsolidate compiler generated dependencies of target as2_map_server[0m
[0.100s] [ 14%] Built target as2_map_server_base
[0.100s] [ 14%] [32mBuilding CXX object gtest/CMakeFiles/gtest.dir/src/gtest-all.cc.o[0m
[0.104s] [ 28%] Built target gtest_main
[0.111s] [ 35%] [32mBuilding CXX object CMakeFiles/as2_map_server.dir/src/map_server.cpp.o[0m
[0.132s] [ 42%] [32mBuilding CXX object plugins/scan2occ_grid/CMakeFiles/scan2occ_grid.dir/src/scan2occ_grid.cpp.o[0m
[14.241s] [ 50%] [32m[1mLinking CXX shared library libas2_map_server.so[0m
[14.962s] [ 57%] Built target as2_map_server
[15.091s] [ 64%] [32mBuilding CXX object CMakeFiles/as2_map_server_node.dir/src/map_server_node.cpp.o[0m
[17.441s] [ 71%] [32m[1mLinking CXX static library libgtest.a[0m
[17.623s] [ 71%] Built target gtest
[17.731s] [ 78%] [32mBuilding CXX object tests/CMakeFiles/as2_map_server_map_server_gtest.dir/map_server_gtest.cpp.o[0m
[29.134s] [ 85%] [32m[1mLinking CXX executable as2_map_server_node[0m
[29.963s] [ 85%] Built target as2_map_server_node
[32.844s] [ 92%] [32m[1mLinking CXX executable as2_map_server_map_server_gtest[0m
[33.333s] [ 92%] Built target as2_map_server_map_server_gtest
[35.006s] [100%] [32m[1mLinking CXX shared library libscan2occ_grid.so[0m
[35.977s] [100%] Built target scan2occ_grid
[36.009s] Invoked command in '/home/ayush/challenge_multi_drone/build/as2_map_server' returned '0': AMENT_PREFIX_PATH=/home/ayush/challenge_multi_drone/install/as2_core:/home/ayush/challenge_multi_drone/install/as2_msgs:${AMENT_PREFIX_PATH} CMAKE_PREFIX_PATH=/home/ayush/challenge_multi_drone/install/as2_core:/home/ayush/challenge_multi_drone/install/as2_msgs:/home/ayush/project_gazebo_ws/install/aerostack2:/home/ayush/project_gazebo_ws/install/as2_usb_camera_interface:/home/ayush/project_gazebo_ws/install/as2_state_estimator:/home/ayush/project_gazebo_ws/install/as2_rviz_plugins:/home/ayush/project_gazebo_ws/install/as2_realsense_interface:/home/ayush/project_gazebo_ws/install/as2_platform_multirotor_simulator:/home/ayush/project_gazebo_ws/install/as2_platform_gazebo:/home/ayush/project_gazebo_ws/install/as2_motion_controller:/home/ayush/project_gazebo_ws/install/as2_behaviors_trajectory_generation:/home/ayush/project_gazebo_ws/install/as2_behaviors_motion:/home/ayush/project_gazebo_ws/install/as2_motion_reference_handlers:/home/ayush/project_gazebo_ws/install/as2_map_server:/home/ayush/project_gazebo_ws/install/as2_geozones:/home/ayush/project_gazebo_ws/install/as2_gazebo_assets:/home/ayush/project_gazebo_ws/install/as2_external_object_to_tf:/home/ayush/project_gazebo_ws/install/as2_behaviors_platform:/home/ayush/project_gazebo_ws/install/as2_behaviors_perception:/home/ayush/project_gazebo_ws/install/as2_behaviors_path_planning:/home/ayush/project_gazebo_ws/install/as2_behavior_tree:/home/ayush/project_gazebo_ws/install/as2_behavior:/home/ayush/project_gazebo_ws/install/as2_alphanumeric_viewer:/home/ayush/project_gazebo_ws/install/as2_core:/home/ayush/project_gazebo_ws/install/as2_msgs:/home/ayush/project_gazebo_ws/install/as2_cli:/home/ayush/project_gazebo_ws/install/as2_visualization:/home/ayush/project_gazebo_ws/install/as2_keyboard_teleoperation:/home/ayush/project_gazebo_ws/install/as2_python_api:/opt/ros/humble LD_LIBRARY_PATH=/home/ayush/challenge_multi_drone/install/as2_core/lib:/home/ayush/challenge_multi_drone/install/as2_msgs/lib:${LD_LIBRARY_PATH} PYTHONPATH=/home/ayush/challenge_multi_drone/install/as2_core/local/lib/python3.10/dist-packages:/home/ayush/challenge_multi_drone/install/as2_msgs/local/lib/python3.10/dist-packages:${PYTHONPATH} /usr/bin/cmake --build /home/ayush/challenge_multi_drone/build/as2_map_server -- -j12 -l12
[36.013s] Invoking command in '/home/ayush/challenge_multi_drone/build/as2_map_server': AMENT_PREFIX_PATH=/home/ayush/challenge_multi_drone/install/as2_core:/home/ayush/challenge_multi_drone/install/as2_msgs:${AMENT_PREFIX_PATH} CMAKE_PREFIX_PATH=/home/ayush/challenge_multi_drone/install/as2_core:/home/ayush/challenge_multi_drone/install/as2_msgs:/home/ayush/project_gazebo_ws/install/aerostack2:/home/ayush/project_gazebo_ws/install/as2_usb_camera_interface:/home/ayush/project_gazebo_ws/install/as2_state_estimator:/home/ayush/project_gazebo_ws/install/as2_rviz_plugins:/home/ayush/project_gazebo_ws/install/as2_realsense_interface:/home/ayush/project_gazebo_ws/install/as2_platform_multirotor_simulator:/home/ayush/project_gazebo_ws/install/as2_platform_gazebo:/home/ayush/project_gazebo_ws/install/as2_motion_controller:/home/ayush/project_gazebo_ws/install/as2_behaviors_trajectory_generation:/home/ayush/project_gazebo_ws/install/as2_behaviors_motion:/home/ayush/project_gazebo_ws/install/as2_motion_reference_handlers:/home/ayush/project_gazebo_ws/install/as2_map_server:/home/ayush/project_gazebo_ws/install/as2_geozones:/home/ayush/project_gazebo_ws/install/as2_gazebo_assets:/home/ayush/project_gazebo_ws/install/as2_external_object_to_tf:/home/ayush/project_gazebo_ws/install/as2_behaviors_platform:/home/ayush/project_gazebo_ws/install/as2_behaviors_perception:/home/ayush/project_gazebo_ws/install/as2_behaviors_path_planning:/home/ayush/project_gazebo_ws/install/as2_behavior_tree:/home/ayush/project_gazebo_ws/install/as2_behavior:/home/ayush/project_gazebo_ws/install/as2_alphanumeric_viewer:/home/ayush/project_gazebo_ws/install/as2_core:/home/ayush/project_gazebo_ws/install/as2_msgs:/home/ayush/project_gazebo_ws/install/as2_cli:/home/ayush/project_gazebo_ws/install/as2_visualization:/home/ayush/project_gazebo_ws/install/as2_keyboard_teleoperation:/home/ayush/project_gazebo_ws/install/as2_python_api:/opt/ros/humble LD_LIBRARY_PATH=/home/ayush/challenge_multi_drone/install/as2_core/lib:/home/ayush/challenge_multi_drone/install/as2_msgs/lib:${LD_LIBRARY_PATH} PYTHONPATH=/home/ayush/challenge_multi_drone/install/as2_core/local/lib/python3.10/dist-packages:/home/ayush/challenge_multi_drone/install/as2_msgs/local/lib/python3.10/dist-packages:${PYTHONPATH} /usr/bin/cmake --install /home/ayush/challenge_multi_drone/build/as2_map_server
[36.038s] -- Install configuration: "Release"
[36.039s] -- Installing: /home/ayush/challenge_multi_drone/install/as2_map_server/include
[36.039s] -- Installing: /home/ayush/challenge_multi_drone/install/as2_map_server/include/as2_map_server
[36.039s] -- Installing: /home/ayush/challenge_multi_drone/install/as2_map_server/include/as2_map_server/plugin_base.hpp
[36.039s] -- Installing: /home/ayush/challenge_multi_drone/install/as2_map_server/include/as2_map_server/map_server.hpp
[36.039s] -- Installing: /home/ayush/challenge_multi_drone/install/as2_map_server/share/as2_map_server/environment/library_path.sh
[36.040s] -- Installing: /home/ayush/challenge_multi_drone/install/as2_map_server/share/as2_map_server/environment/library_path.dsv
[36.041s] -- Installing: /home/ayush/challenge_multi_drone/install/as2_map_server/lib/libas2_map_server_base.so
[36.044s] -- Set runtime path of "/home/ayush/challenge_multi_drone/install/as2_map_server/lib/libas2_map_server_base.so" to ""
[36.044s] -- Up-to-date: /home/ayush/challenge_multi_drone/install/as2_map_server/include
[36.044s] -- Up-to-date: /home/ayush/challenge_multi_drone/install/as2_map_server/include/as2_map_server
[36.044s] -- Up-to-date: /home/ayush/challenge_multi_drone/install/as2_map_server/include/as2_map_server/plugin_base.hpp
[36.045s] -- Up-to-date: /home/ayush/challenge_multi_drone/install/as2_map_server/include/as2_map_server/map_server.hpp
[36.045s] -- Installing: /home/ayush/challenge_multi_drone/install/as2_map_server/lib/libas2_map_server.so
[36.045s] -- Set runtime path of "/home/ayush/challenge_multi_drone/install/as2_map_server/lib/libas2_map_server.so" to ""
[36.045s] -- Installing: /home/ayush/challenge_multi_drone/install/as2_map_server/lib/as2_map_server/as2_map_server_node
[36.046s] -- Set runtime path of "/home/ayush/challenge_multi_drone/install/as2_map_server/lib/as2_map_server/as2_map_server_node" to ""
[36.047s] -- Installing: /home/ayush/challenge_multi_drone/install/as2_map_server/share/as2_map_server/plugins.xml
[36.048s] -- Installing: /home/ayush/challenge_multi_drone/install/as2_map_server/share/as2_map_server/launch
[36.048s] -- Installing: /home/ayush/challenge_multi_drone/install/as2_map_server/share/as2_map_server/launch/map_server.launch.py
[36.049s] -- Up-to-date: /home/ayush/challenge_multi_drone/install/as2_map_server/share/as2_map_server/launch
[36.049s] -- Installing: /home/ayush/challenge_multi_drone/install/as2_map_server/share/as2_map_server/launch/scan2occ_grid-map_server.launch.py
[36.052s] -- Installing: /home/ayush/challenge_multi_drone/install/as2_map_server/share/as2_map_server/plugins/scan2occ_grid/config
[36.052s] -- Installing: /home/ayush/challenge_multi_drone/install/as2_map_server/share/as2_map_server/plugins/scan2occ_grid/config/plugin_default.yaml
[36.053s] -- Up-to-date: /home/ayush/challenge_multi_drone/install/as2_map_server/share/as2_map_server/launch
[36.053s] -- Installing: /home/ayush/challenge_multi_drone/install/as2_map_server/share/as2_map_server/launch/depth2occ_grid-map_server.launch.py
[36.057s] -- Installing: /home/ayush/challenge_multi_drone/install/as2_map_server/share/as2_map_server/plugins/depth2occ_grid/config
[36.058s] -- Installing: /home/ayush/challenge_multi_drone/install/as2_map_server/share/as2_map_server/plugins/depth2occ_grid/config/plugin_default.yaml
[36.058s] -- Installing: /home/ayush/challenge_multi_drone/install/as2_map_server/share/ament_index/resource_index/package_run_dependencies/as2_map_server
[36.059s] -- Installing: /home/ayush/challenge_multi_drone/install/as2_map_server/share/ament_index/resource_index/parent_prefix_path/as2_map_server
[36.059s] -- Installing: /home/ayush/challenge_multi_drone/install/as2_map_server/share/as2_map_server/environment/ament_prefix_path.sh
[36.059s] -- Installing: /home/ayush/challenge_multi_drone/install/as2_map_server/share/as2_map_server/environment/ament_prefix_path.dsv
[36.059s] -- Installing: /home/ayush/challenge_multi_drone/install/as2_map_server/share/as2_map_server/environment/path.sh
[36.060s] -- Installing: /home/ayush/challenge_multi_drone/install/as2_map_server/share/as2_map_server/environment/path.dsv
[36.060s] -- Installing: /home/ayush/challenge_multi_drone/install/as2_map_server/share/as2_map_server/local_setup.bash
[36.060s] -- Installing: /home/ayush/challenge_multi_drone/install/as2_map_server/share/as2_map_server/local_setup.sh
[36.061s] -- Installing: /home/ayush/challenge_multi_drone/install/as2_map_server/share/as2_map_server/local_setup.zsh
[36.061s] -- Installing: /home/ayush/challenge_multi_drone/install/as2_map_server/share/as2_map_server/local_setup.dsv
[36.062s] -- Installing: /home/ayush/challenge_multi_drone/install/as2_map_server/share/as2_map_server/package.dsv
[36.065s] -- Installing: /home/ayush/challenge_multi_drone/install/as2_map_server/share/ament_index/resource_index/packages/as2_map_server
[36.065s] -- Installing: /home/ayush/challenge_multi_drone/install/as2_map_server/share/ament_index/resource_index/as2_map_server__pluginlib__plugin/as2_map_server
[36.065s] -- Installing: /home/ayush/challenge_multi_drone/install/as2_map_server/share/as2_map_server/cmake/export_as2_map_server_baseExport.cmake
[36.065s] -- Installing: /home/ayush/challenge_multi_drone/install/as2_map_server/share/as2_map_server/cmake/export_as2_map_server_baseExport-release.cmake
[36.065s] -- Installing: /home/ayush/challenge_multi_drone/install/as2_map_server/share/as2_map_server/cmake/export_as2_map_serverExport.cmake
[36.066s] -- Installing: /home/ayush/challenge_multi_drone/install/as2_map_server/share/as2_map_server/cmake/export_as2_map_serverExport-release.cmake
[36.066s] -- Installing: /home/ayush/challenge_multi_drone/install/as2_map_server/share/as2_map_server/cmake/ament_cmake_export_libraries-extras.cmake
[36.066s] -- Installing: /home/ayush/challenge_multi_drone/install/as2_map_server/share/as2_map_server/cmake/ament_cmake_export_targets-extras.cmake
[36.066s] -- Installing: /home/ayush/challenge_multi_drone/install/as2_map_server/share/as2_map_server/cmake/ament_cmake_export_include_directories-extras.cmake
[36.066s] -- Installing: /home/ayush/challenge_multi_drone/install/as2_map_server/share/as2_map_server/cmake/as2_map_serverConfig.cmake
[36.070s] -- Installing: /home/ayush/challenge_multi_drone/install/as2_map_server/share/as2_map_server/cmake/as2_map_serverConfig-version.cmake
[36.071s] -- Installing: /home/ayush/challenge_multi_drone/install/as2_map_server/share/as2_map_server/package.xml
[36.071s] -- Up-to-date: /home/ayush/challenge_multi_drone/install/as2_map_server/include
[36.071s] -- Installing: /home/ayush/challenge_multi_drone/install/as2_map_server/include/scan2occ_grid.hpp
[36.071s] -- Installing: /home/ayush/challenge_multi_drone/install/as2_map_server/lib/libscan2occ_grid.so
[36.071s] -- Set runtime path of "/home/ayush/challenge_multi_drone/install/as2_map_server/lib/libscan2occ_grid.so" to ""
[36.080s] Invoked command in '/home/ayush/challenge_multi_drone/build/as2_map_server' returned '0': AMENT_PREFIX_PATH=/home/ayush/challenge_multi_drone/install/as2_core:/home/ayush/challenge_multi_drone/install/as2_msgs:${AMENT_PREFIX_PATH} CMAKE_PREFIX_PATH=/home/ayush/challenge_multi_drone/install/as2_core:/home/ayush/challenge_multi_drone/install/as2_msgs:/home/ayush/project_gazebo_ws/install/aerostack2:/home/ayush/project_gazebo_ws/install/as2_usb_camera_interface:/home/ayush/project_gazebo_ws/install/as2_state_estimator:/home/ayush/project_gazebo_ws/install/as2_rviz_plugins:/home/ayush/project_gazebo_ws/install/as2_realsense_interface:/home/ayush/project_gazebo_ws/install/as2_platform_multirotor_simulator:/home/ayush/project_gazebo_ws/install/as2_platform_gazebo:/home/ayush/project_gazebo_ws/install/as2_motion_controller:/home/ayush/project_gazebo_ws/install/as2_behaviors_trajectory_generation:/home/ayush/project_gazebo_ws/install/as2_behaviors_motion:/home/ayush/project_gazebo_ws/install/as2_motion_reference_handlers:/home/ayush/project_gazebo_ws/install/as2_map_server:/home/ayush/project_gazebo_ws/install/as2_geozones:/home/ayush/project_gazebo_ws/install/as2_gazebo_assets:/home/ayush/project_gazebo_ws/install/as2_external_object_to_tf:/home/ayush/project_gazebo_ws/install/as2_behaviors_platform:/home/ayush/project_gazebo_ws/install/as2_behaviors_perception:/home/ayush/project_gazebo_ws/install/as2_behaviors_path_planning:/home/ayush/project_gazebo_ws/install/as2_behavior_tree:/home/ayush/project_gazebo_ws/install/as2_behavior:/home/ayush/project_gazebo_ws/install/as2_alphanumeric_viewer:/home/ayush/project_gazebo_ws/install/as2_core:/home/ayush/project_gazebo_ws/install/as2_msgs:/home/ayush/project_gazebo_ws/install/as2_cli:/home/ayush/project_gazebo_ws/install/as2_visualization:/home/ayush/project_gazebo_ws/install/as2_keyboard_teleoperation:/home/ayush/project_gazebo_ws/install/as2_python_api:/opt/ros/humble LD_LIBRARY_PATH=/home/ayush/challenge_multi_drone/install/as2_core/lib:/home/ayush/challenge_multi_drone/install/as2_msgs/lib:${LD_LIBRARY_PATH} PYTHONPATH=/home/ayush/challenge_multi_drone/install/as2_core/local/lib/python3.10/dist-packages:/home/ayush/challenge_multi_drone/install/as2_msgs/local/lib/python3.10/dist-packages:${PYTHONPATH} /usr/bin/cmake --install /home/ayush/challenge_multi_drone/build/as2_map_server
