running egg_info
creating ../../../../../build/as2_visualization/as2_visualization.egg-info
writing ../../../../../build/as2_visualization/as2_visualization.egg-info/PKG-INFO
writing dependency_links to ../../../../../build/as2_visualization/as2_visualization.egg-info/dependency_links.txt
writing entry points to ../../../../../build/as2_visualization/as2_visualization.egg-info/entry_points.txt
writing requirements to ../../../../../build/as2_visualization/as2_visualization.egg-info/requires.txt
writing top-level names to ../../../../../build/as2_visualization/as2_visualization.egg-info/top_level.txt
writing manifest file '../../../../../build/as2_visualization/as2_visualization.egg-info/SOURCES.txt'
reading manifest file '../../../../../build/as2_visualization/as2_visualization.egg-info/SOURCES.txt'
writing manifest file '../../../../../build/as2_visualization/as2_visualization.egg-info/SOURCES.txt'
running build
running build_py
creating /home/ayush/challenge_multi_drone/build/as2_visualization/build
creating /home/ayush/challenge_multi_drone/build/as2_visualization/build/lib
creating /home/ayush/challenge_multi_drone/build/as2_visualization/build/lib/as2_visualization
copying as2_visualization/geozones_marker_publisher.py -> /home/ayush/challenge_multi_drone/build/as2_visualization/build/lib/as2_visualization
copying as2_visualization/marker_publisher.py -> /home/ayush/challenge_multi_drone/build/as2_visualization/build/lib/as2_visualization
copying as2_visualization/__init__.py -> /home/ayush/challenge_multi_drone/build/as2_visualization/build/lib/as2_visualization
copying as2_visualization/gate_publisher.py -> /home/ayush/challenge_multi_drone/build/as2_visualization/build/lib/as2_visualization
running install
running install_lib
creating /home/ayush/challenge_multi_drone/install/as2_visualization/lib/python3.10/site-packages/as2_visualization
copying /home/ayush/challenge_multi_drone/build/as2_visualization/build/lib/as2_visualization/geozones_marker_publisher.py -> /home/ayush/challenge_multi_drone/install/as2_visualization/lib/python3.10/site-packages/as2_visualization
copying /home/ayush/challenge_multi_drone/build/as2_visualization/build/lib/as2_visualization/marker_publisher.py -> /home/ayush/challenge_multi_drone/install/as2_visualization/lib/python3.10/site-packages/as2_visualization
copying /home/ayush/challenge_multi_drone/build/as2_visualization/build/lib/as2_visualization/__init__.py -> /home/ayush/challenge_multi_drone/install/as2_visualization/lib/python3.10/site-packages/as2_visualization
copying /home/ayush/challenge_multi_drone/build/as2_visualization/build/lib/as2_visualization/gate_publisher.py -> /home/ayush/challenge_multi_drone/install/as2_visualization/lib/python3.10/site-packages/as2_visualization
byte-compiling /home/ayush/challenge_multi_drone/install/as2_visualization/lib/python3.10/site-packages/as2_visualization/geozones_marker_publisher.py to geozones_marker_publisher.cpython-310.pyc
byte-compiling /home/ayush/challenge_multi_drone/install/as2_visualization/lib/python3.10/site-packages/as2_visualization/marker_publisher.py to marker_publisher.cpython-310.pyc
byte-compiling /home/ayush/challenge_multi_drone/install/as2_visualization/lib/python3.10/site-packages/as2_visualization/__init__.py to __init__.cpython-310.pyc
byte-compiling /home/ayush/challenge_multi_drone/install/as2_visualization/lib/python3.10/site-packages/as2_visualization/gate_publisher.py to gate_publisher.cpython-310.pyc
running install_data
creating /home/ayush/challenge_multi_drone/install/as2_visualization/share/ament_index
creating /home/ayush/challenge_multi_drone/install/as2_visualization/share/ament_index/resource_index
creating /home/ayush/challenge_multi_drone/install/as2_visualization/share/ament_index/resource_index/packages
copying resource/as2_visualization -> /home/ayush/challenge_multi_drone/install/as2_visualization/share/ament_index/resource_index/packages
copying package.xml -> /home/ayush/challenge_multi_drone/install/as2_visualization/share/as2_visualization
creating /home/ayush/challenge_multi_drone/install/as2_visualization/share/as2_visualization/launch
copying launch/as2_visualization.launch.py -> /home/ayush/challenge_multi_drone/install/as2_visualization/share/as2_visualization/launch
copying launch/swarm_viz.launch.py -> /home/ayush/challenge_multi_drone/install/as2_visualization/share/as2_visualization/launch
creating /home/ayush/challenge_multi_drone/install/as2_visualization/share/as2_visualization/config
copying config/as2_default.rviz -> /home/ayush/challenge_multi_drone/install/as2_visualization/share/as2_visualization/config
running install_egg_info
Copying ../../../../../build/as2_visualization/as2_visualization.egg-info to /home/ayush/challenge_multi_drone/install/as2_visualization/lib/python3.10/site-packages/as2_visualization-1.1.2-py3.10.egg-info
running install_scripts
Installing gate_publisher script to /home/ayush/challenge_multi_drone/install/as2_visualization/lib/as2_visualization
Installing marker_publisher script to /home/ayush/challenge_multi_drone/install/as2_visualization/lib/as2_visualization
writing list of installed files to '/home/ayush/challenge_multi_drone/build/as2_visualization/install.log'
