[1.484s] Invoking command in '/home/ayush/challenge_multi_drone/src/aerostack2/as2_user_interfaces/as2_visualization/as2_visualization': AMENT_PREFIX_PATH=/home/ayush/challenge_multi_drone/install/as2_gazebo_assets:/home/ayush/challenge_multi_drone/install/as2_core:/home/ayush/challenge_multi_drone/install/as2_msgs:${AMENT_PREFIX_PATH} CMAKE_PREFIX_PATH=/home/ayush/challenge_multi_drone/install/as2_gazebo_assets:/home/ayush/challenge_multi_drone/install/as2_core:/home/ayush/challenge_multi_drone/install/as2_msgs:${CMAKE_PREFIX_PATH} GZ_SIM_RESOURCE_PATH=/home/ayush/challenge_multi_drone/install/as2_gazebo_assets/share/as2_ign_gazebo_assets/worlds:/home/ayush/challenge_multi_drone/install/as2_gazebo_assets/share/as2_ign_gazebo_assets/models:${GZ_SIM_RESOURCE_PATH} GZ_SIM_SYSTEM_PLUGIN_PATH=/home/ayush/challenge_multi_drone/install/as2_gazebo_assets/lib:${GZ_SIM_SYSTEM_PLUGIN_PATH} GZ_VERSION=@GZ_VERSION@ LD_LIBRARY_PATH=/home/ayush/challenge_multi_drone/install/as2_gazebo_assets/lib:/home/ayush/challenge_multi_drone/install/as2_core/lib:/home/ayush/challenge_multi_drone/install/as2_msgs/lib:${LD_LIBRARY_PATH} PYTHONPATH=/home/ayush/challenge_multi_drone/build/as2_visualization/prefix_override:/usr/lib/python3/dist-packages/colcon_core/task/python/colcon_distutils_commands:/home/ayush/challenge_multi_drone/install/as2_visualization/lib/python3.10/site-packages:/home/ayush/challenge_multi_drone/install/as2_gazebo_assets/local/lib/python3.10/dist-packages:/home/ayush/challenge_multi_drone/install/as2_core/local/lib/python3.10/dist-packages:/home/ayush/challenge_multi_drone/install/as2_msgs/local/lib/python3.10/dist-packages:${PYTHONPATH} /usr/bin/python3 -W ignore:setup.py install is deprecated -W ignore:easy_install command is deprecated setup.py egg_info --egg-base ../../../../../build/as2_visualization build --build-base /home/ayush/challenge_multi_drone/build/as2_visualization/build install --record /home/ayush/challenge_multi_drone/build/as2_visualization/install.log --single-version-externally-managed install_data
[1.784s] running egg_info
[1.784s] creating ../../../../../build/as2_visualization/as2_visualization.egg-info
[1.785s] writing ../../../../../build/as2_visualization/as2_visualization.egg-info/PKG-INFO
[1.785s] writing dependency_links to ../../../../../build/as2_visualization/as2_visualization.egg-info/dependency_links.txt
[1.785s] writing entry points to ../../../../../build/as2_visualization/as2_visualization.egg-info/entry_points.txt
[1.785s] writing requirements to ../../../../../build/as2_visualization/as2_visualization.egg-info/requires.txt
[1.785s] writing top-level names to ../../../../../build/as2_visualization/as2_visualization.egg-info/top_level.txt
[1.785s] writing manifest file '../../../../../build/as2_visualization/as2_visualization.egg-info/SOURCES.txt'
[1.787s] reading manifest file '../../../../../build/as2_visualization/as2_visualization.egg-info/SOURCES.txt'
[1.788s] writing manifest file '../../../../../build/as2_visualization/as2_visualization.egg-info/SOURCES.txt'
[1.788s] running build
[1.788s] running build_py
[1.788s] creating /home/ayush/challenge_multi_drone/build/as2_visualization/build
[1.788s] creating /home/ayush/challenge_multi_drone/build/as2_visualization/build/lib
[1.788s] creating /home/ayush/challenge_multi_drone/build/as2_visualization/build/lib/as2_visualization
[1.788s] copying as2_visualization/geozones_marker_publisher.py -> /home/ayush/challenge_multi_drone/build/as2_visualization/build/lib/as2_visualization
[1.789s] copying as2_visualization/marker_publisher.py -> /home/ayush/challenge_multi_drone/build/as2_visualization/build/lib/as2_visualization
[1.789s] copying as2_visualization/__init__.py -> /home/ayush/challenge_multi_drone/build/as2_visualization/build/lib/as2_visualization
[1.789s] copying as2_visualization/gate_publisher.py -> /home/ayush/challenge_multi_drone/build/as2_visualization/build/lib/as2_visualization
[1.789s] running install
[1.789s] running install_lib
[1.790s] creating /home/ayush/challenge_multi_drone/install/as2_visualization/lib/python3.10/site-packages/as2_visualization
[1.790s] copying /home/ayush/challenge_multi_drone/build/as2_visualization/build/lib/as2_visualization/geozones_marker_publisher.py -> /home/ayush/challenge_multi_drone/install/as2_visualization/lib/python3.10/site-packages/as2_visualization
[1.790s] copying /home/ayush/challenge_multi_drone/build/as2_visualization/build/lib/as2_visualization/marker_publisher.py -> /home/ayush/challenge_multi_drone/install/as2_visualization/lib/python3.10/site-packages/as2_visualization
[1.790s] copying /home/ayush/challenge_multi_drone/build/as2_visualization/build/lib/as2_visualization/__init__.py -> /home/ayush/challenge_multi_drone/install/as2_visualization/lib/python3.10/site-packages/as2_visualization
[1.790s] copying /home/ayush/challenge_multi_drone/build/as2_visualization/build/lib/as2_visualization/gate_publisher.py -> /home/ayush/challenge_multi_drone/install/as2_visualization/lib/python3.10/site-packages/as2_visualization
[1.790s] byte-compiling /home/ayush/challenge_multi_drone/install/as2_visualization/lib/python3.10/site-packages/as2_visualization/geozones_marker_publisher.py to geozones_marker_publisher.cpython-310.pyc
[1.791s] byte-compiling /home/ayush/challenge_multi_drone/install/as2_visualization/lib/python3.10/site-packages/as2_visualization/marker_publisher.py to marker_publisher.cpython-310.pyc
[1.792s] byte-compiling /home/ayush/challenge_multi_drone/install/as2_visualization/lib/python3.10/site-packages/as2_visualization/__init__.py to __init__.cpython-310.pyc
[1.792s] byte-compiling /home/ayush/challenge_multi_drone/install/as2_visualization/lib/python3.10/site-packages/as2_visualization/gate_publisher.py to gate_publisher.cpython-310.pyc
[1.793s] running install_data
[1.793s] creating /home/ayush/challenge_multi_drone/install/as2_visualization/share/ament_index
[1.793s] creating /home/ayush/challenge_multi_drone/install/as2_visualization/share/ament_index/resource_index
[1.793s] creating /home/ayush/challenge_multi_drone/install/as2_visualization/share/ament_index/resource_index/packages
[1.793s] copying resource/as2_visualization -> /home/ayush/challenge_multi_drone/install/as2_visualization/share/ament_index/resource_index/packages
[1.794s] copying package.xml -> /home/ayush/challenge_multi_drone/install/as2_visualization/share/as2_visualization
[1.794s] creating /home/ayush/challenge_multi_drone/install/as2_visualization/share/as2_visualization/launch
[1.794s] copying launch/as2_visualization.launch.py -> /home/ayush/challenge_multi_drone/install/as2_visualization/share/as2_visualization/launch
[1.794s] copying launch/swarm_viz.launch.py -> /home/ayush/challenge_multi_drone/install/as2_visualization/share/as2_visualization/launch
[1.794s] creating /home/ayush/challenge_multi_drone/install/as2_visualization/share/as2_visualization/config
[1.794s] copying config/as2_default.rviz -> /home/ayush/challenge_multi_drone/install/as2_visualization/share/as2_visualization/config
[1.794s] running install_egg_info
[1.796s] Copying ../../../../../build/as2_visualization/as2_visualization.egg-info to /home/ayush/challenge_multi_drone/install/as2_visualization/lib/python3.10/site-packages/as2_visualization-1.1.2-py3.10.egg-info
[1.796s] running install_scripts
[1.819s] Installing gate_publisher script to /home/ayush/challenge_multi_drone/install/as2_visualization/lib/as2_visualization
[1.819s] Installing marker_publisher script to /home/ayush/challenge_multi_drone/install/as2_visualization/lib/as2_visualization
[1.819s] writing list of installed files to '/home/ayush/challenge_multi_drone/build/as2_visualization/install.log'
[1.853s] Invoked command in '/home/ayush/challenge_multi_drone/src/aerostack2/as2_user_interfaces/as2_visualization/as2_visualization' returned '0': AMENT_PREFIX_PATH=/home/ayush/challenge_multi_drone/install/as2_gazebo_assets:/home/ayush/challenge_multi_drone/install/as2_core:/home/ayush/challenge_multi_drone/install/as2_msgs:${AMENT_PREFIX_PATH} CMAKE_PREFIX_PATH=/home/ayush/challenge_multi_drone/install/as2_gazebo_assets:/home/ayush/challenge_multi_drone/install/as2_core:/home/ayush/challenge_multi_drone/install/as2_msgs:${CMAKE_PREFIX_PATH} GZ_SIM_RESOURCE_PATH=/home/ayush/challenge_multi_drone/install/as2_gazebo_assets/share/as2_ign_gazebo_assets/worlds:/home/ayush/challenge_multi_drone/install/as2_gazebo_assets/share/as2_ign_gazebo_assets/models:${GZ_SIM_RESOURCE_PATH} GZ_SIM_SYSTEM_PLUGIN_PATH=/home/ayush/challenge_multi_drone/install/as2_gazebo_assets/lib:${GZ_SIM_SYSTEM_PLUGIN_PATH} GZ_VERSION=@GZ_VERSION@ LD_LIBRARY_PATH=/home/ayush/challenge_multi_drone/install/as2_gazebo_assets/lib:/home/ayush/challenge_multi_drone/install/as2_core/lib:/home/ayush/challenge_multi_drone/install/as2_msgs/lib:${LD_LIBRARY_PATH} PYTHONPATH=/home/ayush/challenge_multi_drone/build/as2_visualization/prefix_override:/usr/lib/python3/dist-packages/colcon_core/task/python/colcon_distutils_commands:/home/ayush/challenge_multi_drone/install/as2_visualization/lib/python3.10/site-packages:/home/ayush/challenge_multi_drone/install/as2_gazebo_assets/local/lib/python3.10/dist-packages:/home/ayush/challenge_multi_drone/install/as2_core/local/lib/python3.10/dist-packages:/home/ayush/challenge_multi_drone/install/as2_msgs/local/lib/python3.10/dist-packages:${PYTHONPATH} /usr/bin/python3 -W ignore:setup.py install is deprecated -W ignore:easy_install command is deprecated setup.py egg_info --egg-base ../../../../../build/as2_visualization build --build-base /home/ayush/challenge_multi_drone/build/as2_visualization/build install --record /home/ayush/challenge_multi_drone/build/as2_visualization/install.log --single-version-externally-managed install_data
