[0.016s] Invoking command in '/home/ayush/challenge_multi_drone/build/as2_cli': CMAKE_PREFIX_PATH=${CMAKE_PREFIX_PATH}:/home/ayush/project_gazebo_ws/install/as2_visualization:/home/ayush/project_gazebo_ws/install/as2_keyboard_teleoperation:/home/ayush/project_gazebo_ws/install/as2_python_api:/opt/ros/humble /usr/bin/cmake /home/ayush/challenge_multi_drone/src/aerostack2/as2_cli -DCMAKE_INSTALL_PREFIX=/home/ayush/challenge_multi_drone/install/as2_cli
[0.112s] -- The C compiler identification is GNU 11.4.0
[0.229s] -- The CXX compiler identification is GNU 11.4.0
[0.236s] -- Detecting C compiler ABI info
[0.306s] -- Detecting C compiler ABI info - done
[0.313s] -- Check for working C compiler: /usr/bin/cc - skipped
[0.313s] -- Detecting C compile features
[0.314s] -- Detecting C compile features - done
[0.318s] -- Detecting CXX compiler ABI info
[0.406s] -- Detecting CXX compiler ABI info - done
[0.413s] -- Check for working CXX compiler: /usr/bin/c++ - skipped
[0.414s] -- Detecting CXX compile features
[0.414s] -- Detecting CXX compile features - done
[0.419s] -- Found ament_cmake: 1.3.11 (/opt/ros/humble/share/ament_cmake/cmake)
[0.649s] -- Found Python3: /usr/bin/python3 (found version "3.10.12") found components: Interpreter 
[0.844s] -- Configuring done
[0.847s] -- Generating done
[0.848s] -- Build files have been written to: /home/ayush/challenge_multi_drone/build/as2_cli
[0.852s] Invoked command in '/home/ayush/challenge_multi_drone/build/as2_cli' returned '0': CMAKE_PREFIX_PATH=${CMAKE_PREFIX_PATH}:/home/ayush/project_gazebo_ws/install/as2_visualization:/home/ayush/project_gazebo_ws/install/as2_keyboard_teleoperation:/home/ayush/project_gazebo_ws/install/as2_python_api:/opt/ros/humble /usr/bin/cmake /home/ayush/challenge_multi_drone/src/aerostack2/as2_cli -DCMAKE_INSTALL_PREFIX=/home/ayush/challenge_multi_drone/install/as2_cli
[0.854s] Invoking command in '/home/ayush/challenge_multi_drone/build/as2_cli': CMAKE_PREFIX_PATH=${CMAKE_PREFIX_PATH}:/home/ayush/project_gazebo_ws/install/as2_visualization:/home/ayush/project_gazebo_ws/install/as2_keyboard_teleoperation:/home/ayush/project_gazebo_ws/install/as2_python_api:/opt/ros/humble /usr/bin/cmake --build /home/ayush/challenge_multi_drone/build/as2_cli -- -j12 -l12
[0.893s] Invoked command in '/home/ayush/challenge_multi_drone/build/as2_cli' returned '0': CMAKE_PREFIX_PATH=${CMAKE_PREFIX_PATH}:/home/ayush/project_gazebo_ws/install/as2_visualization:/home/ayush/project_gazebo_ws/install/as2_keyboard_teleoperation:/home/ayush/project_gazebo_ws/install/as2_python_api:/opt/ros/humble /usr/bin/cmake --build /home/ayush/challenge_multi_drone/build/as2_cli -- -j12 -l12
[0.904s] Invoking command in '/home/ayush/challenge_multi_drone/build/as2_cli': CMAKE_PREFIX_PATH=${CMAKE_PREFIX_PATH}:/home/ayush/project_gazebo_ws/install/as2_visualization:/home/ayush/project_gazebo_ws/install/as2_keyboard_teleoperation:/home/ayush/project_gazebo_ws/install/as2_python_api:/opt/ros/humble /usr/bin/cmake --install /home/ayush/challenge_multi_drone/build/as2_cli
[0.913s] -- Install configuration: ""
[0.913s] -- Installing: /home/ayush/challenge_multi_drone/install/as2_cli/share/ament_index/resource_index/package_run_dependencies/as2_cli
[0.914s] -- Installing: /home/ayush/challenge_multi_drone/install/as2_cli/share/ament_index/resource_index/parent_prefix_path/as2_cli
[0.914s] -- Installing: /home/ayush/challenge_multi_drone/install/as2_cli/share/as2_cli/environment/ament_prefix_path.sh
[0.914s] -- Installing: /home/ayush/challenge_multi_drone/install/as2_cli/share/as2_cli/environment/ament_prefix_path.dsv
[0.914s] -- Installing: /home/ayush/challenge_multi_drone/install/as2_cli/share/as2_cli/environment/path.sh
[0.914s] -- Installing: /home/ayush/challenge_multi_drone/install/as2_cli/share/as2_cli/environment/path.dsv
[0.914s] -- Installing: /home/ayush/challenge_multi_drone/install/as2_cli/share/as2_cli/local_setup.bash
[0.914s] -- Installing: /home/ayush/challenge_multi_drone/install/as2_cli/share/as2_cli/local_setup.sh
[0.914s] -- Installing: /home/ayush/challenge_multi_drone/install/as2_cli/share/as2_cli/local_setup.zsh
[0.914s] -- Installing: /home/ayush/challenge_multi_drone/install/as2_cli/share/as2_cli/local_setup.dsv
[0.915s] -- Installing: /home/ayush/challenge_multi_drone/install/as2_cli/share/as2_cli/package.dsv
[0.915s] -- Installing: /home/ayush/challenge_multi_drone/install/as2_cli/share/ament_index/resource_index/packages/as2_cli
[0.915s] -- Installing: /home/ayush/challenge_multi_drone/install/as2_cli/share/as2_cli/cmake/as2_cliConfig.cmake
[0.915s] -- Installing: /home/ayush/challenge_multi_drone/install/as2_cli/share/as2_cli/cmake/as2_cliConfig-version.cmake
[0.915s] -- Installing: /home/ayush/challenge_multi_drone/install/as2_cli/share/as2_cli/package.xml
[0.916s] Invoked command in '/home/ayush/challenge_multi_drone/build/as2_cli' returned '0': CMAKE_PREFIX_PATH=${CMAKE_PREFIX_PATH}:/home/ayush/project_gazebo_ws/install/as2_visualization:/home/ayush/project_gazebo_ws/install/as2_keyboard_teleoperation:/home/ayush/project_gazebo_ws/install/as2_python_api:/opt/ros/humble /usr/bin/cmake --install /home/ayush/challenge_multi_drone/build/as2_cli
