[0.066s] Invoking command in '/home/ayush/challenge_multi_drone/build/as2_realsense_interface': AMENT_PREFIX_PATH=/home/ayush/challenge_multi_drone/install/as2_core:/home/ayush/challenge_multi_drone/install/as2_msgs:${AMENT_PREFIX_PATH} CMAKE_PREFIX_PATH=/home/ayush/challenge_multi_drone/install/as2_core:/home/ayush/challenge_multi_drone/install/as2_msgs:/home/ayush/project_gazebo_ws/install/aerostack2:/home/ayush/project_gazebo_ws/install/as2_usb_camera_interface:/home/ayush/project_gazebo_ws/install/as2_state_estimator:/home/ayush/project_gazebo_ws/install/as2_rviz_plugins:/home/ayush/project_gazebo_ws/install/as2_realsense_interface:/home/ayush/project_gazebo_ws/install/as2_platform_multirotor_simulator:/home/ayush/project_gazebo_ws/install/as2_platform_gazebo:/home/ayush/project_gazebo_ws/install/as2_motion_controller:/home/ayush/project_gazebo_ws/install/as2_behaviors_trajectory_generation:/home/ayush/project_gazebo_ws/install/as2_behaviors_motion:/home/ayush/project_gazebo_ws/install/as2_motion_reference_handlers:/home/ayush/project_gazebo_ws/install/as2_map_server:/home/ayush/project_gazebo_ws/install/as2_geozones:/home/ayush/project_gazebo_ws/install/as2_gazebo_assets:/home/ayush/project_gazebo_ws/install/as2_external_object_to_tf:/home/ayush/project_gazebo_ws/install/as2_behaviors_platform:/home/ayush/project_gazebo_ws/install/as2_behaviors_perception:/home/ayush/project_gazebo_ws/install/as2_behaviors_path_planning:/home/ayush/project_gazebo_ws/install/as2_behavior_tree:/home/ayush/project_gazebo_ws/install/as2_behavior:/home/ayush/project_gazebo_ws/install/as2_alphanumeric_viewer:/home/ayush/project_gazebo_ws/install/as2_core:/home/ayush/project_gazebo_ws/install/as2_msgs:/home/ayush/project_gazebo_ws/install/as2_cli:/home/ayush/project_gazebo_ws/install/as2_visualization:/home/ayush/project_gazebo_ws/install/as2_keyboard_teleoperation:/home/ayush/project_gazebo_ws/install/as2_python_api:/opt/ros/humble LD_LIBRARY_PATH=/home/ayush/challenge_multi_drone/install/as2_core/lib:/home/ayush/challenge_multi_drone/install/as2_msgs/lib:${LD_LIBRARY_PATH} PYTHONPATH=/home/ayush/challenge_multi_drone/install/as2_core/local/lib/python3.10/dist-packages:/home/ayush/challenge_multi_drone/install/as2_msgs/local/lib/python3.10/dist-packages:${PYTHONPATH} /usr/bin/cmake --build /home/ayush/challenge_multi_drone/build/as2_realsense_interface -- -j12 -l12
[0.230s] [35m[1mConsolidate compiler generated dependencies of target gtest_main[0m
[0.239s] [  9%] [32mBuilding CXX object gtest/CMakeFiles/gtest.dir/src/gtest-all.cc.o[0m
[0.263s] [ 18%] [32mBuilding CXX object CMakeFiles/as2_realsense_interface.dir/src/as2_realsense_interface.cpp.o[0m
[0.278s] [ 27%] [32mBuilding CXX object CMakeFiles/as2_realsense_interface_node.dir/src/as2_realsense_interface_node.cpp.o[0m
[0.282s] [ 36%] [32mBuilding CXX object CMakeFiles/as2_realsense_interface_node.dir/src/as2_realsense_interface.cpp.o[0m
[0.288s] [ 54%] Built target gtest_main
[19.736s] [ 63%] [32m[1mLinking CXX static library libgtest.a[0m
[19.813s] [ 63%] Built target gtest
[24.086s] [ 72%] [32m[1mLinking CXX executable as2_realsense_interface_node[0m
[25.136s] [ 81%] [32m[1mLinking CXX static library libas2_realsense_interface.a[0m
[25.195s] [ 81%] Built target as2_realsense_interface
[25.233s] [ 90%] [32mBuilding CXX object tests/CMakeFiles/as2_realsense_interface_as2_realsense_interface_gtest.dir/as2_realsense_interface_gtest.cpp.o[0m
[25.254s] [ 90%] Built target as2_realsense_interface_node
[32.524s] [100%] [32m[1mLinking CXX executable as2_realsense_interface_as2_realsense_interface_gtest[0m
[33.323s] [100%] Built target as2_realsense_interface_as2_realsense_interface_gtest
[33.342s] Invoked command in '/home/ayush/challenge_multi_drone/build/as2_realsense_interface' returned '0': AMENT_PREFIX_PATH=/home/ayush/challenge_multi_drone/install/as2_core:/home/ayush/challenge_multi_drone/install/as2_msgs:${AMENT_PREFIX_PATH} CMAKE_PREFIX_PATH=/home/ayush/challenge_multi_drone/install/as2_core:/home/ayush/challenge_multi_drone/install/as2_msgs:/home/ayush/project_gazebo_ws/install/aerostack2:/home/ayush/project_gazebo_ws/install/as2_usb_camera_interface:/home/ayush/project_gazebo_ws/install/as2_state_estimator:/home/ayush/project_gazebo_ws/install/as2_rviz_plugins:/home/ayush/project_gazebo_ws/install/as2_realsense_interface:/home/ayush/project_gazebo_ws/install/as2_platform_multirotor_simulator:/home/ayush/project_gazebo_ws/install/as2_platform_gazebo:/home/ayush/project_gazebo_ws/install/as2_motion_controller:/home/ayush/project_gazebo_ws/install/as2_behaviors_trajectory_generation:/home/ayush/project_gazebo_ws/install/as2_behaviors_motion:/home/ayush/project_gazebo_ws/install/as2_motion_reference_handlers:/home/ayush/project_gazebo_ws/install/as2_map_server:/home/ayush/project_gazebo_ws/install/as2_geozones:/home/ayush/project_gazebo_ws/install/as2_gazebo_assets:/home/ayush/project_gazebo_ws/install/as2_external_object_to_tf:/home/ayush/project_gazebo_ws/install/as2_behaviors_platform:/home/ayush/project_gazebo_ws/install/as2_behaviors_perception:/home/ayush/project_gazebo_ws/install/as2_behaviors_path_planning:/home/ayush/project_gazebo_ws/install/as2_behavior_tree:/home/ayush/project_gazebo_ws/install/as2_behavior:/home/ayush/project_gazebo_ws/install/as2_alphanumeric_viewer:/home/ayush/project_gazebo_ws/install/as2_core:/home/ayush/project_gazebo_ws/install/as2_msgs:/home/ayush/project_gazebo_ws/install/as2_cli:/home/ayush/project_gazebo_ws/install/as2_visualization:/home/ayush/project_gazebo_ws/install/as2_keyboard_teleoperation:/home/ayush/project_gazebo_ws/install/as2_python_api:/opt/ros/humble LD_LIBRARY_PATH=/home/ayush/challenge_multi_drone/install/as2_core/lib:/home/ayush/challenge_multi_drone/install/as2_msgs/lib:${LD_LIBRARY_PATH} PYTHONPATH=/home/ayush/challenge_multi_drone/install/as2_core/local/lib/python3.10/dist-packages:/home/ayush/challenge_multi_drone/install/as2_msgs/local/lib/python3.10/dist-packages:${PYTHONPATH} /usr/bin/cmake --build /home/ayush/challenge_multi_drone/build/as2_realsense_interface -- -j12 -l12
[33.346s] Invoking command in '/home/ayush/challenge_multi_drone/build/as2_realsense_interface': AMENT_PREFIX_PATH=/home/ayush/challenge_multi_drone/install/as2_core:/home/ayush/challenge_multi_drone/install/as2_msgs:${AMENT_PREFIX_PATH} CMAKE_PREFIX_PATH=/home/ayush/challenge_multi_drone/install/as2_core:/home/ayush/challenge_multi_drone/install/as2_msgs:/home/ayush/project_gazebo_ws/install/aerostack2:/home/ayush/project_gazebo_ws/install/as2_usb_camera_interface:/home/ayush/project_gazebo_ws/install/as2_state_estimator:/home/ayush/project_gazebo_ws/install/as2_rviz_plugins:/home/ayush/project_gazebo_ws/install/as2_realsense_interface:/home/ayush/project_gazebo_ws/install/as2_platform_multirotor_simulator:/home/ayush/project_gazebo_ws/install/as2_platform_gazebo:/home/ayush/project_gazebo_ws/install/as2_motion_controller:/home/ayush/project_gazebo_ws/install/as2_behaviors_trajectory_generation:/home/ayush/project_gazebo_ws/install/as2_behaviors_motion:/home/ayush/project_gazebo_ws/install/as2_motion_reference_handlers:/home/ayush/project_gazebo_ws/install/as2_map_server:/home/ayush/project_gazebo_ws/install/as2_geozones:/home/ayush/project_gazebo_ws/install/as2_gazebo_assets:/home/ayush/project_gazebo_ws/install/as2_external_object_to_tf:/home/ayush/project_gazebo_ws/install/as2_behaviors_platform:/home/ayush/project_gazebo_ws/install/as2_behaviors_perception:/home/ayush/project_gazebo_ws/install/as2_behaviors_path_planning:/home/ayush/project_gazebo_ws/install/as2_behavior_tree:/home/ayush/project_gazebo_ws/install/as2_behavior:/home/ayush/project_gazebo_ws/install/as2_alphanumeric_viewer:/home/ayush/project_gazebo_ws/install/as2_core:/home/ayush/project_gazebo_ws/install/as2_msgs:/home/ayush/project_gazebo_ws/install/as2_cli:/home/ayush/project_gazebo_ws/install/as2_visualization:/home/ayush/project_gazebo_ws/install/as2_keyboard_teleoperation:/home/ayush/project_gazebo_ws/install/as2_python_api:/opt/ros/humble LD_LIBRARY_PATH=/home/ayush/challenge_multi_drone/install/as2_core/lib:/home/ayush/challenge_multi_drone/install/as2_msgs/lib:${LD_LIBRARY_PATH} PYTHONPATH=/home/ayush/challenge_multi_drone/install/as2_core/local/lib/python3.10/dist-packages:/home/ayush/challenge_multi_drone/install/as2_msgs/local/lib/python3.10/dist-packages:${PYTHONPATH} /usr/bin/cmake --install /home/ayush/challenge_multi_drone/build/as2_realsense_interface
[33.359s] -- Install configuration: "Release"
[33.359s] -- Installing: /home/ayush/challenge_multi_drone/install/as2_realsense_interface/include
[33.359s] -- Installing: /home/ayush/challenge_multi_drone/install/as2_realsense_interface/include/as2_realsense_interface
[33.360s] -- Installing: /home/ayush/challenge_multi_drone/install/as2_realsense_interface/include/as2_realsense_interface/as2_realsense_interface.hpp
[33.360s] -- Installing: /home/ayush/challenge_multi_drone/install/as2_realsense_interface/lib/as2_realsense_interface/as2_realsense_interface_node
[33.361s] -- Set runtime path of "/home/ayush/challenge_multi_drone/install/as2_realsense_interface/lib/as2_realsense_interface/as2_realsense_interface_node" to ""
[33.362s] -- Installing: /home/ayush/challenge_multi_drone/install/as2_realsense_interface/lib/libas2_realsense_interface.a
[33.363s] -- Installing: /home/ayush/challenge_multi_drone/install/as2_realsense_interface/share/as2_realsense_interface/launch
[33.363s] -- Installing: /home/ayush/challenge_multi_drone/install/as2_realsense_interface/share/as2_realsense_interface/launch/as2_realsense_interface_t265_launch.py
[33.363s] -- Installing: /home/ayush/challenge_multi_drone/install/as2_realsense_interface/share/as2_realsense_interface/launch/as2_realsense_interface_launch.py
[33.364s] -- Installing: /home/ayush/challenge_multi_drone/install/as2_realsense_interface/share/as2_realsense_interface/config
[33.364s] -- Installing: /home/ayush/challenge_multi_drone/install/as2_realsense_interface/share/as2_realsense_interface/config/tf_device
[33.364s] -- Installing: /home/ayush/challenge_multi_drone/install/as2_realsense_interface/share/as2_realsense_interface/config/tf_device/d435i.yaml
[33.365s] -- Installing: /home/ayush/challenge_multi_drone/install/as2_realsense_interface/share/as2_realsense_interface/config/tf_device/t265.yaml
[33.365s] -- Installing: /home/ayush/challenge_multi_drone/install/as2_realsense_interface/share/as2_realsense_interface/config/realsense_interface
[33.365s] -- Installing: /home/ayush/challenge_multi_drone/install/as2_realsense_interface/share/as2_realsense_interface/config/realsense_interface/t265
[33.365s] -- Installing: /home/ayush/challenge_multi_drone/install/as2_realsense_interface/share/as2_realsense_interface/config/realsense_interface/t265/tf_sensors.yaml
[33.365s] -- Installing: /home/ayush/challenge_multi_drone/install/as2_realsense_interface/share/as2_realsense_interface/config/realsense_interface/t265/params.yaml
[33.366s] -- Installing: /home/ayush/challenge_multi_drone/install/as2_realsense_interface/share/as2_realsense_interface/config/realsense_interface/d435i
[33.366s] -- Installing: /home/ayush/challenge_multi_drone/install/as2_realsense_interface/share/as2_realsense_interface/config/realsense_interface/d435i/tf_sensors.yaml
[33.366s] -- Installing: /home/ayush/challenge_multi_drone/install/as2_realsense_interface/share/as2_realsense_interface/config/realsense_interface/d435i/params.yaml
[33.366s] -- Installing: /home/ayush/challenge_multi_drone/install/as2_realsense_interface/share/ament_index/resource_index/package_run_dependencies/as2_realsense_interface
[33.367s] -- Installing: /home/ayush/challenge_multi_drone/install/as2_realsense_interface/share/ament_index/resource_index/parent_prefix_path/as2_realsense_interface
[33.367s] -- Installing: /home/ayush/challenge_multi_drone/install/as2_realsense_interface/share/as2_realsense_interface/environment/ament_prefix_path.sh
[33.367s] -- Installing: /home/ayush/challenge_multi_drone/install/as2_realsense_interface/share/as2_realsense_interface/environment/ament_prefix_path.dsv
[33.368s] -- Installing: /home/ayush/challenge_multi_drone/install/as2_realsense_interface/share/as2_realsense_interface/environment/path.sh
[33.368s] -- Installing: /home/ayush/challenge_multi_drone/install/as2_realsense_interface/share/as2_realsense_interface/environment/path.dsv
[33.368s] -- Installing: /home/ayush/challenge_multi_drone/install/as2_realsense_interface/share/as2_realsense_interface/local_setup.bash
[33.368s] -- Installing: /home/ayush/challenge_multi_drone/install/as2_realsense_interface/share/as2_realsense_interface/local_setup.sh
[33.369s] -- Installing: /home/ayush/challenge_multi_drone/install/as2_realsense_interface/share/as2_realsense_interface/local_setup.zsh
[33.369s] -- Installing: /home/ayush/challenge_multi_drone/install/as2_realsense_interface/share/as2_realsense_interface/local_setup.dsv
[33.369s] -- Installing: /home/ayush/challenge_multi_drone/install/as2_realsense_interface/share/as2_realsense_interface/package.dsv
[33.370s] -- Installing: /home/ayush/challenge_multi_drone/install/as2_realsense_interface/share/ament_index/resource_index/packages/as2_realsense_interface
[33.370s] -- Installing: /home/ayush/challenge_multi_drone/install/as2_realsense_interface/share/as2_realsense_interface/cmake/as2_realsense_interfaceConfig.cmake
[33.370s] -- Installing: /home/ayush/challenge_multi_drone/install/as2_realsense_interface/share/as2_realsense_interface/cmake/as2_realsense_interfaceConfig-version.cmake
[33.371s] -- Installing: /home/ayush/challenge_multi_drone/install/as2_realsense_interface/share/as2_realsense_interface/package.xml
[33.376s] Invoked command in '/home/ayush/challenge_multi_drone/build/as2_realsense_interface' returned '0': AMENT_PREFIX_PATH=/home/ayush/challenge_multi_drone/install/as2_core:/home/ayush/challenge_multi_drone/install/as2_msgs:${AMENT_PREFIX_PATH} CMAKE_PREFIX_PATH=/home/ayush/challenge_multi_drone/install/as2_core:/home/ayush/challenge_multi_drone/install/as2_msgs:/home/ayush/project_gazebo_ws/install/aerostack2:/home/ayush/project_gazebo_ws/install/as2_usb_camera_interface:/home/ayush/project_gazebo_ws/install/as2_state_estimator:/home/ayush/project_gazebo_ws/install/as2_rviz_plugins:/home/ayush/project_gazebo_ws/install/as2_realsense_interface:/home/ayush/project_gazebo_ws/install/as2_platform_multirotor_simulator:/home/ayush/project_gazebo_ws/install/as2_platform_gazebo:/home/ayush/project_gazebo_ws/install/as2_motion_controller:/home/ayush/project_gazebo_ws/install/as2_behaviors_trajectory_generation:/home/ayush/project_gazebo_ws/install/as2_behaviors_motion:/home/ayush/project_gazebo_ws/install/as2_motion_reference_handlers:/home/ayush/project_gazebo_ws/install/as2_map_server:/home/ayush/project_gazebo_ws/install/as2_geozones:/home/ayush/project_gazebo_ws/install/as2_gazebo_assets:/home/ayush/project_gazebo_ws/install/as2_external_object_to_tf:/home/ayush/project_gazebo_ws/install/as2_behaviors_platform:/home/ayush/project_gazebo_ws/install/as2_behaviors_perception:/home/ayush/project_gazebo_ws/install/as2_behaviors_path_planning:/home/ayush/project_gazebo_ws/install/as2_behavior_tree:/home/ayush/project_gazebo_ws/install/as2_behavior:/home/ayush/project_gazebo_ws/install/as2_alphanumeric_viewer:/home/ayush/project_gazebo_ws/install/as2_core:/home/ayush/project_gazebo_ws/install/as2_msgs:/home/ayush/project_gazebo_ws/install/as2_cli:/home/ayush/project_gazebo_ws/install/as2_visualization:/home/ayush/project_gazebo_ws/install/as2_keyboard_teleoperation:/home/ayush/project_gazebo_ws/install/as2_python_api:/opt/ros/humble LD_LIBRARY_PATH=/home/ayush/challenge_multi_drone/install/as2_core/lib:/home/ayush/challenge_multi_drone/install/as2_msgs/lib:${LD_LIBRARY_PATH} PYTHONPATH=/home/ayush/challenge_multi_drone/install/as2_core/local/lib/python3.10/dist-packages:/home/ayush/challenge_multi_drone/install/as2_msgs/local/lib/python3.10/dist-packages:${PYTHONPATH} /usr/bin/cmake --install /home/ayush/challenge_multi_drone/build/as2_realsense_interface
