/home/ayush/challenge_multi_drone/install/as2_keyboard_teleoperation/lib/python3.10/site-packages/as2_keyboard_teleoperation/config_values.py
/home/ayush/challenge_multi_drone/install/as2_keyboard_teleoperation/lib/python3.10/site-packages/as2_keyboard_teleoperation/main_window.py
/home/ayush/challenge_multi_drone/install/as2_keyboard_teleoperation/lib/python3.10/site-packages/as2_keyboard_teleoperation/drone_manager.py
/home/ayush/challenge_multi_drone/install/as2_keyboard_teleoperation/lib/python3.10/site-packages/as2_keyboard_teleoperation/keyboard_teleoperation.py
/home/ayush/challenge_multi_drone/install/as2_keyboard_teleoperation/lib/python3.10/site-packages/as2_keyboard_teleoperation/__init__.py
/home/ayush/challenge_multi_drone/install/as2_keyboard_teleoperation/lib/python3.10/site-packages/as2_keyboard_teleoperation/localization_window.py
/home/ayush/challenge_multi_drone/install/as2_keyboard_teleoperation/lib/python3.10/site-packages/as2_keyboard_teleoperation/settings_window.py
/home/ayush/challenge_multi_drone/install/as2_keyboard_teleoperation/lib/python3.10/site-packages/as2_keyboard_teleoperation/__pycache__/config_values.cpython-310.pyc
/home/ayush/challenge_multi_drone/install/as2_keyboard_teleoperation/lib/python3.10/site-packages/as2_keyboard_teleoperation/__pycache__/main_window.cpython-310.pyc
/home/ayush/challenge_multi_drone/install/as2_keyboard_teleoperation/lib/python3.10/site-packages/as2_keyboard_teleoperation/__pycache__/drone_manager.cpython-310.pyc
/home/ayush/challenge_multi_drone/install/as2_keyboard_teleoperation/lib/python3.10/site-packages/as2_keyboard_teleoperation/__pycache__/keyboard_teleoperation.cpython-310.pyc
/home/ayush/challenge_multi_drone/install/as2_keyboard_teleoperation/lib/python3.10/site-packages/as2_keyboard_teleoperation/__pycache__/__init__.cpython-310.pyc
/home/ayush/challenge_multi_drone/install/as2_keyboard_teleoperation/lib/python3.10/site-packages/as2_keyboard_teleoperation/__pycache__/localization_window.cpython-310.pyc
/home/ayush/challenge_multi_drone/install/as2_keyboard_teleoperation/lib/python3.10/site-packages/as2_keyboard_teleoperation/__pycache__/settings_window.cpython-310.pyc
/home/ayush/challenge_multi_drone/install/as2_keyboard_teleoperation/share/ament_index/resource_index/packages/as2_keyboard_teleoperation
/home/ayush/challenge_multi_drone/install/as2_keyboard_teleoperation/share/as2_keyboard_teleoperation/package.xml
/home/ayush/challenge_multi_drone/install/as2_keyboard_teleoperation/share/as2_keyboard_teleoperation/launch/as2_keyboard_teleoperation_launch.py
/home/ayush/challenge_multi_drone/install/as2_keyboard_teleoperation/share/as2_keyboard_teleoperation/keyboard_teleoperation.py
/home/ayush/challenge_multi_drone/install/as2_keyboard_teleoperation/share/as2_keyboard_teleoperation/drone_manager.py
/home/ayush/challenge_multi_drone/install/as2_keyboard_teleoperation/share/as2_keyboard_teleoperation/main_window.py
/home/ayush/challenge_multi_drone/install/as2_keyboard_teleoperation/share/as2_keyboard_teleoperation/settings_window.py
/home/ayush/challenge_multi_drone/install/as2_keyboard_teleoperation/share/as2_keyboard_teleoperation/localization_window.py
/home/ayush/challenge_multi_drone/install/as2_keyboard_teleoperation/share/as2_keyboard_teleoperation/config_values.py
/home/ayush/challenge_multi_drone/install/as2_keyboard_teleoperation/share/as2_keyboard_teleoperation/config/teleop_values_config.yaml
/home/ayush/challenge_multi_drone/install/as2_keyboard_teleoperation/lib/python3.10/site-packages/as2_keyboard_teleoperation-1.1.2-py3.10.egg-info/zip-safe
/home/ayush/challenge_multi_drone/install/as2_keyboard_teleoperation/lib/python3.10/site-packages/as2_keyboard_teleoperation-1.1.2-py3.10.egg-info/requires.txt
/home/ayush/challenge_multi_drone/install/as2_keyboard_teleoperation/lib/python3.10/site-packages/as2_keyboard_teleoperation-1.1.2-py3.10.egg-info/dependency_links.txt
/home/ayush/challenge_multi_drone/install/as2_keyboard_teleoperation/lib/python3.10/site-packages/as2_keyboard_teleoperation-1.1.2-py3.10.egg-info/SOURCES.txt
/home/ayush/challenge_multi_drone/install/as2_keyboard_teleoperation/lib/python3.10/site-packages/as2_keyboard_teleoperation-1.1.2-py3.10.egg-info/PKG-INFO
/home/ayush/challenge_multi_drone/install/as2_keyboard_teleoperation/lib/python3.10/site-packages/as2_keyboard_teleoperation-1.1.2-py3.10.egg-info/top_level.txt
