[35m[1mConsolidate compiler generated dependencies of target led_ring_visualizer[0m
[100%] Built target led_ring_visualizer
-- Install configuration: ""
-- Up-to-date: /home/ayush/challenge_multi_drone/install/led_ring_visualizer/lib/led_ring_visualizer/led_ring_visualizer
-- Up-to-date: /home/ayush/challenge_multi_drone/install/led_ring_visualizer/share/led_ring_visualizer//launch
-- Up-to-date: /home/ayush/challenge_multi_drone/install/led_ring_visualizer/share/led_ring_visualizer//launch/led_ring_viz.launch.py
-- Up-to-date: /home/ayush/challenge_multi_drone/install/led_ring_visualizer/share/ament_index/resource_index/package_run_dependencies/led_ring_visualizer
-- Up-to-date: /home/ayush/challenge_multi_drone/install/led_ring_visualizer/share/ament_index/resource_index/parent_prefix_path/led_ring_visualizer
-- Up-to-date: /home/ayush/challenge_multi_drone/install/led_ring_visualizer/share/led_ring_visualizer/environment/ament_prefix_path.sh
-- Up-to-date: /home/ayush/challenge_multi_drone/install/led_ring_visualizer/share/led_ring_visualizer/environment/ament_prefix_path.dsv
-- Up-to-date: /home/ayush/challenge_multi_drone/install/led_ring_visualizer/share/led_ring_visualizer/environment/path.sh
-- Up-to-date: /home/ayush/challenge_multi_drone/install/led_ring_visualizer/share/led_ring_visualizer/environment/path.dsv
-- Up-to-date: /home/ayush/challenge_multi_drone/install/led_ring_visualizer/share/led_ring_visualizer/local_setup.bash
-- Up-to-date: /home/ayush/challenge_multi_drone/install/led_ring_visualizer/share/led_ring_visualizer/local_setup.sh
-- Up-to-date: /home/ayush/challenge_multi_drone/install/led_ring_visualizer/share/led_ring_visualizer/local_setup.zsh
-- Up-to-date: /home/ayush/challenge_multi_drone/install/led_ring_visualizer/share/led_ring_visualizer/local_setup.dsv
-- Installing: /home/ayush/challenge_multi_drone/install/led_ring_visualizer/share/led_ring_visualizer/package.dsv
-- Up-to-date: /home/ayush/challenge_multi_drone/install/led_ring_visualizer/share/ament_index/resource_index/packages/led_ring_visualizer
-- Up-to-date: /home/ayush/challenge_multi_drone/install/led_ring_visualizer/share/led_ring_visualizer/cmake/led_ring_visualizerConfig.cmake
-- Up-to-date: /home/ayush/challenge_multi_drone/install/led_ring_visualizer/share/led_ring_visualizer/cmake/led_ring_visualizerConfig-version.cmake
-- Up-to-date: /home/ayush/challenge_multi_drone/install/led_ring_visualizer/share/led_ring_visualizer/package.xml
