[0.013s] Invoking command in '/home/ayush/challenge_multi_drone/build/as2_gazebo_assets': AMENT_PREFIX_PATH=/home/ayush/challenge_multi_drone/install/as2_core:/home/ayush/challenge_multi_drone/install/as2_msgs:${AMENT_PREFIX_PATH} CMAKE_PREFIX_PATH=/home/ayush/challenge_multi_drone/install/as2_core:/home/ayush/challenge_multi_drone/install/as2_msgs:/home/ayush/project_gazebo_ws/install/aerostack2:/home/ayush/project_gazebo_ws/install/as2_usb_camera_interface:/home/ayush/project_gazebo_ws/install/as2_state_estimator:/home/ayush/project_gazebo_ws/install/as2_rviz_plugins:/home/ayush/project_gazebo_ws/install/as2_realsense_interface:/home/ayush/project_gazebo_ws/install/as2_platform_multirotor_simulator:/home/ayush/project_gazebo_ws/install/as2_platform_gazebo:/home/ayush/project_gazebo_ws/install/as2_motion_controller:/home/ayush/project_gazebo_ws/install/as2_behaviors_trajectory_generation:/home/ayush/project_gazebo_ws/install/as2_behaviors_motion:/home/ayush/project_gazebo_ws/install/as2_motion_reference_handlers:/home/ayush/project_gazebo_ws/install/as2_map_server:/home/ayush/project_gazebo_ws/install/as2_geozones:/home/ayush/project_gazebo_ws/install/as2_gazebo_assets:/home/ayush/project_gazebo_ws/install/as2_external_object_to_tf:/home/ayush/project_gazebo_ws/install/as2_behaviors_platform:/home/ayush/project_gazebo_ws/install/as2_behaviors_perception:/home/ayush/project_gazebo_ws/install/as2_behaviors_path_planning:/home/ayush/project_gazebo_ws/install/as2_behavior_tree:/home/ayush/project_gazebo_ws/install/as2_behavior:/home/ayush/project_gazebo_ws/install/as2_alphanumeric_viewer:/home/ayush/project_gazebo_ws/install/as2_core:/home/ayush/project_gazebo_ws/install/as2_msgs:/home/ayush/project_gazebo_ws/install/as2_cli:/home/ayush/project_gazebo_ws/install/as2_visualization:/home/ayush/project_gazebo_ws/install/as2_keyboard_teleoperation:/home/ayush/project_gazebo_ws/install/as2_python_api:/opt/ros/humble LD_LIBRARY_PATH=/home/ayush/challenge_multi_drone/install/as2_core/lib:/home/ayush/challenge_multi_drone/install/as2_msgs/lib:${LD_LIBRARY_PATH} PYTHONPATH=/home/ayush/challenge_multi_drone/install/as2_core/local/lib/python3.10/dist-packages:/home/ayush/challenge_multi_drone/install/as2_msgs/local/lib/python3.10/dist-packages:${PYTHONPATH} /usr/bin/cmake --build /home/ayush/challenge_multi_drone/build/as2_gazebo_assets -- -j12 -l12
[0.062s] [35m[1mConsolidate compiler generated dependencies of target gimbal_bridge[0m
[0.062s] [35m[1mConsolidate compiler generated dependencies of target MulticopterINDIControl[0m
[0.068s] [35m[1mConsolidate compiler generated dependencies of target gps_bridge[0m
[0.068s] [35m[1mConsolidate compiler generated dependencies of target acro_bridge[0m
[0.069s] [35m[1mConsolidate compiler generated dependencies of target azimuth_bridge[0m
[0.069s] [35m[1mConsolidate compiler generated dependencies of target object_tf_broadcaster[0m
[0.069s] [35m[1mConsolidate compiler generated dependencies of target ground_truth_bridge[0m
[0.069s] [35m[1mConsolidate compiler generated dependencies of target set_entity_pose_bridge[0m
[0.084s] [  0%] Built target ament_cmake_python_copy_as2_gazebo_assets
[0.092s] [ 20%] Built target ground_truth_bridge
[0.092s] [ 25%] Built target MulticopterINDIControl
[0.094s] [ 37%] Built target azimuth_bridge
[0.094s] [ 75%] Built target gimbal_bridge
[0.094s] [ 75%] Built target object_tf_broadcaster
[0.094s] [ 87%] Built target acro_bridge
[0.094s] [ 87%] Built target gps_bridge
[0.096s] [100%] Built target set_entity_pose_bridge
[0.253s] running egg_info
[0.254s] writing as2_gazebo_assets.egg-info/PKG-INFO
[0.254s] writing dependency_links to as2_gazebo_assets.egg-info/dependency_links.txt
[0.254s] writing top-level names to as2_gazebo_assets.egg-info/top_level.txt
[0.255s] reading manifest file 'as2_gazebo_assets.egg-info/SOURCES.txt'
[0.256s] writing manifest file 'as2_gazebo_assets.egg-info/SOURCES.txt'
[0.277s] [100%] Built target ament_cmake_python_build_as2_gazebo_assets_egg
[0.287s] Invoked command in '/home/ayush/challenge_multi_drone/build/as2_gazebo_assets' returned '0': AMENT_PREFIX_PATH=/home/ayush/challenge_multi_drone/install/as2_core:/home/ayush/challenge_multi_drone/install/as2_msgs:${AMENT_PREFIX_PATH} CMAKE_PREFIX_PATH=/home/ayush/challenge_multi_drone/install/as2_core:/home/ayush/challenge_multi_drone/install/as2_msgs:/home/ayush/project_gazebo_ws/install/aerostack2:/home/ayush/project_gazebo_ws/install/as2_usb_camera_interface:/home/ayush/project_gazebo_ws/install/as2_state_estimator:/home/ayush/project_gazebo_ws/install/as2_rviz_plugins:/home/ayush/project_gazebo_ws/install/as2_realsense_interface:/home/ayush/project_gazebo_ws/install/as2_platform_multirotor_simulator:/home/ayush/project_gazebo_ws/install/as2_platform_gazebo:/home/ayush/project_gazebo_ws/install/as2_motion_controller:/home/ayush/project_gazebo_ws/install/as2_behaviors_trajectory_generation:/home/ayush/project_gazebo_ws/install/as2_behaviors_motion:/home/ayush/project_gazebo_ws/install/as2_motion_reference_handlers:/home/ayush/project_gazebo_ws/install/as2_map_server:/home/ayush/project_gazebo_ws/install/as2_geozones:/home/ayush/project_gazebo_ws/install/as2_gazebo_assets:/home/ayush/project_gazebo_ws/install/as2_external_object_to_tf:/home/ayush/project_gazebo_ws/install/as2_behaviors_platform:/home/ayush/project_gazebo_ws/install/as2_behaviors_perception:/home/ayush/project_gazebo_ws/install/as2_behaviors_path_planning:/home/ayush/project_gazebo_ws/install/as2_behavior_tree:/home/ayush/project_gazebo_ws/install/as2_behavior:/home/ayush/project_gazebo_ws/install/as2_alphanumeric_viewer:/home/ayush/project_gazebo_ws/install/as2_core:/home/ayush/project_gazebo_ws/install/as2_msgs:/home/ayush/project_gazebo_ws/install/as2_cli:/home/ayush/project_gazebo_ws/install/as2_visualization:/home/ayush/project_gazebo_ws/install/as2_keyboard_teleoperation:/home/ayush/project_gazebo_ws/install/as2_python_api:/opt/ros/humble LD_LIBRARY_PATH=/home/ayush/challenge_multi_drone/install/as2_core/lib:/home/ayush/challenge_multi_drone/install/as2_msgs/lib:${LD_LIBRARY_PATH} PYTHONPATH=/home/ayush/challenge_multi_drone/install/as2_core/local/lib/python3.10/dist-packages:/home/ayush/challenge_multi_drone/install/as2_msgs/local/lib/python3.10/dist-packages:${PYTHONPATH} /usr/bin/cmake --build /home/ayush/challenge_multi_drone/build/as2_gazebo_assets -- -j12 -l12
[0.289s] Invoking command in '/home/ayush/challenge_multi_drone/build/as2_gazebo_assets': AMENT_PREFIX_PATH=/home/ayush/challenge_multi_drone/install/as2_core:/home/ayush/challenge_multi_drone/install/as2_msgs:${AMENT_PREFIX_PATH} CMAKE_PREFIX_PATH=/home/ayush/challenge_multi_drone/install/as2_core:/home/ayush/challenge_multi_drone/install/as2_msgs:/home/ayush/project_gazebo_ws/install/aerostack2:/home/ayush/project_gazebo_ws/install/as2_usb_camera_interface:/home/ayush/project_gazebo_ws/install/as2_state_estimator:/home/ayush/project_gazebo_ws/install/as2_rviz_plugins:/home/ayush/project_gazebo_ws/install/as2_realsense_interface:/home/ayush/project_gazebo_ws/install/as2_platform_multirotor_simulator:/home/ayush/project_gazebo_ws/install/as2_platform_gazebo:/home/ayush/project_gazebo_ws/install/as2_motion_controller:/home/ayush/project_gazebo_ws/install/as2_behaviors_trajectory_generation:/home/ayush/project_gazebo_ws/install/as2_behaviors_motion:/home/ayush/project_gazebo_ws/install/as2_motion_reference_handlers:/home/ayush/project_gazebo_ws/install/as2_map_server:/home/ayush/project_gazebo_ws/install/as2_geozones:/home/ayush/project_gazebo_ws/install/as2_gazebo_assets:/home/ayush/project_gazebo_ws/install/as2_external_object_to_tf:/home/ayush/project_gazebo_ws/install/as2_behaviors_platform:/home/ayush/project_gazebo_ws/install/as2_behaviors_perception:/home/ayush/project_gazebo_ws/install/as2_behaviors_path_planning:/home/ayush/project_gazebo_ws/install/as2_behavior_tree:/home/ayush/project_gazebo_ws/install/as2_behavior:/home/ayush/project_gazebo_ws/install/as2_alphanumeric_viewer:/home/ayush/project_gazebo_ws/install/as2_core:/home/ayush/project_gazebo_ws/install/as2_msgs:/home/ayush/project_gazebo_ws/install/as2_cli:/home/ayush/project_gazebo_ws/install/as2_visualization:/home/ayush/project_gazebo_ws/install/as2_keyboard_teleoperation:/home/ayush/project_gazebo_ws/install/as2_python_api:/opt/ros/humble LD_LIBRARY_PATH=/home/ayush/challenge_multi_drone/install/as2_core/lib:/home/ayush/challenge_multi_drone/install/as2_msgs/lib:${LD_LIBRARY_PATH} PYTHONPATH=/home/ayush/challenge_multi_drone/install/as2_core/local/lib/python3.10/dist-packages:/home/ayush/challenge_multi_drone/install/as2_msgs/local/lib/python3.10/dist-packages:${PYTHONPATH} /usr/bin/cmake --install /home/ayush/challenge_multi_drone/build/as2_gazebo_assets
[0.297s] -- Install configuration: ""
[0.297s] -- Up-to-date: /home/ayush/challenge_multi_drone/install/as2_gazebo_assets/share/as2_gazebo_assets/environment/resource_paths.dsv
[0.297s] -- Up-to-date: /home/ayush/challenge_multi_drone/install/as2_gazebo_assets/share/as2_gazebo_assets/environment/resource_paths.sh
[0.298s] -- Up-to-date: /home/ayush/challenge_multi_drone/install/as2_gazebo_assets/lib/as2_gazebo_assets/azimuth_bridge
[0.298s] -- Up-to-date: /home/ayush/challenge_multi_drone/install/as2_gazebo_assets/lib/as2_gazebo_assets/gps_bridge
[0.299s] -- Up-to-date: /home/ayush/challenge_multi_drone/install/as2_gazebo_assets/lib/as2_gazebo_assets/ground_truth_bridge
[0.300s] -- Up-to-date: /home/ayush/challenge_multi_drone/install/as2_gazebo_assets/lib/as2_gazebo_assets/object_tf_broadcaster
[0.300s] -- Up-to-date: /home/ayush/challenge_multi_drone/install/as2_gazebo_assets/lib/as2_gazebo_assets/gimbal_bridge
[0.301s] -- Up-to-date: /home/ayush/challenge_multi_drone/install/as2_gazebo_assets/lib/as2_gazebo_assets/acro_bridge
[0.301s] -- Up-to-date: /home/ayush/challenge_multi_drone/install/as2_gazebo_assets/lib/as2_gazebo_assets/set_entity_pose_bridge
[0.301s] -- Up-to-date: /home/ayush/challenge_multi_drone/install/as2_gazebo_assets/lib/libMulticopterINDIControl.so
[0.301s] -- Up-to-date: /home/ayush/challenge_multi_drone/install/as2_gazebo_assets/share/as2_gazebo_assets/environment/pythonpath.sh
[0.302s] -- Up-to-date: /home/ayush/challenge_multi_drone/install/as2_gazebo_assets/share/as2_gazebo_assets/environment/pythonpath.dsv
[0.302s] -- Up-to-date: /home/ayush/challenge_multi_drone/install/as2_gazebo_assets/local/lib/python3.10/dist-packages/as2_gazebo_assets-1.1.2-py3.10.egg-info
[0.302s] -- Installing: /home/ayush/challenge_multi_drone/install/as2_gazebo_assets/local/lib/python3.10/dist-packages/as2_gazebo_assets-1.1.2-py3.10.egg-info/dependency_links.txt
[0.302s] -- Installing: /home/ayush/challenge_multi_drone/install/as2_gazebo_assets/local/lib/python3.10/dist-packages/as2_gazebo_assets-1.1.2-py3.10.egg-info/SOURCES.txt
[0.302s] -- Installing: /home/ayush/challenge_multi_drone/install/as2_gazebo_assets/local/lib/python3.10/dist-packages/as2_gazebo_assets-1.1.2-py3.10.egg-info/PKG-INFO
[0.302s] -- Installing: /home/ayush/challenge_multi_drone/install/as2_gazebo_assets/local/lib/python3.10/dist-packages/as2_gazebo_assets-1.1.2-py3.10.egg-info/top_level.txt
[0.302s] -- Up-to-date: /home/ayush/challenge_multi_drone/install/as2_gazebo_assets/local/lib/python3.10/dist-packages/as2_gazebo_assets
[0.302s] -- Up-to-date: /home/ayush/challenge_multi_drone/install/as2_gazebo_assets/local/lib/python3.10/dist-packages/as2_gazebo_assets/tests
[0.302s] -- Up-to-date: /home/ayush/challenge_multi_drone/install/as2_gazebo_assets/local/lib/python3.10/dist-packages/as2_gazebo_assets/tests/test_models.py
[0.302s] -- Up-to-date: /home/ayush/challenge_multi_drone/install/as2_gazebo_assets/local/lib/python3.10/dist-packages/as2_gazebo_assets/utils
[0.303s] -- Up-to-date: /home/ayush/challenge_multi_drone/install/as2_gazebo_assets/local/lib/python3.10/dist-packages/as2_gazebo_assets/utils/launch_exception.py
[0.303s] -- Up-to-date: /home/ayush/challenge_multi_drone/install/as2_gazebo_assets/local/lib/python3.10/dist-packages/as2_gazebo_assets/__init__.py
[0.303s] -- Up-to-date: /home/ayush/challenge_multi_drone/install/as2_gazebo_assets/local/lib/python3.10/dist-packages/as2_gazebo_assets/bridges
[0.303s] -- Up-to-date: /home/ayush/challenge_multi_drone/install/as2_gazebo_assets/local/lib/python3.10/dist-packages/as2_gazebo_assets/bridges/custom_bridges.py
[0.303s] -- Up-to-date: /home/ayush/challenge_multi_drone/install/as2_gazebo_assets/local/lib/python3.10/dist-packages/as2_gazebo_assets/bridges/bridge.py
[0.303s] -- Up-to-date: /home/ayush/challenge_multi_drone/install/as2_gazebo_assets/local/lib/python3.10/dist-packages/as2_gazebo_assets/bridges/bridges.py
[0.303s] -- Up-to-date: /home/ayush/challenge_multi_drone/install/as2_gazebo_assets/local/lib/python3.10/dist-packages/as2_gazebo_assets/bridges/__init__.py
[0.303s] -- Up-to-date: /home/ayush/challenge_multi_drone/install/as2_gazebo_assets/local/lib/python3.10/dist-packages/as2_gazebo_assets/models
[0.303s] -- Up-to-date: /home/ayush/challenge_multi_drone/install/as2_gazebo_assets/local/lib/python3.10/dist-packages/as2_gazebo_assets/models/object.py
[0.303s] -- Up-to-date: /home/ayush/challenge_multi_drone/install/as2_gazebo_assets/local/lib/python3.10/dist-packages/as2_gazebo_assets/models/entity.py
[0.303s] -- Up-to-date: /home/ayush/challenge_multi_drone/install/as2_gazebo_assets/local/lib/python3.10/dist-packages/as2_gazebo_assets/models/drone.py
[0.303s] -- Up-to-date: /home/ayush/challenge_multi_drone/install/as2_gazebo_assets/local/lib/python3.10/dist-packages/as2_gazebo_assets/models/__init__.py
[0.303s] -- Up-to-date: /home/ayush/challenge_multi_drone/install/as2_gazebo_assets/local/lib/python3.10/dist-packages/as2_gazebo_assets/models/payload.py
[0.303s] -- Up-to-date: /home/ayush/challenge_multi_drone/install/as2_gazebo_assets/local/lib/python3.10/dist-packages/as2_gazebo_assets/world.py
[0.328s] Listing '/home/ayush/challenge_multi_drone/install/as2_gazebo_assets/local/lib/python3.10/dist-packages/as2_gazebo_assets'...
[0.328s] Listing '/home/ayush/challenge_multi_drone/install/as2_gazebo_assets/local/lib/python3.10/dist-packages/as2_gazebo_assets/bridges'...
[0.328s] Listing '/home/ayush/challenge_multi_drone/install/as2_gazebo_assets/local/lib/python3.10/dist-packages/as2_gazebo_assets/models'...
[0.328s] Listing '/home/ayush/challenge_multi_drone/install/as2_gazebo_assets/local/lib/python3.10/dist-packages/as2_gazebo_assets/tests'...
[0.328s] Listing '/home/ayush/challenge_multi_drone/install/as2_gazebo_assets/local/lib/python3.10/dist-packages/as2_gazebo_assets/utils'...
[0.331s] -- Up-to-date: /home/ayush/challenge_multi_drone/install/as2_gazebo_assets/include
[0.331s] -- Up-to-date: /home/ayush/challenge_multi_drone/install/as2_gazebo_assets/include/as2_gazebo_assets
[0.331s] -- Up-to-date: /home/ayush/challenge_multi_drone/install/as2_gazebo_assets/include/as2_gazebo_assets/gps_bridge.hpp
[0.331s] -- Up-to-date: /home/ayush/challenge_multi_drone/install/as2_gazebo_assets/include/as2_gazebo_assets/gimbal_bridge.hpp
[0.331s] -- Up-to-date: /home/ayush/challenge_multi_drone/install/as2_gazebo_assets/include/as2_gazebo_assets/object_tf_broadcaster.hpp
[0.331s] -- Up-to-date: /home/ayush/challenge_multi_drone/install/as2_gazebo_assets/include/as2_gazebo_assets/azimuth_bridge.hpp
[0.331s] -- Up-to-date: /home/ayush/challenge_multi_drone/install/as2_gazebo_assets/include/as2_gazebo_assets/set_entity_pose_bridge.hpp
[0.331s] -- Up-to-date: /home/ayush/challenge_multi_drone/install/as2_gazebo_assets/include/as2_gazebo_assets/acro_bridge.hpp
[0.331s] -- Up-to-date: /home/ayush/challenge_multi_drone/install/as2_gazebo_assets/include/as2_gazebo_assets/ground_truth_bridge.hpp
[0.331s] -- Up-to-date: /home/ayush/challenge_multi_drone/install/as2_gazebo_assets/share/as2_gazebo_assets/launch
[0.331s] -- Up-to-date: /home/ayush/challenge_multi_drone/install/as2_gazebo_assets/share/as2_gazebo_assets/launch/launch_simulation.py
[0.331s] -- Up-to-date: /home/ayush/challenge_multi_drone/install/as2_gazebo_assets/share/as2_gazebo_assets/launch/drone_bridges.py
[0.331s] -- Up-to-date: /home/ayush/challenge_multi_drone/install/as2_gazebo_assets/share/as2_gazebo_assets/launch/monitor_sim.py
[0.331s] -- Up-to-date: /home/ayush/challenge_multi_drone/install/as2_gazebo_assets/share/as2_gazebo_assets/launch/world_bridges.py
[0.331s] -- Up-to-date: /home/ayush/challenge_multi_drone/install/as2_gazebo_assets/share/as2_gazebo_assets/launch/object_bridges.py
[0.332s] -- Up-to-date: /home/ayush/challenge_multi_drone/install/as2_gazebo_assets/share/as2_gazebo_assets/worlds
[0.332s] -- Up-to-date: /home/ayush/challenge_multi_drone/install/as2_gazebo_assets/share/as2_gazebo_assets/worlds/grass.sdf.jinja
[0.332s] -- Up-to-date: /home/ayush/challenge_multi_drone/install/as2_gazebo_assets/share/as2_gazebo_assets/worlds/test_gripper.sdf
[0.332s] -- Up-to-date: /home/ayush/challenge_multi_drone/install/as2_gazebo_assets/share/as2_gazebo_assets/worlds/empty.sdf.jinja
[0.332s] -- Up-to-date: /home/ayush/challenge_multi_drone/install/as2_gazebo_assets/share/as2_gazebo_assets/models
[0.332s] -- Up-to-date: /home/ayush/challenge_multi_drone/install/as2_gazebo_assets/share/as2_gazebo_assets/models/gimbal
[0.332s] -- Up-to-date: /home/ayush/challenge_multi_drone/install/as2_gazebo_assets/share/as2_gazebo_assets/models/gimbal/position_gimbal.sdf.jinja
[0.332s] -- Up-to-date: /home/ayush/challenge_multi_drone/install/as2_gazebo_assets/share/as2_gazebo_assets/models/gimbal/speed_gimbal.sdf.jinja
[0.332s] -- Up-to-date: /home/ayush/challenge_multi_drone/install/as2_gazebo_assets/share/as2_gazebo_assets/models/gimbal/position_gimbal.sdf
[0.332s] -- Up-to-date: /home/ayush/challenge_multi_drone/install/as2_gazebo_assets/share/as2_gazebo_assets/models/gimbal/model.config
[0.332s] -- Up-to-date: /home/ayush/challenge_multi_drone/install/as2_gazebo_assets/share/as2_gazebo_assets/models/aruco
[0.332s] -- Up-to-date: /home/ayush/challenge_multi_drone/install/as2_gazebo_assets/share/as2_gazebo_assets/models/aruco/materials
[0.332s] -- Up-to-date: /home/ayush/challenge_multi_drone/install/as2_gazebo_assets/share/as2_gazebo_assets/models/aruco/materials/scripts
[0.332s] -- Up-to-date: /home/ayush/challenge_multi_drone/install/as2_gazebo_assets/share/as2_gazebo_assets/models/aruco/materials/scripts/aruco.material
[0.332s] -- Up-to-date: /home/ayush/challenge_multi_drone/install/as2_gazebo_assets/share/as2_gazebo_assets/models/aruco/materials/textures
[0.332s] -- Up-to-date: /home/ayush/challenge_multi_drone/install/as2_gazebo_assets/share/as2_gazebo_assets/models/aruco/materials/textures/marker3.png
[0.332s] -- Up-to-date: /home/ayush/challenge_multi_drone/install/as2_gazebo_assets/share/as2_gazebo_assets/models/aruco/materials/textures/marker4.png
[0.332s] -- Up-to-date: /home/ayush/challenge_multi_drone/install/as2_gazebo_assets/share/as2_gazebo_assets/models/aruco/materials/textures/marker2.png
[0.332s] -- Up-to-date: /home/ayush/challenge_multi_drone/install/as2_gazebo_assets/share/as2_gazebo_assets/models/aruco/materials/textures/marker1.png
[0.332s] -- Up-to-date: /home/ayush/challenge_multi_drone/install/as2_gazebo_assets/share/as2_gazebo_assets/models/aruco/materials/textures/marker5.png
[0.333s] -- Up-to-date: /home/ayush/challenge_multi_drone/install/as2_gazebo_assets/share/as2_gazebo_assets/models/aruco/aruco.sdf
[0.333s] -- Up-to-date: /home/ayush/challenge_multi_drone/install/as2_gazebo_assets/share/as2_gazebo_assets/models/aruco/model.config
[0.333s] -- Up-to-date: /home/ayush/challenge_multi_drone/install/as2_gazebo_assets/share/as2_gazebo_assets/models/aruco/meshes
[0.333s] -- Up-to-date: /home/ayush/challenge_multi_drone/install/as2_gazebo_assets/share/as2_gazebo_assets/models/aruco/meshes/checkerboard_plane.dae
[0.333s] -- Up-to-date: /home/ayush/challenge_multi_drone/install/as2_gazebo_assets/share/as2_gazebo_assets/models/windmill
[0.333s] -- Up-to-date: /home/ayush/challenge_multi_drone/install/as2_gazebo_assets/share/as2_gazebo_assets/models/windmill/windmill.sdf
[0.333s] -- Up-to-date: /home/ayush/challenge_multi_drone/install/as2_gazebo_assets/share/as2_gazebo_assets/models/windmill/model.config
[0.333s] -- Up-to-date: /home/ayush/challenge_multi_drone/install/as2_gazebo_assets/share/as2_gazebo_assets/models/windmill/meshes
[0.333s] -- Up-to-date: /home/ayush/challenge_multi_drone/install/as2_gazebo_assets/share/as2_gazebo_assets/models/windmill/meshes/rotor.dae
[0.333s] -- Up-to-date: /home/ayush/challenge_multi_drone/install/as2_gazebo_assets/share/as2_gazebo_assets/models/windmill/meshes/tower.dae
[0.333s] -- Up-to-date: /home/ayush/challenge_multi_drone/install/as2_gazebo_assets/share/as2_gazebo_assets/models/windmill/meshes/blades.dae
[0.333s] -- Up-to-date: /home/ayush/challenge_multi_drone/install/as2_gazebo_assets/share/as2_gazebo_assets/models/windmill/meshes/Plastic010_1K_Displacement.jpg
[0.333s] -- Up-to-date: /home/ayush/challenge_multi_drone/install/as2_gazebo_assets/share/as2_gazebo_assets/models/air_pressure
[0.333s] -- Up-to-date: /home/ayush/challenge_multi_drone/install/as2_gazebo_assets/share/as2_gazebo_assets/models/air_pressure/air_pressure.sdf
[0.333s] -- Up-to-date: /home/ayush/challenge_multi_drone/install/as2_gazebo_assets/share/as2_gazebo_assets/models/air_pressure/model.config
[0.333s] -- Up-to-date: /home/ayush/challenge_multi_drone/install/as2_gazebo_assets/share/as2_gazebo_assets/models/hexrotor_base
[0.333s] -- Up-to-date: /home/ayush/challenge_multi_drone/install/as2_gazebo_assets/share/as2_gazebo_assets/models/hexrotor_base/materials
[0.333s] -- Up-to-date: /home/ayush/challenge_multi_drone/install/as2_gazebo_assets/share/as2_gazebo_assets/models/hexrotor_base/materials/textures
[0.333s] -- Up-to-date: /home/ayush/challenge_multi_drone/install/as2_gazebo_assets/share/as2_gazebo_assets/models/hexrotor_base/materials/textures/led.jpg
[0.333s] -- Up-to-date: /home/ayush/challenge_multi_drone/install/as2_gazebo_assets/share/as2_gazebo_assets/models/hexrotor_base/model.config
[0.333s] -- Up-to-date: /home/ayush/challenge_multi_drone/install/as2_gazebo_assets/share/as2_gazebo_assets/models/hexrotor_base/hexrotor_base.sdf
[0.333s] -- Up-to-date: /home/ayush/challenge_multi_drone/install/as2_gazebo_assets/share/as2_gazebo_assets/models/hexrotor_base/meshes
[0.333s] -- Up-to-date: /home/ayush/challenge_multi_drone/install/as2_gazebo_assets/share/as2_gazebo_assets/models/hexrotor_base/meshes/neo11_propeller_cw.dae
[0.333s] -- Up-to-date: /home/ayush/challenge_multi_drone/install/as2_gazebo_assets/share/as2_gazebo_assets/models/hexrotor_base/meshes/hexrotor.jpg
[0.334s] -- Up-to-date: /home/ayush/challenge_multi_drone/install/as2_gazebo_assets/share/as2_gazebo_assets/models/hexrotor_base/meshes/led.dae
[0.334s] -- Up-to-date: /home/ayush/challenge_multi_drone/install/as2_gazebo_assets/share/as2_gazebo_assets/models/hexrotor_base/meshes/hexrotor.dae
[0.334s] -- Up-to-date: /home/ayush/challenge_multi_drone/install/as2_gazebo_assets/share/as2_gazebo_assets/models/hexrotor_base/meshes/led_lamp.dae
[0.334s] -- Up-to-date: /home/ayush/challenge_multi_drone/install/as2_gazebo_assets/share/as2_gazebo_assets/models/hexrotor_base/meshes/neo11_propeller_ccw.dae
[0.334s] -- Up-to-date: /home/ayush/challenge_multi_drone/install/as2_gazebo_assets/share/as2_gazebo_assets/models/hexrotor_base/hexrotor_base.sdf.jinja
[0.334s] -- Up-to-date: /home/ayush/challenge_multi_drone/install/as2_gazebo_assets/share/as2_gazebo_assets/models/lidar_3d
[0.334s] -- Up-to-date: /home/ayush/challenge_multi_drone/install/as2_gazebo_assets/share/as2_gazebo_assets/models/lidar_3d/lidar_3d.sdf
[0.334s] -- Up-to-date: /home/ayush/challenge_multi_drone/install/as2_gazebo_assets/share/as2_gazebo_assets/models/lidar_3d/model.config
[0.334s] -- Up-to-date: /home/ayush/challenge_multi_drone/install/as2_gazebo_assets/share/as2_gazebo_assets/models/x500
[0.334s] -- Up-to-date: /home/ayush/challenge_multi_drone/install/as2_gazebo_assets/share/as2_gazebo_assets/models/x500/materials
[0.334s] -- Up-to-date: /home/ayush/challenge_multi_drone/install/as2_gazebo_assets/share/as2_gazebo_assets/models/x500/materials/textures
[0.334s] -- Up-to-date: /home/ayush/challenge_multi_drone/install/as2_gazebo_assets/share/as2_gazebo_assets/models/x500/materials/textures/CF.png
[0.334s] -- Up-to-date: /home/ayush/challenge_multi_drone/install/as2_gazebo_assets/share/as2_gazebo_assets/models/x500/materials/textures/nxp.png
[0.334s] -- Up-to-date: /home/ayush/challenge_multi_drone/install/as2_gazebo_assets/share/as2_gazebo_assets/models/x500/materials/textures/rd.png
[0.334s] -- Up-to-date: /home/ayush/challenge_multi_drone/install/as2_gazebo_assets/share/as2_gazebo_assets/models/x500/thumbnails
[0.334s] -- Up-to-date: /home/ayush/challenge_multi_drone/install/as2_gazebo_assets/share/as2_gazebo_assets/models/x500/thumbnails/3.png
[0.334s] -- Up-to-date: /home/ayush/challenge_multi_drone/install/as2_gazebo_assets/share/as2_gazebo_assets/models/x500/thumbnails/4.png
[0.334s] -- Up-to-date: /home/ayush/challenge_multi_drone/install/as2_gazebo_assets/share/as2_gazebo_assets/models/x500/thumbnails/5.png
[0.334s] -- Up-to-date: /home/ayush/challenge_multi_drone/install/as2_gazebo_assets/share/as2_gazebo_assets/models/x500/thumbnails/1.png
[0.334s] -- Up-to-date: /home/ayush/challenge_multi_drone/install/as2_gazebo_assets/share/as2_gazebo_assets/models/x500/thumbnails/2.png
[0.334s] -- Up-to-date: /home/ayush/challenge_multi_drone/install/as2_gazebo_assets/share/as2_gazebo_assets/models/x500/x500.sdf
[0.334s] -- Up-to-date: /home/ayush/challenge_multi_drone/install/as2_gazebo_assets/share/as2_gazebo_assets/models/x500/x500.sdf.jinja
[0.334s] -- Up-to-date: /home/ayush/challenge_multi_drone/install/as2_gazebo_assets/share/as2_gazebo_assets/models/x500/model.config
[0.334s] -- Up-to-date: /home/ayush/challenge_multi_drone/install/as2_gazebo_assets/share/as2_gazebo_assets/models/x500/meshes
[0.334s] -- Up-to-date: /home/ayush/challenge_multi_drone/install/as2_gazebo_assets/share/as2_gazebo_assets/models/x500/meshes/1345_prop_cw.stl
[0.334s] -- Up-to-date: /home/ayush/challenge_multi_drone/install/as2_gazebo_assets/share/as2_gazebo_assets/models/x500/meshes/CF.png
[0.334s] -- Up-to-date: /home/ayush/challenge_multi_drone/install/as2_gazebo_assets/share/as2_gazebo_assets/models/x500/meshes/5010Bell.dae
[0.334s] -- Up-to-date: /home/ayush/challenge_multi_drone/install/as2_gazebo_assets/share/as2_gazebo_assets/models/x500/meshes/5010Base.dae
[0.335s] -- Up-to-date: /home/ayush/challenge_multi_drone/install/as2_gazebo_assets/share/as2_gazebo_assets/models/x500/meshes/1345_prop_ccw.stl
[0.335s] -- Up-to-date: /home/ayush/challenge_multi_drone/install/as2_gazebo_assets/share/as2_gazebo_assets/models/x500/meshes/NXP-HGD-CF.dae
[0.335s] -- Up-to-date: /home/ayush/challenge_multi_drone/install/as2_gazebo_assets/share/as2_gazebo_assets/models/planar_lidar
[0.335s] -- Up-to-date: /home/ayush/challenge_multi_drone/install/as2_gazebo_assets/share/as2_gazebo_assets/models/planar_lidar/planar_lidar.sdf
[0.335s] -- Up-to-date: /home/ayush/challenge_multi_drone/install/as2_gazebo_assets/share/as2_gazebo_assets/models/planar_lidar/model.config
[0.335s] -- Up-to-date: /home/ayush/challenge_multi_drone/install/as2_gazebo_assets/share/as2_gazebo_assets/models/grayscaled_camera
[0.335s] -- Up-to-date: /home/ayush/challenge_multi_drone/install/as2_gazebo_assets/share/as2_gazebo_assets/models/grayscaled_camera/grayscaled_camera.sdf
[0.335s] -- Up-to-date: /home/ayush/challenge_multi_drone/install/as2_gazebo_assets/share/as2_gazebo_assets/models/grayscaled_camera/grayscaled_camera.sdf.jinja
[0.335s] -- Up-to-date: /home/ayush/challenge_multi_drone/install/as2_gazebo_assets/share/as2_gazebo_assets/models/grayscaled_camera/model.config
[0.335s] -- Up-to-date: /home/ayush/challenge_multi_drone/install/as2_gazebo_assets/share/as2_gazebo_assets/models/crazyflie
[0.335s] -- Up-to-date: /home/ayush/challenge_multi_drone/install/as2_gazebo_assets/share/as2_gazebo_assets/models/crazyflie/crazyflie.sdf.jinja
[0.335s] -- Up-to-date: /home/ayush/challenge_multi_drone/install/as2_gazebo_assets/share/as2_gazebo_assets/models/crazyflie/model.config
[0.335s] -- Up-to-date: /home/ayush/challenge_multi_drone/install/as2_gazebo_assets/share/as2_gazebo_assets/models/crazyflie/crazyflie.sdf
[0.335s] -- Up-to-date: /home/ayush/challenge_multi_drone/install/as2_gazebo_assets/share/as2_gazebo_assets/models/crazyflie/meshes
[0.335s] -- Up-to-date: /home/ayush/challenge_multi_drone/install/as2_gazebo_assets/share/as2_gazebo_assets/models/crazyflie/meshes/cf2_assembly.dae
[0.335s] -- Up-to-date: /home/ayush/challenge_multi_drone/install/as2_gazebo_assets/share/as2_gazebo_assets/models/crazyflie/meshes/ccw_prop.dae
[0.335s] -- Up-to-date: /home/ayush/challenge_multi_drone/install/as2_gazebo_assets/share/as2_gazebo_assets/models/crazyflie/meshes/cw_prop.dae
[0.335s] -- Up-to-date: /home/ayush/challenge_multi_drone/install/as2_gazebo_assets/share/as2_gazebo_assets/models/gps
[0.335s] -- Up-to-date: /home/ayush/challenge_multi_drone/install/as2_gazebo_assets/share/as2_gazebo_assets/models/gps/gps.sdf
[0.335s] -- Up-to-date: /home/ayush/challenge_multi_drone/install/as2_gazebo_assets/share/as2_gazebo_assets/models/gps/model.config
[0.335s] -- Up-to-date: /home/ayush/challenge_multi_drone/install/as2_gazebo_assets/share/as2_gazebo_assets/models/rgbd_camera
[0.335s] -- Up-to-date: /home/ayush/challenge_multi_drone/install/as2_gazebo_assets/share/as2_gazebo_assets/models/rgbd_camera/rgbd_camera.sdf
[0.335s] -- Up-to-date: /home/ayush/challenge_multi_drone/install/as2_gazebo_assets/share/as2_gazebo_assets/models/rgbd_camera/rgbd_camera.sdf.jinja
[0.335s] -- Up-to-date: /home/ayush/challenge_multi_drone/install/as2_gazebo_assets/share/as2_gazebo_assets/models/rgbd_camera/model.config
[0.335s] -- Up-to-date: /home/ayush/challenge_multi_drone/install/as2_gazebo_assets/share/as2_gazebo_assets/models/px4vision
[0.335s] -- Up-to-date: /home/ayush/challenge_multi_drone/install/as2_gazebo_assets/share/as2_gazebo_assets/models/px4vision/px4vision.sdf
[0.335s] -- Up-to-date: /home/ayush/challenge_multi_drone/install/as2_gazebo_assets/share/as2_gazebo_assets/models/px4vision/thumbnails
[0.335s] -- Up-to-date: /home/ayush/challenge_multi_drone/install/as2_gazebo_assets/share/as2_gazebo_assets/models/px4vision/thumbnails/px4_vision_front.png
[0.335s] -- Up-to-date: /home/ayush/challenge_multi_drone/install/as2_gazebo_assets/share/as2_gazebo_assets/models/px4vision/thumbnails/px4_vision_top.png
[0.336s] -- Up-to-date: /home/ayush/challenge_multi_drone/install/as2_gazebo_assets/share/as2_gazebo_assets/models/px4vision/thumbnails/px4vision_diagonal.png
[0.336s] -- Up-to-date: /home/ayush/challenge_multi_drone/install/as2_gazebo_assets/share/as2_gazebo_assets/models/px4vision/px4vision.sdf.jinja
[0.336s] -- Up-to-date: /home/ayush/challenge_multi_drone/install/as2_gazebo_assets/share/as2_gazebo_assets/models/px4vision/model.config
[0.336s] -- Up-to-date: /home/ayush/challenge_multi_drone/install/as2_gazebo_assets/share/as2_gazebo_assets/models/px4vision/meshes
[0.336s] -- Up-to-date: /home/ayush/challenge_multi_drone/install/as2_gazebo_assets/share/as2_gazebo_assets/models/px4vision/meshes/iris_prop_cw.dae
[0.336s] -- Up-to-date: /home/ayush/challenge_multi_drone/install/as2_gazebo_assets/share/as2_gazebo_assets/models/px4vision/meshes/iris_prop_ccw.dae
[0.336s] -- Up-to-date: /home/ayush/challenge_multi_drone/install/as2_gazebo_assets/share/as2_gazebo_assets/models/px4vision/meshes/body.dae
[0.336s] -- Up-to-date: /home/ayush/challenge_multi_drone/install/as2_gazebo_assets/share/as2_gazebo_assets/models/3d_lidar
[0.336s] -- Up-to-date: /home/ayush/challenge_multi_drone/install/as2_gazebo_assets/share/as2_gazebo_assets/models/3d_lidar/3d_lidar.sdf
[0.336s] -- Up-to-date: /home/ayush/challenge_multi_drone/install/as2_gazebo_assets/share/as2_gazebo_assets/models/3d_lidar/model.config
[0.336s] -- Up-to-date: /home/ayush/challenge_multi_drone/install/as2_gazebo_assets/share/as2_gazebo_assets/models/hd_camera
[0.336s] -- Up-to-date: /home/ayush/challenge_multi_drone/install/as2_gazebo_assets/share/as2_gazebo_assets/models/hd_camera/model.config
[0.336s] -- Up-to-date: /home/ayush/challenge_multi_drone/install/as2_gazebo_assets/share/as2_gazebo_assets/models/hd_camera/hd_camera.sdf.jinja
[0.336s] -- Up-to-date: /home/ayush/challenge_multi_drone/install/as2_gazebo_assets/share/as2_gazebo_assets/models/hd_camera/hd_camera.sdf
[0.336s] -- Up-to-date: /home/ayush/challenge_multi_drone/install/as2_gazebo_assets/share/as2_gazebo_assets/models/gate
[0.336s] -- Up-to-date: /home/ayush/challenge_multi_drone/install/as2_gazebo_assets/share/as2_gazebo_assets/models/gate/gate.sdf
[0.336s] -- Up-to-date: /home/ayush/challenge_multi_drone/install/as2_gazebo_assets/share/as2_gazebo_assets/models/gate/model.config
[0.336s] -- Up-to-date: /home/ayush/challenge_multi_drone/install/as2_gazebo_assets/share/as2_gazebo_assets/models/gate/meshes
[0.336s] -- Up-to-date: /home/ayush/challenge_multi_drone/install/as2_gazebo_assets/share/as2_gazebo_assets/models/gate/meshes/gate.dae
[0.336s] -- Up-to-date: /home/ayush/challenge_multi_drone/install/as2_gazebo_assets/share/as2_gazebo_assets/models/gate/meshes/gate_color.png
[0.336s] -- Up-to-date: /home/ayush/challenge_multi_drone/install/as2_gazebo_assets/share/as2_gazebo_assets/models/ground_plane
[0.336s] -- Up-to-date: /home/ayush/challenge_multi_drone/install/as2_gazebo_assets/share/as2_gazebo_assets/models/ground_plane/ground_plane.sdf
[0.336s] -- Up-to-date: /home/ayush/challenge_multi_drone/install/as2_gazebo_assets/share/as2_gazebo_assets/models/ground_plane/model.config
[0.336s] -- Up-to-date: /home/ayush/challenge_multi_drone/install/as2_gazebo_assets/share/as2_gazebo_assets/models/grass_patch
[0.336s] -- Up-to-date: /home/ayush/challenge_multi_drone/install/as2_gazebo_assets/share/as2_gazebo_assets/models/grass_patch/materials
[0.336s] -- Up-to-date: /home/ayush/challenge_multi_drone/install/as2_gazebo_assets/share/as2_gazebo_assets/models/grass_patch/materials/textures
[0.336s] -- Up-to-date: /home/ayush/challenge_multi_drone/install/as2_gazebo_assets/share/as2_gazebo_assets/models/grass_patch/materials/textures/grass_dry.png
[0.336s] -- Up-to-date: /home/ayush/challenge_multi_drone/install/as2_gazebo_assets/share/as2_gazebo_assets/models/grass_patch/thumbnails
[0.337s] -- Up-to-date: /home/ayush/challenge_multi_drone/install/as2_gazebo_assets/share/as2_gazebo_assets/models/grass_patch/thumbnails/grasspatch.jpg
[0.337s] -- Up-to-date: /home/ayush/challenge_multi_drone/install/as2_gazebo_assets/share/as2_gazebo_assets/models/grass_patch/model.sdf
[0.337s] -- Up-to-date: /home/ayush/challenge_multi_drone/install/as2_gazebo_assets/share/as2_gazebo_assets/models/grass_patch/model.config
[0.337s] -- Up-to-date: /home/ayush/challenge_multi_drone/install/as2_gazebo_assets/share/as2_gazebo_assets/models/magnetometer
[0.337s] -- Up-to-date: /home/ayush/challenge_multi_drone/install/as2_gazebo_assets/share/as2_gazebo_assets/models/magnetometer/magnetometer.sdf
[0.337s] -- Up-to-date: /home/ayush/challenge_multi_drone/install/as2_gazebo_assets/share/as2_gazebo_assets/models/magnetometer/model.config
[0.337s] -- Up-to-date: /home/ayush/challenge_multi_drone/install/as2_gazebo_assets/share/as2_gazebo_assets/models/suction_gripper
[0.337s] -- Up-to-date: /home/ayush/challenge_multi_drone/install/as2_gazebo_assets/share/as2_gazebo_assets/models/suction_gripper/suction_gripper.sdf
[0.337s] -- Up-to-date: /home/ayush/challenge_multi_drone/install/as2_gazebo_assets/share/as2_gazebo_assets/models/suction_gripper/model.config
[0.337s] -- Up-to-date: /home/ayush/challenge_multi_drone/install/as2_gazebo_assets/share/as2_gazebo_assets/models/aruco_gate_1
[0.337s] -- Up-to-date: /home/ayush/challenge_multi_drone/install/as2_gazebo_assets/share/as2_gazebo_assets/models/aruco_gate_1/aruco_gate_1.sdf
[0.337s] -- Up-to-date: /home/ayush/challenge_multi_drone/install/as2_gazebo_assets/share/as2_gazebo_assets/models/aruco_gate_1/model.config
[0.337s] -- Up-to-date: /home/ayush/challenge_multi_drone/install/as2_gazebo_assets/share/as2_gazebo_assets/models/aruco_gate_1/meshes
[0.337s] -- Up-to-date: /home/ayush/challenge_multi_drone/install/as2_gazebo_assets/share/as2_gazebo_assets/models/aruco_gate_1/meshes/base_2.stl
[0.337s] -- Up-to-date: /home/ayush/challenge_multi_drone/install/as2_gazebo_assets/share/as2_gazebo_assets/models/aruco_gate_1/meshes/background.stl
[0.337s] -- Up-to-date: /home/ayush/challenge_multi_drone/install/as2_gazebo_assets/share/as2_gazebo_assets/models/aruco_gate_1/meshes/hoop.stl
[0.337s] -- Up-to-date: /home/ayush/challenge_multi_drone/install/as2_gazebo_assets/share/as2_gazebo_assets/models/aruco_gate_1/meshes/base.stl
[0.337s] -- Up-to-date: /home/ayush/challenge_multi_drone/install/as2_gazebo_assets/share/as2_gazebo_assets/models/aruco_gate_1/meshes/hoop_2.stl
[0.337s] -- Up-to-date: /home/ayush/challenge_multi_drone/install/as2_gazebo_assets/share/as2_gazebo_assets/models/point_lidar
[0.337s] -- Up-to-date: /home/ayush/challenge_multi_drone/install/as2_gazebo_assets/share/as2_gazebo_assets/models/point_lidar/point_lidar.sdf
[0.337s] -- Up-to-date: /home/ayush/challenge_multi_drone/install/as2_gazebo_assets/share/as2_gazebo_assets/models/point_lidar/model.config
[0.337s] -- Up-to-date: /home/ayush/challenge_multi_drone/install/as2_gazebo_assets/share/as2_gazebo_assets/models/aruco_gate_2
[0.337s] -- Up-to-date: /home/ayush/challenge_multi_drone/install/as2_gazebo_assets/share/as2_gazebo_assets/models/aruco_gate_2/aruco_gate_2.sdf
[0.337s] -- Up-to-date: /home/ayush/challenge_multi_drone/install/as2_gazebo_assets/share/as2_gazebo_assets/models/aruco_gate_2/model.config
[0.337s] -- Up-to-date: /home/ayush/challenge_multi_drone/install/as2_gazebo_assets/share/as2_gazebo_assets/models/quadrotor_base
[0.337s] -- Up-to-date: /home/ayush/challenge_multi_drone/install/as2_gazebo_assets/share/as2_gazebo_assets/models/quadrotor_base/materials
[0.337s] -- Up-to-date: /home/ayush/challenge_multi_drone/install/as2_gazebo_assets/share/as2_gazebo_assets/models/quadrotor_base/materials/textures
[0.338s] -- Up-to-date: /home/ayush/challenge_multi_drone/install/as2_gazebo_assets/share/as2_gazebo_assets/models/quadrotor_base/materials/textures/led.jpg
[0.338s] -- Up-to-date: /home/ayush/challenge_multi_drone/install/as2_gazebo_assets/share/as2_gazebo_assets/models/quadrotor_base/quadrotor_base.sdf
[0.338s] -- Up-to-date: /home/ayush/challenge_multi_drone/install/as2_gazebo_assets/share/as2_gazebo_assets/models/quadrotor_base/quadrotor_base.sdf.jinja
[0.338s] -- Up-to-date: /home/ayush/challenge_multi_drone/install/as2_gazebo_assets/share/as2_gazebo_assets/models/quadrotor_base/model.config
[0.338s] -- Up-to-date: /home/ayush/challenge_multi_drone/install/as2_gazebo_assets/share/as2_gazebo_assets/models/quadrotor_base/meshes
[0.338s] -- Up-to-date: /home/ayush/challenge_multi_drone/install/as2_gazebo_assets/share/as2_gazebo_assets/models/quadrotor_base/meshes/quadrotor.dae
[0.338s] -- Up-to-date: /home/ayush/challenge_multi_drone/install/as2_gazebo_assets/share/as2_gazebo_assets/models/quadrotor_base/meshes/led.dae
[0.338s] -- Up-to-date: /home/ayush/challenge_multi_drone/install/as2_gazebo_assets/share/as2_gazebo_assets/models/quadrotor_base/meshes/quadrotor.jpg
[0.338s] -- Up-to-date: /home/ayush/challenge_multi_drone/install/as2_gazebo_assets/share/as2_gazebo_assets/models/quadrotor_base/meshes/propeller_ccw.dae
[0.338s] -- Up-to-date: /home/ayush/challenge_multi_drone/install/as2_gazebo_assets/share/as2_gazebo_assets/models/quadrotor_base/meshes/led_lamp.dae
[0.338s] -- Up-to-date: /home/ayush/challenge_multi_drone/install/as2_gazebo_assets/share/as2_gazebo_assets/models/quadrotor_base/meshes/propeller_cw.dae
[0.338s] -- Up-to-date: /home/ayush/challenge_multi_drone/install/as2_gazebo_assets/share/as2_gazebo_assets/models/vga_camera
[0.338s] -- Up-to-date: /home/ayush/challenge_multi_drone/install/as2_gazebo_assets/share/as2_gazebo_assets/models/vga_camera/vga_camera.sdf
[0.338s] -- Up-to-date: /home/ayush/challenge_multi_drone/install/as2_gazebo_assets/share/as2_gazebo_assets/models/vga_camera/model.config
[0.338s] -- Up-to-date: /home/ayush/challenge_multi_drone/install/as2_gazebo_assets/share/as2_gazebo_assets/models/vga_camera/vga_camera.sdf.jinja
[0.338s] -- Up-to-date: /home/ayush/challenge_multi_drone/install/as2_gazebo_assets/share/as2_gazebo_assets/models/semantic_camera
[0.338s] -- Up-to-date: /home/ayush/challenge_multi_drone/install/as2_gazebo_assets/share/as2_gazebo_assets/models/semantic_camera/semantic_camera.sdf
[0.338s] -- Up-to-date: /home/ayush/challenge_multi_drone/install/as2_gazebo_assets/share/as2_gazebo_assets/models/semantic_camera/semantic_camera.sdf.jinja
[0.338s] -- Up-to-date: /home/ayush/challenge_multi_drone/install/as2_gazebo_assets/share/as2_gazebo_assets/models/semantic_camera/model.config
[0.338s] -- Up-to-date: /home/ayush/challenge_multi_drone/install/as2_gazebo_assets/share/as2_gazebo_assets/scripts
[0.338s] -- Up-to-date: /home/ayush/challenge_multi_drone/install/as2_gazebo_assets/share/as2_gazebo_assets/scripts/jinja_gen.py
[0.338s] -- Up-to-date: /home/ayush/challenge_multi_drone/install/as2_gazebo_assets/share/ament_index/resource_index/package_run_dependencies/as2_gazebo_assets
[0.339s] -- Up-to-date: /home/ayush/challenge_multi_drone/install/as2_gazebo_assets/share/ament_index/resource_index/parent_prefix_path/as2_gazebo_assets
[0.339s] -- Up-to-date: /home/ayush/challenge_multi_drone/install/as2_gazebo_assets/share/as2_gazebo_assets/environment/ament_prefix_path.sh
[0.339s] -- Up-to-date: /home/ayush/challenge_multi_drone/install/as2_gazebo_assets/share/as2_gazebo_assets/environment/ament_prefix_path.dsv
[0.339s] -- Up-to-date: /home/ayush/challenge_multi_drone/install/as2_gazebo_assets/share/as2_gazebo_assets/environment/path.sh
[0.339s] -- Up-to-date: /home/ayush/challenge_multi_drone/install/as2_gazebo_assets/share/as2_gazebo_assets/environment/path.dsv
[0.339s] -- Up-to-date: /home/ayush/challenge_multi_drone/install/as2_gazebo_assets/share/as2_gazebo_assets/local_setup.bash
[0.339s] -- Up-to-date: /home/ayush/challenge_multi_drone/install/as2_gazebo_assets/share/as2_gazebo_assets/local_setup.sh
[0.339s] -- Up-to-date: /home/ayush/challenge_multi_drone/install/as2_gazebo_assets/share/as2_gazebo_assets/local_setup.zsh
[0.339s] -- Up-to-date: /home/ayush/challenge_multi_drone/install/as2_gazebo_assets/share/as2_gazebo_assets/local_setup.dsv
[0.339s] -- Installing: /home/ayush/challenge_multi_drone/install/as2_gazebo_assets/share/as2_gazebo_assets/package.dsv
[0.339s] -- Up-to-date: /home/ayush/challenge_multi_drone/install/as2_gazebo_assets/share/ament_index/resource_index/packages/as2_gazebo_assets
[0.339s] -- Up-to-date: /home/ayush/challenge_multi_drone/install/as2_gazebo_assets/share/as2_gazebo_assets/cmake/as2_gazebo_assetsConfig.cmake
[0.339s] -- Up-to-date: /home/ayush/challenge_multi_drone/install/as2_gazebo_assets/share/as2_gazebo_assets/cmake/as2_gazebo_assetsConfig-version.cmake
[0.340s] -- Up-to-date: /home/ayush/challenge_multi_drone/install/as2_gazebo_assets/share/as2_gazebo_assets/package.xml
[0.342s] Invoked command in '/home/ayush/challenge_multi_drone/build/as2_gazebo_assets' returned '0': AMENT_PREFIX_PATH=/home/ayush/challenge_multi_drone/install/as2_core:/home/ayush/challenge_multi_drone/install/as2_msgs:${AMENT_PREFIX_PATH} CMAKE_PREFIX_PATH=/home/ayush/challenge_multi_drone/install/as2_core:/home/ayush/challenge_multi_drone/install/as2_msgs:/home/ayush/project_gazebo_ws/install/aerostack2:/home/ayush/project_gazebo_ws/install/as2_usb_camera_interface:/home/ayush/project_gazebo_ws/install/as2_state_estimator:/home/ayush/project_gazebo_ws/install/as2_rviz_plugins:/home/ayush/project_gazebo_ws/install/as2_realsense_interface:/home/ayush/project_gazebo_ws/install/as2_platform_multirotor_simulator:/home/ayush/project_gazebo_ws/install/as2_platform_gazebo:/home/ayush/project_gazebo_ws/install/as2_motion_controller:/home/ayush/project_gazebo_ws/install/as2_behaviors_trajectory_generation:/home/ayush/project_gazebo_ws/install/as2_behaviors_motion:/home/ayush/project_gazebo_ws/install/as2_motion_reference_handlers:/home/ayush/project_gazebo_ws/install/as2_map_server:/home/ayush/project_gazebo_ws/install/as2_geozones:/home/ayush/project_gazebo_ws/install/as2_gazebo_assets:/home/ayush/project_gazebo_ws/install/as2_external_object_to_tf:/home/ayush/project_gazebo_ws/install/as2_behaviors_platform:/home/ayush/project_gazebo_ws/install/as2_behaviors_perception:/home/ayush/project_gazebo_ws/install/as2_behaviors_path_planning:/home/ayush/project_gazebo_ws/install/as2_behavior_tree:/home/ayush/project_gazebo_ws/install/as2_behavior:/home/ayush/project_gazebo_ws/install/as2_alphanumeric_viewer:/home/ayush/project_gazebo_ws/install/as2_core:/home/ayush/project_gazebo_ws/install/as2_msgs:/home/ayush/project_gazebo_ws/install/as2_cli:/home/ayush/project_gazebo_ws/install/as2_visualization:/home/ayush/project_gazebo_ws/install/as2_keyboard_teleoperation:/home/ayush/project_gazebo_ws/install/as2_python_api:/opt/ros/humble LD_LIBRARY_PATH=/home/ayush/challenge_multi_drone/install/as2_core/lib:/home/ayush/challenge_multi_drone/install/as2_msgs/lib:${LD_LIBRARY_PATH} PYTHONPATH=/home/ayush/challenge_multi_drone/install/as2_core/local/lib/python3.10/dist-packages:/home/ayush/challenge_multi_drone/install/as2_msgs/local/lib/python3.10/dist-packages:${PYTHONPATH} /usr/bin/cmake --install /home/ayush/challenge_multi_drone/build/as2_gazebo_assets
