[0.193s] Invoking command in '/home/ayush/challenge_multi_drone/build/as2_behaviors_path_planning': AMENT_PREFIX_PATH=/home/ayush/challenge_multi_drone/install/as2_behavior:/home/ayush/challenge_multi_drone/install/as2_core:/home/ayush/challenge_multi_drone/install/as2_msgs:${AMENT_PREFIX_PATH} CMAKE_PREFIX_PATH=/home/ayush/challenge_multi_drone/install/as2_behavior:/home/ayush/challenge_multi_drone/install/as2_core:/home/ayush/challenge_multi_drone/install/as2_msgs:/home/ayush/project_gazebo_ws/install/aerostack2:/home/ayush/project_gazebo_ws/install/as2_usb_camera_interface:/home/ayush/project_gazebo_ws/install/as2_state_estimator:/home/ayush/project_gazebo_ws/install/as2_rviz_plugins:/home/ayush/project_gazebo_ws/install/as2_realsense_interface:/home/ayush/project_gazebo_ws/install/as2_platform_multirotor_simulator:/home/ayush/project_gazebo_ws/install/as2_platform_gazebo:/home/ayush/project_gazebo_ws/install/as2_motion_controller:/home/ayush/project_gazebo_ws/install/as2_behaviors_trajectory_generation:/home/ayush/project_gazebo_ws/install/as2_behaviors_motion:/home/ayush/project_gazebo_ws/install/as2_motion_reference_handlers:/home/ayush/project_gazebo_ws/install/as2_map_server:/home/ayush/project_gazebo_ws/install/as2_geozones:/home/ayush/project_gazebo_ws/install/as2_gazebo_assets:/home/ayush/project_gazebo_ws/install/as2_external_object_to_tf:/home/ayush/project_gazebo_ws/install/as2_behaviors_platform:/home/ayush/project_gazebo_ws/install/as2_behaviors_perception:/home/ayush/project_gazebo_ws/install/as2_behaviors_path_planning:/home/ayush/project_gazebo_ws/install/as2_behavior_tree:/home/ayush/project_gazebo_ws/install/as2_behavior:/home/ayush/project_gazebo_ws/install/as2_alphanumeric_viewer:/home/ayush/project_gazebo_ws/install/as2_core:/home/ayush/project_gazebo_ws/install/as2_msgs:/home/ayush/project_gazebo_ws/install/as2_cli:/home/ayush/project_gazebo_ws/install/as2_visualization:/home/ayush/project_gazebo_ws/install/as2_keyboard_teleoperation:/home/ayush/project_gazebo_ws/install/as2_python_api:/opt/ros/humble LD_LIBRARY_PATH=/home/ayush/challenge_multi_drone/install/as2_behavior/lib:/home/ayush/challenge_multi_drone/install/as2_core/lib:/home/ayush/challenge_multi_drone/install/as2_msgs/lib:${LD_LIBRARY_PATH} PYTHONPATH=/home/ayush/challenge_multi_drone/install/as2_core/local/lib/python3.10/dist-packages:/home/ayush/challenge_multi_drone/install/as2_msgs/local/lib/python3.10/dist-packages:${PYTHONPATH} /usr/bin/cmake /home/ayush/challenge_multi_drone/src/aerostack2/as2_behaviors/as2_behaviors_path_planning -DCMAKE_INSTALL_PREFIX=/home/ayush/challenge_multi_drone/install/as2_behaviors_path_planning
[0.433s] -- The C compiler identification is GNU 11.4.0
[0.707s] -- The CXX compiler identification is GNU 11.4.0
[0.751s] -- Detecting C compiler ABI info
[1.118s] -- Detecting C compiler ABI info - done
[1.160s] -- Check for working C compiler: /usr/bin/cc - skipped
[1.161s] -- Detecting C compile features
[1.162s] -- Detecting C compile features - done
[1.184s] -- Detecting CXX compiler ABI info
[1.410s] -- Detecting CXX compiler ABI info - done
[1.434s] -- Check for working CXX compiler: /usr/bin/c++ - skipped
[1.434s] -- Detecting CXX compile features
[1.436s] -- Detecting CXX compile features - done
[1.451s] -- Found ament_cmake: 1.3.11 (/opt/ros/humble/share/ament_cmake/cmake)
[2.124s] -- Found Python3: /usr/bin/python3 (found version "3.10.12") found components: Interpreter 
[2.481s] -- Found ament_cmake_ros: 0.10.0 (/opt/ros/humble/share/ament_cmake_ros/cmake)
[2.521s] -- Found rclcpp: 16.0.11 (/opt/ros/humble/share/rclcpp/cmake)
[2.695s] -- Found rosidl_generator_c: 3.1.6 (/opt/ros/humble/share/rosidl_generator_c/cmake)
[2.716s] -- Found rosidl_adapter: 3.1.6 (/opt/ros/humble/share/rosidl_adapter/cmake)
[2.749s] -- Found rosidl_generator_cpp: 3.1.6 (/opt/ros/humble/share/rosidl_generator_cpp/cmake)
[2.800s] -- Using all available rosidl_typesupport_c: rosidl_typesupport_fastrtps_c;rosidl_typesupport_introspection_c
[2.859s] -- Using all available rosidl_typesupport_cpp: rosidl_typesupport_fastrtps_cpp;rosidl_typesupport_introspection_cpp
[3.222s] -- Found rmw_implementation_cmake: 6.1.2 (/opt/ros/humble/share/rmw_implementation_cmake/cmake)
[3.270s] -- Found rmw_fastrtps_cpp: 6.2.7 (/opt/ros/humble/share/rmw_fastrtps_cpp/cmake)
[3.819s] -- Found OpenSSL: /usr/lib/x86_64-linux-gnu/libcrypto.so (found version "3.0.2")  
[3.916s] -- Found FastRTPS: /opt/ros/humble/include  
[4.084s] -- Using RMW implementation 'rmw_fastrtps_cpp' as default
[4.124s] -- Looking for pthread.h
[4.447s] -- Looking for pthread.h - found
[4.454s] -- Performing Test CMAKE_HAVE_LIBC_PTHREAD
[4.822s] -- Performing Test CMAKE_HAVE_LIBC_PTHREAD - Success
[4.832s] -- Found Threads: TRUE  
[4.990s] -- Found rclcpp_components: 16.0.11 (/opt/ros/humble/share/rclcpp_components/cmake)
[5.085s] -- Found pluginlib: 5.1.0 (/opt/ros/humble/share/pluginlib/cmake)
[5.135s] -- Found as2_core: 1.1.2 (/home/ayush/challenge_multi_drone/install/as2_core/share/as2_core/cmake)
[5.766s] -- Found eigen3_cmake_module: 0.1.1 (/opt/ros/humble/share/eigen3_cmake_module/cmake)
[5.772s] -- Found Eigen3: TRUE (found version "3.4.0") 
[5.778s] -- Ensuring Eigen3 include directory is part of orocos-kdl CMake target
[6.170s] -- Found as2_behavior: 1.1.2 (/home/ayush/challenge_multi_drone/install/as2_behavior/share/as2_behavior/cmake)
[6.191s] -- Found visualization_msgs: 4.2.4 (/opt/ros/humble/share/visualization_msgs/cmake)
[6.502s] -- Found OpenCV: /usr (found version "4.5.4") 
[6.621s] -- Found ament_lint_auto: 0.12.11 (/opt/ros/humble/share/ament_lint_auto/cmake)
[7.005s] -- Added test 'copyright' to check source files copyright and LICENSE
[7.032s] -- Added test 'cppcheck' to perform static code analysis on C / C++ code
[7.040s] -- Configured cppcheck include dirs: /home/ayush/challenge_multi_drone/src/aerostack2/as2_behaviors/as2_behaviors_path_planning/include;/home/ayush/challenge_multi_drone/src/aerostack2/as2_behaviors/as2_behaviors_path_planning/include/as2_behaviors_path_planning;/home/ayush/challenge_multi_drone/src/aerostack2/as2_behaviors/as2_behaviors_path_planning/common/include;$<BUILD_INTERFACE:/home/ayush/challenge_multi_drone/src/aerostack2/as2_behaviors/as2_behaviors_path_planning/include>
[7.040s] -- Configured cppcheck exclude dirs and/or files: /home/ayush/challenge_multi_drone/src/aerostack2/as2_behaviors/as2_behaviors_path_planning/./plugins/voronoi/thirdparty/dynamicvoronoi/README.md;/home/ayush/challenge_multi_drone/src/aerostack2/as2_behaviors/as2_behaviors_path_planning/./plugins/voronoi/thirdparty/dynamicvoronoi/bucketedqueue.h;/home/ayush/challenge_multi_drone/src/aerostack2/as2_behaviors/as2_behaviors_path_planning/./plugins/voronoi/thirdparty/dynamicvoronoi/bucketedqueue.hxx;/home/ayush/challenge_multi_drone/src/aerostack2/as2_behaviors/as2_behaviors_path_planning/./plugins/voronoi/thirdparty/dynamicvoronoi/dynamicvoronoi.cpp;/home/ayush/challenge_multi_drone/src/aerostack2/as2_behaviors/as2_behaviors_path_planning/./plugins/voronoi/thirdparty/dynamicvoronoi/dynamicvoronoi.h;/home/ayush/challenge_multi_drone/src/aerostack2/as2_behaviors/as2_behaviors_path_planning/./plugins/voronoi/thirdparty/dynamicvoronoi/point.h
[7.065s] -- Added test 'cpplint' to check C / C++ code against the Google style
[7.067s] -- Configured cpplint exclude dirs and/or files: /home/ayush/challenge_multi_drone/src/aerostack2/as2_behaviors/as2_behaviors_path_planning/./plugins/voronoi/thirdparty/dynamicvoronoi/README.md;/home/ayush/challenge_multi_drone/src/aerostack2/as2_behaviors/as2_behaviors_path_planning/./plugins/voronoi/thirdparty/dynamicvoronoi/bucketedqueue.h;/home/ayush/challenge_multi_drone/src/aerostack2/as2_behaviors/as2_behaviors_path_planning/./plugins/voronoi/thirdparty/dynamicvoronoi/bucketedqueue.hxx;/home/ayush/challenge_multi_drone/src/aerostack2/as2_behaviors/as2_behaviors_path_planning/./plugins/voronoi/thirdparty/dynamicvoronoi/dynamicvoronoi.cpp;/home/ayush/challenge_multi_drone/src/aerostack2/as2_behaviors/as2_behaviors_path_planning/./plugins/voronoi/thirdparty/dynamicvoronoi/dynamicvoronoi.h;/home/ayush/challenge_multi_drone/src/aerostack2/as2_behaviors/as2_behaviors_path_planning/./plugins/voronoi/thirdparty/dynamicvoronoi/point.h
[7.067s] -- Added test 'flake8' to check Python code syntax and style conventions
[7.068s] -- Added test 'lint_cmake' to check CMake code style
[7.068s] -- Added test 'pep257' to check Python code against some of the docstring style conventions in PEP 257
[7.070s] -- Added test 'uncrustify' to check C / C++ code style
[7.071s] -- Configured uncrustify additional arguments: 
[7.075s] -- Added test 'xmllint' to check XML markup files
[7.082s] -- Configuring done
[7.252s] -- Generating done
[7.302s] -- Build files have been written to: /home/ayush/challenge_multi_drone/build/as2_behaviors_path_planning
[7.351s] Invoked command in '/home/ayush/challenge_multi_drone/build/as2_behaviors_path_planning' returned '0': AMENT_PREFIX_PATH=/home/ayush/challenge_multi_drone/install/as2_behavior:/home/ayush/challenge_multi_drone/install/as2_core:/home/ayush/challenge_multi_drone/install/as2_msgs:${AMENT_PREFIX_PATH} CMAKE_PREFIX_PATH=/home/ayush/challenge_multi_drone/install/as2_behavior:/home/ayush/challenge_multi_drone/install/as2_core:/home/ayush/challenge_multi_drone/install/as2_msgs:/home/ayush/project_gazebo_ws/install/aerostack2:/home/ayush/project_gazebo_ws/install/as2_usb_camera_interface:/home/ayush/project_gazebo_ws/install/as2_state_estimator:/home/ayush/project_gazebo_ws/install/as2_rviz_plugins:/home/ayush/project_gazebo_ws/install/as2_realsense_interface:/home/ayush/project_gazebo_ws/install/as2_platform_multirotor_simulator:/home/ayush/project_gazebo_ws/install/as2_platform_gazebo:/home/ayush/project_gazebo_ws/install/as2_motion_controller:/home/ayush/project_gazebo_ws/install/as2_behaviors_trajectory_generation:/home/ayush/project_gazebo_ws/install/as2_behaviors_motion:/home/ayush/project_gazebo_ws/install/as2_motion_reference_handlers:/home/ayush/project_gazebo_ws/install/as2_map_server:/home/ayush/project_gazebo_ws/install/as2_geozones:/home/ayush/project_gazebo_ws/install/as2_gazebo_assets:/home/ayush/project_gazebo_ws/install/as2_external_object_to_tf:/home/ayush/project_gazebo_ws/install/as2_behaviors_platform:/home/ayush/project_gazebo_ws/install/as2_behaviors_perception:/home/ayush/project_gazebo_ws/install/as2_behaviors_path_planning:/home/ayush/project_gazebo_ws/install/as2_behavior_tree:/home/ayush/project_gazebo_ws/install/as2_behavior:/home/ayush/project_gazebo_ws/install/as2_alphanumeric_viewer:/home/ayush/project_gazebo_ws/install/as2_core:/home/ayush/project_gazebo_ws/install/as2_msgs:/home/ayush/project_gazebo_ws/install/as2_cli:/home/ayush/project_gazebo_ws/install/as2_visualization:/home/ayush/project_gazebo_ws/install/as2_keyboard_teleoperation:/home/ayush/project_gazebo_ws/install/as2_python_api:/opt/ros/humble LD_LIBRARY_PATH=/home/ayush/challenge_multi_drone/install/as2_behavior/lib:/home/ayush/challenge_multi_drone/install/as2_core/lib:/home/ayush/challenge_multi_drone/install/as2_msgs/lib:${LD_LIBRARY_PATH} PYTHONPATH=/home/ayush/challenge_multi_drone/install/as2_core/local/lib/python3.10/dist-packages:/home/ayush/challenge_multi_drone/install/as2_msgs/local/lib/python3.10/dist-packages:${PYTHONPATH} /usr/bin/cmake /home/ayush/challenge_multi_drone/src/aerostack2/as2_behaviors/as2_behaviors_path_planning -DCMAKE_INSTALL_PREFIX=/home/ayush/challenge_multi_drone/install/as2_behaviors_path_planning
[7.359s] Invoking command in '/home/ayush/challenge_multi_drone/build/as2_behaviors_path_planning': AMENT_PREFIX_PATH=/home/ayush/challenge_multi_drone/install/as2_behavior:/home/ayush/challenge_multi_drone/install/as2_core:/home/ayush/challenge_multi_drone/install/as2_msgs:${AMENT_PREFIX_PATH} CMAKE_PREFIX_PATH=/home/ayush/challenge_multi_drone/install/as2_behavior:/home/ayush/challenge_multi_drone/install/as2_core:/home/ayush/challenge_multi_drone/install/as2_msgs:/home/ayush/project_gazebo_ws/install/aerostack2:/home/ayush/project_gazebo_ws/install/as2_usb_camera_interface:/home/ayush/project_gazebo_ws/install/as2_state_estimator:/home/ayush/project_gazebo_ws/install/as2_rviz_plugins:/home/ayush/project_gazebo_ws/install/as2_realsense_interface:/home/ayush/project_gazebo_ws/install/as2_platform_multirotor_simulator:/home/ayush/project_gazebo_ws/install/as2_platform_gazebo:/home/ayush/project_gazebo_ws/install/as2_motion_controller:/home/ayush/project_gazebo_ws/install/as2_behaviors_trajectory_generation:/home/ayush/project_gazebo_ws/install/as2_behaviors_motion:/home/ayush/project_gazebo_ws/install/as2_motion_reference_handlers:/home/ayush/project_gazebo_ws/install/as2_map_server:/home/ayush/project_gazebo_ws/install/as2_geozones:/home/ayush/project_gazebo_ws/install/as2_gazebo_assets:/home/ayush/project_gazebo_ws/install/as2_external_object_to_tf:/home/ayush/project_gazebo_ws/install/as2_behaviors_platform:/home/ayush/project_gazebo_ws/install/as2_behaviors_perception:/home/ayush/project_gazebo_ws/install/as2_behaviors_path_planning:/home/ayush/project_gazebo_ws/install/as2_behavior_tree:/home/ayush/project_gazebo_ws/install/as2_behavior:/home/ayush/project_gazebo_ws/install/as2_alphanumeric_viewer:/home/ayush/project_gazebo_ws/install/as2_core:/home/ayush/project_gazebo_ws/install/as2_msgs:/home/ayush/project_gazebo_ws/install/as2_cli:/home/ayush/project_gazebo_ws/install/as2_visualization:/home/ayush/project_gazebo_ws/install/as2_keyboard_teleoperation:/home/ayush/project_gazebo_ws/install/as2_python_api:/opt/ros/humble LD_LIBRARY_PATH=/home/ayush/challenge_multi_drone/install/as2_behavior/lib:/home/ayush/challenge_multi_drone/install/as2_core/lib:/home/ayush/challenge_multi_drone/install/as2_msgs/lib:${LD_LIBRARY_PATH} PYTHONPATH=/home/ayush/challenge_multi_drone/install/as2_core/local/lib/python3.10/dist-packages:/home/ayush/challenge_multi_drone/install/as2_msgs/local/lib/python3.10/dist-packages:${PYTHONPATH} /usr/bin/cmake --build /home/ayush/challenge_multi_drone/build/as2_behaviors_path_planning -- -j12 -l12
[7.625s] [  7%] [32m[1mLinking CXX shared library libas2_behaviors_path_planning_plugin_base.so[0m
[7.627s] [ 14%] [32mBuilding CXX object CMakeFiles/path_planner_component.dir/src/path_planner_behavior.cpp.o[0m
[7.638s] [ 21%] [32m[1mLinking CXX shared library libpath_planner_common.so[0m
[8.069s] [ 21%] Built target as2_behaviors_path_planning_plugin_base
[8.097s] [ 21%] Built target path_planner_common
[8.176s] [ 28%] [32mBuilding CXX object CMakeFiles/as2_behaviors_path_planning_node.dir/src/path_planner_behavior_node.cpp.o[0m
[8.186s] [ 35%] [32mBuilding CXX object CMakeFiles/as2_behaviors_path_planning_node.dir/src/path_planner_behavior.cpp.o[0m
[8.186s] [ 42%] [32mBuilding CXX object plugins/a_star/CMakeFiles/a_star.dir/src/a_star.cpp.o[0m
[8.200s] [ 50%] [32mBuilding CXX object plugins/a_star/CMakeFiles/a_star.dir/src/a_star_searcher.cpp.o[0m
[8.200s] [ 64%] [32mBuilding CXX object plugins/voronoi/CMakeFiles/voronoi.dir/src/voronoi.cpp.o[0m
[8.200s] [ 64%] [32mBuilding CXX object plugins/voronoi/CMakeFiles/voronoi.dir/src/voronoi_searcher.cpp.o[0m
[8.219s] [ 71%] [32mBuilding CXX object plugins/voronoi/CMakeFiles/voronoi.dir/thirdparty/dynamicvoronoi/dynamicvoronoi.cpp.o[0m
[57.561s] [ 78%] [32m[1mLinking CXX shared library libvoronoi.so[0m
[58.223s] [ 78%] Built target voronoi
[61.100s] [ 85%] [32m[1mLinking CXX shared library liba_star.so[0m
[61.794s] [ 85%] Built target a_star
[76.479s] [ 92%] [32m[1mLinking CXX executable as2_behaviors_path_planning_node[0m
[76.896s] [ 92%] Built target as2_behaviors_path_planning_node
[77.836s] [100%] [32m[1mLinking CXX shared library libpath_planner_component.so[0m
[78.118s] [100%] Built target path_planner_component
[78.138s] Invoked command in '/home/ayush/challenge_multi_drone/build/as2_behaviors_path_planning' returned '0': AMENT_PREFIX_PATH=/home/ayush/challenge_multi_drone/install/as2_behavior:/home/ayush/challenge_multi_drone/install/as2_core:/home/ayush/challenge_multi_drone/install/as2_msgs:${AMENT_PREFIX_PATH} CMAKE_PREFIX_PATH=/home/ayush/challenge_multi_drone/install/as2_behavior:/home/ayush/challenge_multi_drone/install/as2_core:/home/ayush/challenge_multi_drone/install/as2_msgs:/home/ayush/project_gazebo_ws/install/aerostack2:/home/ayush/project_gazebo_ws/install/as2_usb_camera_interface:/home/ayush/project_gazebo_ws/install/as2_state_estimator:/home/ayush/project_gazebo_ws/install/as2_rviz_plugins:/home/ayush/project_gazebo_ws/install/as2_realsense_interface:/home/ayush/project_gazebo_ws/install/as2_platform_multirotor_simulator:/home/ayush/project_gazebo_ws/install/as2_platform_gazebo:/home/ayush/project_gazebo_ws/install/as2_motion_controller:/home/ayush/project_gazebo_ws/install/as2_behaviors_trajectory_generation:/home/ayush/project_gazebo_ws/install/as2_behaviors_motion:/home/ayush/project_gazebo_ws/install/as2_motion_reference_handlers:/home/ayush/project_gazebo_ws/install/as2_map_server:/home/ayush/project_gazebo_ws/install/as2_geozones:/home/ayush/project_gazebo_ws/install/as2_gazebo_assets:/home/ayush/project_gazebo_ws/install/as2_external_object_to_tf:/home/ayush/project_gazebo_ws/install/as2_behaviors_platform:/home/ayush/project_gazebo_ws/install/as2_behaviors_perception:/home/ayush/project_gazebo_ws/install/as2_behaviors_path_planning:/home/ayush/project_gazebo_ws/install/as2_behavior_tree:/home/ayush/project_gazebo_ws/install/as2_behavior:/home/ayush/project_gazebo_ws/install/as2_alphanumeric_viewer:/home/ayush/project_gazebo_ws/install/as2_core:/home/ayush/project_gazebo_ws/install/as2_msgs:/home/ayush/project_gazebo_ws/install/as2_cli:/home/ayush/project_gazebo_ws/install/as2_visualization:/home/ayush/project_gazebo_ws/install/as2_keyboard_teleoperation:/home/ayush/project_gazebo_ws/install/as2_python_api:/opt/ros/humble LD_LIBRARY_PATH=/home/ayush/challenge_multi_drone/install/as2_behavior/lib:/home/ayush/challenge_multi_drone/install/as2_core/lib:/home/ayush/challenge_multi_drone/install/as2_msgs/lib:${LD_LIBRARY_PATH} PYTHONPATH=/home/ayush/challenge_multi_drone/install/as2_core/local/lib/python3.10/dist-packages:/home/ayush/challenge_multi_drone/install/as2_msgs/local/lib/python3.10/dist-packages:${PYTHONPATH} /usr/bin/cmake --build /home/ayush/challenge_multi_drone/build/as2_behaviors_path_planning -- -j12 -l12
[78.140s] Invoking command in '/home/ayush/challenge_multi_drone/build/as2_behaviors_path_planning': AMENT_PREFIX_PATH=/home/ayush/challenge_multi_drone/install/as2_behavior:/home/ayush/challenge_multi_drone/install/as2_core:/home/ayush/challenge_multi_drone/install/as2_msgs:${AMENT_PREFIX_PATH} CMAKE_PREFIX_PATH=/home/ayush/challenge_multi_drone/install/as2_behavior:/home/ayush/challenge_multi_drone/install/as2_core:/home/ayush/challenge_multi_drone/install/as2_msgs:/home/ayush/project_gazebo_ws/install/aerostack2:/home/ayush/project_gazebo_ws/install/as2_usb_camera_interface:/home/ayush/project_gazebo_ws/install/as2_state_estimator:/home/ayush/project_gazebo_ws/install/as2_rviz_plugins:/home/ayush/project_gazebo_ws/install/as2_realsense_interface:/home/ayush/project_gazebo_ws/install/as2_platform_multirotor_simulator:/home/ayush/project_gazebo_ws/install/as2_platform_gazebo:/home/ayush/project_gazebo_ws/install/as2_motion_controller:/home/ayush/project_gazebo_ws/install/as2_behaviors_trajectory_generation:/home/ayush/project_gazebo_ws/install/as2_behaviors_motion:/home/ayush/project_gazebo_ws/install/as2_motion_reference_handlers:/home/ayush/project_gazebo_ws/install/as2_map_server:/home/ayush/project_gazebo_ws/install/as2_geozones:/home/ayush/project_gazebo_ws/install/as2_gazebo_assets:/home/ayush/project_gazebo_ws/install/as2_external_object_to_tf:/home/ayush/project_gazebo_ws/install/as2_behaviors_platform:/home/ayush/project_gazebo_ws/install/as2_behaviors_perception:/home/ayush/project_gazebo_ws/install/as2_behaviors_path_planning:/home/ayush/project_gazebo_ws/install/as2_behavior_tree:/home/ayush/project_gazebo_ws/install/as2_behavior:/home/ayush/project_gazebo_ws/install/as2_alphanumeric_viewer:/home/ayush/project_gazebo_ws/install/as2_core:/home/ayush/project_gazebo_ws/install/as2_msgs:/home/ayush/project_gazebo_ws/install/as2_cli:/home/ayush/project_gazebo_ws/install/as2_visualization:/home/ayush/project_gazebo_ws/install/as2_keyboard_teleoperation:/home/ayush/project_gazebo_ws/install/as2_python_api:/opt/ros/humble LD_LIBRARY_PATH=/home/ayush/challenge_multi_drone/install/as2_behavior/lib:/home/ayush/challenge_multi_drone/install/as2_core/lib:/home/ayush/challenge_multi_drone/install/as2_msgs/lib:${LD_LIBRARY_PATH} PYTHONPATH=/home/ayush/challenge_multi_drone/install/as2_core/local/lib/python3.10/dist-packages:/home/ayush/challenge_multi_drone/install/as2_msgs/local/lib/python3.10/dist-packages:${PYTHONPATH} /usr/bin/cmake --install /home/ayush/challenge_multi_drone/build/as2_behaviors_path_planning
[78.149s] -- Install configuration: "Release"
[78.151s] -- Installing: /home/ayush/challenge_multi_drone/install/as2_behaviors_path_planning/include
[78.151s] -- Installing: /home/ayush/challenge_multi_drone/install/as2_behaviors_path_planning/include/as2_behaviors_path_planning
[78.151s] -- Installing: /home/ayush/challenge_multi_drone/install/as2_behaviors_path_planning/include/as2_behaviors_path_planning/path_planner_behavior.hpp
[78.151s] -- Installing: /home/ayush/challenge_multi_drone/install/as2_behaviors_path_planning/include/as2_behaviors_path_planning/path_planner_plugin_base.hpp
[78.152s] -- Installing: /home/ayush/challenge_multi_drone/install/as2_behaviors_path_planning/share/as2_behaviors_path_planning/environment/library_path.sh
[78.152s] -- Installing: /home/ayush/challenge_multi_drone/install/as2_behaviors_path_planning/share/as2_behaviors_path_planning/environment/library_path.dsv
[78.152s] -- Installing: /home/ayush/challenge_multi_drone/install/as2_behaviors_path_planning/include/include
[78.152s] -- Installing: /home/ayush/challenge_multi_drone/install/as2_behaviors_path_planning/include/include/cell_node.hpp
[78.152s] -- Installing: /home/ayush/challenge_multi_drone/install/as2_behaviors_path_planning/include/include/graph_searcher.hpp
[78.152s] -- Installing: /home/ayush/challenge_multi_drone/install/as2_behaviors_path_planning/include/include/utils.hpp
[78.153s] -- Installing: /home/ayush/challenge_multi_drone/install/as2_behaviors_path_planning/lib/libas2_behaviors_path_planning_plugin_base.so
[78.153s] -- Set runtime path of "/home/ayush/challenge_multi_drone/install/as2_behaviors_path_planning/lib/libas2_behaviors_path_planning_plugin_base.so" to ""
[78.153s] -- Installing: /home/ayush/challenge_multi_drone/install/as2_behaviors_path_planning/lib/libpath_planner_component.so
[78.154s] -- Set runtime path of "/home/ayush/challenge_multi_drone/install/as2_behaviors_path_planning/lib/libpath_planner_component.so" to ""
[78.154s] -- Installing: /home/ayush/challenge_multi_drone/install/as2_behaviors_path_planning/share/as2_behaviors_path_planning/plugins.xml
[78.154s] -- Installing: /home/ayush/challenge_multi_drone/install/as2_behaviors_path_planning/share/as2_behaviors_path_planning/launch
[78.155s] -- Installing: /home/ayush/challenge_multi_drone/install/as2_behaviors_path_planning/share/as2_behaviors_path_planning/launch/a_star-path_planner_behavior.launch.py
[78.155s] -- Up-to-date: /home/ayush/challenge_multi_drone/install/as2_behaviors_path_planning/share/as2_behaviors_path_planning/launch
[78.155s] -- Installing: /home/ayush/challenge_multi_drone/install/as2_behaviors_path_planning/share/as2_behaviors_path_planning/launch/voronoi-path_planner_behavior.launch.py
[78.155s] -- Installing: /home/ayush/challenge_multi_drone/install/as2_behaviors_path_planning/lib/as2_behaviors_path_planning/as2_behaviors_path_planning_node
[78.156s] -- Set runtime path of "/home/ayush/challenge_multi_drone/install/as2_behaviors_path_planning/lib/as2_behaviors_path_planning/as2_behaviors_path_planning_node" to ""
[78.156s] -- Up-to-date: /home/ayush/challenge_multi_drone/install/as2_behaviors_path_planning/share/as2_behaviors_path_planning/launch
[78.156s] -- Installing: /home/ayush/challenge_multi_drone/install/as2_behaviors_path_planning/share/as2_behaviors_path_planning/launch/composable_path_planner_behavior.launch.py
[78.156s] -- Installing: /home/ayush/challenge_multi_drone/install/as2_behaviors_path_planning/share/as2_behaviors_path_planning/launch/path_planner_behavior_launch.py
[78.157s] -- Installing: /home/ayush/challenge_multi_drone/install/as2_behaviors_path_planning/share/as2_behaviors_path_planning/config
[78.157s] -- Installing: /home/ayush/challenge_multi_drone/install/as2_behaviors_path_planning/share/as2_behaviors_path_planning/config/behavior_default.yaml
[78.157s] -- Installing: /home/ayush/challenge_multi_drone/install/as2_behaviors_path_planning/share/ament_index/resource_index/package_run_dependencies/as2_behaviors_path_planning
[78.157s] -- Installing: /home/ayush/challenge_multi_drone/install/as2_behaviors_path_planning/share/ament_index/resource_index/parent_prefix_path/as2_behaviors_path_planning
[78.157s] -- Installing: /home/ayush/challenge_multi_drone/install/as2_behaviors_path_planning/share/as2_behaviors_path_planning/environment/ament_prefix_path.sh
[78.157s] -- Installing: /home/ayush/challenge_multi_drone/install/as2_behaviors_path_planning/share/as2_behaviors_path_planning/environment/ament_prefix_path.dsv
[78.158s] -- Installing: /home/ayush/challenge_multi_drone/install/as2_behaviors_path_planning/share/as2_behaviors_path_planning/environment/path.sh
[78.158s] -- Installing: /home/ayush/challenge_multi_drone/install/as2_behaviors_path_planning/share/as2_behaviors_path_planning/environment/path.dsv
[78.158s] -- Installing: /home/ayush/challenge_multi_drone/install/as2_behaviors_path_planning/share/as2_behaviors_path_planning/local_setup.bash
[78.158s] -- Installing: /home/ayush/challenge_multi_drone/install/as2_behaviors_path_planning/share/as2_behaviors_path_planning/local_setup.sh
[78.158s] -- Installing: /home/ayush/challenge_multi_drone/install/as2_behaviors_path_planning/share/as2_behaviors_path_planning/local_setup.zsh
[78.158s] -- Installing: /home/ayush/challenge_multi_drone/install/as2_behaviors_path_planning/share/as2_behaviors_path_planning/local_setup.dsv
[78.158s] -- Installing: /home/ayush/challenge_multi_drone/install/as2_behaviors_path_planning/share/as2_behaviors_path_planning/package.dsv
[78.158s] -- Installing: /home/ayush/challenge_multi_drone/install/as2_behaviors_path_planning/share/ament_index/resource_index/packages/as2_behaviors_path_planning
[78.159s] -- Installing: /home/ayush/challenge_multi_drone/install/as2_behaviors_path_planning/share/ament_index/resource_index/as2_behaviors_path_planning__pluginlib__plugin/as2_behaviors_path_planning
[78.159s] -- Installing: /home/ayush/challenge_multi_drone/install/as2_behaviors_path_planning/share/as2_behaviors_path_planning/cmake/as2_behaviors_path_planning_plugin_baseExport.cmake
[78.159s] -- Installing: /home/ayush/challenge_multi_drone/install/as2_behaviors_path_planning/share/as2_behaviors_path_planning/cmake/as2_behaviors_path_planning_plugin_baseExport-release.cmake
[78.159s] -- Installing: /home/ayush/challenge_multi_drone/install/as2_behaviors_path_planning/share/ament_index/resource_index/rclcpp_components/as2_behaviors_path_planning
[78.159s] -- Installing: /home/ayush/challenge_multi_drone/install/as2_behaviors_path_planning/share/as2_behaviors_path_planning/cmake/ament_cmake_export_include_directories-extras.cmake
[78.159s] -- Installing: /home/ayush/challenge_multi_drone/install/as2_behaviors_path_planning/share/as2_behaviors_path_planning/cmake/ament_cmake_export_libraries-extras.cmake
[78.160s] -- Installing: /home/ayush/challenge_multi_drone/install/as2_behaviors_path_planning/share/as2_behaviors_path_planning/cmake/ament_cmake_export_targets-extras.cmake
[78.160s] -- Installing: /home/ayush/challenge_multi_drone/install/as2_behaviors_path_planning/share/as2_behaviors_path_planning/cmake/as2_behaviors_path_planningConfig.cmake
[78.160s] -- Installing: /home/ayush/challenge_multi_drone/install/as2_behaviors_path_planning/share/as2_behaviors_path_planning/cmake/as2_behaviors_path_planningConfig-version.cmake
[78.160s] -- Installing: /home/ayush/challenge_multi_drone/install/as2_behaviors_path_planning/share/as2_behaviors_path_planning/package.xml
[78.160s] -- Up-to-date: /home/ayush/challenge_multi_drone/install/as2_behaviors_path_planning/include
[78.160s] -- Installing: /home/ayush/challenge_multi_drone/install/as2_behaviors_path_planning/include/a_star.hpp
[78.160s] -- Installing: /home/ayush/challenge_multi_drone/install/as2_behaviors_path_planning/include/a_star_algorithm.hpp
[78.160s] -- Installing: /home/ayush/challenge_multi_drone/install/as2_behaviors_path_planning/include/a_star_searcher.hpp
[78.160s] -- Installing: /home/ayush/challenge_multi_drone/install/as2_behaviors_path_planning/lib/liba_star.so
[78.161s] -- Set runtime path of "/home/ayush/challenge_multi_drone/install/as2_behaviors_path_planning/lib/liba_star.so" to ""
[78.161s] -- Up-to-date: /home/ayush/challenge_multi_drone/install/as2_behaviors_path_planning/include
[78.161s] -- Installing: /home/ayush/challenge_multi_drone/install/as2_behaviors_path_planning/include/voronoi.hpp
[78.161s] -- Installing: /home/ayush/challenge_multi_drone/install/as2_behaviors_path_planning/include/voronoi_searcher.hpp
[78.161s] -- Installing: /home/ayush/challenge_multi_drone/install/as2_behaviors_path_planning/lib/libvoronoi.so
[78.162s] -- Set runtime path of "/home/ayush/challenge_multi_drone/install/as2_behaviors_path_planning/lib/libvoronoi.so" to ""
[78.174s] Invoked command in '/home/ayush/challenge_multi_drone/build/as2_behaviors_path_planning' returned '0': AMENT_PREFIX_PATH=/home/ayush/challenge_multi_drone/install/as2_behavior:/home/ayush/challenge_multi_drone/install/as2_core:/home/ayush/challenge_multi_drone/install/as2_msgs:${AMENT_PREFIX_PATH} CMAKE_PREFIX_PATH=/home/ayush/challenge_multi_drone/install/as2_behavior:/home/ayush/challenge_multi_drone/install/as2_core:/home/ayush/challenge_multi_drone/install/as2_msgs:/home/ayush/project_gazebo_ws/install/aerostack2:/home/ayush/project_gazebo_ws/install/as2_usb_camera_interface:/home/ayush/project_gazebo_ws/install/as2_state_estimator:/home/ayush/project_gazebo_ws/install/as2_rviz_plugins:/home/ayush/project_gazebo_ws/install/as2_realsense_interface:/home/ayush/project_gazebo_ws/install/as2_platform_multirotor_simulator:/home/ayush/project_gazebo_ws/install/as2_platform_gazebo:/home/ayush/project_gazebo_ws/install/as2_motion_controller:/home/ayush/project_gazebo_ws/install/as2_behaviors_trajectory_generation:/home/ayush/project_gazebo_ws/install/as2_behaviors_motion:/home/ayush/project_gazebo_ws/install/as2_motion_reference_handlers:/home/ayush/project_gazebo_ws/install/as2_map_server:/home/ayush/project_gazebo_ws/install/as2_geozones:/home/ayush/project_gazebo_ws/install/as2_gazebo_assets:/home/ayush/project_gazebo_ws/install/as2_external_object_to_tf:/home/ayush/project_gazebo_ws/install/as2_behaviors_platform:/home/ayush/project_gazebo_ws/install/as2_behaviors_perception:/home/ayush/project_gazebo_ws/install/as2_behaviors_path_planning:/home/ayush/project_gazebo_ws/install/as2_behavior_tree:/home/ayush/project_gazebo_ws/install/as2_behavior:/home/ayush/project_gazebo_ws/install/as2_alphanumeric_viewer:/home/ayush/project_gazebo_ws/install/as2_core:/home/ayush/project_gazebo_ws/install/as2_msgs:/home/ayush/project_gazebo_ws/install/as2_cli:/home/ayush/project_gazebo_ws/install/as2_visualization:/home/ayush/project_gazebo_ws/install/as2_keyboard_teleoperation:/home/ayush/project_gazebo_ws/install/as2_python_api:/opt/ros/humble LD_LIBRARY_PATH=/home/ayush/challenge_multi_drone/install/as2_behavior/lib:/home/ayush/challenge_multi_drone/install/as2_core/lib:/home/ayush/challenge_multi_drone/install/as2_msgs/lib:${LD_LIBRARY_PATH} PYTHONPATH=/home/ayush/challenge_multi_drone/install/as2_core/local/lib/python3.10/dist-packages:/home/ayush/challenge_multi_drone/install/as2_msgs/local/lib/python3.10/dist-packages:${PYTHONPATH} /usr/bin/cmake --install /home/ayush/challenge_multi_drone/build/as2_behaviors_path_planning
