[0.020s] Invoking command in '/home/ayush/challenge_multi_drone/build/as2_platform_crazyflie': AMENT_PREFIX_PATH=/home/ayush/challenge_multi_drone/install/as2_core:/home/ayush/challenge_multi_drone/install/as2_msgs:${AMENT_PREFIX_PATH} CMAKE_PREFIX_PATH=/home/ayush/challenge_multi_drone/install/as2_core:/home/ayush/challenge_multi_drone/install/as2_msgs:/home/ayush/project_gazebo_ws/install/aerostack2:/home/ayush/project_gazebo_ws/install/as2_usb_camera_interface:/home/ayush/project_gazebo_ws/install/as2_state_estimator:/home/ayush/project_gazebo_ws/install/as2_rviz_plugins:/home/ayush/project_gazebo_ws/install/as2_realsense_interface:/home/ayush/project_gazebo_ws/install/as2_platform_multirotor_simulator:/home/ayush/project_gazebo_ws/install/as2_platform_gazebo:/home/ayush/project_gazebo_ws/install/as2_motion_controller:/home/ayush/project_gazebo_ws/install/as2_behaviors_trajectory_generation:/home/ayush/project_gazebo_ws/install/as2_behaviors_motion:/home/ayush/project_gazebo_ws/install/as2_motion_reference_handlers:/home/ayush/project_gazebo_ws/install/as2_map_server:/home/ayush/project_gazebo_ws/install/as2_geozones:/home/ayush/project_gazebo_ws/install/as2_gazebo_assets:/home/ayush/project_gazebo_ws/install/as2_external_object_to_tf:/home/ayush/project_gazebo_ws/install/as2_behaviors_platform:/home/ayush/project_gazebo_ws/install/as2_behaviors_perception:/home/ayush/project_gazebo_ws/install/as2_behaviors_path_planning:/home/ayush/project_gazebo_ws/install/as2_behavior_tree:/home/ayush/project_gazebo_ws/install/as2_behavior:/home/ayush/project_gazebo_ws/install/as2_alphanumeric_viewer:/home/ayush/project_gazebo_ws/install/as2_core:/home/ayush/project_gazebo_ws/install/as2_msgs:/home/ayush/project_gazebo_ws/install/as2_cli:/home/ayush/project_gazebo_ws/install/as2_visualization:/home/ayush/project_gazebo_ws/install/as2_keyboard_teleoperation:/home/ayush/project_gazebo_ws/install/as2_python_api:/opt/ros/humble LD_LIBRARY_PATH=/home/ayush/challenge_multi_drone/install/as2_core/lib:/home/ayush/challenge_multi_drone/install/as2_msgs/lib:${LD_LIBRARY_PATH} PYTHONPATH=/home/ayush/challenge_multi_drone/install/as2_core/local/lib/python3.10/dist-packages:/home/ayush/challenge_multi_drone/install/as2_msgs/local/lib/python3.10/dist-packages:${PYTHONPATH} /usr/bin/cmake /home/ayush/challenge_multi_drone/src/as2_platform_crazyflie -DCMAKE_INSTALL_PREFIX=/home/ayush/challenge_multi_drone/install/as2_platform_crazyflie
[0.097s] -- The C compiler identification is GNU 11.4.0
[0.172s] -- The CXX compiler identification is GNU 11.4.0
[0.182s] -- Detecting C compiler ABI info
[0.276s] -- Detecting C compiler ABI info - done
[0.287s] -- Check for working C compiler: /usr/bin/cc - skipped
[0.287s] -- Detecting C compile features
[0.288s] -- Detecting C compile features - done
[0.292s] -- Detecting CXX compiler ABI info
[0.392s] -- Detecting CXX compiler ABI info - done
[0.403s] -- Check for working CXX compiler: /usr/bin/c++ - skipped
[0.403s] -- Detecting CXX compile features
[0.403s] -- Detecting CXX compile features - done
[0.408s] -- Found ament_cmake: 1.3.11 (/opt/ros/humble/share/ament_cmake/cmake)
[0.677s] -- Found Python3: /usr/bin/python3 (found version "3.10.12") found components: Interpreter 
[0.807s] -- Found rclpy: 3.3.15 (/opt/ros/humble/share/rclpy/cmake)
[0.810s] -- Found rclcpp: 16.0.11 (/opt/ros/humble/share/rclcpp/cmake)
[0.871s] -- Found rosidl_generator_c: 3.1.6 (/opt/ros/humble/share/rosidl_generator_c/cmake)
[0.878s] -- Found rosidl_adapter: 3.1.6 (/opt/ros/humble/share/rosidl_adapter/cmake)
[0.891s] -- Found rosidl_generator_cpp: 3.1.6 (/opt/ros/humble/share/rosidl_generator_cpp/cmake)
[0.906s] -- Using all available rosidl_typesupport_c: rosidl_typesupport_fastrtps_c;rosidl_typesupport_introspection_c
[0.927s] -- Using all available rosidl_typesupport_cpp: rosidl_typesupport_fastrtps_cpp;rosidl_typesupport_introspection_cpp
[0.988s] -- Found rmw_implementation_cmake: 6.1.2 (/opt/ros/humble/share/rmw_implementation_cmake/cmake)
[0.992s] -- Found rmw_fastrtps_cpp: 6.2.7 (/opt/ros/humble/share/rmw_fastrtps_cpp/cmake)
[1.110s] -- Found OpenSSL: /usr/lib/x86_64-linux-gnu/libcrypto.so (found version "3.0.2")  
[1.150s] -- Found FastRTPS: /opt/ros/humble/include  
[1.209s] -- Using RMW implementation 'rmw_fastrtps_cpp' as default
[1.228s] -- Looking for pthread.h
[1.319s] -- Looking for pthread.h - found
[1.320s] -- Performing Test CMAKE_HAVE_LIBC_PTHREAD
[1.419s] -- Performing Test CMAKE_HAVE_LIBC_PTHREAD - Success
[1.420s] -- Found Threads: TRUE  
[1.505s] -- Found sensor_msgs: 4.2.4 (/opt/ros/humble/share/sensor_msgs/cmake)
[1.538s] -- Found std_srvs: 4.2.4 (/opt/ros/humble/share/std_srvs/cmake)
[1.549s] -- Found nav_msgs: 4.2.4 (/opt/ros/humble/share/nav_msgs/cmake)
[1.565s] -- Found as2_core: 1.1.2 (/home/ayush/challenge_multi_drone/install/as2_core/share/as2_core/cmake)
[1.670s] -- Found eigen3_cmake_module: 0.1.1 (/opt/ros/humble/share/eigen3_cmake_module/cmake)
[1.672s] -- Found Eigen3: TRUE (found version "3.4.0") 
[1.672s] -- Ensuring Eigen3 include directory is part of orocos-kdl CMake target
[1.845s] -- crazyflie_cpp not found
[9.582s] -- Found libusb: /usr/lib/x86_64-linux-gnu/libusb-1.0.so  
[9.601s] -- Found ament_lint_auto: 0.12.11 (/opt/ros/humble/share/ament_lint_auto/cmake)
[9.735s] -- Added test 'copyright' to check source files copyright and LICENSE
[9.738s] -- Added test 'cppcheck' to perform static code analysis on C / C++ code
[9.739s] -- Configured cppcheck include dirs: /home/ayush/challenge_multi_drone/src/as2_platform_crazyflie/include;/home/ayush/challenge_multi_drone/src/as2_platform_crazyflie/include/as2_platform_crazyflie
[9.739s] -- Configured cppcheck exclude dirs and/or files: 
[9.741s] -- Added test 'cpplint' to check C / C++ code against the Google style
[9.741s] -- Configured cpplint exclude dirs and/or files: 
[9.742s] -- Added test 'flake8' to check Python code syntax and style conventions
[9.743s] -- Added test 'lint_cmake' to check CMake code style
[9.744s] -- Added test 'pep257' to check Python code against some of the docstring style conventions in PEP 257
[9.747s] -- Added test 'uncrustify' to check C / C++ code style
[9.747s] -- Configured uncrustify additional arguments: 
[9.748s] -- Added test 'xmllint' to check XML markup files
[9.750s] -- Configuring done
[9.780s] -- Generating done
[9.789s] -- Build files have been written to: /home/ayush/challenge_multi_drone/build/as2_platform_crazyflie
[9.806s] Invoked command in '/home/ayush/challenge_multi_drone/build/as2_platform_crazyflie' returned '0': AMENT_PREFIX_PATH=/home/ayush/challenge_multi_drone/install/as2_core:/home/ayush/challenge_multi_drone/install/as2_msgs:${AMENT_PREFIX_PATH} CMAKE_PREFIX_PATH=/home/ayush/challenge_multi_drone/install/as2_core:/home/ayush/challenge_multi_drone/install/as2_msgs:/home/ayush/project_gazebo_ws/install/aerostack2:/home/ayush/project_gazebo_ws/install/as2_usb_camera_interface:/home/ayush/project_gazebo_ws/install/as2_state_estimator:/home/ayush/project_gazebo_ws/install/as2_rviz_plugins:/home/ayush/project_gazebo_ws/install/as2_realsense_interface:/home/ayush/project_gazebo_ws/install/as2_platform_multirotor_simulator:/home/ayush/project_gazebo_ws/install/as2_platform_gazebo:/home/ayush/project_gazebo_ws/install/as2_motion_controller:/home/ayush/project_gazebo_ws/install/as2_behaviors_trajectory_generation:/home/ayush/project_gazebo_ws/install/as2_behaviors_motion:/home/ayush/project_gazebo_ws/install/as2_motion_reference_handlers:/home/ayush/project_gazebo_ws/install/as2_map_server:/home/ayush/project_gazebo_ws/install/as2_geozones:/home/ayush/project_gazebo_ws/install/as2_gazebo_assets:/home/ayush/project_gazebo_ws/install/as2_external_object_to_tf:/home/ayush/project_gazebo_ws/install/as2_behaviors_platform:/home/ayush/project_gazebo_ws/install/as2_behaviors_perception:/home/ayush/project_gazebo_ws/install/as2_behaviors_path_planning:/home/ayush/project_gazebo_ws/install/as2_behavior_tree:/home/ayush/project_gazebo_ws/install/as2_behavior:/home/ayush/project_gazebo_ws/install/as2_alphanumeric_viewer:/home/ayush/project_gazebo_ws/install/as2_core:/home/ayush/project_gazebo_ws/install/as2_msgs:/home/ayush/project_gazebo_ws/install/as2_cli:/home/ayush/project_gazebo_ws/install/as2_visualization:/home/ayush/project_gazebo_ws/install/as2_keyboard_teleoperation:/home/ayush/project_gazebo_ws/install/as2_python_api:/opt/ros/humble LD_LIBRARY_PATH=/home/ayush/challenge_multi_drone/install/as2_core/lib:/home/ayush/challenge_multi_drone/install/as2_msgs/lib:${LD_LIBRARY_PATH} PYTHONPATH=/home/ayush/challenge_multi_drone/install/as2_core/local/lib/python3.10/dist-packages:/home/ayush/challenge_multi_drone/install/as2_msgs/local/lib/python3.10/dist-packages:${PYTHONPATH} /usr/bin/cmake /home/ayush/challenge_multi_drone/src/as2_platform_crazyflie -DCMAKE_INSTALL_PREFIX=/home/ayush/challenge_multi_drone/install/as2_platform_crazyflie
[9.808s] Invoking command in '/home/ayush/challenge_multi_drone/build/as2_platform_crazyflie': AMENT_PREFIX_PATH=/home/ayush/challenge_multi_drone/install/as2_core:/home/ayush/challenge_multi_drone/install/as2_msgs:${AMENT_PREFIX_PATH} CMAKE_PREFIX_PATH=/home/ayush/challenge_multi_drone/install/as2_core:/home/ayush/challenge_multi_drone/install/as2_msgs:/home/ayush/project_gazebo_ws/install/aerostack2:/home/ayush/project_gazebo_ws/install/as2_usb_camera_interface:/home/ayush/project_gazebo_ws/install/as2_state_estimator:/home/ayush/project_gazebo_ws/install/as2_rviz_plugins:/home/ayush/project_gazebo_ws/install/as2_realsense_interface:/home/ayush/project_gazebo_ws/install/as2_platform_multirotor_simulator:/home/ayush/project_gazebo_ws/install/as2_platform_gazebo:/home/ayush/project_gazebo_ws/install/as2_motion_controller:/home/ayush/project_gazebo_ws/install/as2_behaviors_trajectory_generation:/home/ayush/project_gazebo_ws/install/as2_behaviors_motion:/home/ayush/project_gazebo_ws/install/as2_motion_reference_handlers:/home/ayush/project_gazebo_ws/install/as2_map_server:/home/ayush/project_gazebo_ws/install/as2_geozones:/home/ayush/project_gazebo_ws/install/as2_gazebo_assets:/home/ayush/project_gazebo_ws/install/as2_external_object_to_tf:/home/ayush/project_gazebo_ws/install/as2_behaviors_platform:/home/ayush/project_gazebo_ws/install/as2_behaviors_perception:/home/ayush/project_gazebo_ws/install/as2_behaviors_path_planning:/home/ayush/project_gazebo_ws/install/as2_behavior_tree:/home/ayush/project_gazebo_ws/install/as2_behavior:/home/ayush/project_gazebo_ws/install/as2_alphanumeric_viewer:/home/ayush/project_gazebo_ws/install/as2_core:/home/ayush/project_gazebo_ws/install/as2_msgs:/home/ayush/project_gazebo_ws/install/as2_cli:/home/ayush/project_gazebo_ws/install/as2_visualization:/home/ayush/project_gazebo_ws/install/as2_keyboard_teleoperation:/home/ayush/project_gazebo_ws/install/as2_python_api:/opt/ros/humble LD_LIBRARY_PATH=/home/ayush/challenge_multi_drone/install/as2_core/lib:/home/ayush/challenge_multi_drone/install/as2_msgs/lib:${LD_LIBRARY_PATH} PYTHONPATH=/home/ayush/challenge_multi_drone/install/as2_core/local/lib/python3.10/dist-packages:/home/ayush/challenge_multi_drone/install/as2_msgs/local/lib/python3.10/dist-packages:${PYTHONPATH} /usr/bin/cmake --build /home/ayush/challenge_multi_drone/build/as2_platform_crazyflie -- -j12 -l12
[9.868s] [  5%] [32mBuilding CXX object _deps/crazyflie_cpp-build/crazyflie-link-cpp/CMakeFiles/crazyflieLinkCpp.dir/src/Version.cpp.o[0m
[9.868s] [ 11%] [32mBuilding CXX object _deps/crazyflie_cpp-build/crazyflie-link-cpp/CMakeFiles/crazyflieLinkCpp.dir/src/Connection.cpp.o[0m
[9.869s] [ 27%] [32mBuilding CXX object _deps/crazyflie_cpp-build/crazyflie-link-cpp/CMakeFiles/crazyflieLinkCpp.dir/src/USBDevice.cpp.o[0m
[9.869s] [ 27%] [32mBuilding CXX object _deps/crazyflie_cpp-build/crazyflie-link-cpp/CMakeFiles/crazyflieLinkCpp.dir/src/USBManager.cpp.o[0m
[9.869s] [ 27%] [32mBuilding CXX object _deps/crazyflie_cpp-build/crazyflie-link-cpp/CMakeFiles/crazyflieLinkCpp.dir/src/Crazyradio.cpp.o[0m
[9.870s] [ 44%] [32mBuilding CXX object _deps/crazyflie_cpp-build/crazyflie-link-cpp/CMakeFiles/crazyflieLinkCpp.dir/src/CrazyflieUSBThread.cpp.o[0m
[9.871s] [ 44%] [32mBuilding CXX object _deps/crazyflie_cpp-build/crazyflie-link-cpp/CMakeFiles/crazyflieLinkCpp.dir/src/CrazyflieUSB.cpp.o[0m
[9.871s] [ 44%] [32mBuilding CXX object _deps/crazyflie_cpp-build/crazyflie-link-cpp/CMakeFiles/crazyflieLinkCpp.dir/src/CrazyradioThread.cpp.o[0m
[9.905s] [ 44%] Built target ament_cmake_python_copy_as2_platform_crazyflie
[10.346s] running egg_info
[10.347s] creating as2_platform_crazyflie.egg-info
[10.347s] writing as2_platform_crazyflie.egg-info/PKG-INFO
[10.348s] writing dependency_links to as2_platform_crazyflie.egg-info/dependency_links.txt
[10.348s] writing top-level names to as2_platform_crazyflie.egg-info/top_level.txt
[10.348s] writing manifest file 'as2_platform_crazyflie.egg-info/SOURCES.txt'
[10.353s] reading manifest file 'as2_platform_crazyflie.egg-info/SOURCES.txt'
[10.354s] writing manifest file 'as2_platform_crazyflie.egg-info/SOURCES.txt'
[10.405s] [ 44%] Built target ament_cmake_python_build_as2_platform_crazyflie_egg
[13.385s] [ 50%] [32m[1mLinking CXX static library libcrazyflieLinkCpp.a[0m
[13.467s] [ 50%] Built target crazyflieLinkCpp
[13.492s] [ 55%] [32mBuilding CXX object _deps/crazyflie_cpp-build/CMakeFiles/crazyflie_cpp.dir/src/crtp.cpp.o[0m
[13.493s] [ 61%] [32mBuilding CXX object _deps/crazyflie_cpp-build/CMakeFiles/crazyflie_cpp.dir/src/Crazyflie.cpp.o[0m
[15.949s] [ 66%] [32m[1mLinking CXX static library libcrazyflie_cpp.a[0m
[16.019s] [ 66%] Built target crazyflie_cpp
[16.049s] [ 72%] [32mBuilding CXX object CMakeFiles/as2_platform_crazyflie_swarm_node.dir/src/crazyflie_swarm_nodes.cpp.o[0m
[16.049s] [ 77%] [32mBuilding CXX object CMakeFiles/as2_platform_crazyflie_swarm_node.dir/src/crazyflie_platform.cpp.o[0m
[16.049s] [ 88%] [32mBuilding CXX object CMakeFiles/as2_platform_crazyflie_node.dir/src/crazyflie_platform.cpp.o[0m
[16.049s] [ 88%] [32mBuilding CXX object CMakeFiles/as2_platform_crazyflie_node.dir/src/crazyflie_node.cpp.o[0m
[37.330s] [ 94%] [32m[1mLinking CXX executable as2_platform_crazyflie_swarm_node[0m
[39.087s] [ 94%] Built target as2_platform_crazyflie_swarm_node
[39.563s] [100%] [32m[1mLinking CXX executable as2_platform_crazyflie_node[0m
[40.975s] [100%] Built target as2_platform_crazyflie_node
[40.986s] Invoked command in '/home/ayush/challenge_multi_drone/build/as2_platform_crazyflie' returned '0': AMENT_PREFIX_PATH=/home/ayush/challenge_multi_drone/install/as2_core:/home/ayush/challenge_multi_drone/install/as2_msgs:${AMENT_PREFIX_PATH} CMAKE_PREFIX_PATH=/home/ayush/challenge_multi_drone/install/as2_core:/home/ayush/challenge_multi_drone/install/as2_msgs:/home/ayush/project_gazebo_ws/install/aerostack2:/home/ayush/project_gazebo_ws/install/as2_usb_camera_interface:/home/ayush/project_gazebo_ws/install/as2_state_estimator:/home/ayush/project_gazebo_ws/install/as2_rviz_plugins:/home/ayush/project_gazebo_ws/install/as2_realsense_interface:/home/ayush/project_gazebo_ws/install/as2_platform_multirotor_simulator:/home/ayush/project_gazebo_ws/install/as2_platform_gazebo:/home/ayush/project_gazebo_ws/install/as2_motion_controller:/home/ayush/project_gazebo_ws/install/as2_behaviors_trajectory_generation:/home/ayush/project_gazebo_ws/install/as2_behaviors_motion:/home/ayush/project_gazebo_ws/install/as2_motion_reference_handlers:/home/ayush/project_gazebo_ws/install/as2_map_server:/home/ayush/project_gazebo_ws/install/as2_geozones:/home/ayush/project_gazebo_ws/install/as2_gazebo_assets:/home/ayush/project_gazebo_ws/install/as2_external_object_to_tf:/home/ayush/project_gazebo_ws/install/as2_behaviors_platform:/home/ayush/project_gazebo_ws/install/as2_behaviors_perception:/home/ayush/project_gazebo_ws/install/as2_behaviors_path_planning:/home/ayush/project_gazebo_ws/install/as2_behavior_tree:/home/ayush/project_gazebo_ws/install/as2_behavior:/home/ayush/project_gazebo_ws/install/as2_alphanumeric_viewer:/home/ayush/project_gazebo_ws/install/as2_core:/home/ayush/project_gazebo_ws/install/as2_msgs:/home/ayush/project_gazebo_ws/install/as2_cli:/home/ayush/project_gazebo_ws/install/as2_visualization:/home/ayush/project_gazebo_ws/install/as2_keyboard_teleoperation:/home/ayush/project_gazebo_ws/install/as2_python_api:/opt/ros/humble LD_LIBRARY_PATH=/home/ayush/challenge_multi_drone/install/as2_core/lib:/home/ayush/challenge_multi_drone/install/as2_msgs/lib:${LD_LIBRARY_PATH} PYTHONPATH=/home/ayush/challenge_multi_drone/install/as2_core/local/lib/python3.10/dist-packages:/home/ayush/challenge_multi_drone/install/as2_msgs/local/lib/python3.10/dist-packages:${PYTHONPATH} /usr/bin/cmake --build /home/ayush/challenge_multi_drone/build/as2_platform_crazyflie -- -j12 -l12
[40.988s] Invoking command in '/home/ayush/challenge_multi_drone/build/as2_platform_crazyflie': AMENT_PREFIX_PATH=/home/ayush/challenge_multi_drone/install/as2_core:/home/ayush/challenge_multi_drone/install/as2_msgs:${AMENT_PREFIX_PATH} CMAKE_PREFIX_PATH=/home/ayush/challenge_multi_drone/install/as2_core:/home/ayush/challenge_multi_drone/install/as2_msgs:/home/ayush/project_gazebo_ws/install/aerostack2:/home/ayush/project_gazebo_ws/install/as2_usb_camera_interface:/home/ayush/project_gazebo_ws/install/as2_state_estimator:/home/ayush/project_gazebo_ws/install/as2_rviz_plugins:/home/ayush/project_gazebo_ws/install/as2_realsense_interface:/home/ayush/project_gazebo_ws/install/as2_platform_multirotor_simulator:/home/ayush/project_gazebo_ws/install/as2_platform_gazebo:/home/ayush/project_gazebo_ws/install/as2_motion_controller:/home/ayush/project_gazebo_ws/install/as2_behaviors_trajectory_generation:/home/ayush/project_gazebo_ws/install/as2_behaviors_motion:/home/ayush/project_gazebo_ws/install/as2_motion_reference_handlers:/home/ayush/project_gazebo_ws/install/as2_map_server:/home/ayush/project_gazebo_ws/install/as2_geozones:/home/ayush/project_gazebo_ws/install/as2_gazebo_assets:/home/ayush/project_gazebo_ws/install/as2_external_object_to_tf:/home/ayush/project_gazebo_ws/install/as2_behaviors_platform:/home/ayush/project_gazebo_ws/install/as2_behaviors_perception:/home/ayush/project_gazebo_ws/install/as2_behaviors_path_planning:/home/ayush/project_gazebo_ws/install/as2_behavior_tree:/home/ayush/project_gazebo_ws/install/as2_behavior:/home/ayush/project_gazebo_ws/install/as2_alphanumeric_viewer:/home/ayush/project_gazebo_ws/install/as2_core:/home/ayush/project_gazebo_ws/install/as2_msgs:/home/ayush/project_gazebo_ws/install/as2_cli:/home/ayush/project_gazebo_ws/install/as2_visualization:/home/ayush/project_gazebo_ws/install/as2_keyboard_teleoperation:/home/ayush/project_gazebo_ws/install/as2_python_api:/opt/ros/humble LD_LIBRARY_PATH=/home/ayush/challenge_multi_drone/install/as2_core/lib:/home/ayush/challenge_multi_drone/install/as2_msgs/lib:${LD_LIBRARY_PATH} PYTHONPATH=/home/ayush/challenge_multi_drone/install/as2_core/local/lib/python3.10/dist-packages:/home/ayush/challenge_multi_drone/install/as2_msgs/local/lib/python3.10/dist-packages:${PYTHONPATH} /usr/bin/cmake --install /home/ayush/challenge_multi_drone/build/as2_platform_crazyflie
[40.996s] -- Install configuration: ""
[40.996s] -- Installing: /home/ayush/challenge_multi_drone/install/as2_platform_crazyflie/share/as2_platform_crazyflie/launch
[40.997s] -- Installing: /home/ayush/challenge_multi_drone/install/as2_platform_crazyflie/share/as2_platform_crazyflie/launch/crazyflie_aideck_stream_launch.py
[40.997s] -- Installing: /home/ayush/challenge_multi_drone/install/as2_platform_crazyflie/share/as2_platform_crazyflie/launch/crazyflie_swarm_launch.py
[40.997s] -- Installing: /home/ayush/challenge_multi_drone/install/as2_platform_crazyflie/share/as2_platform_crazyflie/config
[40.997s] -- Installing: /home/ayush/challenge_multi_drone/install/as2_platform_crazyflie/share/as2_platform_crazyflie/config/control_modes.yaml
[40.997s] -- Installing: /home/ayush/challenge_multi_drone/install/as2_platform_crazyflie/share/as2_platform_crazyflie/config/aideck_config_file.yaml
[40.997s] -- Installing: /home/ayush/challenge_multi_drone/install/as2_platform_crazyflie/share/as2_platform_crazyflie/config/swarm_config_file.yaml
[40.997s] -- Installing: /home/ayush/challenge_multi_drone/install/as2_platform_crazyflie/share/as2_platform_crazyflie/config/camera_calibration.yaml
[40.997s] -- Installing: /home/ayush/challenge_multi_drone/install/as2_platform_crazyflie/share/as2_platform_crazyflie/config/platform_config_file.yaml
[40.997s] -- Installing: /home/ayush/challenge_multi_drone/install/as2_platform_crazyflie/lib/as2_platform_crazyflie/as2_platform_crazyflie_node
[41.004s] -- Set runtime path of "/home/ayush/challenge_multi_drone/install/as2_platform_crazyflie/lib/as2_platform_crazyflie/as2_platform_crazyflie_node" to ""
[41.004s] -- Installing: /home/ayush/challenge_multi_drone/install/as2_platform_crazyflie/lib/as2_platform_crazyflie/as2_platform_crazyflie_swarm_node
[41.010s] -- Set runtime path of "/home/ayush/challenge_multi_drone/install/as2_platform_crazyflie/lib/as2_platform_crazyflie/as2_platform_crazyflie_swarm_node" to ""
[41.010s] -- Installing: /home/ayush/challenge_multi_drone/install/as2_platform_crazyflie/share/as2_platform_crazyflie/environment/pythonpath.sh
[41.010s] -- Installing: /home/ayush/challenge_multi_drone/install/as2_platform_crazyflie/share/as2_platform_crazyflie/environment/pythonpath.dsv
[41.010s] -- Installing: /home/ayush/challenge_multi_drone/install/as2_platform_crazyflie/local/lib/python3.10/dist-packages/as2_platform_crazyflie-1.1.0-py3.10.egg-info
[41.010s] -- Installing: /home/ayush/challenge_multi_drone/install/as2_platform_crazyflie/local/lib/python3.10/dist-packages/as2_platform_crazyflie-1.1.0-py3.10.egg-info/dependency_links.txt
[41.010s] -- Installing: /home/ayush/challenge_multi_drone/install/as2_platform_crazyflie/local/lib/python3.10/dist-packages/as2_platform_crazyflie-1.1.0-py3.10.egg-info/SOURCES.txt
[41.011s] -- Installing: /home/ayush/challenge_multi_drone/install/as2_platform_crazyflie/local/lib/python3.10/dist-packages/as2_platform_crazyflie-1.1.0-py3.10.egg-info/PKG-INFO
[41.011s] -- Installing: /home/ayush/challenge_multi_drone/install/as2_platform_crazyflie/local/lib/python3.10/dist-packages/as2_platform_crazyflie-1.1.0-py3.10.egg-info/top_level.txt
[41.011s] -- Installing: /home/ayush/challenge_multi_drone/install/as2_platform_crazyflie/local/lib/python3.10/dist-packages/as2_platform_crazyflie
[41.011s] -- Installing: /home/ayush/challenge_multi_drone/install/as2_platform_crazyflie/local/lib/python3.10/dist-packages/as2_platform_crazyflie/viewer.py
[41.011s] -- Installing: /home/ayush/challenge_multi_drone/install/as2_platform_crazyflie/local/lib/python3.10/dist-packages/as2_platform_crazyflie/__init__.py
[41.056s] Listing '/home/ayush/challenge_multi_drone/install/as2_platform_crazyflie/local/lib/python3.10/dist-packages/as2_platform_crazyflie'...
[41.056s] Compiling '/home/ayush/challenge_multi_drone/install/as2_platform_crazyflie/local/lib/python3.10/dist-packages/as2_platform_crazyflie/__init__.py'...
[41.056s] Compiling '/home/ayush/challenge_multi_drone/install/as2_platform_crazyflie/local/lib/python3.10/dist-packages/as2_platform_crazyflie/viewer.py'...
[41.061s] -- Installing: /home/ayush/challenge_multi_drone/install/as2_platform_crazyflie/lib/as2_platform_crazyflie/aideck_node.py
[41.061s] -- Installing: /home/ayush/challenge_multi_drone/install/as2_platform_crazyflie/share/ament_index/resource_index/package_run_dependencies/as2_platform_crazyflie
[41.061s] -- Installing: /home/ayush/challenge_multi_drone/install/as2_platform_crazyflie/share/ament_index/resource_index/parent_prefix_path/as2_platform_crazyflie
[41.061s] -- Installing: /home/ayush/challenge_multi_drone/install/as2_platform_crazyflie/share/as2_platform_crazyflie/environment/ament_prefix_path.sh
[41.061s] -- Installing: /home/ayush/challenge_multi_drone/install/as2_platform_crazyflie/share/as2_platform_crazyflie/environment/ament_prefix_path.dsv
[41.062s] -- Installing: /home/ayush/challenge_multi_drone/install/as2_platform_crazyflie/share/as2_platform_crazyflie/environment/path.sh
[41.062s] -- Installing: /home/ayush/challenge_multi_drone/install/as2_platform_crazyflie/share/as2_platform_crazyflie/environment/path.dsv
[41.062s] -- Installing: /home/ayush/challenge_multi_drone/install/as2_platform_crazyflie/share/as2_platform_crazyflie/local_setup.bash
[41.062s] -- Installing: /home/ayush/challenge_multi_drone/install/as2_platform_crazyflie/share/as2_platform_crazyflie/local_setup.sh
[41.062s] -- Installing: /home/ayush/challenge_multi_drone/install/as2_platform_crazyflie/share/as2_platform_crazyflie/local_setup.zsh
[41.062s] -- Installing: /home/ayush/challenge_multi_drone/install/as2_platform_crazyflie/share/as2_platform_crazyflie/local_setup.dsv
[41.062s] -- Installing: /home/ayush/challenge_multi_drone/install/as2_platform_crazyflie/share/as2_platform_crazyflie/package.dsv
[41.062s] -- Installing: /home/ayush/challenge_multi_drone/install/as2_platform_crazyflie/share/ament_index/resource_index/packages/as2_platform_crazyflie
[41.062s] -- Installing: /home/ayush/challenge_multi_drone/install/as2_platform_crazyflie/share/as2_platform_crazyflie/cmake/as2_platform_crazyflieConfig.cmake
[41.063s] -- Installing: /home/ayush/challenge_multi_drone/install/as2_platform_crazyflie/share/as2_platform_crazyflie/cmake/as2_platform_crazyflieConfig-version.cmake
[41.063s] -- Installing: /home/ayush/challenge_multi_drone/install/as2_platform_crazyflie/share/as2_platform_crazyflie/package.xml
[41.065s] Invoked command in '/home/ayush/challenge_multi_drone/build/as2_platform_crazyflie' returned '0': AMENT_PREFIX_PATH=/home/ayush/challenge_multi_drone/install/as2_core:/home/ayush/challenge_multi_drone/install/as2_msgs:${AMENT_PREFIX_PATH} CMAKE_PREFIX_PATH=/home/ayush/challenge_multi_drone/install/as2_core:/home/ayush/challenge_multi_drone/install/as2_msgs:/home/ayush/project_gazebo_ws/install/aerostack2:/home/ayush/project_gazebo_ws/install/as2_usb_camera_interface:/home/ayush/project_gazebo_ws/install/as2_state_estimator:/home/ayush/project_gazebo_ws/install/as2_rviz_plugins:/home/ayush/project_gazebo_ws/install/as2_realsense_interface:/home/ayush/project_gazebo_ws/install/as2_platform_multirotor_simulator:/home/ayush/project_gazebo_ws/install/as2_platform_gazebo:/home/ayush/project_gazebo_ws/install/as2_motion_controller:/home/ayush/project_gazebo_ws/install/as2_behaviors_trajectory_generation:/home/ayush/project_gazebo_ws/install/as2_behaviors_motion:/home/ayush/project_gazebo_ws/install/as2_motion_reference_handlers:/home/ayush/project_gazebo_ws/install/as2_map_server:/home/ayush/project_gazebo_ws/install/as2_geozones:/home/ayush/project_gazebo_ws/install/as2_gazebo_assets:/home/ayush/project_gazebo_ws/install/as2_external_object_to_tf:/home/ayush/project_gazebo_ws/install/as2_behaviors_platform:/home/ayush/project_gazebo_ws/install/as2_behaviors_perception:/home/ayush/project_gazebo_ws/install/as2_behaviors_path_planning:/home/ayush/project_gazebo_ws/install/as2_behavior_tree:/home/ayush/project_gazebo_ws/install/as2_behavior:/home/ayush/project_gazebo_ws/install/as2_alphanumeric_viewer:/home/ayush/project_gazebo_ws/install/as2_core:/home/ayush/project_gazebo_ws/install/as2_msgs:/home/ayush/project_gazebo_ws/install/as2_cli:/home/ayush/project_gazebo_ws/install/as2_visualization:/home/ayush/project_gazebo_ws/install/as2_keyboard_teleoperation:/home/ayush/project_gazebo_ws/install/as2_python_api:/opt/ros/humble LD_LIBRARY_PATH=/home/ayush/challenge_multi_drone/install/as2_core/lib:/home/ayush/challenge_multi_drone/install/as2_msgs/lib:${LD_LIBRARY_PATH} PYTHONPATH=/home/ayush/challenge_multi_drone/install/as2_core/local/lib/python3.10/dist-packages:/home/ayush/challenge_multi_drone/install/as2_msgs/local/lib/python3.10/dist-packages:${PYTHONPATH} /usr/bin/cmake --install /home/ayush/challenge_multi_drone/build/as2_platform_crazyflie
