[0.011s] Invoking command in '/home/ayush/challenge_multi_drone/build/as2_platform_crazyflie': AMENT_PREFIX_PATH=/home/ayush/challenge_multi_drone/install/as2_core:/home/ayush/challenge_multi_drone/install/as2_msgs:${AMENT_PREFIX_PATH} CMAKE_PREFIX_PATH=/home/ayush/challenge_multi_drone/install/as2_core:/home/ayush/challenge_multi_drone/install/as2_msgs:/home/ayush/project_gazebo_ws/install/aerostack2:/home/ayush/project_gazebo_ws/install/as2_usb_camera_interface:/home/ayush/project_gazebo_ws/install/as2_state_estimator:/home/ayush/project_gazebo_ws/install/as2_rviz_plugins:/home/ayush/project_gazebo_ws/install/as2_realsense_interface:/home/ayush/project_gazebo_ws/install/as2_platform_multirotor_simulator:/home/ayush/project_gazebo_ws/install/as2_platform_gazebo:/home/ayush/project_gazebo_ws/install/as2_motion_controller:/home/ayush/project_gazebo_ws/install/as2_behaviors_trajectory_generation:/home/ayush/project_gazebo_ws/install/as2_behaviors_motion:/home/ayush/project_gazebo_ws/install/as2_motion_reference_handlers:/home/ayush/project_gazebo_ws/install/as2_map_server:/home/ayush/project_gazebo_ws/install/as2_geozones:/home/ayush/project_gazebo_ws/install/as2_gazebo_assets:/home/ayush/project_gazebo_ws/install/as2_external_object_to_tf:/home/ayush/project_gazebo_ws/install/as2_behaviors_platform:/home/ayush/project_gazebo_ws/install/as2_behaviors_perception:/home/ayush/project_gazebo_ws/install/as2_behaviors_path_planning:/home/ayush/project_gazebo_ws/install/as2_behavior_tree:/home/ayush/project_gazebo_ws/install/as2_behavior:/home/ayush/project_gazebo_ws/install/as2_alphanumeric_viewer:/home/ayush/project_gazebo_ws/install/as2_core:/home/ayush/project_gazebo_ws/install/as2_msgs:/home/ayush/project_gazebo_ws/install/as2_cli:/home/ayush/project_gazebo_ws/install/as2_visualization:/home/ayush/project_gazebo_ws/install/as2_keyboard_teleoperation:/home/ayush/project_gazebo_ws/install/as2_python_api:/opt/ros/humble LD_LIBRARY_PATH=/home/ayush/challenge_multi_drone/install/as2_core/lib:/home/ayush/challenge_multi_drone/install/as2_msgs/lib:${LD_LIBRARY_PATH} PYTHONPATH=/home/ayush/challenge_multi_drone/install/as2_core/local/lib/python3.10/dist-packages:/home/ayush/challenge_multi_drone/install/as2_msgs/local/lib/python3.10/dist-packages:${PYTHONPATH} /usr/bin/cmake --build /home/ayush/challenge_multi_drone/build/as2_platform_crazyflie -- -j12 -l12
[0.060s] [35m[1mConsolidate compiler generated dependencies of target crazyflieLinkCpp[0m
[0.071s] [  0%] Built target ament_cmake_python_copy_as2_platform_crazyflie
[0.076s] [ 50%] Built target crazyflieLinkCpp
[0.089s] [35m[1mConsolidate compiler generated dependencies of target crazyflie_cpp[0m
[0.102s] [ 66%] Built target crazyflie_cpp
[0.116s] [35m[1mConsolidate compiler generated dependencies of target as2_platform_crazyflie_node[0m
[0.117s] [35m[1mConsolidate compiler generated dependencies of target as2_platform_crazyflie_swarm_node[0m
[0.143s] [ 94%] Built target as2_platform_crazyflie_node
[0.143s] [100%] Built target as2_platform_crazyflie_swarm_node
[0.244s] running egg_info
[0.244s] writing as2_platform_crazyflie.egg-info/PKG-INFO
[0.244s] writing dependency_links to as2_platform_crazyflie.egg-info/dependency_links.txt
[0.244s] writing top-level names to as2_platform_crazyflie.egg-info/top_level.txt
[0.247s] reading manifest file 'as2_platform_crazyflie.egg-info/SOURCES.txt'
[0.247s] writing manifest file 'as2_platform_crazyflie.egg-info/SOURCES.txt'
[0.271s] [100%] Built target ament_cmake_python_build_as2_platform_crazyflie_egg
[0.282s] Invoked command in '/home/ayush/challenge_multi_drone/build/as2_platform_crazyflie' returned '0': AMENT_PREFIX_PATH=/home/ayush/challenge_multi_drone/install/as2_core:/home/ayush/challenge_multi_drone/install/as2_msgs:${AMENT_PREFIX_PATH} CMAKE_PREFIX_PATH=/home/ayush/challenge_multi_drone/install/as2_core:/home/ayush/challenge_multi_drone/install/as2_msgs:/home/ayush/project_gazebo_ws/install/aerostack2:/home/ayush/project_gazebo_ws/install/as2_usb_camera_interface:/home/ayush/project_gazebo_ws/install/as2_state_estimator:/home/ayush/project_gazebo_ws/install/as2_rviz_plugins:/home/ayush/project_gazebo_ws/install/as2_realsense_interface:/home/ayush/project_gazebo_ws/install/as2_platform_multirotor_simulator:/home/ayush/project_gazebo_ws/install/as2_platform_gazebo:/home/ayush/project_gazebo_ws/install/as2_motion_controller:/home/ayush/project_gazebo_ws/install/as2_behaviors_trajectory_generation:/home/ayush/project_gazebo_ws/install/as2_behaviors_motion:/home/ayush/project_gazebo_ws/install/as2_motion_reference_handlers:/home/ayush/project_gazebo_ws/install/as2_map_server:/home/ayush/project_gazebo_ws/install/as2_geozones:/home/ayush/project_gazebo_ws/install/as2_gazebo_assets:/home/ayush/project_gazebo_ws/install/as2_external_object_to_tf:/home/ayush/project_gazebo_ws/install/as2_behaviors_platform:/home/ayush/project_gazebo_ws/install/as2_behaviors_perception:/home/ayush/project_gazebo_ws/install/as2_behaviors_path_planning:/home/ayush/project_gazebo_ws/install/as2_behavior_tree:/home/ayush/project_gazebo_ws/install/as2_behavior:/home/ayush/project_gazebo_ws/install/as2_alphanumeric_viewer:/home/ayush/project_gazebo_ws/install/as2_core:/home/ayush/project_gazebo_ws/install/as2_msgs:/home/ayush/project_gazebo_ws/install/as2_cli:/home/ayush/project_gazebo_ws/install/as2_visualization:/home/ayush/project_gazebo_ws/install/as2_keyboard_teleoperation:/home/ayush/project_gazebo_ws/install/as2_python_api:/opt/ros/humble LD_LIBRARY_PATH=/home/ayush/challenge_multi_drone/install/as2_core/lib:/home/ayush/challenge_multi_drone/install/as2_msgs/lib:${LD_LIBRARY_PATH} PYTHONPATH=/home/ayush/challenge_multi_drone/install/as2_core/local/lib/python3.10/dist-packages:/home/ayush/challenge_multi_drone/install/as2_msgs/local/lib/python3.10/dist-packages:${PYTHONPATH} /usr/bin/cmake --build /home/ayush/challenge_multi_drone/build/as2_platform_crazyflie -- -j12 -l12
[0.284s] Invoking command in '/home/ayush/challenge_multi_drone/build/as2_platform_crazyflie': AMENT_PREFIX_PATH=/home/ayush/challenge_multi_drone/install/as2_core:/home/ayush/challenge_multi_drone/install/as2_msgs:${AMENT_PREFIX_PATH} CMAKE_PREFIX_PATH=/home/ayush/challenge_multi_drone/install/as2_core:/home/ayush/challenge_multi_drone/install/as2_msgs:/home/ayush/project_gazebo_ws/install/aerostack2:/home/ayush/project_gazebo_ws/install/as2_usb_camera_interface:/home/ayush/project_gazebo_ws/install/as2_state_estimator:/home/ayush/project_gazebo_ws/install/as2_rviz_plugins:/home/ayush/project_gazebo_ws/install/as2_realsense_interface:/home/ayush/project_gazebo_ws/install/as2_platform_multirotor_simulator:/home/ayush/project_gazebo_ws/install/as2_platform_gazebo:/home/ayush/project_gazebo_ws/install/as2_motion_controller:/home/ayush/project_gazebo_ws/install/as2_behaviors_trajectory_generation:/home/ayush/project_gazebo_ws/install/as2_behaviors_motion:/home/ayush/project_gazebo_ws/install/as2_motion_reference_handlers:/home/ayush/project_gazebo_ws/install/as2_map_server:/home/ayush/project_gazebo_ws/install/as2_geozones:/home/ayush/project_gazebo_ws/install/as2_gazebo_assets:/home/ayush/project_gazebo_ws/install/as2_external_object_to_tf:/home/ayush/project_gazebo_ws/install/as2_behaviors_platform:/home/ayush/project_gazebo_ws/install/as2_behaviors_perception:/home/ayush/project_gazebo_ws/install/as2_behaviors_path_planning:/home/ayush/project_gazebo_ws/install/as2_behavior_tree:/home/ayush/project_gazebo_ws/install/as2_behavior:/home/ayush/project_gazebo_ws/install/as2_alphanumeric_viewer:/home/ayush/project_gazebo_ws/install/as2_core:/home/ayush/project_gazebo_ws/install/as2_msgs:/home/ayush/project_gazebo_ws/install/as2_cli:/home/ayush/project_gazebo_ws/install/as2_visualization:/home/ayush/project_gazebo_ws/install/as2_keyboard_teleoperation:/home/ayush/project_gazebo_ws/install/as2_python_api:/opt/ros/humble LD_LIBRARY_PATH=/home/ayush/challenge_multi_drone/install/as2_core/lib:/home/ayush/challenge_multi_drone/install/as2_msgs/lib:${LD_LIBRARY_PATH} PYTHONPATH=/home/ayush/challenge_multi_drone/install/as2_core/local/lib/python3.10/dist-packages:/home/ayush/challenge_multi_drone/install/as2_msgs/local/lib/python3.10/dist-packages:${PYTHONPATH} /usr/bin/cmake --install /home/ayush/challenge_multi_drone/build/as2_platform_crazyflie
[0.290s] -- Install configuration: ""
[0.291s] -- Up-to-date: /home/ayush/challenge_multi_drone/install/as2_platform_crazyflie/share/as2_platform_crazyflie/launch
[0.291s] -- Up-to-date: /home/ayush/challenge_multi_drone/install/as2_platform_crazyflie/share/as2_platform_crazyflie/launch/crazyflie_aideck_stream_launch.py
[0.291s] -- Up-to-date: /home/ayush/challenge_multi_drone/install/as2_platform_crazyflie/share/as2_platform_crazyflie/launch/crazyflie_swarm_launch.py
[0.291s] -- Up-to-date: /home/ayush/challenge_multi_drone/install/as2_platform_crazyflie/share/as2_platform_crazyflie/config
[0.291s] -- Up-to-date: /home/ayush/challenge_multi_drone/install/as2_platform_crazyflie/share/as2_platform_crazyflie/config/control_modes.yaml
[0.291s] -- Up-to-date: /home/ayush/challenge_multi_drone/install/as2_platform_crazyflie/share/as2_platform_crazyflie/config/aideck_config_file.yaml
[0.291s] -- Up-to-date: /home/ayush/challenge_multi_drone/install/as2_platform_crazyflie/share/as2_platform_crazyflie/config/swarm_config_file.yaml
[0.291s] -- Up-to-date: /home/ayush/challenge_multi_drone/install/as2_platform_crazyflie/share/as2_platform_crazyflie/config/camera_calibration.yaml
[0.291s] -- Up-to-date: /home/ayush/challenge_multi_drone/install/as2_platform_crazyflie/share/as2_platform_crazyflie/config/platform_config_file.yaml
[0.291s] -- Up-to-date: /home/ayush/challenge_multi_drone/install/as2_platform_crazyflie/lib/as2_platform_crazyflie/as2_platform_crazyflie_node
[0.292s] -- Up-to-date: /home/ayush/challenge_multi_drone/install/as2_platform_crazyflie/lib/as2_platform_crazyflie/as2_platform_crazyflie_swarm_node
[0.292s] -- Up-to-date: /home/ayush/challenge_multi_drone/install/as2_platform_crazyflie/share/as2_platform_crazyflie/environment/pythonpath.sh
[0.292s] -- Up-to-date: /home/ayush/challenge_multi_drone/install/as2_platform_crazyflie/share/as2_platform_crazyflie/environment/pythonpath.dsv
[0.292s] -- Up-to-date: /home/ayush/challenge_multi_drone/install/as2_platform_crazyflie/local/lib/python3.10/dist-packages/as2_platform_crazyflie-1.1.0-py3.10.egg-info
[0.292s] -- Installing: /home/ayush/challenge_multi_drone/install/as2_platform_crazyflie/local/lib/python3.10/dist-packages/as2_platform_crazyflie-1.1.0-py3.10.egg-info/dependency_links.txt
[0.292s] -- Installing: /home/ayush/challenge_multi_drone/install/as2_platform_crazyflie/local/lib/python3.10/dist-packages/as2_platform_crazyflie-1.1.0-py3.10.egg-info/SOURCES.txt
[0.293s] -- Installing: /home/ayush/challenge_multi_drone/install/as2_platform_crazyflie/local/lib/python3.10/dist-packages/as2_platform_crazyflie-1.1.0-py3.10.egg-info/PKG-INFO
[0.293s] -- Installing: /home/ayush/challenge_multi_drone/install/as2_platform_crazyflie/local/lib/python3.10/dist-packages/as2_platform_crazyflie-1.1.0-py3.10.egg-info/top_level.txt
[0.293s] -- Up-to-date: /home/ayush/challenge_multi_drone/install/as2_platform_crazyflie/local/lib/python3.10/dist-packages/as2_platform_crazyflie
[0.293s] -- Up-to-date: /home/ayush/challenge_multi_drone/install/as2_platform_crazyflie/local/lib/python3.10/dist-packages/as2_platform_crazyflie/viewer.py
[0.293s] -- Up-to-date: /home/ayush/challenge_multi_drone/install/as2_platform_crazyflie/local/lib/python3.10/dist-packages/as2_platform_crazyflie/__init__.py
[0.319s] Listing '/home/ayush/challenge_multi_drone/install/as2_platform_crazyflie/local/lib/python3.10/dist-packages/as2_platform_crazyflie'...
[0.322s] -- Up-to-date: /home/ayush/challenge_multi_drone/install/as2_platform_crazyflie/lib/as2_platform_crazyflie/aideck_node.py
[0.322s] -- Up-to-date: /home/ayush/challenge_multi_drone/install/as2_platform_crazyflie/share/ament_index/resource_index/package_run_dependencies/as2_platform_crazyflie
[0.322s] -- Up-to-date: /home/ayush/challenge_multi_drone/install/as2_platform_crazyflie/share/ament_index/resource_index/parent_prefix_path/as2_platform_crazyflie
[0.322s] -- Up-to-date: /home/ayush/challenge_multi_drone/install/as2_platform_crazyflie/share/as2_platform_crazyflie/environment/ament_prefix_path.sh
[0.322s] -- Up-to-date: /home/ayush/challenge_multi_drone/install/as2_platform_crazyflie/share/as2_platform_crazyflie/environment/ament_prefix_path.dsv
[0.323s] -- Up-to-date: /home/ayush/challenge_multi_drone/install/as2_platform_crazyflie/share/as2_platform_crazyflie/environment/path.sh
[0.323s] -- Up-to-date: /home/ayush/challenge_multi_drone/install/as2_platform_crazyflie/share/as2_platform_crazyflie/environment/path.dsv
[0.323s] -- Up-to-date: /home/ayush/challenge_multi_drone/install/as2_platform_crazyflie/share/as2_platform_crazyflie/local_setup.bash
[0.323s] -- Up-to-date: /home/ayush/challenge_multi_drone/install/as2_platform_crazyflie/share/as2_platform_crazyflie/local_setup.sh
[0.323s] -- Up-to-date: /home/ayush/challenge_multi_drone/install/as2_platform_crazyflie/share/as2_platform_crazyflie/local_setup.zsh
[0.323s] -- Up-to-date: /home/ayush/challenge_multi_drone/install/as2_platform_crazyflie/share/as2_platform_crazyflie/local_setup.dsv
[0.323s] -- Installing: /home/ayush/challenge_multi_drone/install/as2_platform_crazyflie/share/as2_platform_crazyflie/package.dsv
[0.323s] -- Up-to-date: /home/ayush/challenge_multi_drone/install/as2_platform_crazyflie/share/ament_index/resource_index/packages/as2_platform_crazyflie
[0.323s] -- Up-to-date: /home/ayush/challenge_multi_drone/install/as2_platform_crazyflie/share/as2_platform_crazyflie/cmake/as2_platform_crazyflieConfig.cmake
[0.323s] -- Up-to-date: /home/ayush/challenge_multi_drone/install/as2_platform_crazyflie/share/as2_platform_crazyflie/cmake/as2_platform_crazyflieConfig-version.cmake
[0.323s] -- Up-to-date: /home/ayush/challenge_multi_drone/install/as2_platform_crazyflie/share/as2_platform_crazyflie/package.xml
[0.325s] Invoked command in '/home/ayush/challenge_multi_drone/build/as2_platform_crazyflie' returned '0': AMENT_PREFIX_PATH=/home/ayush/challenge_multi_drone/install/as2_core:/home/ayush/challenge_multi_drone/install/as2_msgs:${AMENT_PREFIX_PATH} CMAKE_PREFIX_PATH=/home/ayush/challenge_multi_drone/install/as2_core:/home/ayush/challenge_multi_drone/install/as2_msgs:/home/ayush/project_gazebo_ws/install/aerostack2:/home/ayush/project_gazebo_ws/install/as2_usb_camera_interface:/home/ayush/project_gazebo_ws/install/as2_state_estimator:/home/ayush/project_gazebo_ws/install/as2_rviz_plugins:/home/ayush/project_gazebo_ws/install/as2_realsense_interface:/home/ayush/project_gazebo_ws/install/as2_platform_multirotor_simulator:/home/ayush/project_gazebo_ws/install/as2_platform_gazebo:/home/ayush/project_gazebo_ws/install/as2_motion_controller:/home/ayush/project_gazebo_ws/install/as2_behaviors_trajectory_generation:/home/ayush/project_gazebo_ws/install/as2_behaviors_motion:/home/ayush/project_gazebo_ws/install/as2_motion_reference_handlers:/home/ayush/project_gazebo_ws/install/as2_map_server:/home/ayush/project_gazebo_ws/install/as2_geozones:/home/ayush/project_gazebo_ws/install/as2_gazebo_assets:/home/ayush/project_gazebo_ws/install/as2_external_object_to_tf:/home/ayush/project_gazebo_ws/install/as2_behaviors_platform:/home/ayush/project_gazebo_ws/install/as2_behaviors_perception:/home/ayush/project_gazebo_ws/install/as2_behaviors_path_planning:/home/ayush/project_gazebo_ws/install/as2_behavior_tree:/home/ayush/project_gazebo_ws/install/as2_behavior:/home/ayush/project_gazebo_ws/install/as2_alphanumeric_viewer:/home/ayush/project_gazebo_ws/install/as2_core:/home/ayush/project_gazebo_ws/install/as2_msgs:/home/ayush/project_gazebo_ws/install/as2_cli:/home/ayush/project_gazebo_ws/install/as2_visualization:/home/ayush/project_gazebo_ws/install/as2_keyboard_teleoperation:/home/ayush/project_gazebo_ws/install/as2_python_api:/opt/ros/humble LD_LIBRARY_PATH=/home/ayush/challenge_multi_drone/install/as2_core/lib:/home/ayush/challenge_multi_drone/install/as2_msgs/lib:${LD_LIBRARY_PATH} PYTHONPATH=/home/ayush/challenge_multi_drone/install/as2_core/local/lib/python3.10/dist-packages:/home/ayush/challenge_multi_drone/install/as2_msgs/local/lib/python3.10/dist-packages:${PYTHONPATH} /usr/bin/cmake --install /home/ayush/challenge_multi_drone/build/as2_platform_crazyflie
