[0.032s] Invoking command in '/home/ayush/challenge_multi_drone/build/as2_behavior_tree': AMENT_PREFIX_PATH=/home/ayush/challenge_multi_drone/install/as2_core:/home/ayush/challenge_multi_drone/install/as2_msgs:${AMENT_PREFIX_PATH} CMAKE_PREFIX_PATH=/home/ayush/challenge_multi_drone/install/as2_core:/home/ayush/challenge_multi_drone/install/as2_msgs:/home/ayush/project_gazebo_ws/install/aerostack2:/home/ayush/project_gazebo_ws/install/as2_usb_camera_interface:/home/ayush/project_gazebo_ws/install/as2_state_estimator:/home/ayush/project_gazebo_ws/install/as2_rviz_plugins:/home/ayush/project_gazebo_ws/install/as2_realsense_interface:/home/ayush/project_gazebo_ws/install/as2_platform_multirotor_simulator:/home/ayush/project_gazebo_ws/install/as2_platform_gazebo:/home/ayush/project_gazebo_ws/install/as2_motion_controller:/home/ayush/project_gazebo_ws/install/as2_behaviors_trajectory_generation:/home/ayush/project_gazebo_ws/install/as2_behaviors_motion:/home/ayush/project_gazebo_ws/install/as2_motion_reference_handlers:/home/ayush/project_gazebo_ws/install/as2_map_server:/home/ayush/project_gazebo_ws/install/as2_geozones:/home/ayush/project_gazebo_ws/install/as2_gazebo_assets:/home/ayush/project_gazebo_ws/install/as2_external_object_to_tf:/home/ayush/project_gazebo_ws/install/as2_behaviors_platform:/home/ayush/project_gazebo_ws/install/as2_behaviors_perception:/home/ayush/project_gazebo_ws/install/as2_behaviors_path_planning:/home/ayush/project_gazebo_ws/install/as2_behavior_tree:/home/ayush/project_gazebo_ws/install/as2_behavior:/home/ayush/project_gazebo_ws/install/as2_alphanumeric_viewer:/home/ayush/project_gazebo_ws/install/as2_core:/home/ayush/project_gazebo_ws/install/as2_msgs:/home/ayush/project_gazebo_ws/install/as2_cli:/home/ayush/project_gazebo_ws/install/as2_visualization:/home/ayush/project_gazebo_ws/install/as2_keyboard_teleoperation:/home/ayush/project_gazebo_ws/install/as2_python_api:/opt/ros/humble LD_LIBRARY_PATH=/home/ayush/challenge_multi_drone/install/as2_core/lib:/home/ayush/challenge_multi_drone/install/as2_msgs/lib:${LD_LIBRARY_PATH} PYTHONPATH=/home/ayush/challenge_multi_drone/install/as2_core/local/lib/python3.10/dist-packages:/home/ayush/challenge_multi_drone/install/as2_msgs/local/lib/python3.10/dist-packages:${PYTHONPATH} /usr/bin/cmake --build /home/ayush/challenge_multi_drone/build/as2_behavior_tree -- -j12 -l12
[0.182s] [ 48%] Built target as2_behavior_tree
[0.243s] [ 54%] Built target follow_path_emulator
[0.291s] [ 61%] Built target as2_behavior_tree_port_test
[0.339s] [ 67%] Built target as2_behavior_tree_port_pose_test
[0.400s] [ 74%] Built target as2_behavior_tree_node
[0.466s] [ 80%] Built target go_to_emulator
[0.529s] [ 87%] Built target land_emulator
[0.591s] [ 93%] Built target takeoff_emulator
[0.655s] [100%] Built target platform_emulator
[0.679s] Invoked command in '/home/ayush/challenge_multi_drone/build/as2_behavior_tree' returned '0': AMENT_PREFIX_PATH=/home/ayush/challenge_multi_drone/install/as2_core:/home/ayush/challenge_multi_drone/install/as2_msgs:${AMENT_PREFIX_PATH} CMAKE_PREFIX_PATH=/home/ayush/challenge_multi_drone/install/as2_core:/home/ayush/challenge_multi_drone/install/as2_msgs:/home/ayush/project_gazebo_ws/install/aerostack2:/home/ayush/project_gazebo_ws/install/as2_usb_camera_interface:/home/ayush/project_gazebo_ws/install/as2_state_estimator:/home/ayush/project_gazebo_ws/install/as2_rviz_plugins:/home/ayush/project_gazebo_ws/install/as2_realsense_interface:/home/ayush/project_gazebo_ws/install/as2_platform_multirotor_simulator:/home/ayush/project_gazebo_ws/install/as2_platform_gazebo:/home/ayush/project_gazebo_ws/install/as2_motion_controller:/home/ayush/project_gazebo_ws/install/as2_behaviors_trajectory_generation:/home/ayush/project_gazebo_ws/install/as2_behaviors_motion:/home/ayush/project_gazebo_ws/install/as2_motion_reference_handlers:/home/ayush/project_gazebo_ws/install/as2_map_server:/home/ayush/project_gazebo_ws/install/as2_geozones:/home/ayush/project_gazebo_ws/install/as2_gazebo_assets:/home/ayush/project_gazebo_ws/install/as2_external_object_to_tf:/home/ayush/project_gazebo_ws/install/as2_behaviors_platform:/home/ayush/project_gazebo_ws/install/as2_behaviors_perception:/home/ayush/project_gazebo_ws/install/as2_behaviors_path_planning:/home/ayush/project_gazebo_ws/install/as2_behavior_tree:/home/ayush/project_gazebo_ws/install/as2_behavior:/home/ayush/project_gazebo_ws/install/as2_alphanumeric_viewer:/home/ayush/project_gazebo_ws/install/as2_core:/home/ayush/project_gazebo_ws/install/as2_msgs:/home/ayush/project_gazebo_ws/install/as2_cli:/home/ayush/project_gazebo_ws/install/as2_visualization:/home/ayush/project_gazebo_ws/install/as2_keyboard_teleoperation:/home/ayush/project_gazebo_ws/install/as2_python_api:/opt/ros/humble LD_LIBRARY_PATH=/home/ayush/challenge_multi_drone/install/as2_core/lib:/home/ayush/challenge_multi_drone/install/as2_msgs/lib:${LD_LIBRARY_PATH} PYTHONPATH=/home/ayush/challenge_multi_drone/install/as2_core/local/lib/python3.10/dist-packages:/home/ayush/challenge_multi_drone/install/as2_msgs/local/lib/python3.10/dist-packages:${PYTHONPATH} /usr/bin/cmake --build /home/ayush/challenge_multi_drone/build/as2_behavior_tree -- -j12 -l12
[0.683s] Invoking command in '/home/ayush/challenge_multi_drone/build/as2_behavior_tree': AMENT_PREFIX_PATH=/home/ayush/challenge_multi_drone/install/as2_core:/home/ayush/challenge_multi_drone/install/as2_msgs:${AMENT_PREFIX_PATH} CMAKE_PREFIX_PATH=/home/ayush/challenge_multi_drone/install/as2_core:/home/ayush/challenge_multi_drone/install/as2_msgs:/home/ayush/project_gazebo_ws/install/aerostack2:/home/ayush/project_gazebo_ws/install/as2_usb_camera_interface:/home/ayush/project_gazebo_ws/install/as2_state_estimator:/home/ayush/project_gazebo_ws/install/as2_rviz_plugins:/home/ayush/project_gazebo_ws/install/as2_realsense_interface:/home/ayush/project_gazebo_ws/install/as2_platform_multirotor_simulator:/home/ayush/project_gazebo_ws/install/as2_platform_gazebo:/home/ayush/project_gazebo_ws/install/as2_motion_controller:/home/ayush/project_gazebo_ws/install/as2_behaviors_trajectory_generation:/home/ayush/project_gazebo_ws/install/as2_behaviors_motion:/home/ayush/project_gazebo_ws/install/as2_motion_reference_handlers:/home/ayush/project_gazebo_ws/install/as2_map_server:/home/ayush/project_gazebo_ws/install/as2_geozones:/home/ayush/project_gazebo_ws/install/as2_gazebo_assets:/home/ayush/project_gazebo_ws/install/as2_external_object_to_tf:/home/ayush/project_gazebo_ws/install/as2_behaviors_platform:/home/ayush/project_gazebo_ws/install/as2_behaviors_perception:/home/ayush/project_gazebo_ws/install/as2_behaviors_path_planning:/home/ayush/project_gazebo_ws/install/as2_behavior_tree:/home/ayush/project_gazebo_ws/install/as2_behavior:/home/ayush/project_gazebo_ws/install/as2_alphanumeric_viewer:/home/ayush/project_gazebo_ws/install/as2_core:/home/ayush/project_gazebo_ws/install/as2_msgs:/home/ayush/project_gazebo_ws/install/as2_cli:/home/ayush/project_gazebo_ws/install/as2_visualization:/home/ayush/project_gazebo_ws/install/as2_keyboard_teleoperation:/home/ayush/project_gazebo_ws/install/as2_python_api:/opt/ros/humble LD_LIBRARY_PATH=/home/ayush/challenge_multi_drone/install/as2_core/lib:/home/ayush/challenge_multi_drone/install/as2_msgs/lib:${LD_LIBRARY_PATH} PYTHONPATH=/home/ayush/challenge_multi_drone/install/as2_core/local/lib/python3.10/dist-packages:/home/ayush/challenge_multi_drone/install/as2_msgs/local/lib/python3.10/dist-packages:${PYTHONPATH} /usr/bin/cmake --install /home/ayush/challenge_multi_drone/build/as2_behavior_tree
[0.699s] -- Install configuration: "Release"
[0.699s] -- Up-to-date: /home/ayush/challenge_multi_drone/install/as2_behavior_tree/include
[0.700s] -- Up-to-date: /home/ayush/challenge_multi_drone/install/as2_behavior_tree/include/as2_behavior_tree
[0.700s] -- Up-to-date: /home/ayush/challenge_multi_drone/install/as2_behavior_tree/include/as2_behavior_tree/action
[0.700s] -- Up-to-date: /home/ayush/challenge_multi_drone/install/as2_behavior_tree/include/as2_behavior_tree/action/arm_service.hpp
[0.700s] -- Up-to-date: /home/ayush/challenge_multi_drone/install/as2_behavior_tree/include/as2_behavior_tree/action/go_to_action.hpp
[0.700s] -- Up-to-date: /home/ayush/challenge_multi_drone/install/as2_behavior_tree/include/as2_behavior_tree/action/echo.hpp
[0.701s] -- Up-to-date: /home/ayush/challenge_multi_drone/install/as2_behavior_tree/include/as2_behavior_tree/action/gps_to_cartesian.hpp
[0.701s] -- Up-to-date: /home/ayush/challenge_multi_drone/install/as2_behavior_tree/include/as2_behavior_tree/action/offboard_service.hpp
[0.701s] -- Up-to-date: /home/ayush/challenge_multi_drone/install/as2_behavior_tree/include/as2_behavior_tree/action/follow_path.hpp
[0.701s] -- Up-to-date: /home/ayush/challenge_multi_drone/install/as2_behavior_tree/include/as2_behavior_tree/action/set_origin.hpp
[0.701s] -- Up-to-date: /home/ayush/challenge_multi_drone/install/as2_behavior_tree/include/as2_behavior_tree/action/send_event.hpp
[0.701s] -- Up-to-date: /home/ayush/challenge_multi_drone/install/as2_behavior_tree/include/as2_behavior_tree/action/takeoff_action.hpp
[0.701s] -- Up-to-date: /home/ayush/challenge_multi_drone/install/as2_behavior_tree/include/as2_behavior_tree/action/get_origin.hpp
[0.702s] -- Up-to-date: /home/ayush/challenge_multi_drone/install/as2_behavior_tree/include/as2_behavior_tree/action/land_action.hpp
[0.702s] -- Up-to-date: /home/ayush/challenge_multi_drone/install/as2_behavior_tree/include/as2_behavior_tree/action/go_to_gps_action.hpp
[0.702s] -- Up-to-date: /home/ayush/challenge_multi_drone/install/as2_behavior_tree/include/as2_behavior_tree/bt_service_node.hpp
[0.702s] -- Up-to-date: /home/ayush/challenge_multi_drone/install/as2_behavior_tree/include/as2_behavior_tree/bt_action_node.hpp
[0.703s] -- Up-to-date: /home/ayush/challenge_multi_drone/install/as2_behavior_tree/include/as2_behavior_tree/port_specialization.hpp
[0.703s] -- Up-to-date: /home/ayush/challenge_multi_drone/install/as2_behavior_tree/include/as2_behavior_tree/condition
[0.703s] -- Up-to-date: /home/ayush/challenge_multi_drone/install/as2_behavior_tree/include/as2_behavior_tree/condition/is_flying_condition.hpp
[0.704s] -- Up-to-date: /home/ayush/challenge_multi_drone/install/as2_behavior_tree/include/as2_behavior_tree/decorator
[0.704s] -- Up-to-date: /home/ayush/challenge_multi_drone/install/as2_behavior_tree/include/as2_behavior_tree/decorator/wait_for_event.hpp
[0.704s] -- Up-to-date: /home/ayush/challenge_multi_drone/install/as2_behavior_tree/include/as2_behavior_tree/decorator/wait_for_alert.hpp
[0.704s] -- Up-to-date: /home/ayush/challenge_multi_drone/install/as2_behavior_tree/lib/as2_behavior_tree/as2_behavior_tree_node
[0.704s] -- Up-to-date: /home/ayush/challenge_multi_drone/install/as2_behavior_tree/lib/libas2_behavior_tree.so
[0.704s] -- Up-to-date: /home/ayush/challenge_multi_drone/install/as2_behavior_tree/share/as2_behavior_tree/launch
[0.704s] -- Up-to-date: /home/ayush/challenge_multi_drone/install/as2_behavior_tree/share/as2_behavior_tree/launch/behavior_trees.launch.py
[0.705s] -- Up-to-date: /home/ayush/challenge_multi_drone/install/as2_behavior_tree/share/as2_behavior_tree/resource
[0.705s] -- Up-to-date: /home/ayush/challenge_multi_drone/install/as2_behavior_tree/share/as2_behavior_tree/resource/takeoff.xml
[0.705s] -- Up-to-date: /home/ayush/challenge_multi_drone/install/as2_behavior_tree/share/as2_behavior_tree/resource/event_test_2.xml
[0.705s] -- Up-to-date: /home/ayush/challenge_multi_drone/install/as2_behavior_tree/share/as2_behavior_tree/resource/actions.xml
[0.706s] -- Up-to-date: /home/ayush/challenge_multi_drone/install/as2_behavior_tree/share/as2_behavior_tree/resource/test.xml
[0.706s] -- Up-to-date: /home/ayush/challenge_multi_drone/install/as2_behavior_tree/share/as2_behavior_tree/resource/follow_path_test.xml
[0.706s] -- Up-to-date: /home/ayush/challenge_multi_drone/install/as2_behavior_tree/share/as2_behavior_tree/resource/arm_test.xml
[0.706s] -- Up-to-date: /home/ayush/challenge_multi_drone/install/as2_behavior_tree/share/as2_behavior_tree/resource/basic_mission.xml
[0.706s] -- Up-to-date: /home/ayush/challenge_multi_drone/install/as2_behavior_tree/share/as2_behavior_tree/resource/event_test.xml
[0.706s] -- Up-to-date: /home/ayush/challenge_multi_drone/install/as2_behavior_tree/share/as2_behavior_tree/resource/RTL_test_2.xml
[0.707s] -- Up-to-date: /home/ayush/challenge_multi_drone/install/as2_behavior_tree/share/ament_index/resource_index/package_run_dependencies/as2_behavior_tree
[0.707s] -- Up-to-date: /home/ayush/challenge_multi_drone/install/as2_behavior_tree/share/ament_index/resource_index/parent_prefix_path/as2_behavior_tree
[0.707s] -- Up-to-date: /home/ayush/challenge_multi_drone/install/as2_behavior_tree/share/as2_behavior_tree/environment/ament_prefix_path.sh
[0.707s] -- Up-to-date: /home/ayush/challenge_multi_drone/install/as2_behavior_tree/share/as2_behavior_tree/environment/ament_prefix_path.dsv
[0.708s] -- Up-to-date: /home/ayush/challenge_multi_drone/install/as2_behavior_tree/share/as2_behavior_tree/environment/path.sh
[0.708s] -- Up-to-date: /home/ayush/challenge_multi_drone/install/as2_behavior_tree/share/as2_behavior_tree/environment/path.dsv
[0.708s] -- Up-to-date: /home/ayush/challenge_multi_drone/install/as2_behavior_tree/share/as2_behavior_tree/local_setup.bash
[0.708s] -- Up-to-date: /home/ayush/challenge_multi_drone/install/as2_behavior_tree/share/as2_behavior_tree/local_setup.sh
[0.708s] -- Up-to-date: /home/ayush/challenge_multi_drone/install/as2_behavior_tree/share/as2_behavior_tree/local_setup.zsh
[0.708s] -- Up-to-date: /home/ayush/challenge_multi_drone/install/as2_behavior_tree/share/as2_behavior_tree/local_setup.dsv
[0.708s] -- Installing: /home/ayush/challenge_multi_drone/install/as2_behavior_tree/share/as2_behavior_tree/package.dsv
[0.709s] -- Up-to-date: /home/ayush/challenge_multi_drone/install/as2_behavior_tree/share/ament_index/resource_index/packages/as2_behavior_tree
[0.709s] -- Up-to-date: /home/ayush/challenge_multi_drone/install/as2_behavior_tree/share/as2_behavior_tree/cmake/as2_behavior_treeConfig.cmake
[0.709s] -- Up-to-date: /home/ayush/challenge_multi_drone/install/as2_behavior_tree/share/as2_behavior_tree/cmake/as2_behavior_treeConfig-version.cmake
[0.709s] -- Up-to-date: /home/ayush/challenge_multi_drone/install/as2_behavior_tree/share/as2_behavior_tree/package.xml
[0.709s] -- Up-to-date: /home/ayush/challenge_multi_drone/install/as2_behavior_tree/share/as2_behavior_tree/launch
[0.709s] -- Up-to-date: /home/ayush/challenge_multi_drone/install/as2_behavior_tree/share/as2_behavior_tree/launch/all_emulator.launch.py
[0.709s] -- Up-to-date: /home/ayush/challenge_multi_drone/install/as2_behavior_tree/share/as2_behavior_tree/launch/land_emulator.launch.py
[0.710s] -- Up-to-date: /home/ayush/challenge_multi_drone/install/as2_behavior_tree/share/as2_behavior_tree/launch/takeoff_emulator.launch.py
[0.710s] -- Up-to-date: /home/ayush/challenge_multi_drone/install/as2_behavior_tree/lib/as2_behavior_tree/platform_emulator
[0.710s] -- Up-to-date: /home/ayush/challenge_multi_drone/install/as2_behavior_tree/lib/as2_behavior_tree/takeoff_emulator
[0.711s] -- Up-to-date: /home/ayush/challenge_multi_drone/install/as2_behavior_tree/lib/as2_behavior_tree/land_emulator
[0.712s] -- Up-to-date: /home/ayush/challenge_multi_drone/install/as2_behavior_tree/lib/as2_behavior_tree/go_to_emulator
[0.713s] -- Up-to-date: /home/ayush/challenge_multi_drone/install/as2_behavior_tree/lib/as2_behavior_tree/follow_path_emulator
[0.718s] Invoked command in '/home/ayush/challenge_multi_drone/build/as2_behavior_tree' returned '0': AMENT_PREFIX_PATH=/home/ayush/challenge_multi_drone/install/as2_core:/home/ayush/challenge_multi_drone/install/as2_msgs:${AMENT_PREFIX_PATH} CMAKE_PREFIX_PATH=/home/ayush/challenge_multi_drone/install/as2_core:/home/ayush/challenge_multi_drone/install/as2_msgs:/home/ayush/project_gazebo_ws/install/aerostack2:/home/ayush/project_gazebo_ws/install/as2_usb_camera_interface:/home/ayush/project_gazebo_ws/install/as2_state_estimator:/home/ayush/project_gazebo_ws/install/as2_rviz_plugins:/home/ayush/project_gazebo_ws/install/as2_realsense_interface:/home/ayush/project_gazebo_ws/install/as2_platform_multirotor_simulator:/home/ayush/project_gazebo_ws/install/as2_platform_gazebo:/home/ayush/project_gazebo_ws/install/as2_motion_controller:/home/ayush/project_gazebo_ws/install/as2_behaviors_trajectory_generation:/home/ayush/project_gazebo_ws/install/as2_behaviors_motion:/home/ayush/project_gazebo_ws/install/as2_motion_reference_handlers:/home/ayush/project_gazebo_ws/install/as2_map_server:/home/ayush/project_gazebo_ws/install/as2_geozones:/home/ayush/project_gazebo_ws/install/as2_gazebo_assets:/home/ayush/project_gazebo_ws/install/as2_external_object_to_tf:/home/ayush/project_gazebo_ws/install/as2_behaviors_platform:/home/ayush/project_gazebo_ws/install/as2_behaviors_perception:/home/ayush/project_gazebo_ws/install/as2_behaviors_path_planning:/home/ayush/project_gazebo_ws/install/as2_behavior_tree:/home/ayush/project_gazebo_ws/install/as2_behavior:/home/ayush/project_gazebo_ws/install/as2_alphanumeric_viewer:/home/ayush/project_gazebo_ws/install/as2_core:/home/ayush/project_gazebo_ws/install/as2_msgs:/home/ayush/project_gazebo_ws/install/as2_cli:/home/ayush/project_gazebo_ws/install/as2_visualization:/home/ayush/project_gazebo_ws/install/as2_keyboard_teleoperation:/home/ayush/project_gazebo_ws/install/as2_python_api:/opt/ros/humble LD_LIBRARY_PATH=/home/ayush/challenge_multi_drone/install/as2_core/lib:/home/ayush/challenge_multi_drone/install/as2_msgs/lib:${LD_LIBRARY_PATH} PYTHONPATH=/home/ayush/challenge_multi_drone/install/as2_core/local/lib/python3.10/dist-packages:/home/ayush/challenge_multi_drone/install/as2_msgs/local/lib/python3.10/dist-packages:${PYTHONPATH} /usr/bin/cmake --install /home/ayush/challenge_multi_drone/build/as2_behavior_tree
