[0.690s] Invoking command in '/home/ayush/challenge_multi_drone/src/aerostack2/as2_python_api': AMENT_PREFIX_PATH=/home/ayush/challenge_multi_drone/install/as2_motion_reference_handlers:/home/ayush/challenge_multi_drone/install/as2_core:/home/ayush/challenge_multi_drone/install/as2_msgs:${AMENT_PREFIX_PATH} CMAKE_PREFIX_PATH=/home/ayush/challenge_multi_drone/install/as2_motion_reference_handlers:/home/ayush/challenge_multi_drone/install/as2_core:/home/ayush/challenge_multi_drone/install/as2_msgs:${CMAKE_PREFIX_PATH} LD_LIBRARY_PATH=/home/ayush/challenge_multi_drone/install/as2_motion_reference_handlers/lib:/home/ayush/challenge_multi_drone/install/as2_core/lib:/home/ayush/challenge_multi_drone/install/as2_msgs/lib:${LD_LIBRARY_PATH} PYTHONPATH=/home/ayush/challenge_multi_drone/build/as2_python_api/prefix_override:/usr/lib/python3/dist-packages/colcon_core/task/python/colcon_distutils_commands:/home/ayush/challenge_multi_drone/install/as2_python_api/lib/python3.10/site-packages:/home/ayush/challenge_multi_drone/install/as2_motion_reference_handlers/local/lib/python3.10/dist-packages:/home/ayush/challenge_multi_drone/install/as2_core/local/lib/python3.10/dist-packages:/home/ayush/challenge_multi_drone/install/as2_msgs/local/lib/python3.10/dist-packages:${PYTHONPATH} /usr/bin/python3 -W ignore:setup.py install is deprecated -W ignore:easy_install command is deprecated setup.py egg_info --egg-base ../../../build/as2_python_api build --build-base /home/ayush/challenge_multi_drone/build/as2_python_api/build install --record /home/ayush/challenge_multi_drone/build/as2_python_api/install.log --single-version-externally-managed install_data
[0.901s] running egg_info
[0.902s] creating ../../../build/as2_python_api/as2_python_api.egg-info
[0.902s] writing ../../../build/as2_python_api/as2_python_api.egg-info/PKG-INFO
[0.903s] writing dependency_links to ../../../build/as2_python_api/as2_python_api.egg-info/dependency_links.txt
[0.903s] writing entry points to ../../../build/as2_python_api/as2_python_api.egg-info/entry_points.txt
[0.903s] writing requirements to ../../../build/as2_python_api/as2_python_api.egg-info/requires.txt
[0.903s] writing top-level names to ../../../build/as2_python_api/as2_python_api.egg-info/top_level.txt
[0.903s] writing manifest file '../../../build/as2_python_api/as2_python_api.egg-info/SOURCES.txt'
[0.904s] reading manifest file '../../../build/as2_python_api/as2_python_api.egg-info/SOURCES.txt'
[0.905s] writing manifest file '../../../build/as2_python_api/as2_python_api.egg-info/SOURCES.txt'
[0.905s] running build
[0.905s] running build_py
[0.906s] creating /home/ayush/challenge_multi_drone/build/as2_python_api/build
[0.906s] creating /home/ayush/challenge_multi_drone/build/as2_python_api/build/lib
[0.906s] creating /home/ayush/challenge_multi_drone/build/as2_python_api/build/lib/as2_python_api
[0.906s] copying as2_python_api/drone_interface.py -> /home/ayush/challenge_multi_drone/build/as2_python_api/build/lib/as2_python_api
[0.906s] copying as2_python_api/drone_interface_teleop.py -> /home/ayush/challenge_multi_drone/build/as2_python_api/build/lib/as2_python_api
[0.906s] copying as2_python_api/__init__.py -> /home/ayush/challenge_multi_drone/build/as2_python_api/build/lib/as2_python_api
[0.906s] copying as2_python_api/drone_interface_base.py -> /home/ayush/challenge_multi_drone/build/as2_python_api/build/lib/as2_python_api
[0.906s] copying as2_python_api/drone_interface_gps.py -> /home/ayush/challenge_multi_drone/build/as2_python_api/build/lib/as2_python_api
[0.907s] creating /home/ayush/challenge_multi_drone/build/as2_python_api/build/lib/as2_python_api/mission_interpreter
[0.907s] copying as2_python_api/mission_interpreter/mission_interpreter.py -> /home/ayush/challenge_multi_drone/build/as2_python_api/build/lib/as2_python_api/mission_interpreter
[0.907s] copying as2_python_api/mission_interpreter/ros2_adapter.py -> /home/ayush/challenge_multi_drone/build/as2_python_api/build/lib/as2_python_api/mission_interpreter
[0.907s] copying as2_python_api/mission_interpreter/mission.py -> /home/ayush/challenge_multi_drone/build/as2_python_api/build/lib/as2_python_api/mission_interpreter
[0.907s] copying as2_python_api/mission_interpreter/__init__.py -> /home/ayush/challenge_multi_drone/build/as2_python_api/build/lib/as2_python_api/mission_interpreter
[0.907s] copying as2_python_api/mission_interpreter/mission_stack.py -> /home/ayush/challenge_multi_drone/build/as2_python_api/build/lib/as2_python_api/mission_interpreter
[0.908s] creating /home/ayush/challenge_multi_drone/build/as2_python_api/build/lib/as2_python_api/tools
[0.908s] copying as2_python_api/tools/__init__.py -> /home/ayush/challenge_multi_drone/build/as2_python_api/build/lib/as2_python_api/tools
[0.908s] copying as2_python_api/tools/utils.py -> /home/ayush/challenge_multi_drone/build/as2_python_api/build/lib/as2_python_api/tools
[0.908s] creating /home/ayush/challenge_multi_drone/build/as2_python_api/build/lib/as2_python_api/behavior_manager
[0.908s] copying as2_python_api/behavior_manager/behavior_manager.py -> /home/ayush/challenge_multi_drone/build/as2_python_api/build/lib/as2_python_api/behavior_manager
[0.908s] copying as2_python_api/behavior_manager/__init__.py -> /home/ayush/challenge_multi_drone/build/as2_python_api/build/lib/as2_python_api/behavior_manager
[0.909s] creating /home/ayush/challenge_multi_drone/build/as2_python_api/build/lib/as2_python_api/shared_data
[0.909s] copying as2_python_api/shared_data/platform_info_data.py -> /home/ayush/challenge_multi_drone/build/as2_python_api/build/lib/as2_python_api/shared_data
[0.909s] copying as2_python_api/shared_data/gps_data.py -> /home/ayush/challenge_multi_drone/build/as2_python_api/build/lib/as2_python_api/shared_data
[0.909s] copying as2_python_api/shared_data/twist_data.py -> /home/ayush/challenge_multi_drone/build/as2_python_api/build/lib/as2_python_api/shared_data
[0.909s] copying as2_python_api/shared_data/__init__.py -> /home/ayush/challenge_multi_drone/build/as2_python_api/build/lib/as2_python_api/shared_data
[0.909s] copying as2_python_api/shared_data/pose_data.py -> /home/ayush/challenge_multi_drone/build/as2_python_api/build/lib/as2_python_api/shared_data
[0.909s] copying as2_python_api/shared_data/orientation_data.py -> /home/ayush/challenge_multi_drone/build/as2_python_api/build/lib/as2_python_api/shared_data
[0.909s] copying as2_python_api/shared_data/position_data.py -> /home/ayush/challenge_multi_drone/build/as2_python_api/build/lib/as2_python_api/shared_data
[0.910s] creating /home/ayush/challenge_multi_drone/build/as2_python_api/build/lib/as2_python_api/behavior_actions
[0.910s] copying as2_python_api/behavior_actions/follow_reference_behavior.py -> /home/ayush/challenge_multi_drone/build/as2_python_api/build/lib/as2_python_api/behavior_actions
[0.910s] copying as2_python_api/behavior_actions/takeoff_behavior.py -> /home/ayush/challenge_multi_drone/build/as2_python_api/build/lib/as2_python_api/behavior_actions
[0.910s] copying as2_python_api/behavior_actions/go_to_behavior.py -> /home/ayush/challenge_multi_drone/build/as2_python_api/build/lib/as2_python_api/behavior_actions
[0.910s] copying as2_python_api/behavior_actions/trajectory_generation_behavior.py -> /home/ayush/challenge_multi_drone/build/as2_python_api/build/lib/as2_python_api/behavior_actions
[0.910s] copying as2_python_api/behavior_actions/behavior_handler.py -> /home/ayush/challenge_multi_drone/build/as2_python_api/build/lib/as2_python_api/behavior_actions
[0.910s] copying as2_python_api/behavior_actions/point_gimbal_behavior.py -> /home/ayush/challenge_multi_drone/build/as2_python_api/build/lib/as2_python_api/behavior_actions
[0.910s] copying as2_python_api/behavior_actions/followpath_behavior.py -> /home/ayush/challenge_multi_drone/build/as2_python_api/build/lib/as2_python_api/behavior_actions
[0.911s] copying as2_python_api/behavior_actions/__init__.py -> /home/ayush/challenge_multi_drone/build/as2_python_api/build/lib/as2_python_api/behavior_actions
[0.911s] copying as2_python_api/behavior_actions/land_behavior.py -> /home/ayush/challenge_multi_drone/build/as2_python_api/build/lib/as2_python_api/behavior_actions
[0.911s] copying as2_python_api/behavior_actions/navigate_to_behavior.py -> /home/ayush/challenge_multi_drone/build/as2_python_api/build/lib/as2_python_api/behavior_actions
[0.911s] creating /home/ayush/challenge_multi_drone/build/as2_python_api/build/lib/as2_python_api/modules
[0.911s] copying as2_python_api/modules/land_module.py -> /home/ayush/challenge_multi_drone/build/as2_python_api/build/lib/as2_python_api/modules
[0.911s] copying as2_python_api/modules/follow_reference_module.py -> /home/ayush/challenge_multi_drone/build/as2_python_api/build/lib/as2_python_api/modules
[0.911s] copying as2_python_api/modules/rtl_module.py -> /home/ayush/challenge_multi_drone/build/as2_python_api/build/lib/as2_python_api/modules
[0.912s] copying as2_python_api/modules/go_to_module.py -> /home/ayush/challenge_multi_drone/build/as2_python_api/build/lib/as2_python_api/modules
[0.912s] copying as2_python_api/modules/go_to_gps_module.py -> /home/ayush/challenge_multi_drone/build/as2_python_api/build/lib/as2_python_api/modules
[0.912s] copying as2_python_api/modules/gps_module.py -> /home/ayush/challenge_multi_drone/build/as2_python_api/build/lib/as2_python_api/modules
[0.912s] copying as2_python_api/modules/follow_path_module.py -> /home/ayush/challenge_multi_drone/build/as2_python_api/build/lib/as2_python_api/modules
[0.912s] copying as2_python_api/modules/trajectory_generation_module.py -> /home/ayush/challenge_multi_drone/build/as2_python_api/build/lib/as2_python_api/modules
[0.912s] copying as2_python_api/modules/__init__.py -> /home/ayush/challenge_multi_drone/build/as2_python_api/build/lib/as2_python_api/modules
[0.913s] copying as2_python_api/modules/navigate_to_module.py -> /home/ayush/challenge_multi_drone/build/as2_python_api/build/lib/as2_python_api/modules
[0.913s] copying as2_python_api/modules/takeoff_module.py -> /home/ayush/challenge_multi_drone/build/as2_python_api/build/lib/as2_python_api/modules
[0.913s] copying as2_python_api/modules/module_base.py -> /home/ayush/challenge_multi_drone/build/as2_python_api/build/lib/as2_python_api/modules
[0.913s] copying as2_python_api/modules/motion_reference_handler_module.py -> /home/ayush/challenge_multi_drone/build/as2_python_api/build/lib/as2_python_api/modules
[0.913s] copying as2_python_api/modules/dummy_module.py -> /home/ayush/challenge_multi_drone/build/as2_python_api/build/lib/as2_python_api/modules
[0.913s] copying as2_python_api/modules/follow_path_gps_module.py -> /home/ayush/challenge_multi_drone/build/as2_python_api/build/lib/as2_python_api/modules
[0.913s] copying as2_python_api/modules/point_gimbal_module.py -> /home/ayush/challenge_multi_drone/build/as2_python_api/build/lib/as2_python_api/modules
[0.913s] creating /home/ayush/challenge_multi_drone/build/as2_python_api/build/lib/as2_python_api/service_clients
[0.914s] copying as2_python_api/service_clients/service_handler.py -> /home/ayush/challenge_multi_drone/build/as2_python_api/build/lib/as2_python_api/service_clients
[0.914s] copying as2_python_api/service_clients/offboard.py -> /home/ayush/challenge_multi_drone/build/as2_python_api/build/lib/as2_python_api/service_clients
[0.914s] copying as2_python_api/service_clients/__init__.py -> /home/ayush/challenge_multi_drone/build/as2_python_api/build/lib/as2_python_api/service_clients
[0.914s] copying as2_python_api/service_clients/arming.py -> /home/ayush/challenge_multi_drone/build/as2_python_api/build/lib/as2_python_api/service_clients
[0.915s] running install
[0.915s] running install_lib
[0.916s] creating /home/ayush/challenge_multi_drone/install/as2_python_api/lib/python3.10/site-packages/as2_python_api
[0.916s] creating /home/ayush/challenge_multi_drone/install/as2_python_api/lib/python3.10/site-packages/as2_python_api/mission_interpreter
[0.916s] copying /home/ayush/challenge_multi_drone/build/as2_python_api/build/lib/as2_python_api/mission_interpreter/mission_interpreter.py -> /home/ayush/challenge_multi_drone/install/as2_python_api/lib/python3.10/site-packages/as2_python_api/mission_interpreter
[0.916s] copying /home/ayush/challenge_multi_drone/build/as2_python_api/build/lib/as2_python_api/mission_interpreter/ros2_adapter.py -> /home/ayush/challenge_multi_drone/install/as2_python_api/lib/python3.10/site-packages/as2_python_api/mission_interpreter
[0.916s] copying /home/ayush/challenge_multi_drone/build/as2_python_api/build/lib/as2_python_api/mission_interpreter/mission.py -> /home/ayush/challenge_multi_drone/install/as2_python_api/lib/python3.10/site-packages/as2_python_api/mission_interpreter
[0.916s] copying /home/ayush/challenge_multi_drone/build/as2_python_api/build/lib/as2_python_api/mission_interpreter/__init__.py -> /home/ayush/challenge_multi_drone/install/as2_python_api/lib/python3.10/site-packages/as2_python_api/mission_interpreter
[0.916s] copying /home/ayush/challenge_multi_drone/build/as2_python_api/build/lib/as2_python_api/mission_interpreter/mission_stack.py -> /home/ayush/challenge_multi_drone/install/as2_python_api/lib/python3.10/site-packages/as2_python_api/mission_interpreter
[0.916s] creating /home/ayush/challenge_multi_drone/install/as2_python_api/lib/python3.10/site-packages/as2_python_api/tools
[0.916s] copying /home/ayush/challenge_multi_drone/build/as2_python_api/build/lib/as2_python_api/tools/__init__.py -> /home/ayush/challenge_multi_drone/install/as2_python_api/lib/python3.10/site-packages/as2_python_api/tools
[0.917s] copying /home/ayush/challenge_multi_drone/build/as2_python_api/build/lib/as2_python_api/tools/utils.py -> /home/ayush/challenge_multi_drone/install/as2_python_api/lib/python3.10/site-packages/as2_python_api/tools
[0.917s] creating /home/ayush/challenge_multi_drone/install/as2_python_api/lib/python3.10/site-packages/as2_python_api/behavior_manager
[0.917s] copying /home/ayush/challenge_multi_drone/build/as2_python_api/build/lib/as2_python_api/behavior_manager/behavior_manager.py -> /home/ayush/challenge_multi_drone/install/as2_python_api/lib/python3.10/site-packages/as2_python_api/behavior_manager
[0.917s] copying /home/ayush/challenge_multi_drone/build/as2_python_api/build/lib/as2_python_api/behavior_manager/__init__.py -> /home/ayush/challenge_multi_drone/install/as2_python_api/lib/python3.10/site-packages/as2_python_api/behavior_manager
[0.917s] copying /home/ayush/challenge_multi_drone/build/as2_python_api/build/lib/as2_python_api/drone_interface.py -> /home/ayush/challenge_multi_drone/install/as2_python_api/lib/python3.10/site-packages/as2_python_api
[0.917s] copying /home/ayush/challenge_multi_drone/build/as2_python_api/build/lib/as2_python_api/drone_interface_teleop.py -> /home/ayush/challenge_multi_drone/install/as2_python_api/lib/python3.10/site-packages/as2_python_api
[0.917s] copying /home/ayush/challenge_multi_drone/build/as2_python_api/build/lib/as2_python_api/__init__.py -> /home/ayush/challenge_multi_drone/install/as2_python_api/lib/python3.10/site-packages/as2_python_api
[0.917s] creating /home/ayush/challenge_multi_drone/install/as2_python_api/lib/python3.10/site-packages/as2_python_api/shared_data
[0.917s] copying /home/ayush/challenge_multi_drone/build/as2_python_api/build/lib/as2_python_api/shared_data/platform_info_data.py -> /home/ayush/challenge_multi_drone/install/as2_python_api/lib/python3.10/site-packages/as2_python_api/shared_data
[0.918s] copying /home/ayush/challenge_multi_drone/build/as2_python_api/build/lib/as2_python_api/shared_data/gps_data.py -> /home/ayush/challenge_multi_drone/install/as2_python_api/lib/python3.10/site-packages/as2_python_api/shared_data
[0.918s] copying /home/ayush/challenge_multi_drone/build/as2_python_api/build/lib/as2_python_api/shared_data/twist_data.py -> /home/ayush/challenge_multi_drone/install/as2_python_api/lib/python3.10/site-packages/as2_python_api/shared_data
[0.918s] copying /home/ayush/challenge_multi_drone/build/as2_python_api/build/lib/as2_python_api/shared_data/__init__.py -> /home/ayush/challenge_multi_drone/install/as2_python_api/lib/python3.10/site-packages/as2_python_api/shared_data
[0.918s] copying /home/ayush/challenge_multi_drone/build/as2_python_api/build/lib/as2_python_api/shared_data/pose_data.py -> /home/ayush/challenge_multi_drone/install/as2_python_api/lib/python3.10/site-packages/as2_python_api/shared_data
[0.918s] copying /home/ayush/challenge_multi_drone/build/as2_python_api/build/lib/as2_python_api/shared_data/orientation_data.py -> /home/ayush/challenge_multi_drone/install/as2_python_api/lib/python3.10/site-packages/as2_python_api/shared_data
[0.918s] copying /home/ayush/challenge_multi_drone/build/as2_python_api/build/lib/as2_python_api/shared_data/position_data.py -> /home/ayush/challenge_multi_drone/install/as2_python_api/lib/python3.10/site-packages/as2_python_api/shared_data
[0.919s] creating /home/ayush/challenge_multi_drone/install/as2_python_api/lib/python3.10/site-packages/as2_python_api/behavior_actions
[0.919s] copying /home/ayush/challenge_multi_drone/build/as2_python_api/build/lib/as2_python_api/behavior_actions/follow_reference_behavior.py -> /home/ayush/challenge_multi_drone/install/as2_python_api/lib/python3.10/site-packages/as2_python_api/behavior_actions
[0.919s] copying /home/ayush/challenge_multi_drone/build/as2_python_api/build/lib/as2_python_api/behavior_actions/takeoff_behavior.py -> /home/ayush/challenge_multi_drone/install/as2_python_api/lib/python3.10/site-packages/as2_python_api/behavior_actions
[0.919s] copying /home/ayush/challenge_multi_drone/build/as2_python_api/build/lib/as2_python_api/behavior_actions/go_to_behavior.py -> /home/ayush/challenge_multi_drone/install/as2_python_api/lib/python3.10/site-packages/as2_python_api/behavior_actions
[0.919s] copying /home/ayush/challenge_multi_drone/build/as2_python_api/build/lib/as2_python_api/behavior_actions/trajectory_generation_behavior.py -> /home/ayush/challenge_multi_drone/install/as2_python_api/lib/python3.10/site-packages/as2_python_api/behavior_actions
[0.919s] copying /home/ayush/challenge_multi_drone/build/as2_python_api/build/lib/as2_python_api/behavior_actions/behavior_handler.py -> /home/ayush/challenge_multi_drone/install/as2_python_api/lib/python3.10/site-packages/as2_python_api/behavior_actions
[0.919s] copying /home/ayush/challenge_multi_drone/build/as2_python_api/build/lib/as2_python_api/behavior_actions/point_gimbal_behavior.py -> /home/ayush/challenge_multi_drone/install/as2_python_api/lib/python3.10/site-packages/as2_python_api/behavior_actions
[0.919s] copying /home/ayush/challenge_multi_drone/build/as2_python_api/build/lib/as2_python_api/behavior_actions/followpath_behavior.py -> /home/ayush/challenge_multi_drone/install/as2_python_api/lib/python3.10/site-packages/as2_python_api/behavior_actions
[0.919s] copying /home/ayush/challenge_multi_drone/build/as2_python_api/build/lib/as2_python_api/behavior_actions/__init__.py -> /home/ayush/challenge_multi_drone/install/as2_python_api/lib/python3.10/site-packages/as2_python_api/behavior_actions
[0.919s] copying /home/ayush/challenge_multi_drone/build/as2_python_api/build/lib/as2_python_api/behavior_actions/land_behavior.py -> /home/ayush/challenge_multi_drone/install/as2_python_api/lib/python3.10/site-packages/as2_python_api/behavior_actions
[0.920s] copying /home/ayush/challenge_multi_drone/build/as2_python_api/build/lib/as2_python_api/behavior_actions/navigate_to_behavior.py -> /home/ayush/challenge_multi_drone/install/as2_python_api/lib/python3.10/site-packages/as2_python_api/behavior_actions
[0.920s] creating /home/ayush/challenge_multi_drone/install/as2_python_api/lib/python3.10/site-packages/as2_python_api/modules
[0.920s] copying /home/ayush/challenge_multi_drone/build/as2_python_api/build/lib/as2_python_api/modules/land_module.py -> /home/ayush/challenge_multi_drone/install/as2_python_api/lib/python3.10/site-packages/as2_python_api/modules
[0.920s] copying /home/ayush/challenge_multi_drone/build/as2_python_api/build/lib/as2_python_api/modules/follow_reference_module.py -> /home/ayush/challenge_multi_drone/install/as2_python_api/lib/python3.10/site-packages/as2_python_api/modules
[0.920s] copying /home/ayush/challenge_multi_drone/build/as2_python_api/build/lib/as2_python_api/modules/rtl_module.py -> /home/ayush/challenge_multi_drone/install/as2_python_api/lib/python3.10/site-packages/as2_python_api/modules
[0.920s] copying /home/ayush/challenge_multi_drone/build/as2_python_api/build/lib/as2_python_api/modules/go_to_module.py -> /home/ayush/challenge_multi_drone/install/as2_python_api/lib/python3.10/site-packages/as2_python_api/modules
[0.920s] copying /home/ayush/challenge_multi_drone/build/as2_python_api/build/lib/as2_python_api/modules/go_to_gps_module.py -> /home/ayush/challenge_multi_drone/install/as2_python_api/lib/python3.10/site-packages/as2_python_api/modules
[0.920s] copying /home/ayush/challenge_multi_drone/build/as2_python_api/build/lib/as2_python_api/modules/gps_module.py -> /home/ayush/challenge_multi_drone/install/as2_python_api/lib/python3.10/site-packages/as2_python_api/modules
[0.920s] copying /home/ayush/challenge_multi_drone/build/as2_python_api/build/lib/as2_python_api/modules/follow_path_module.py -> /home/ayush/challenge_multi_drone/install/as2_python_api/lib/python3.10/site-packages/as2_python_api/modules
[0.921s] copying /home/ayush/challenge_multi_drone/build/as2_python_api/build/lib/as2_python_api/modules/trajectory_generation_module.py -> /home/ayush/challenge_multi_drone/install/as2_python_api/lib/python3.10/site-packages/as2_python_api/modules
[0.921s] copying /home/ayush/challenge_multi_drone/build/as2_python_api/build/lib/as2_python_api/modules/__init__.py -> /home/ayush/challenge_multi_drone/install/as2_python_api/lib/python3.10/site-packages/as2_python_api/modules
[0.921s] copying /home/ayush/challenge_multi_drone/build/as2_python_api/build/lib/as2_python_api/modules/navigate_to_module.py -> /home/ayush/challenge_multi_drone/install/as2_python_api/lib/python3.10/site-packages/as2_python_api/modules
[0.921s] copying /home/ayush/challenge_multi_drone/build/as2_python_api/build/lib/as2_python_api/modules/takeoff_module.py -> /home/ayush/challenge_multi_drone/install/as2_python_api/lib/python3.10/site-packages/as2_python_api/modules
[0.921s] copying /home/ayush/challenge_multi_drone/build/as2_python_api/build/lib/as2_python_api/modules/module_base.py -> /home/ayush/challenge_multi_drone/install/as2_python_api/lib/python3.10/site-packages/as2_python_api/modules
[0.921s] copying /home/ayush/challenge_multi_drone/build/as2_python_api/build/lib/as2_python_api/modules/motion_reference_handler_module.py -> /home/ayush/challenge_multi_drone/install/as2_python_api/lib/python3.10/site-packages/as2_python_api/modules
[0.921s] copying /home/ayush/challenge_multi_drone/build/as2_python_api/build/lib/as2_python_api/modules/dummy_module.py -> /home/ayush/challenge_multi_drone/install/as2_python_api/lib/python3.10/site-packages/as2_python_api/modules
[0.921s] copying /home/ayush/challenge_multi_drone/build/as2_python_api/build/lib/as2_python_api/modules/follow_path_gps_module.py -> /home/ayush/challenge_multi_drone/install/as2_python_api/lib/python3.10/site-packages/as2_python_api/modules
[0.921s] copying /home/ayush/challenge_multi_drone/build/as2_python_api/build/lib/as2_python_api/modules/point_gimbal_module.py -> /home/ayush/challenge_multi_drone/install/as2_python_api/lib/python3.10/site-packages/as2_python_api/modules
[0.921s] copying /home/ayush/challenge_multi_drone/build/as2_python_api/build/lib/as2_python_api/drone_interface_base.py -> /home/ayush/challenge_multi_drone/install/as2_python_api/lib/python3.10/site-packages/as2_python_api
[0.921s] copying /home/ayush/challenge_multi_drone/build/as2_python_api/build/lib/as2_python_api/drone_interface_gps.py -> /home/ayush/challenge_multi_drone/install/as2_python_api/lib/python3.10/site-packages/as2_python_api
[0.921s] creating /home/ayush/challenge_multi_drone/install/as2_python_api/lib/python3.10/site-packages/as2_python_api/service_clients
[0.921s] copying /home/ayush/challenge_multi_drone/build/as2_python_api/build/lib/as2_python_api/service_clients/service_handler.py -> /home/ayush/challenge_multi_drone/install/as2_python_api/lib/python3.10/site-packages/as2_python_api/service_clients
[0.921s] copying /home/ayush/challenge_multi_drone/build/as2_python_api/build/lib/as2_python_api/service_clients/offboard.py -> /home/ayush/challenge_multi_drone/install/as2_python_api/lib/python3.10/site-packages/as2_python_api/service_clients
[0.922s] copying /home/ayush/challenge_multi_drone/build/as2_python_api/build/lib/as2_python_api/service_clients/__init__.py -> /home/ayush/challenge_multi_drone/install/as2_python_api/lib/python3.10/site-packages/as2_python_api/service_clients
[0.922s] copying /home/ayush/challenge_multi_drone/build/as2_python_api/build/lib/as2_python_api/service_clients/arming.py -> /home/ayush/challenge_multi_drone/install/as2_python_api/lib/python3.10/site-packages/as2_python_api/service_clients
[0.922s] byte-compiling /home/ayush/challenge_multi_drone/install/as2_python_api/lib/python3.10/site-packages/as2_python_api/mission_interpreter/mission_interpreter.py to mission_interpreter.cpython-310.pyc
[0.923s] byte-compiling /home/ayush/challenge_multi_drone/install/as2_python_api/lib/python3.10/site-packages/as2_python_api/mission_interpreter/ros2_adapter.py to ros2_adapter.cpython-310.pyc
[0.924s] byte-compiling /home/ayush/challenge_multi_drone/install/as2_python_api/lib/python3.10/site-packages/as2_python_api/mission_interpreter/mission.py to mission.cpython-310.pyc
[0.925s] byte-compiling /home/ayush/challenge_multi_drone/install/as2_python_api/lib/python3.10/site-packages/as2_python_api/mission_interpreter/__init__.py to __init__.cpython-310.pyc
[0.925s] byte-compiling /home/ayush/challenge_multi_drone/install/as2_python_api/lib/python3.10/site-packages/as2_python_api/mission_interpreter/mission_stack.py to mission_stack.cpython-310.pyc
[0.926s] byte-compiling /home/ayush/challenge_multi_drone/install/as2_python_api/lib/python3.10/site-packages/as2_python_api/tools/__init__.py to __init__.cpython-310.pyc
[0.926s] byte-compiling /home/ayush/challenge_multi_drone/install/as2_python_api/lib/python3.10/site-packages/as2_python_api/tools/utils.py to utils.cpython-310.pyc
[0.927s] byte-compiling /home/ayush/challenge_multi_drone/install/as2_python_api/lib/python3.10/site-packages/as2_python_api/behavior_manager/behavior_manager.py to behavior_manager.cpython-310.pyc
[0.928s] byte-compiling /home/ayush/challenge_multi_drone/install/as2_python_api/lib/python3.10/site-packages/as2_python_api/behavior_manager/__init__.py to __init__.cpython-310.pyc
[0.928s] byte-compiling /home/ayush/challenge_multi_drone/install/as2_python_api/lib/python3.10/site-packages/as2_python_api/drone_interface.py to drone_interface.cpython-310.pyc
[0.928s] byte-compiling /home/ayush/challenge_multi_drone/install/as2_python_api/lib/python3.10/site-packages/as2_python_api/drone_interface_teleop.py to drone_interface_teleop.cpython-310.pyc
[0.929s] byte-compiling /home/ayush/challenge_multi_drone/install/as2_python_api/lib/python3.10/site-packages/as2_python_api/__init__.py to __init__.cpython-310.pyc
[0.929s] byte-compiling /home/ayush/challenge_multi_drone/install/as2_python_api/lib/python3.10/site-packages/as2_python_api/shared_data/platform_info_data.py to platform_info_data.cpython-310.pyc
[0.929s] byte-compiling /home/ayush/challenge_multi_drone/install/as2_python_api/lib/python3.10/site-packages/as2_python_api/shared_data/gps_data.py to gps_data.cpython-310.pyc
[0.930s] byte-compiling /home/ayush/challenge_multi_drone/install/as2_python_api/lib/python3.10/site-packages/as2_python_api/shared_data/twist_data.py to twist_data.cpython-310.pyc
[0.930s] byte-compiling /home/ayush/challenge_multi_drone/install/as2_python_api/lib/python3.10/site-packages/as2_python_api/shared_data/__init__.py to __init__.cpython-310.pyc
[0.930s] byte-compiling /home/ayush/challenge_multi_drone/install/as2_python_api/lib/python3.10/site-packages/as2_python_api/shared_data/pose_data.py to pose_data.cpython-310.pyc
[0.930s] byte-compiling /home/ayush/challenge_multi_drone/install/as2_python_api/lib/python3.10/site-packages/as2_python_api/shared_data/orientation_data.py to orientation_data.cpython-310.pyc
[0.931s] byte-compiling /home/ayush/challenge_multi_drone/install/as2_python_api/lib/python3.10/site-packages/as2_python_api/shared_data/position_data.py to position_data.cpython-310.pyc
[0.931s] byte-compiling /home/ayush/challenge_multi_drone/install/as2_python_api/lib/python3.10/site-packages/as2_python_api/behavior_actions/follow_reference_behavior.py to follow_reference_behavior.cpython-310.pyc
[0.932s] byte-compiling /home/ayush/challenge_multi_drone/install/as2_python_api/lib/python3.10/site-packages/as2_python_api/behavior_actions/takeoff_behavior.py to takeoff_behavior.cpython-310.pyc
[0.932s] byte-compiling /home/ayush/challenge_multi_drone/install/as2_python_api/lib/python3.10/site-packages/as2_python_api/behavior_actions/go_to_behavior.py to go_to_behavior.cpython-310.pyc
[0.933s] byte-compiling /home/ayush/challenge_multi_drone/install/as2_python_api/lib/python3.10/site-packages/as2_python_api/behavior_actions/trajectory_generation_behavior.py to trajectory_generation_behavior.cpython-310.pyc
[0.933s] byte-compiling /home/ayush/challenge_multi_drone/install/as2_python_api/lib/python3.10/site-packages/as2_python_api/behavior_actions/behavior_handler.py to behavior_handler.cpython-310.pyc
[0.934s] byte-compiling /home/ayush/challenge_multi_drone/install/as2_python_api/lib/python3.10/site-packages/as2_python_api/behavior_actions/point_gimbal_behavior.py to point_gimbal_behavior.cpython-310.pyc
[0.935s] byte-compiling /home/ayush/challenge_multi_drone/install/as2_python_api/lib/python3.10/site-packages/as2_python_api/behavior_actions/followpath_behavior.py to followpath_behavior.cpython-310.pyc
[0.935s] byte-compiling /home/ayush/challenge_multi_drone/install/as2_python_api/lib/python3.10/site-packages/as2_python_api/behavior_actions/__init__.py to __init__.cpython-310.pyc
[0.936s] byte-compiling /home/ayush/challenge_multi_drone/install/as2_python_api/lib/python3.10/site-packages/as2_python_api/behavior_actions/land_behavior.py to land_behavior.cpython-310.pyc
[0.936s] byte-compiling /home/ayush/challenge_multi_drone/install/as2_python_api/lib/python3.10/site-packages/as2_python_api/behavior_actions/navigate_to_behavior.py to navigate_to_behavior.cpython-310.pyc
[0.936s] byte-compiling /home/ayush/challenge_multi_drone/install/as2_python_api/lib/python3.10/site-packages/as2_python_api/modules/land_module.py to land_module.cpython-310.pyc
[0.937s] byte-compiling /home/ayush/challenge_multi_drone/install/as2_python_api/lib/python3.10/site-packages/as2_python_api/modules/follow_reference_module.py to follow_reference_module.cpython-310.pyc
[0.937s] byte-compiling /home/ayush/challenge_multi_drone/install/as2_python_api/lib/python3.10/site-packages/as2_python_api/modules/rtl_module.py to rtl_module.cpython-310.pyc
[0.938s] byte-compiling /home/ayush/challenge_multi_drone/install/as2_python_api/lib/python3.10/site-packages/as2_python_api/modules/go_to_module.py to go_to_module.cpython-310.pyc
[0.938s] byte-compiling /home/ayush/challenge_multi_drone/install/as2_python_api/lib/python3.10/site-packages/as2_python_api/modules/go_to_gps_module.py to go_to_gps_module.cpython-310.pyc
[0.939s] byte-compiling /home/ayush/challenge_multi_drone/install/as2_python_api/lib/python3.10/site-packages/as2_python_api/modules/gps_module.py to gps_module.cpython-310.pyc
[0.939s] byte-compiling /home/ayush/challenge_multi_drone/install/as2_python_api/lib/python3.10/site-packages/as2_python_api/modules/follow_path_module.py to follow_path_module.cpython-310.pyc
[0.940s] byte-compiling /home/ayush/challenge_multi_drone/install/as2_python_api/lib/python3.10/site-packages/as2_python_api/modules/trajectory_generation_module.py to trajectory_generation_module.cpython-310.pyc
[0.940s] byte-compiling /home/ayush/challenge_multi_drone/install/as2_python_api/lib/python3.10/site-packages/as2_python_api/modules/__init__.py to __init__.cpython-310.pyc
[0.941s] byte-compiling /home/ayush/challenge_multi_drone/install/as2_python_api/lib/python3.10/site-packages/as2_python_api/modules/navigate_to_module.py to navigate_to_module.cpython-310.pyc
[0.941s] byte-compiling /home/ayush/challenge_multi_drone/install/as2_python_api/lib/python3.10/site-packages/as2_python_api/modules/takeoff_module.py to takeoff_module.cpython-310.pyc
[0.942s] byte-compiling /home/ayush/challenge_multi_drone/install/as2_python_api/lib/python3.10/site-packages/as2_python_api/modules/module_base.py to module_base.cpython-310.pyc
[0.942s] byte-compiling /home/ayush/challenge_multi_drone/install/as2_python_api/lib/python3.10/site-packages/as2_python_api/modules/motion_reference_handler_module.py to motion_reference_handler_module.cpython-310.pyc
[0.942s] byte-compiling /home/ayush/challenge_multi_drone/install/as2_python_api/lib/python3.10/site-packages/as2_python_api/modules/dummy_module.py to dummy_module.cpython-310.pyc
[0.943s] byte-compiling /home/ayush/challenge_multi_drone/install/as2_python_api/lib/python3.10/site-packages/as2_python_api/modules/follow_path_gps_module.py to follow_path_gps_module.cpython-310.pyc
[0.943s] byte-compiling /home/ayush/challenge_multi_drone/install/as2_python_api/lib/python3.10/site-packages/as2_python_api/modules/point_gimbal_module.py to point_gimbal_module.cpython-310.pyc
[0.943s] byte-compiling /home/ayush/challenge_multi_drone/install/as2_python_api/lib/python3.10/site-packages/as2_python_api/drone_interface_base.py to drone_interface_base.cpython-310.pyc
[0.944s] byte-compiling /home/ayush/challenge_multi_drone/install/as2_python_api/lib/python3.10/site-packages/as2_python_api/drone_interface_gps.py to drone_interface_gps.cpython-310.pyc
[0.945s] byte-compiling /home/ayush/challenge_multi_drone/install/as2_python_api/lib/python3.10/site-packages/as2_python_api/service_clients/service_handler.py to service_handler.cpython-310.pyc
[0.945s] byte-compiling /home/ayush/challenge_multi_drone/install/as2_python_api/lib/python3.10/site-packages/as2_python_api/service_clients/offboard.py to offboard.cpython-310.pyc
[0.945s] byte-compiling /home/ayush/challenge_multi_drone/install/as2_python_api/lib/python3.10/site-packages/as2_python_api/service_clients/__init__.py to __init__.cpython-310.pyc
[0.946s] byte-compiling /home/ayush/challenge_multi_drone/install/as2_python_api/lib/python3.10/site-packages/as2_python_api/service_clients/arming.py to arming.cpython-310.pyc
[0.946s] running install_data
[0.946s] creating /home/ayush/challenge_multi_drone/install/as2_python_api/share/ament_index
[0.946s] creating /home/ayush/challenge_multi_drone/install/as2_python_api/share/ament_index/resource_index
[0.946s] creating /home/ayush/challenge_multi_drone/install/as2_python_api/share/ament_index/resource_index/packages
[0.946s] copying resource/as2_python_api -> /home/ayush/challenge_multi_drone/install/as2_python_api/share/ament_index/resource_index/packages
[0.946s] creating /home/ayush/challenge_multi_drone/install/as2_python_api/share/as2_python_api/hooks
[0.946s] copying hooks/resource_paths.sh -> /home/ayush/challenge_multi_drone/install/as2_python_api/share/as2_python_api/hooks
[0.946s] copying package.xml -> /home/ayush/challenge_multi_drone/install/as2_python_api/share/as2_python_api
[0.947s] running install_egg_info
[0.949s] Copying ../../../build/as2_python_api/as2_python_api.egg-info to /home/ayush/challenge_multi_drone/install/as2_python_api/lib/python3.10/site-packages/as2_python_api-1.1.2-py3.10.egg-info
[0.950s] running install_scripts
[0.980s] Installing mission_executor script to /home/ayush/challenge_multi_drone/install/as2_python_api/lib/as2_python_api
[0.981s] writing list of installed files to '/home/ayush/challenge_multi_drone/build/as2_python_api/install.log'
[1.009s] Invoked command in '/home/ayush/challenge_multi_drone/src/aerostack2/as2_python_api' returned '0': AMENT_PREFIX_PATH=/home/ayush/challenge_multi_drone/install/as2_motion_reference_handlers:/home/ayush/challenge_multi_drone/install/as2_core:/home/ayush/challenge_multi_drone/install/as2_msgs:${AMENT_PREFIX_PATH} CMAKE_PREFIX_PATH=/home/ayush/challenge_multi_drone/install/as2_motion_reference_handlers:/home/ayush/challenge_multi_drone/install/as2_core:/home/ayush/challenge_multi_drone/install/as2_msgs:${CMAKE_PREFIX_PATH} LD_LIBRARY_PATH=/home/ayush/challenge_multi_drone/install/as2_motion_reference_handlers/lib:/home/ayush/challenge_multi_drone/install/as2_core/lib:/home/ayush/challenge_multi_drone/install/as2_msgs/lib:${LD_LIBRARY_PATH} PYTHONPATH=/home/ayush/challenge_multi_drone/build/as2_python_api/prefix_override:/usr/lib/python3/dist-packages/colcon_core/task/python/colcon_distutils_commands:/home/ayush/challenge_multi_drone/install/as2_python_api/lib/python3.10/site-packages:/home/ayush/challenge_multi_drone/install/as2_motion_reference_handlers/local/lib/python3.10/dist-packages:/home/ayush/challenge_multi_drone/install/as2_core/local/lib/python3.10/dist-packages:/home/ayush/challenge_multi_drone/install/as2_msgs/local/lib/python3.10/dist-packages:${PYTHONPATH} /usr/bin/python3 -W ignore:setup.py install is deprecated -W ignore:easy_install command is deprecated setup.py egg_info --egg-base ../../../build/as2_python_api build --build-base /home/ayush/challenge_multi_drone/build/as2_python_api/build install --record /home/ayush/challenge_multi_drone/build/as2_python_api/install.log --single-version-externally-managed install_data
