[0.012s] Invoking command in '/home/ayush/challenge_multi_drone/build/as2_motion_reference_handlers': AMENT_PREFIX_PATH=/home/ayush/challenge_multi_drone/install/as2_core:/home/ayush/challenge_multi_drone/install/as2_msgs:${AMENT_PREFIX_PATH} CMAKE_PREFIX_PATH=/home/ayush/challenge_multi_drone/install/as2_core:/home/ayush/challenge_multi_drone/install/as2_msgs:/home/ayush/project_gazebo_ws/install/aerostack2:/home/ayush/project_gazebo_ws/install/as2_usb_camera_interface:/home/ayush/project_gazebo_ws/install/as2_state_estimator:/home/ayush/project_gazebo_ws/install/as2_rviz_plugins:/home/ayush/project_gazebo_ws/install/as2_realsense_interface:/home/ayush/project_gazebo_ws/install/as2_platform_multirotor_simulator:/home/ayush/project_gazebo_ws/install/as2_platform_gazebo:/home/ayush/project_gazebo_ws/install/as2_motion_controller:/home/ayush/project_gazebo_ws/install/as2_behaviors_trajectory_generation:/home/ayush/project_gazebo_ws/install/as2_behaviors_motion:/home/ayush/project_gazebo_ws/install/as2_motion_reference_handlers:/home/ayush/project_gazebo_ws/install/as2_map_server:/home/ayush/project_gazebo_ws/install/as2_geozones:/home/ayush/project_gazebo_ws/install/as2_gazebo_assets:/home/ayush/project_gazebo_ws/install/as2_external_object_to_tf:/home/ayush/project_gazebo_ws/install/as2_behaviors_platform:/home/ayush/project_gazebo_ws/install/as2_behaviors_perception:/home/ayush/project_gazebo_ws/install/as2_behaviors_path_planning:/home/ayush/project_gazebo_ws/install/as2_behavior_tree:/home/ayush/project_gazebo_ws/install/as2_behavior:/home/ayush/project_gazebo_ws/install/as2_alphanumeric_viewer:/home/ayush/project_gazebo_ws/install/as2_core:/home/ayush/project_gazebo_ws/install/as2_msgs:/home/ayush/project_gazebo_ws/install/as2_cli:/home/ayush/project_gazebo_ws/install/as2_visualization:/home/ayush/project_gazebo_ws/install/as2_keyboard_teleoperation:/home/ayush/project_gazebo_ws/install/as2_python_api:/opt/ros/humble LD_LIBRARY_PATH=/home/ayush/challenge_multi_drone/install/as2_core/lib:/home/ayush/challenge_multi_drone/install/as2_msgs/lib:${LD_LIBRARY_PATH} PYTHONPATH=/home/ayush/challenge_multi_drone/install/as2_core/local/lib/python3.10/dist-packages:/home/ayush/challenge_multi_drone/install/as2_msgs/local/lib/python3.10/dist-packages:${PYTHONPATH} /usr/bin/cmake --build /home/ayush/challenge_multi_drone/build/as2_motion_reference_handlers -- -j12 -l12
[0.061s] [35m[1mConsolidate compiler generated dependencies of target as2_motion_reference_handlers[0m
[0.071s] [  0%] Built target ament_cmake_python_copy_as2_motion_reference_handlers
[0.091s] [100%] Built target as2_motion_reference_handlers
[0.244s] running egg_info
[0.245s] writing as2_motion_reference_handlers.egg-info/PKG-INFO
[0.245s] writing dependency_links to as2_motion_reference_handlers.egg-info/dependency_links.txt
[0.245s] writing top-level names to as2_motion_reference_handlers.egg-info/top_level.txt
[0.246s] reading manifest file 'as2_motion_reference_handlers.egg-info/SOURCES.txt'
[0.247s] writing manifest file 'as2_motion_reference_handlers.egg-info/SOURCES.txt'
[0.268s] [100%] Built target ament_cmake_python_build_as2_motion_reference_handlers_egg
[0.279s] Invoked command in '/home/ayush/challenge_multi_drone/build/as2_motion_reference_handlers' returned '0': AMENT_PREFIX_PATH=/home/ayush/challenge_multi_drone/install/as2_core:/home/ayush/challenge_multi_drone/install/as2_msgs:${AMENT_PREFIX_PATH} CMAKE_PREFIX_PATH=/home/ayush/challenge_multi_drone/install/as2_core:/home/ayush/challenge_multi_drone/install/as2_msgs:/home/ayush/project_gazebo_ws/install/aerostack2:/home/ayush/project_gazebo_ws/install/as2_usb_camera_interface:/home/ayush/project_gazebo_ws/install/as2_state_estimator:/home/ayush/project_gazebo_ws/install/as2_rviz_plugins:/home/ayush/project_gazebo_ws/install/as2_realsense_interface:/home/ayush/project_gazebo_ws/install/as2_platform_multirotor_simulator:/home/ayush/project_gazebo_ws/install/as2_platform_gazebo:/home/ayush/project_gazebo_ws/install/as2_motion_controller:/home/ayush/project_gazebo_ws/install/as2_behaviors_trajectory_generation:/home/ayush/project_gazebo_ws/install/as2_behaviors_motion:/home/ayush/project_gazebo_ws/install/as2_motion_reference_handlers:/home/ayush/project_gazebo_ws/install/as2_map_server:/home/ayush/project_gazebo_ws/install/as2_geozones:/home/ayush/project_gazebo_ws/install/as2_gazebo_assets:/home/ayush/project_gazebo_ws/install/as2_external_object_to_tf:/home/ayush/project_gazebo_ws/install/as2_behaviors_platform:/home/ayush/project_gazebo_ws/install/as2_behaviors_perception:/home/ayush/project_gazebo_ws/install/as2_behaviors_path_planning:/home/ayush/project_gazebo_ws/install/as2_behavior_tree:/home/ayush/project_gazebo_ws/install/as2_behavior:/home/ayush/project_gazebo_ws/install/as2_alphanumeric_viewer:/home/ayush/project_gazebo_ws/install/as2_core:/home/ayush/project_gazebo_ws/install/as2_msgs:/home/ayush/project_gazebo_ws/install/as2_cli:/home/ayush/project_gazebo_ws/install/as2_visualization:/home/ayush/project_gazebo_ws/install/as2_keyboard_teleoperation:/home/ayush/project_gazebo_ws/install/as2_python_api:/opt/ros/humble LD_LIBRARY_PATH=/home/ayush/challenge_multi_drone/install/as2_core/lib:/home/ayush/challenge_multi_drone/install/as2_msgs/lib:${LD_LIBRARY_PATH} PYTHONPATH=/home/ayush/challenge_multi_drone/install/as2_core/local/lib/python3.10/dist-packages:/home/ayush/challenge_multi_drone/install/as2_msgs/local/lib/python3.10/dist-packages:${PYTHONPATH} /usr/bin/cmake --build /home/ayush/challenge_multi_drone/build/as2_motion_reference_handlers -- -j12 -l12
[0.282s] Invoking command in '/home/ayush/challenge_multi_drone/build/as2_motion_reference_handlers': AMENT_PREFIX_PATH=/home/ayush/challenge_multi_drone/install/as2_core:/home/ayush/challenge_multi_drone/install/as2_msgs:${AMENT_PREFIX_PATH} CMAKE_PREFIX_PATH=/home/ayush/challenge_multi_drone/install/as2_core:/home/ayush/challenge_multi_drone/install/as2_msgs:/home/ayush/project_gazebo_ws/install/aerostack2:/home/ayush/project_gazebo_ws/install/as2_usb_camera_interface:/home/ayush/project_gazebo_ws/install/as2_state_estimator:/home/ayush/project_gazebo_ws/install/as2_rviz_plugins:/home/ayush/project_gazebo_ws/install/as2_realsense_interface:/home/ayush/project_gazebo_ws/install/as2_platform_multirotor_simulator:/home/ayush/project_gazebo_ws/install/as2_platform_gazebo:/home/ayush/project_gazebo_ws/install/as2_motion_controller:/home/ayush/project_gazebo_ws/install/as2_behaviors_trajectory_generation:/home/ayush/project_gazebo_ws/install/as2_behaviors_motion:/home/ayush/project_gazebo_ws/install/as2_motion_reference_handlers:/home/ayush/project_gazebo_ws/install/as2_map_server:/home/ayush/project_gazebo_ws/install/as2_geozones:/home/ayush/project_gazebo_ws/install/as2_gazebo_assets:/home/ayush/project_gazebo_ws/install/as2_external_object_to_tf:/home/ayush/project_gazebo_ws/install/as2_behaviors_platform:/home/ayush/project_gazebo_ws/install/as2_behaviors_perception:/home/ayush/project_gazebo_ws/install/as2_behaviors_path_planning:/home/ayush/project_gazebo_ws/install/as2_behavior_tree:/home/ayush/project_gazebo_ws/install/as2_behavior:/home/ayush/project_gazebo_ws/install/as2_alphanumeric_viewer:/home/ayush/project_gazebo_ws/install/as2_core:/home/ayush/project_gazebo_ws/install/as2_msgs:/home/ayush/project_gazebo_ws/install/as2_cli:/home/ayush/project_gazebo_ws/install/as2_visualization:/home/ayush/project_gazebo_ws/install/as2_keyboard_teleoperation:/home/ayush/project_gazebo_ws/install/as2_python_api:/opt/ros/humble LD_LIBRARY_PATH=/home/ayush/challenge_multi_drone/install/as2_core/lib:/home/ayush/challenge_multi_drone/install/as2_msgs/lib:${LD_LIBRARY_PATH} PYTHONPATH=/home/ayush/challenge_multi_drone/install/as2_core/local/lib/python3.10/dist-packages:/home/ayush/challenge_multi_drone/install/as2_msgs/local/lib/python3.10/dist-packages:${PYTHONPATH} /usr/bin/cmake --install /home/ayush/challenge_multi_drone/build/as2_motion_reference_handlers
[0.289s] -- Install configuration: "Release"
[0.289s] -- Up-to-date: /home/ayush/challenge_multi_drone/install/as2_motion_reference_handlers/share/as2_motion_reference_handlers/environment/library_path.sh
[0.289s] -- Up-to-date: /home/ayush/challenge_multi_drone/install/as2_motion_reference_handlers/share/as2_motion_reference_handlers/environment/library_path.dsv
[0.290s] -- Up-to-date: /home/ayush/challenge_multi_drone/install/as2_motion_reference_handlers/include
[0.290s] -- Up-to-date: /home/ayush/challenge_multi_drone/install/as2_motion_reference_handlers/include/as2_motion_reference_handlers
[0.290s] -- Up-to-date: /home/ayush/challenge_multi_drone/install/as2_motion_reference_handlers/include/as2_motion_reference_handlers/speed_in_a_plane_motion.hpp
[0.290s] -- Up-to-date: /home/ayush/challenge_multi_drone/install/as2_motion_reference_handlers/include/as2_motion_reference_handlers/trajectory_motion.hpp
[0.290s] -- Up-to-date: /home/ayush/challenge_multi_drone/install/as2_motion_reference_handlers/include/as2_motion_reference_handlers/acro_motion.hpp
[0.290s] -- Up-to-date: /home/ayush/challenge_multi_drone/install/as2_motion_reference_handlers/include/as2_motion_reference_handlers/basic_motion_references.hpp
[0.290s] -- Up-to-date: /home/ayush/challenge_multi_drone/install/as2_motion_reference_handlers/include/as2_motion_reference_handlers/hover_motion.hpp
[0.290s] -- Up-to-date: /home/ayush/challenge_multi_drone/install/as2_motion_reference_handlers/include/as2_motion_reference_handlers/speed_motion.hpp
[0.290s] -- Up-to-date: /home/ayush/challenge_multi_drone/install/as2_motion_reference_handlers/include/as2_motion_reference_handlers/position_motion.hpp
[0.290s] -- Up-to-date: /home/ayush/challenge_multi_drone/install/as2_motion_reference_handlers/lib/libas2_motion_reference_handlers.a
[0.290s] -- Up-to-date: /home/ayush/challenge_multi_drone/install/as2_motion_reference_handlers/share/as2_motion_reference_handlers/environment/pythonpath.sh
[0.290s] -- Up-to-date: /home/ayush/challenge_multi_drone/install/as2_motion_reference_handlers/share/as2_motion_reference_handlers/environment/pythonpath.dsv
[0.290s] -- Up-to-date: /home/ayush/challenge_multi_drone/install/as2_motion_reference_handlers/local/lib/python3.10/dist-packages/as2_motion_reference_handlers-1.1.2-py3.10.egg-info
[0.291s] -- Installing: /home/ayush/challenge_multi_drone/install/as2_motion_reference_handlers/local/lib/python3.10/dist-packages/as2_motion_reference_handlers-1.1.2-py3.10.egg-info/dependency_links.txt
[0.291s] -- Installing: /home/ayush/challenge_multi_drone/install/as2_motion_reference_handlers/local/lib/python3.10/dist-packages/as2_motion_reference_handlers-1.1.2-py3.10.egg-info/SOURCES.txt
[0.291s] -- Installing: /home/ayush/challenge_multi_drone/install/as2_motion_reference_handlers/local/lib/python3.10/dist-packages/as2_motion_reference_handlers-1.1.2-py3.10.egg-info/PKG-INFO
[0.291s] -- Installing: /home/ayush/challenge_multi_drone/install/as2_motion_reference_handlers/local/lib/python3.10/dist-packages/as2_motion_reference_handlers-1.1.2-py3.10.egg-info/top_level.txt
[0.291s] -- Up-to-date: /home/ayush/challenge_multi_drone/install/as2_motion_reference_handlers/local/lib/python3.10/dist-packages/as2_motion_reference_handlers
[0.291s] -- Up-to-date: /home/ayush/challenge_multi_drone/install/as2_motion_reference_handlers/local/lib/python3.10/dist-packages/as2_motion_reference_handlers/speed_in_a_plane.py
[0.291s] -- Up-to-date: /home/ayush/challenge_multi_drone/install/as2_motion_reference_handlers/local/lib/python3.10/dist-packages/as2_motion_reference_handlers/hover_motion.py
[0.291s] -- Up-to-date: /home/ayush/challenge_multi_drone/install/as2_motion_reference_handlers/local/lib/python3.10/dist-packages/as2_motion_reference_handlers/speed_motion.py
[0.291s] -- Up-to-date: /home/ayush/challenge_multi_drone/install/as2_motion_reference_handlers/local/lib/python3.10/dist-packages/as2_motion_reference_handlers/__init__.py
[0.291s] -- Up-to-date: /home/ayush/challenge_multi_drone/install/as2_motion_reference_handlers/local/lib/python3.10/dist-packages/as2_motion_reference_handlers/position_motion.py
[0.291s] -- Up-to-date: /home/ayush/challenge_multi_drone/install/as2_motion_reference_handlers/local/lib/python3.10/dist-packages/as2_motion_reference_handlers/utils.py
[0.291s] -- Up-to-date: /home/ayush/challenge_multi_drone/install/as2_motion_reference_handlers/local/lib/python3.10/dist-packages/as2_motion_reference_handlers/basic_motion_references.py
[0.329s] Listing '/home/ayush/challenge_multi_drone/install/as2_motion_reference_handlers/local/lib/python3.10/dist-packages/as2_motion_reference_handlers'...
[0.334s] -- Up-to-date: /home/ayush/challenge_multi_drone/install/as2_motion_reference_handlers/share/ament_index/resource_index/package_run_dependencies/as2_motion_reference_handlers
[0.335s] -- Up-to-date: /home/ayush/challenge_multi_drone/install/as2_motion_reference_handlers/share/ament_index/resource_index/parent_prefix_path/as2_motion_reference_handlers
[0.335s] -- Up-to-date: /home/ayush/challenge_multi_drone/install/as2_motion_reference_handlers/share/as2_motion_reference_handlers/environment/ament_prefix_path.sh
[0.335s] -- Up-to-date: /home/ayush/challenge_multi_drone/install/as2_motion_reference_handlers/share/as2_motion_reference_handlers/environment/ament_prefix_path.dsv
[0.335s] -- Up-to-date: /home/ayush/challenge_multi_drone/install/as2_motion_reference_handlers/share/as2_motion_reference_handlers/environment/path.sh
[0.335s] -- Up-to-date: /home/ayush/challenge_multi_drone/install/as2_motion_reference_handlers/share/as2_motion_reference_handlers/environment/path.dsv
[0.335s] -- Up-to-date: /home/ayush/challenge_multi_drone/install/as2_motion_reference_handlers/share/as2_motion_reference_handlers/local_setup.bash
[0.335s] -- Up-to-date: /home/ayush/challenge_multi_drone/install/as2_motion_reference_handlers/share/as2_motion_reference_handlers/local_setup.sh
[0.335s] -- Up-to-date: /home/ayush/challenge_multi_drone/install/as2_motion_reference_handlers/share/as2_motion_reference_handlers/local_setup.zsh
[0.335s] -- Up-to-date: /home/ayush/challenge_multi_drone/install/as2_motion_reference_handlers/share/as2_motion_reference_handlers/local_setup.dsv
[0.335s] -- Installing: /home/ayush/challenge_multi_drone/install/as2_motion_reference_handlers/share/as2_motion_reference_handlers/package.dsv
[0.336s] -- Up-to-date: /home/ayush/challenge_multi_drone/install/as2_motion_reference_handlers/share/ament_index/resource_index/packages/as2_motion_reference_handlers
[0.336s] -- Up-to-date: /home/ayush/challenge_multi_drone/install/as2_motion_reference_handlers/share/as2_motion_reference_handlers/cmake/export_as2_motion_reference_handlersExport.cmake
[0.336s] -- Up-to-date: /home/ayush/challenge_multi_drone/install/as2_motion_reference_handlers/share/as2_motion_reference_handlers/cmake/export_as2_motion_reference_handlersExport-release.cmake
[0.336s] -- Up-to-date: /home/ayush/challenge_multi_drone/install/as2_motion_reference_handlers/share/as2_motion_reference_handlers/cmake/ament_cmake_export_include_directories-extras.cmake
[0.336s] -- Up-to-date: /home/ayush/challenge_multi_drone/install/as2_motion_reference_handlers/share/as2_motion_reference_handlers/cmake/ament_cmake_export_targets-extras.cmake
[0.336s] -- Up-to-date: /home/ayush/challenge_multi_drone/install/as2_motion_reference_handlers/share/as2_motion_reference_handlers/cmake/ament_cmake_export_dependencies-extras.cmake
[0.337s] -- Up-to-date: /home/ayush/challenge_multi_drone/install/as2_motion_reference_handlers/share/as2_motion_reference_handlers/cmake/ament_cmake_export_libraries-extras.cmake
[0.337s] -- Up-to-date: /home/ayush/challenge_multi_drone/install/as2_motion_reference_handlers/share/as2_motion_reference_handlers/cmake/as2_motion_reference_handlersConfig.cmake
[0.337s] -- Up-to-date: /home/ayush/challenge_multi_drone/install/as2_motion_reference_handlers/share/as2_motion_reference_handlers/cmake/as2_motion_reference_handlersConfig-version.cmake
[0.337s] -- Up-to-date: /home/ayush/challenge_multi_drone/install/as2_motion_reference_handlers/share/as2_motion_reference_handlers/package.xml
[0.339s] Invoked command in '/home/ayush/challenge_multi_drone/build/as2_motion_reference_handlers' returned '0': AMENT_PREFIX_PATH=/home/ayush/challenge_multi_drone/install/as2_core:/home/ayush/challenge_multi_drone/install/as2_msgs:${AMENT_PREFIX_PATH} CMAKE_PREFIX_PATH=/home/ayush/challenge_multi_drone/install/as2_core:/home/ayush/challenge_multi_drone/install/as2_msgs:/home/ayush/project_gazebo_ws/install/aerostack2:/home/ayush/project_gazebo_ws/install/as2_usb_camera_interface:/home/ayush/project_gazebo_ws/install/as2_state_estimator:/home/ayush/project_gazebo_ws/install/as2_rviz_plugins:/home/ayush/project_gazebo_ws/install/as2_realsense_interface:/home/ayush/project_gazebo_ws/install/as2_platform_multirotor_simulator:/home/ayush/project_gazebo_ws/install/as2_platform_gazebo:/home/ayush/project_gazebo_ws/install/as2_motion_controller:/home/ayush/project_gazebo_ws/install/as2_behaviors_trajectory_generation:/home/ayush/project_gazebo_ws/install/as2_behaviors_motion:/home/ayush/project_gazebo_ws/install/as2_motion_reference_handlers:/home/ayush/project_gazebo_ws/install/as2_map_server:/home/ayush/project_gazebo_ws/install/as2_geozones:/home/ayush/project_gazebo_ws/install/as2_gazebo_assets:/home/ayush/project_gazebo_ws/install/as2_external_object_to_tf:/home/ayush/project_gazebo_ws/install/as2_behaviors_platform:/home/ayush/project_gazebo_ws/install/as2_behaviors_perception:/home/ayush/project_gazebo_ws/install/as2_behaviors_path_planning:/home/ayush/project_gazebo_ws/install/as2_behavior_tree:/home/ayush/project_gazebo_ws/install/as2_behavior:/home/ayush/project_gazebo_ws/install/as2_alphanumeric_viewer:/home/ayush/project_gazebo_ws/install/as2_core:/home/ayush/project_gazebo_ws/install/as2_msgs:/home/ayush/project_gazebo_ws/install/as2_cli:/home/ayush/project_gazebo_ws/install/as2_visualization:/home/ayush/project_gazebo_ws/install/as2_keyboard_teleoperation:/home/ayush/project_gazebo_ws/install/as2_python_api:/opt/ros/humble LD_LIBRARY_PATH=/home/ayush/challenge_multi_drone/install/as2_core/lib:/home/ayush/challenge_multi_drone/install/as2_msgs/lib:${LD_LIBRARY_PATH} PYTHONPATH=/home/ayush/challenge_multi_drone/install/as2_core/local/lib/python3.10/dist-packages:/home/ayush/challenge_multi_drone/install/as2_msgs/local/lib/python3.10/dist-packages:${PYTHONPATH} /usr/bin/cmake --install /home/ayush/challenge_multi_drone/build/as2_motion_reference_handlers
