[0.006s] Invoking command in '/home/ayush/challenge_multi_drone/build/dynamic_moving_objects': CMAKE_PREFIX_PATH=${CMAKE_PREFIX_PATH}:/home/ayush/project_gazebo_ws/install/as2_visualization:/home/ayush/project_gazebo_ws/install/as2_keyboard_teleoperation:/home/ayush/project_gazebo_ws/install/as2_python_api:/opt/ros/humble /usr/bin/cmake /home/ayush/challenge_multi_drone/src/challenge_multi_drone/config_sim/gazebo/plugins/dynamic_moving_objects -DCMAKE_INSTALL_PREFIX=/home/ayush/challenge_multi_drone/install/dynamic_moving_objects
[0.097s] -- The C compiler identification is GNU 11.4.0
[0.172s] -- The CXX compiler identification is GNU 11.4.0
[0.179s] -- Detecting C compiler ABI info
[0.244s] -- Detecting C compiler ABI info - done
[0.250s] -- Check for working C compiler: /usr/bin/cc - skipped
[0.251s] -- Detecting C compile features
[0.251s] -- Detecting C compile features - done
[0.253s] -- Detecting CXX compiler ABI info
[0.345s] -- Detecting CXX compiler ABI info - done
[0.345s] -- Check for working CXX compiler: /usr/bin/c++ - skipped
[0.345s] -- Detecting CXX compile features
[0.345s] -- Detecting CXX compile features - done
[0.345s] -- Looking for ignition-plugin1 -- found version 1.4.0
[0.345s] -- Searching for dependencies of ignition-plugin1
[0.345s] -- Searching for <ignition-plugin1> component [register]
[0.346s] -- Looking for ignition-plugin1-register -- found version 1.4.0
[0.346s] -- Searching for dependencies of ignition-plugin1-register
[0.346s] -- Looking for ignition-common4 -- found version 4.7.0
[0.346s] -- Searching for dependencies of ignition-common4
[0.347s] -- Looking for dlfcn.h - found
[0.353s] -- Looking for libdl - found
[0.354s] -- Found DL: TRUE  
[0.358s] -- Checking for module 'uuid'
[0.366s] --   Found uuid, version 2.37.2
[0.393s] -- Found UUID: TRUE  
[0.394s] -- Searching for <ignition-common4> component [profiler]
[0.399s] -- Looking for ignition-common4-profiler -- found version 4.7.0
[0.399s] -- Searching for dependencies of ignition-common4-profiler
[0.407s] -- Looking for ignition-gazebo6 -- found version 6.17.0
[0.407s] -- Searching for dependencies of ignition-gazebo6
[0.413s] -- Looking for sdformat12 -- found version 12.8.0
[0.413s] -- Searching for dependencies of sdformat12
[0.419s] -- Checking for module 'tinyxml2'
[0.433s] --   Found tinyxml2, version 9.0.0
[0.483s] -- Looking for ignition-math6 -- found version 6.15.1
[0.484s] -- Searching for dependencies of ignition-math6
[0.487s] -- Looking for ignition-utils1 -- found version 1.5.1
[0.487s] -- Searching for dependencies of ignition-utils1
[0.489s] -- Looking for ignition-plugin1 -- found version 1.4.0
[0.489s] -- Searching for dependencies of ignition-plugin1
[0.489s] -- Searching for <ignition-plugin1> component [loader]
[0.491s] -- Looking for ignition-plugin1-loader -- found version 1.4.0
[0.492s] -- Searching for dependencies of ignition-plugin1-loader
[0.492s] -- Searching for <ignition-plugin1> component [register]
[0.495s] -- Looking for ignition-transport11 -- found version 11.4.1
[0.496s] -- Searching for dependencies of ignition-transport11
[0.663s] -- Found Protobuf: /usr/lib/x86_64-linux-gnu/libprotobuf.so (found version "3.12.4") 
[0.678s] -- Config-file not installed for ZeroMQ -- checking for pkg-config
[0.682s] -- Checking for module 'libzmq >= 4'
[0.697s] --   Found libzmq , version 4.3.4
[0.731s] -- Found ZeroMQ: TRUE (Required is at least version "4") 
[0.744s] -- Looking for ignition-utils1 -- found version 1.5.1
[0.745s] -- Searching for dependencies of ignition-utils1
[0.745s] -- Searching for <ignition-utils1> component [cli]
[0.747s] -- Looking for ignition-utils1-cli -- found version 1.5.1
[0.747s] -- Searching for dependencies of ignition-utils1-cli
[0.751s] -- Looking for ignition-msgs8 -- found version 8.7.0
[0.751s] -- Searching for dependencies of ignition-msgs8
[0.764s] -- Found Protobuf: /usr/lib/x86_64-linux-gnu/libprotobuf.so (found suitable version "3.12.4", minimum required is "3") 
[0.765s] -- Looking for ignition-math6 -- found version 6.15.1
[0.772s] -- Searching for <ignition-transport11> component [log]
[0.775s] -- Looking for ignition-transport11-log -- found version 11.4.1
[0.775s] -- Searching for dependencies of ignition-transport11-log
[0.775s] -- Searching for <ignition-transport11> component [parameters]
[0.779s] -- Looking for ignition-transport11-parameters -- found version 11.4.1
[0.779s] -- Searching for dependencies of ignition-transport11-parameters
[0.780s] -- Looking for ignition-msgs8 -- found version 8.7.0
[0.780s] -- Looking for ignition-common4 -- found version 4.7.0
[0.780s] -- Searching for dependencies of ignition-common4
[0.780s] -- Looking for dlfcn.h - found
[0.781s] -- Looking for libdl - found
[0.789s] -- Searching for <ignition-common4> component [profiler]
[0.789s] -- Searching for <ignition-common4> component [events]
[0.792s] -- Looking for ignition-common4-events -- found version 4.7.0
[0.792s] -- Searching for dependencies of ignition-common4-events
[0.792s] -- Looking for ignition-math6 -- found version 6.15.1
[0.793s] -- Searching for <ignition-common4> component [av]
[0.795s] -- Looking for ignition-common4-av -- found version 4.7.0
[0.795s] -- Searching for dependencies of ignition-common4-av
[0.801s] -- Checking for module 'libswscale'
[0.816s] --   Found libswscale, version 5.9.100
[0.848s] -- Found SWSCALE: TRUE  
[0.853s] -- Checking for module 'libavdevice >= 56.4.100'
[0.868s] --   Found libavdevice , version 58.13.100
[0.903s] -- Found AVDEVICE: TRUE (Required is at least version "56.4.100") 
[0.907s] -- Checking for module 'libavformat'
[0.921s] --   Found libavformat, version 58.76.100
[0.959s] -- Found AVFORMAT: TRUE  
[0.964s] -- Checking for module 'libavcodec'
[0.978s] --   Found libavcodec, version 58.134.100
[1.013s] -- Found AVCODEC: TRUE  
[1.018s] -- Checking for module 'libavutil'
[1.034s] --   Found libavutil, version 56.70.100
[1.064s] -- Found AVUTIL: TRUE  
[1.068s] -- Looking for ignition-fuel_tools7 -- found version 7.3.1
[1.068s] -- Searching for dependencies of ignition-fuel_tools7
[1.139s] -- Found CURL: /usr/lib/x86_64-linux-gnu/libcurl.so (found version "7.81.0")  
[1.147s] -- Checking for module 'jsoncpp'
[1.161s] --   Found jsoncpp, version 1.9.5
[1.190s] -- Found JSONCPP: TRUE  
[1.196s] -- Checking for module 'libzip'
[1.208s] --   Found libzip, version 1.7.3
[1.241s] -- Found ZIP: TRUE  
[1.241s] -- Looking for ignition-common4 -- found version 4.7.0
[1.241s] -- Looking for ignition-math6 -- found version 6.15.1
[1.242s] -- Looking for ignition-msgs8 -- found version 8.7.0
[1.246s] -- Looking for ignition-gui6 -- found version 6.8.0
[1.246s] -- Searching for dependencies of ignition-gui6
[1.270s] -- Looking for ignition-math6 -- found version 6.15.1
[1.271s] -- Looking for ignition-common4 -- found version 4.7.0
[1.271s] -- Looking for ignition-plugin1 -- found version 1.4.0
[1.271s] -- Looking for ignition-transport11 -- found version 11.4.1
[1.274s] -- Looking for ignition-rendering6 -- found version 6.6.3
[1.274s] -- Searching for dependencies of ignition-rendering6
[1.274s] -- Looking for ignition-math6 -- found version 6.15.1
[1.275s] -- Searching for dependencies of ignition-math6
[1.275s] -- Searching for <ignition-math6> component [eigen3]
[1.277s] -- Looking for ignition-math6-eigen3 -- found version 6.15.1
[1.278s] -- Searching for dependencies of ignition-math6-eigen3
[1.285s] -- Looking for ignition-common4 -- found version 4.7.0
[1.285s] -- Searching for dependencies of ignition-common4
[1.285s] -- Looking for dlfcn.h - found
[1.285s] -- Looking for libdl - found
[1.292s] -- Searching for <ignition-common4> component [graphics]
[1.295s] -- Looking for ignition-common4-graphics -- found version 4.7.0
[1.295s] -- Searching for dependencies of ignition-common4-graphics
[1.295s] -- Looking for ignition-math6 -- found version 6.15.1
[1.295s] -- Looking for ignition-utils1 -- found version 1.5.1
[1.296s] -- Searching for <ignition-common4> component [events]
[1.296s] -- Looking for ignition-plugin1 -- found version 1.4.0
[1.297s] -- Searching for dependencies of ignition-plugin1
[1.297s] -- Searching for <ignition-plugin1> component [all]
[1.299s] -- Looking for all libraries of ignition-plugin1 -- found version 1.4.0
[1.299s] -- Looking for ignition-plugin1 -- found version 1.4.0
[1.301s] -- Looking for ignition-msgs8 -- found version 8.7.0
[1.345s] -- Looking for ignition-physics5 -- found version 5.3.2
[1.345s] -- Searching for dependencies of ignition-physics5
[1.346s] -- Looking for ignition-math6 -- found version 6.15.1
[1.346s] -- Looking for ignition-plugin1 -- found version 1.4.0
[1.347s] -- Looking for ignition-utils1 -- found version 1.5.1
[1.349s] -- Searching for <ignition-physics5> component [heightmap]
[1.354s] -- Looking for ignition-physics5-heightmap -- found version 5.3.2
[1.354s] -- Searching for dependencies of ignition-physics5-heightmap
[1.354s] -- Looking for ignition-common4 -- found version 4.7.0
[1.355s] -- Searching for <ignition-physics5> component [mesh]
[1.360s] -- Looking for ignition-physics5-mesh -- found version 5.3.2
[1.360s] -- Searching for dependencies of ignition-physics5-mesh
[1.360s] -- Looking for ignition-common4 -- found version 4.7.0
[1.361s] -- Searching for <ignition-physics5> component [sdf]
[1.365s] -- Looking for ignition-physics5-sdf -- found version 5.3.2
[1.365s] -- Searching for dependencies of ignition-physics5-sdf
[1.366s] -- Looking for sdformat12 -- found version 12.8.0
[1.369s] -- Looking for ignition-sensors6 -- found version 6.8.1
[1.369s] -- Searching for dependencies of ignition-sensors6
[1.383s] -- Found Protobuf: /usr/lib/x86_64-linux-gnu/libprotobuf.so (found version "3.12.4") 
[1.383s] -- Looking for ignition-math6 -- found version 6.15.1
[1.384s] -- Looking for ignition-common4 -- found version 4.7.0
[1.384s] -- Looking for ignition-transport11 -- found version 11.4.1
[1.385s] -- Looking for ignition-rendering6 -- found version 6.6.3
[1.385s] -- Looking for ignition-msgs8 -- found version 8.7.0
[1.385s] -- Looking for sdformat12 -- found version 12.8.0
[1.386s] -- Searching for <ignition-sensors6> component [air_pressure]
[1.389s] -- Looking for ignition-sensors6-air_pressure -- found version 6.8.1
[1.389s] -- Searching for dependencies of ignition-sensors6-air_pressure
[1.389s] -- Searching for <ignition-sensors6> component [altimeter]
[1.392s] -- Looking for ignition-sensors6-altimeter -- found version 6.8.1
[1.392s] -- Searching for dependencies of ignition-sensors6-altimeter
[1.392s] -- Searching for <ignition-sensors6> component [imu]
[1.395s] -- Looking for ignition-sensors6-imu -- found version 6.8.1
[1.395s] -- Searching for dependencies of ignition-sensors6-imu
[1.396s] -- Searching for <ignition-sensors6> component [force_torque]
[1.399s] -- Looking for ignition-sensors6-force_torque -- found version 6.8.1
[1.399s] -- Searching for dependencies of ignition-sensors6-force_torque
[1.399s] -- Searching for <ignition-sensors6> component [logical_camera]
[1.403s] -- Looking for ignition-sensors6-logical_camera -- found version 6.8.1
[1.403s] -- Searching for dependencies of ignition-sensors6-logical_camera
[1.403s] -- Searching for <ignition-sensors6> component [magnetometer]
[1.406s] -- Looking for ignition-sensors6-magnetometer -- found version 6.8.1
[1.406s] -- Searching for dependencies of ignition-sensors6-magnetometer
[1.406s] -- Searching for <ignition-sensors6> component [navsat]
[1.409s] -- Looking for ignition-sensors6-navsat -- found version 6.8.1
[1.409s] -- Searching for dependencies of ignition-sensors6-navsat
[1.410s] -- Searching for <ignition-sensors6> component [rendering]
[1.413s] -- Looking for ignition-sensors6-rendering -- found version 6.8.1
[1.413s] -- Searching for dependencies of ignition-sensors6-rendering
[1.413s] -- Searching for <ignition-sensors6> component [lidar]
[1.416s] -- Looking for ignition-sensors6-lidar -- found version 6.8.1
[1.416s] -- Searching for dependencies of ignition-sensors6-lidar
[1.416s] -- Looking for ignition-sensors6 -- found version 6.8.1
[1.416s] -- Searching for <ignition-sensors6> component [gpu_lidar]
[1.419s] -- Looking for ignition-sensors6-gpu_lidar -- found version 6.8.1
[1.419s] -- Searching for dependencies of ignition-sensors6-gpu_lidar
[1.419s] -- Looking for ignition-sensors6 -- found version 6.8.1
[1.420s] -- Searching for <ignition-sensors6> component [camera]
[1.422s] -- Looking for ignition-sensors6-camera -- found version 6.8.1
[1.422s] -- Searching for dependencies of ignition-sensors6-camera
[1.423s] -- Looking for ignition-sensors6 -- found version 6.8.1
[1.423s] -- Searching for <ignition-sensors6> component [boundingbox_camera]
[1.426s] -- Looking for ignition-sensors6-boundingbox_camera -- found version 6.8.1
[1.426s] -- Searching for dependencies of ignition-sensors6-boundingbox_camera
[1.426s] -- Searching for <ignition-sensors6> component [segmentation_camera]
[1.429s] -- Looking for ignition-sensors6-segmentation_camera -- found version 6.8.1
[1.429s] -- Searching for dependencies of ignition-sensors6-segmentation_camera
[1.430s] -- Searching for <ignition-sensors6> component [depth_camera]
[1.433s] -- Looking for ignition-sensors6-depth_camera -- found version 6.8.1
[1.433s] -- Searching for dependencies of ignition-sensors6-depth_camera
[1.433s] -- Looking for ignition-sensors6 -- found version 6.8.1
[1.434s] -- Searching for <ignition-sensors6> component [rgbd_camera]
[1.437s] -- Looking for ignition-sensors6-rgbd_camera -- found version 6.8.1
[1.437s] -- Searching for dependencies of ignition-sensors6-rgbd_camera
[1.438s] -- Looking for ignition-sensors6 -- found version 6.8.1
[1.438s] -- Searching for <ignition-sensors6> component [thermal_camera]
[1.441s] -- Looking for ignition-sensors6-thermal_camera -- found version 6.8.1
[1.441s] -- Searching for dependencies of ignition-sensors6-thermal_camera
[1.441s] -- Looking for ignition-sensors6 -- found version 6.8.1
[1.443s] -- Looking for ignition-rendering6 -- found version 6.6.3
[1.443s] -- Looking for ignition-math6 -- found version 6.15.1
[1.445s] -- Looking for ignition-utils1 -- found version 1.5.1
[1.461s] -- Looking for ignition-physics5 -- found version 5.3.2
[1.461s] -- Configuring done
[1.469s] -- Generating done
[1.470s] -- Build files have been written to: /home/ayush/challenge_multi_drone/build/dynamic_moving_objects
[1.477s] Invoked command in '/home/ayush/challenge_multi_drone/build/dynamic_moving_objects' returned '0': CMAKE_PREFIX_PATH=${CMAKE_PREFIX_PATH}:/home/ayush/project_gazebo_ws/install/as2_visualization:/home/ayush/project_gazebo_ws/install/as2_keyboard_teleoperation:/home/ayush/project_gazebo_ws/install/as2_python_api:/opt/ros/humble /usr/bin/cmake /home/ayush/challenge_multi_drone/src/challenge_multi_drone/config_sim/gazebo/plugins/dynamic_moving_objects -DCMAKE_INSTALL_PREFIX=/home/ayush/challenge_multi_drone/install/dynamic_moving_objects
[1.478s] Invoking command in '/home/ayush/challenge_multi_drone/build/dynamic_moving_objects': CMAKE_PREFIX_PATH=${CMAKE_PREFIX_PATH}:/home/ayush/project_gazebo_ws/install/as2_visualization:/home/ayush/project_gazebo_ws/install/as2_keyboard_teleoperation:/home/ayush/project_gazebo_ws/install/as2_python_api:/opt/ros/humble /usr/bin/cmake --build /home/ayush/challenge_multi_drone/build/dynamic_moving_objects -- -j12 -l12
[1.524s] [ 50%] [32mBuilding CXX object CMakeFiles/DynamicMovingObjects.dir/src/dynamic_object.cpp.o[0m
[7.062s] [100%] [32m[1mLinking CXX shared library libDynamicMovingObjects.so[0m
[7.405s] [100%] Built target DynamicMovingObjects
[7.413s] Invoked command in '/home/ayush/challenge_multi_drone/build/dynamic_moving_objects' returned '0': CMAKE_PREFIX_PATH=${CMAKE_PREFIX_PATH}:/home/ayush/project_gazebo_ws/install/as2_visualization:/home/ayush/project_gazebo_ws/install/as2_keyboard_teleoperation:/home/ayush/project_gazebo_ws/install/as2_python_api:/opt/ros/humble /usr/bin/cmake --build /home/ayush/challenge_multi_drone/build/dynamic_moving_objects -- -j12 -l12
[7.414s] Invoking command in '/home/ayush/challenge_multi_drone/build/dynamic_moving_objects': CMAKE_PREFIX_PATH=${CMAKE_PREFIX_PATH}:/home/ayush/project_gazebo_ws/install/as2_visualization:/home/ayush/project_gazebo_ws/install/as2_keyboard_teleoperation:/home/ayush/project_gazebo_ws/install/as2_python_api:/opt/ros/humble /usr/bin/cmake --install /home/ayush/challenge_multi_drone/build/dynamic_moving_objects
[7.421s] -- Install configuration: ""
[7.421s] -- Installing: /home/ayush/challenge_multi_drone/install/dynamic_moving_objects/include
[7.422s] -- Installing: /home/ayush/challenge_multi_drone/install/dynamic_moving_objects/include/dynamic_object.hpp
[7.422s] -- Installing: /home/ayush/challenge_multi_drone/install/dynamic_moving_objects/lib/libDynamicMovingObjects.so
[7.425s] Invoked command in '/home/ayush/challenge_multi_drone/build/dynamic_moving_objects' returned '0': CMAKE_PREFIX_PATH=${CMAKE_PREFIX_PATH}:/home/ayush/project_gazebo_ws/install/as2_visualization:/home/ayush/project_gazebo_ws/install/as2_keyboard_teleoperation:/home/ayush/project_gazebo_ws/install/as2_python_api:/opt/ros/humble /usr/bin/cmake --install /home/ayush/challenge_multi_drone/build/dynamic_moving_objects
