[0.010s] Invoking command in '/home/ayush/challenge_multi_drone/build/as2_core': AMENT_PREFIX_PATH=/home/ayush/challenge_multi_drone/install/as2_msgs:${AMENT_PREFIX_PATH} CMAKE_PREFIX_PATH=/home/ayush/challenge_multi_drone/install/as2_msgs:/home/ayush/project_gazebo_ws/install/aerostack2:/home/ayush/project_gazebo_ws/install/as2_usb_camera_interface:/home/ayush/project_gazebo_ws/install/as2_state_estimator:/home/ayush/project_gazebo_ws/install/as2_rviz_plugins:/home/ayush/project_gazebo_ws/install/as2_realsense_interface:/home/ayush/project_gazebo_ws/install/as2_platform_multirotor_simulator:/home/ayush/project_gazebo_ws/install/as2_platform_gazebo:/home/ayush/project_gazebo_ws/install/as2_motion_controller:/home/ayush/project_gazebo_ws/install/as2_behaviors_trajectory_generation:/home/ayush/project_gazebo_ws/install/as2_behaviors_motion:/home/ayush/project_gazebo_ws/install/as2_motion_reference_handlers:/home/ayush/project_gazebo_ws/install/as2_map_server:/home/ayush/project_gazebo_ws/install/as2_geozones:/home/ayush/project_gazebo_ws/install/as2_gazebo_assets:/home/ayush/project_gazebo_ws/install/as2_external_object_to_tf:/home/ayush/project_gazebo_ws/install/as2_behaviors_platform:/home/ayush/project_gazebo_ws/install/as2_behaviors_perception:/home/ayush/project_gazebo_ws/install/as2_behaviors_path_planning:/home/ayush/project_gazebo_ws/install/as2_behavior_tree:/home/ayush/project_gazebo_ws/install/as2_behavior:/home/ayush/project_gazebo_ws/install/as2_alphanumeric_viewer:/home/ayush/project_gazebo_ws/install/as2_core:/home/ayush/project_gazebo_ws/install/as2_msgs:/home/ayush/project_gazebo_ws/install/as2_cli:/home/ayush/project_gazebo_ws/install/as2_visualization:/home/ayush/project_gazebo_ws/install/as2_keyboard_teleoperation:/home/ayush/project_gazebo_ws/install/as2_python_api:/opt/ros/humble LD_LIBRARY_PATH=/home/ayush/challenge_multi_drone/install/as2_msgs/lib:${LD_LIBRARY_PATH} PYTHONPATH=/home/ayush/challenge_multi_drone/install/as2_msgs/local/lib/python3.10/dist-packages:${PYTHONPATH} /usr/bin/cmake /home/ayush/challenge_multi_drone/src/aerostack2/as2_core -DCMAKE_INSTALL_PREFIX=/home/ayush/challenge_multi_drone/install/as2_core
[0.062s] -- The C compiler identification is GNU 11.4.0
[0.104s] -- The CXX compiler identification is GNU 11.4.0
[0.112s] -- Detecting C compiler ABI info
[0.176s] -- Detecting C compiler ABI info - done
[0.182s] -- Check for working C compiler: /usr/bin/cc - skipped
[0.182s] -- Detecting C compile features
[0.182s] -- Detecting C compile features - done
[0.184s] -- Detecting CXX compiler ABI info
[0.255s] -- Detecting CXX compiler ABI info - done
[0.262s] -- Check for working CXX compiler: /usr/bin/c++ - skipped
[0.262s] -- Detecting CXX compile features
[0.263s] -- Detecting CXX compile features - done
[0.264s] -- Detected ROS_DISTRO: humble
[0.266s] -- Found ament_cmake: 1.3.11 (/opt/ros/humble/share/ament_cmake/cmake)
[0.410s] -- Found Python3: /usr/bin/python3 (found version "3.10.12") found components: Interpreter 
[0.485s] -- Found rclcpp: 16.0.11 (/opt/ros/humble/share/rclcpp/cmake)
[0.520s] -- Found rosidl_generator_c: 3.1.6 (/opt/ros/humble/share/rosidl_generator_c/cmake)
[0.525s] -- Found rosidl_adapter: 3.1.6 (/opt/ros/humble/share/rosidl_adapter/cmake)
[0.532s] -- Found rosidl_generator_cpp: 3.1.6 (/opt/ros/humble/share/rosidl_generator_cpp/cmake)
[0.542s] -- Using all available rosidl_typesupport_c: rosidl_typesupport_fastrtps_c;rosidl_typesupport_introspection_c
[0.555s] -- Using all available rosidl_typesupport_cpp: rosidl_typesupport_fastrtps_cpp;rosidl_typesupport_introspection_cpp
[0.589s] -- Found rmw_implementation_cmake: 6.1.2 (/opt/ros/humble/share/rmw_implementation_cmake/cmake)
[0.592s] -- Found rmw_fastrtps_cpp: 6.2.7 (/opt/ros/humble/share/rmw_fastrtps_cpp/cmake)
[0.682s] -- Found OpenSSL: /usr/lib/x86_64-linux-gnu/libcrypto.so (found version "3.0.2")  
[0.707s] -- Found FastRTPS: /opt/ros/humble/include  
[0.743s] -- Using RMW implementation 'rmw_fastrtps_cpp' as default
[0.757s] -- Looking for pthread.h
[0.821s] -- Looking for pthread.h - found
[0.821s] -- Performing Test CMAKE_HAVE_LIBC_PTHREAD
[0.892s] -- Performing Test CMAKE_HAVE_LIBC_PTHREAD - Success
[0.893s] -- Found Threads: TRUE  
[0.936s] -- Found nav_msgs: 4.2.4 (/opt/ros/humble/share/nav_msgs/cmake)
[0.957s] -- Found sensor_msgs: 4.2.4 (/opt/ros/humble/share/sensor_msgs/cmake)
[0.966s] -- Found as2_msgs: 1.1.2 (/home/ayush/challenge_multi_drone/install/as2_msgs/share/as2_msgs/cmake)
[1.009s] -- Found std_srvs: 4.2.4 (/opt/ros/humble/share/std_srvs/cmake)
[1.017s] -- Found tf2_geometry_msgs: 0.25.11 (/opt/ros/humble/share/tf2_geometry_msgs/cmake)
[1.029s] -- Found eigen3_cmake_module: 0.1.1 (/opt/ros/humble/share/eigen3_cmake_module/cmake)
[1.030s] -- Found Eigen3: TRUE (found version "3.4.0") 
[1.030s] -- Ensuring Eigen3 include directory is part of orocos-kdl CMake target
[1.089s] -- Found rclcpp_lifecycle: 16.0.11 (/opt/ros/humble/share/rclcpp_lifecycle/cmake)
[1.107s] -- Found image_transport: 3.1.10 (/opt/ros/humble/share/image_transport/cmake)
[1.125s] -- Found cv_bridge: 3.2.1 (/opt/ros/humble/share/cv_bridge/cmake)
[1.135s] -- Found GeographicLib: /usr/lib/x86_64-linux-gnu  
[1.295s] -- Found Python3: /usr/bin/python3 (found version "3.10.12") found components: Interpreter Development Development.Module Development.Embed 
[1.349s] -- Performing Test HAS_FLTO
[1.478s] -- Performing Test HAS_FLTO - Success
[1.478s] -- Found pybind11: /home/ayush/.local/include (found version "2.10.4")
[1.574s] -- Found ament_lint_auto: 0.12.11 (/opt/ros/humble/share/ament_lint_auto/cmake)
[1.656s] -- Found gtest sources under '/opt/ros/humble/src/gtest_vendor': C++ tests using 'Google Test' will be built
[1.700s] -- Added test 'copyright' to check source files copyright and LICENSE
[1.702s] -- Added test 'cppcheck' to perform static code analysis on C / C++ code
[1.702s] -- Configured cppcheck include dirs: /home/ayush/challenge_multi_drone/src/aerostack2/as2_core/include;/home/ayush/challenge_multi_drone/src/aerostack2/as2_core/include/as2_core;$<BUILD_INTERFACE:/home/ayush/challenge_multi_drone/src/aerostack2/as2_core/include>
[1.702s] -- Configured cppcheck exclude dirs and/or files: 
[1.704s] -- Added test 'cpplint' to check C / C++ code against the Google style
[1.704s] -- Configured cpplint exclude dirs and/or files: 
[1.705s] -- Added test 'flake8' to check Python code syntax and style conventions
[1.706s] -- Added test 'lint_cmake' to check CMake code style
[1.706s] -- Added test 'pep257' to check Python code against some of the docstring style conventions in PEP 257
[1.708s] -- Added test 'uncrustify' to check C / C++ code style
[1.708s] -- Configured uncrustify additional arguments: 
[1.709s] -- Added test 'xmllint' to check XML markup files
[1.710s] -- Configuring done
[1.748s] -- Generating done
[1.761s] -- Build files have been written to: /home/ayush/challenge_multi_drone/build/as2_core
[1.771s] Invoked command in '/home/ayush/challenge_multi_drone/build/as2_core' returned '0': AMENT_PREFIX_PATH=/home/ayush/challenge_multi_drone/install/as2_msgs:${AMENT_PREFIX_PATH} CMAKE_PREFIX_PATH=/home/ayush/challenge_multi_drone/install/as2_msgs:/home/ayush/project_gazebo_ws/install/aerostack2:/home/ayush/project_gazebo_ws/install/as2_usb_camera_interface:/home/ayush/project_gazebo_ws/install/as2_state_estimator:/home/ayush/project_gazebo_ws/install/as2_rviz_plugins:/home/ayush/project_gazebo_ws/install/as2_realsense_interface:/home/ayush/project_gazebo_ws/install/as2_platform_multirotor_simulator:/home/ayush/project_gazebo_ws/install/as2_platform_gazebo:/home/ayush/project_gazebo_ws/install/as2_motion_controller:/home/ayush/project_gazebo_ws/install/as2_behaviors_trajectory_generation:/home/ayush/project_gazebo_ws/install/as2_behaviors_motion:/home/ayush/project_gazebo_ws/install/as2_motion_reference_handlers:/home/ayush/project_gazebo_ws/install/as2_map_server:/home/ayush/project_gazebo_ws/install/as2_geozones:/home/ayush/project_gazebo_ws/install/as2_gazebo_assets:/home/ayush/project_gazebo_ws/install/as2_external_object_to_tf:/home/ayush/project_gazebo_ws/install/as2_behaviors_platform:/home/ayush/project_gazebo_ws/install/as2_behaviors_perception:/home/ayush/project_gazebo_ws/install/as2_behaviors_path_planning:/home/ayush/project_gazebo_ws/install/as2_behavior_tree:/home/ayush/project_gazebo_ws/install/as2_behavior:/home/ayush/project_gazebo_ws/install/as2_alphanumeric_viewer:/home/ayush/project_gazebo_ws/install/as2_core:/home/ayush/project_gazebo_ws/install/as2_msgs:/home/ayush/project_gazebo_ws/install/as2_cli:/home/ayush/project_gazebo_ws/install/as2_visualization:/home/ayush/project_gazebo_ws/install/as2_keyboard_teleoperation:/home/ayush/project_gazebo_ws/install/as2_python_api:/opt/ros/humble LD_LIBRARY_PATH=/home/ayush/challenge_multi_drone/install/as2_msgs/lib:${LD_LIBRARY_PATH} PYTHONPATH=/home/ayush/challenge_multi_drone/install/as2_msgs/local/lib/python3.10/dist-packages:${PYTHONPATH} /usr/bin/cmake /home/ayush/challenge_multi_drone/src/aerostack2/as2_core -DCMAKE_INSTALL_PREFIX=/home/ayush/challenge_multi_drone/install/as2_core
[1.773s] Invoking command in '/home/ayush/challenge_multi_drone/build/as2_core': AMENT_PREFIX_PATH=/home/ayush/challenge_multi_drone/install/as2_msgs:${AMENT_PREFIX_PATH} CMAKE_PREFIX_PATH=/home/ayush/challenge_multi_drone/install/as2_msgs:/home/ayush/project_gazebo_ws/install/aerostack2:/home/ayush/project_gazebo_ws/install/as2_usb_camera_interface:/home/ayush/project_gazebo_ws/install/as2_state_estimator:/home/ayush/project_gazebo_ws/install/as2_rviz_plugins:/home/ayush/project_gazebo_ws/install/as2_realsense_interface:/home/ayush/project_gazebo_ws/install/as2_platform_multirotor_simulator:/home/ayush/project_gazebo_ws/install/as2_platform_gazebo:/home/ayush/project_gazebo_ws/install/as2_motion_controller:/home/ayush/project_gazebo_ws/install/as2_behaviors_trajectory_generation:/home/ayush/project_gazebo_ws/install/as2_behaviors_motion:/home/ayush/project_gazebo_ws/install/as2_motion_reference_handlers:/home/ayush/project_gazebo_ws/install/as2_map_server:/home/ayush/project_gazebo_ws/install/as2_geozones:/home/ayush/project_gazebo_ws/install/as2_gazebo_assets:/home/ayush/project_gazebo_ws/install/as2_external_object_to_tf:/home/ayush/project_gazebo_ws/install/as2_behaviors_platform:/home/ayush/project_gazebo_ws/install/as2_behaviors_perception:/home/ayush/project_gazebo_ws/install/as2_behaviors_path_planning:/home/ayush/project_gazebo_ws/install/as2_behavior_tree:/home/ayush/project_gazebo_ws/install/as2_behavior:/home/ayush/project_gazebo_ws/install/as2_alphanumeric_viewer:/home/ayush/project_gazebo_ws/install/as2_core:/home/ayush/project_gazebo_ws/install/as2_msgs:/home/ayush/project_gazebo_ws/install/as2_cli:/home/ayush/project_gazebo_ws/install/as2_visualization:/home/ayush/project_gazebo_ws/install/as2_keyboard_teleoperation:/home/ayush/project_gazebo_ws/install/as2_python_api:/opt/ros/humble LD_LIBRARY_PATH=/home/ayush/challenge_multi_drone/install/as2_msgs/lib:${LD_LIBRARY_PATH} PYTHONPATH=/home/ayush/challenge_multi_drone/install/as2_msgs/local/lib/python3.10/dist-packages:${PYTHONPATH} /usr/bin/cmake --build /home/ayush/challenge_multi_drone/build/as2_core -- -j12 -l12
[1.832s] [  6%] [32mBuilding CXX object CMakeFiles/as2_core.dir/src/aerial_platform.cpp.o[0m
[1.832s] [  6%] [32mBuilding CXX object CMakeFiles/as2_core.dir/src/node.cpp.o[0m
[1.833s] [  9%] [32mBuilding CXX object CMakeFiles/as2_core.dir/src/sensor.cpp.o[0m
[1.833s] [ 12%] [32mBuilding CXX object CMakeFiles/as2_core.dir/src/rate.cpp.o[0m
[1.834s] [ 16%] [32mBuilding CXX object CMakeFiles/as2_core.dir/src/platform_state_machine.cpp.o[0m
[1.834s] [ 19%] [32mBuilding CXX object CMakeFiles/as2_core.dir/src/core_functions.cpp.o[0m
[1.834s] [ 22%] [32mBuilding CXX object CMakeFiles/as2_core.dir/src/utils/control_mode_utils.cpp.o[0m
[1.837s] [ 25%] [32mBuilding CXX object CMakeFiles/mocks.dir/tests/mocks/aerial_platform/mock_aerial_platform.cpp.o[0m
[1.843s] [ 29%] [32mBuilding CXX object gtest/CMakeFiles/gtest_main.dir/src/gtest_main.cc.o[0m
[1.846s] [ 32%] [32mBuilding CXX object CMakeFiles/as2_names.dir/src/_as2_core_pybind11.cpp.o[0m
[1.846s] [ 32%] Built target ament_cmake_python_copy_as2_core
[1.848s] [ 35%] [32mBuilding CXX object gtest/CMakeFiles/gtest.dir/src/gtest-all.cc.o[0m
[1.860s] [ 38%] [32mBuilding CXX object CMakeFiles/mocks.dir/tests/mocks/executor_thread_util/executor_thread_util.cpp.o[0m
[3.002s] [ 41%] [32mBuilding CXX object CMakeFiles/as2_core.dir/src/utils/tf_utils.cpp.o[0m
[3.855s] [ 45%] [32m[1mLinking CXX static library libgtest_main.a[0m
[3.926s] [ 45%] Built target gtest_main
[3.947s] [ 48%] [32mBuilding CXX object CMakeFiles/as2_core.dir/src/utils/yaml_utils.cpp.o[0m
[5.245s] running egg_info
[5.246s] creating as2_core.egg-info
[5.246s] writing as2_core.egg-info/PKG-INFO
[5.247s] writing dependency_links to as2_core.egg-info/dependency_links.txt
[5.247s] writing top-level names to as2_core.egg-info/top_level.txt
[5.248s] writing manifest file 'as2_core.egg-info/SOURCES.txt'
[5.258s] reading manifest file 'as2_core.egg-info/SOURCES.txt'
[5.259s] writing manifest file 'as2_core.egg-info/SOURCES.txt'
[5.339s] [ 48%] Built target ament_cmake_python_build_as2_core_egg
[5.356s] [ 51%] [32mBuilding CXX object CMakeFiles/as2_core.dir/src/utils/frame_utils.cpp.o[0m
[7.989s] [ 54%] [32mBuilding CXX object CMakeFiles/as2_core.dir/src/utils/gps_utils.cpp.o[0m
[10.929s] [ 58%] [32m[1mLinking CXX shared module as2_names.cpython-310-x86_64-linux-gnu.so[0m
[11.129s] lto-wrapper: warning: using serial compilation of 2 LTRANS jobs
[13.631s] [ 58%] Built target as2_names
[15.087s] [ 61%] [32m[1mLinking CXX static library libgtest.a[0m
[15.142s] [ 61%] Built target gtest
[33.098s] [ 64%] [32m[1mLinking CXX static library libas2_core.a[0m
[33.183s] [ 64%] Built target as2_core
[33.208s] [ 67%] [32mBuilding CXX object tests/CMakeFiles/frame_test.dir/frame_test.cpp.o[0m
[33.209s] [ 70%] [32mBuilding CXX object tests/CMakeFiles/tf_utils_gtest.dir/tf_utils_gtest.cpp.o[0m
[33.211s] [ 74%] [32mBuilding CXX object tests/CMakeFiles/tf2_namespace_test.dir/tf2_namespace_test.cpp.o[0m
[33.211s] [ 80%] [32mBuilding CXX object tests/CMakeFiles/sensor_test.dir/sensor_test.cpp.o[0m
[33.211s] [ 80%] [32mBuilding CXX object tests/CMakeFiles/platform_state_machine_test.dir/platform_state_machine_test.cpp.o[0m
[36.094s] [ 83%] [32m[1mLinking CXX shared library libmocks.so[0m
[36.609s] [ 83%] Built target mocks
[37.819s] [ 87%] [32m[1mLinking CXX executable platform_state_machine_test[0m
[38.031s] [ 87%] Built target platform_state_machine_test
[38.763s] [ 90%] [32m[1mLinking CXX executable frame_test[0m
[39.002s] [ 90%] Built target frame_test
[39.468s] [ 93%] [32m[1mLinking CXX executable tf2_namespace_test[0m
[39.651s] [ 93%] Built target tf2_namespace_test
[41.945s] [ 96%] [32m[1mLinking CXX executable tf_utils_gtest[0m
[42.116s] [ 96%] Built target tf_utils_gtest
[44.043s] [100%] [32m[1mLinking CXX executable sensor_test[0m
[44.396s] [100%] Built target sensor_test
[44.406s] Invoked command in '/home/ayush/challenge_multi_drone/build/as2_core' returned '0': AMENT_PREFIX_PATH=/home/ayush/challenge_multi_drone/install/as2_msgs:${AMENT_PREFIX_PATH} CMAKE_PREFIX_PATH=/home/ayush/challenge_multi_drone/install/as2_msgs:/home/ayush/project_gazebo_ws/install/aerostack2:/home/ayush/project_gazebo_ws/install/as2_usb_camera_interface:/home/ayush/project_gazebo_ws/install/as2_state_estimator:/home/ayush/project_gazebo_ws/install/as2_rviz_plugins:/home/ayush/project_gazebo_ws/install/as2_realsense_interface:/home/ayush/project_gazebo_ws/install/as2_platform_multirotor_simulator:/home/ayush/project_gazebo_ws/install/as2_platform_gazebo:/home/ayush/project_gazebo_ws/install/as2_motion_controller:/home/ayush/project_gazebo_ws/install/as2_behaviors_trajectory_generation:/home/ayush/project_gazebo_ws/install/as2_behaviors_motion:/home/ayush/project_gazebo_ws/install/as2_motion_reference_handlers:/home/ayush/project_gazebo_ws/install/as2_map_server:/home/ayush/project_gazebo_ws/install/as2_geozones:/home/ayush/project_gazebo_ws/install/as2_gazebo_assets:/home/ayush/project_gazebo_ws/install/as2_external_object_to_tf:/home/ayush/project_gazebo_ws/install/as2_behaviors_platform:/home/ayush/project_gazebo_ws/install/as2_behaviors_perception:/home/ayush/project_gazebo_ws/install/as2_behaviors_path_planning:/home/ayush/project_gazebo_ws/install/as2_behavior_tree:/home/ayush/project_gazebo_ws/install/as2_behavior:/home/ayush/project_gazebo_ws/install/as2_alphanumeric_viewer:/home/ayush/project_gazebo_ws/install/as2_core:/home/ayush/project_gazebo_ws/install/as2_msgs:/home/ayush/project_gazebo_ws/install/as2_cli:/home/ayush/project_gazebo_ws/install/as2_visualization:/home/ayush/project_gazebo_ws/install/as2_keyboard_teleoperation:/home/ayush/project_gazebo_ws/install/as2_python_api:/opt/ros/humble LD_LIBRARY_PATH=/home/ayush/challenge_multi_drone/install/as2_msgs/lib:${LD_LIBRARY_PATH} PYTHONPATH=/home/ayush/challenge_multi_drone/install/as2_msgs/local/lib/python3.10/dist-packages:${PYTHONPATH} /usr/bin/cmake --build /home/ayush/challenge_multi_drone/build/as2_core -- -j12 -l12
[44.408s] Invoking command in '/home/ayush/challenge_multi_drone/build/as2_core': AMENT_PREFIX_PATH=/home/ayush/challenge_multi_drone/install/as2_msgs:${AMENT_PREFIX_PATH} CMAKE_PREFIX_PATH=/home/ayush/challenge_multi_drone/install/as2_msgs:/home/ayush/project_gazebo_ws/install/aerostack2:/home/ayush/project_gazebo_ws/install/as2_usb_camera_interface:/home/ayush/project_gazebo_ws/install/as2_state_estimator:/home/ayush/project_gazebo_ws/install/as2_rviz_plugins:/home/ayush/project_gazebo_ws/install/as2_realsense_interface:/home/ayush/project_gazebo_ws/install/as2_platform_multirotor_simulator:/home/ayush/project_gazebo_ws/install/as2_platform_gazebo:/home/ayush/project_gazebo_ws/install/as2_motion_controller:/home/ayush/project_gazebo_ws/install/as2_behaviors_trajectory_generation:/home/ayush/project_gazebo_ws/install/as2_behaviors_motion:/home/ayush/project_gazebo_ws/install/as2_motion_reference_handlers:/home/ayush/project_gazebo_ws/install/as2_map_server:/home/ayush/project_gazebo_ws/install/as2_geozones:/home/ayush/project_gazebo_ws/install/as2_gazebo_assets:/home/ayush/project_gazebo_ws/install/as2_external_object_to_tf:/home/ayush/project_gazebo_ws/install/as2_behaviors_platform:/home/ayush/project_gazebo_ws/install/as2_behaviors_perception:/home/ayush/project_gazebo_ws/install/as2_behaviors_path_planning:/home/ayush/project_gazebo_ws/install/as2_behavior_tree:/home/ayush/project_gazebo_ws/install/as2_behavior:/home/ayush/project_gazebo_ws/install/as2_alphanumeric_viewer:/home/ayush/project_gazebo_ws/install/as2_core:/home/ayush/project_gazebo_ws/install/as2_msgs:/home/ayush/project_gazebo_ws/install/as2_cli:/home/ayush/project_gazebo_ws/install/as2_visualization:/home/ayush/project_gazebo_ws/install/as2_keyboard_teleoperation:/home/ayush/project_gazebo_ws/install/as2_python_api:/opt/ros/humble LD_LIBRARY_PATH=/home/ayush/challenge_multi_drone/install/as2_msgs/lib:${LD_LIBRARY_PATH} PYTHONPATH=/home/ayush/challenge_multi_drone/install/as2_msgs/local/lib/python3.10/dist-packages:${PYTHONPATH} /usr/bin/cmake --install /home/ayush/challenge_multi_drone/build/as2_core
[44.415s] -- Install configuration: "Release"
[44.415s] -- Installing: /home/ayush/challenge_multi_drone/install/as2_core/share/as2_core/environment/pythonpath.sh
[44.415s] -- Installing: /home/ayush/challenge_multi_drone/install/as2_core/share/as2_core/environment/pythonpath.dsv
[44.416s] -- Installing: /home/ayush/challenge_multi_drone/install/as2_core/local/lib/python3.10/dist-packages/as2_core-1.1.2-py3.10.egg-info
[44.416s] -- Installing: /home/ayush/challenge_multi_drone/install/as2_core/local/lib/python3.10/dist-packages/as2_core-1.1.2-py3.10.egg-info/dependency_links.txt
[44.416s] -- Installing: /home/ayush/challenge_multi_drone/install/as2_core/local/lib/python3.10/dist-packages/as2_core-1.1.2-py3.10.egg-info/SOURCES.txt
[44.416s] -- Installing: /home/ayush/challenge_multi_drone/install/as2_core/local/lib/python3.10/dist-packages/as2_core-1.1.2-py3.10.egg-info/PKG-INFO
[44.416s] -- Installing: /home/ayush/challenge_multi_drone/install/as2_core/local/lib/python3.10/dist-packages/as2_core-1.1.2-py3.10.egg-info/top_level.txt
[44.416s] -- Installing: /home/ayush/challenge_multi_drone/install/as2_core/local/lib/python3.10/dist-packages/as2_core
[44.416s] -- Installing: /home/ayush/challenge_multi_drone/install/as2_core/local/lib/python3.10/dist-packages/as2_core/declare_launch_arguments_from_config_file.py
[44.416s] -- Installing: /home/ayush/challenge_multi_drone/install/as2_core/local/lib/python3.10/dist-packages/as2_core/launch_param_utils.py
[44.416s] -- Installing: /home/ayush/challenge_multi_drone/install/as2_core/local/lib/python3.10/dist-packages/as2_core/launch_plugin_utils.py
[44.416s] -- Installing: /home/ayush/challenge_multi_drone/install/as2_core/local/lib/python3.10/dist-packages/as2_core/launch_configuration_from_config_file.py
[44.417s] -- Installing: /home/ayush/challenge_multi_drone/install/as2_core/local/lib/python3.10/dist-packages/as2_core/__init__.py
[44.447s] Listing '/home/ayush/challenge_multi_drone/install/as2_core/local/lib/python3.10/dist-packages/as2_core'...
[44.447s] Compiling '/home/ayush/challenge_multi_drone/install/as2_core/local/lib/python3.10/dist-packages/as2_core/__init__.py'...
[44.447s] Compiling '/home/ayush/challenge_multi_drone/install/as2_core/local/lib/python3.10/dist-packages/as2_core/declare_launch_arguments_from_config_file.py'...
[44.447s] Compiling '/home/ayush/challenge_multi_drone/install/as2_core/local/lib/python3.10/dist-packages/as2_core/launch_configuration_from_config_file.py'...
[44.447s] Compiling '/home/ayush/challenge_multi_drone/install/as2_core/local/lib/python3.10/dist-packages/as2_core/launch_param_utils.py'...
[44.447s] Compiling '/home/ayush/challenge_multi_drone/install/as2_core/local/lib/python3.10/dist-packages/as2_core/launch_plugin_utils.py'...
[44.450s] -- Installing: /home/ayush/challenge_multi_drone/install/as2_core/include/as2_core/mocks/
[44.450s] -- Installing: /home/ayush/challenge_multi_drone/install/as2_core/include/as2_core/mocks//executor_thread_util
[44.450s] -- Installing: /home/ayush/challenge_multi_drone/install/as2_core/include/as2_core/mocks//executor_thread_util/executor_thread_util.hpp
[44.450s] -- Installing: /home/ayush/challenge_multi_drone/install/as2_core/include/as2_core/mocks//aerial_platform
[44.450s] -- Installing: /home/ayush/challenge_multi_drone/install/as2_core/include/as2_core/mocks//aerial_platform/mock_aerial_platform.hpp
[44.450s] -- Installing: /home/ayush/challenge_multi_drone/install/as2_core/share/as2_core/environment/library_path.sh
[44.450s] -- Installing: /home/ayush/challenge_multi_drone/install/as2_core/share/as2_core/environment/library_path.dsv
[44.450s] -- Installing: /home/ayush/challenge_multi_drone/install/as2_core/local/lib/python3.10/dist-packages/as2_core/as2_names.cpython-310-x86_64-linux-gnu.so
[44.451s] -- Set runtime path of "/home/ayush/challenge_multi_drone/install/as2_core/local/lib/python3.10/dist-packages/as2_core/as2_names.cpython-310-x86_64-linux-gnu.so" to ""
[44.451s] -- Up-to-date: /home/ayush/challenge_multi_drone/install/as2_core/include
[44.451s] -- Up-to-date: /home/ayush/challenge_multi_drone/install/as2_core/include/as2_core
[44.451s] -- Installing: /home/ayush/challenge_multi_drone/install/as2_core/include/as2_core/node.hpp
[44.451s] -- Installing: /home/ayush/challenge_multi_drone/install/as2_core/include/as2_core/custom
[44.451s] -- Installing: /home/ayush/challenge_multi_drone/install/as2_core/include/as2_core/custom/tf2_geometry_msgs.hpp
[44.451s] -- Installing: /home/ayush/challenge_multi_drone/install/as2_core/include/as2_core/custom/tf2_geometry_msgs.hpp.in
[44.451s] -- Installing: /home/ayush/challenge_multi_drone/install/as2_core/include/as2_core/core_functions.hpp
[44.451s] -- Installing: /home/ayush/challenge_multi_drone/install/as2_core/include/as2_core/names
[44.451s] -- Installing: /home/ayush/challenge_multi_drone/install/as2_core/include/as2_core/names/topics.hpp
[44.451s] -- Installing: /home/ayush/challenge_multi_drone/install/as2_core/include/as2_core/names/services.hpp
[44.451s] -- Installing: /home/ayush/challenge_multi_drone/install/as2_core/include/as2_core/names/actions.hpp
[44.451s] -- Installing: /home/ayush/challenge_multi_drone/install/as2_core/include/as2_core/utils
[44.451s] -- Installing: /home/ayush/challenge_multi_drone/install/as2_core/include/as2_core/utils/gps_utils.hpp
[44.451s] -- Installing: /home/ayush/challenge_multi_drone/install/as2_core/include/as2_core/utils/tf_utils.hpp
[44.451s] -- Installing: /home/ayush/challenge_multi_drone/install/as2_core/include/as2_core/utils/frame_utils.hpp
[44.451s] -- Installing: /home/ayush/challenge_multi_drone/install/as2_core/include/as2_core/utils/control_mode_utils.hpp
[44.452s] -- Installing: /home/ayush/challenge_multi_drone/install/as2_core/include/as2_core/utils/yaml_utils.hpp
[44.452s] -- Installing: /home/ayush/challenge_multi_drone/install/as2_core/include/as2_core/as2_basic_behavior.hpp
[44.452s] -- Installing: /home/ayush/challenge_multi_drone/install/as2_core/include/as2_core/platform_state_machine.hpp
[44.452s] -- Installing: /home/ayush/challenge_multi_drone/install/as2_core/include/as2_core/rate.hpp
[44.452s] -- Installing: /home/ayush/challenge_multi_drone/install/as2_core/include/as2_core/aerial_platform.hpp
[44.452s] -- Installing: /home/ayush/challenge_multi_drone/install/as2_core/include/as2_core/sensor.hpp
[44.452s] -- Installing: /home/ayush/challenge_multi_drone/install/as2_core/include/as2_core/synchronous_service_client.hpp
[44.452s] -- Installing: /home/ayush/challenge_multi_drone/install/as2_core/lib/libas2_core.a
[44.455s] -- Installing: /home/ayush/challenge_multi_drone/install/as2_core/lib/libmocks.so
[44.457s] -- Set runtime path of "/home/ayush/challenge_multi_drone/install/as2_core/lib/libmocks.so" to ""
[44.457s] -- Installing: /home/ayush/challenge_multi_drone/install/as2_core/share/ament_index/resource_index/package_run_dependencies/as2_core
[44.457s] -- Installing: /home/ayush/challenge_multi_drone/install/as2_core/share/ament_index/resource_index/parent_prefix_path/as2_core
[44.457s] -- Installing: /home/ayush/challenge_multi_drone/install/as2_core/share/as2_core/environment/ament_prefix_path.sh
[44.457s] -- Installing: /home/ayush/challenge_multi_drone/install/as2_core/share/as2_core/environment/ament_prefix_path.dsv
[44.457s] -- Installing: /home/ayush/challenge_multi_drone/install/as2_core/share/as2_core/environment/path.sh
[44.457s] -- Installing: /home/ayush/challenge_multi_drone/install/as2_core/share/as2_core/environment/path.dsv
[44.457s] -- Installing: /home/ayush/challenge_multi_drone/install/as2_core/share/as2_core/local_setup.bash
[44.457s] -- Installing: /home/ayush/challenge_multi_drone/install/as2_core/share/as2_core/local_setup.sh
[44.457s] -- Installing: /home/ayush/challenge_multi_drone/install/as2_core/share/as2_core/local_setup.zsh
[44.457s] -- Installing: /home/ayush/challenge_multi_drone/install/as2_core/share/as2_core/local_setup.dsv
[44.457s] -- Installing: /home/ayush/challenge_multi_drone/install/as2_core/share/as2_core/package.dsv
[44.457s] -- Installing: /home/ayush/challenge_multi_drone/install/as2_core/share/ament_index/resource_index/packages/as2_core
[44.457s] -- Installing: /home/ayush/challenge_multi_drone/install/as2_core/share/as2_core/cmake/export_as2_coreExport.cmake
[44.457s] -- Installing: /home/ayush/challenge_multi_drone/install/as2_core/share/as2_core/cmake/export_as2_coreExport-release.cmake
[44.457s] -- Installing: /home/ayush/challenge_multi_drone/install/as2_core/share/as2_core/cmake/ament_cmake_export_targets-extras.cmake
[44.457s] -- Installing: /home/ayush/challenge_multi_drone/install/as2_core/share/as2_core/cmake/ament_cmake_export_dependencies-extras.cmake
[44.457s] -- Installing: /home/ayush/challenge_multi_drone/install/as2_core/share/as2_core/cmake/ament_cmake_export_include_directories-extras.cmake
[44.457s] -- Installing: /home/ayush/challenge_multi_drone/install/as2_core/share/as2_core/cmake/ament_cmake_export_libraries-extras.cmake
[44.458s] -- Installing: /home/ayush/challenge_multi_drone/install/as2_core/share/as2_core/cmake/as2_coreConfig.cmake
[44.458s] -- Installing: /home/ayush/challenge_multi_drone/install/as2_core/share/as2_core/cmake/as2_coreConfig-version.cmake
[44.458s] -- Installing: /home/ayush/challenge_multi_drone/install/as2_core/share/as2_core/package.xml
[44.460s] Invoked command in '/home/ayush/challenge_multi_drone/build/as2_core' returned '0': AMENT_PREFIX_PATH=/home/ayush/challenge_multi_drone/install/as2_msgs:${AMENT_PREFIX_PATH} CMAKE_PREFIX_PATH=/home/ayush/challenge_multi_drone/install/as2_msgs:/home/ayush/project_gazebo_ws/install/aerostack2:/home/ayush/project_gazebo_ws/install/as2_usb_camera_interface:/home/ayush/project_gazebo_ws/install/as2_state_estimator:/home/ayush/project_gazebo_ws/install/as2_rviz_plugins:/home/ayush/project_gazebo_ws/install/as2_realsense_interface:/home/ayush/project_gazebo_ws/install/as2_platform_multirotor_simulator:/home/ayush/project_gazebo_ws/install/as2_platform_gazebo:/home/ayush/project_gazebo_ws/install/as2_motion_controller:/home/ayush/project_gazebo_ws/install/as2_behaviors_trajectory_generation:/home/ayush/project_gazebo_ws/install/as2_behaviors_motion:/home/ayush/project_gazebo_ws/install/as2_motion_reference_handlers:/home/ayush/project_gazebo_ws/install/as2_map_server:/home/ayush/project_gazebo_ws/install/as2_geozones:/home/ayush/project_gazebo_ws/install/as2_gazebo_assets:/home/ayush/project_gazebo_ws/install/as2_external_object_to_tf:/home/ayush/project_gazebo_ws/install/as2_behaviors_platform:/home/ayush/project_gazebo_ws/install/as2_behaviors_perception:/home/ayush/project_gazebo_ws/install/as2_behaviors_path_planning:/home/ayush/project_gazebo_ws/install/as2_behavior_tree:/home/ayush/project_gazebo_ws/install/as2_behavior:/home/ayush/project_gazebo_ws/install/as2_alphanumeric_viewer:/home/ayush/project_gazebo_ws/install/as2_core:/home/ayush/project_gazebo_ws/install/as2_msgs:/home/ayush/project_gazebo_ws/install/as2_cli:/home/ayush/project_gazebo_ws/install/as2_visualization:/home/ayush/project_gazebo_ws/install/as2_keyboard_teleoperation:/home/ayush/project_gazebo_ws/install/as2_python_api:/opt/ros/humble LD_LIBRARY_PATH=/home/ayush/challenge_multi_drone/install/as2_msgs/lib:${LD_LIBRARY_PATH} PYTHONPATH=/home/ayush/challenge_multi_drone/install/as2_msgs/local/lib/python3.10/dist-packages:${PYTHONPATH} /usr/bin/cmake --install /home/ayush/challenge_multi_drone/build/as2_core
