[0.025s] Invoking command in '/home/ayush/challenge_multi_drone/build/as2_usb_camera_interface': AMENT_PREFIX_PATH=/home/ayush/challenge_multi_drone/install/as2_core:/home/ayush/challenge_multi_drone/install/as2_msgs:${AMENT_PREFIX_PATH} CMAKE_PREFIX_PATH=/home/ayush/challenge_multi_drone/install/as2_core:/home/ayush/challenge_multi_drone/install/as2_msgs:/home/ayush/project_gazebo_ws/install/aerostack2:/home/ayush/project_gazebo_ws/install/as2_usb_camera_interface:/home/ayush/project_gazebo_ws/install/as2_state_estimator:/home/ayush/project_gazebo_ws/install/as2_rviz_plugins:/home/ayush/project_gazebo_ws/install/as2_realsense_interface:/home/ayush/project_gazebo_ws/install/as2_platform_multirotor_simulator:/home/ayush/project_gazebo_ws/install/as2_platform_gazebo:/home/ayush/project_gazebo_ws/install/as2_motion_controller:/home/ayush/project_gazebo_ws/install/as2_behaviors_trajectory_generation:/home/ayush/project_gazebo_ws/install/as2_behaviors_motion:/home/ayush/project_gazebo_ws/install/as2_motion_reference_handlers:/home/ayush/project_gazebo_ws/install/as2_map_server:/home/ayush/project_gazebo_ws/install/as2_geozones:/home/ayush/project_gazebo_ws/install/as2_gazebo_assets:/home/ayush/project_gazebo_ws/install/as2_external_object_to_tf:/home/ayush/project_gazebo_ws/install/as2_behaviors_platform:/home/ayush/project_gazebo_ws/install/as2_behaviors_perception:/home/ayush/project_gazebo_ws/install/as2_behaviors_path_planning:/home/ayush/project_gazebo_ws/install/as2_behavior_tree:/home/ayush/project_gazebo_ws/install/as2_behavior:/home/ayush/project_gazebo_ws/install/as2_alphanumeric_viewer:/home/ayush/project_gazebo_ws/install/as2_core:/home/ayush/project_gazebo_ws/install/as2_msgs:/home/ayush/project_gazebo_ws/install/as2_cli:/home/ayush/project_gazebo_ws/install/as2_visualization:/home/ayush/project_gazebo_ws/install/as2_keyboard_teleoperation:/home/ayush/project_gazebo_ws/install/as2_python_api:/opt/ros/humble LD_LIBRARY_PATH=/home/ayush/challenge_multi_drone/install/as2_core/lib:/home/ayush/challenge_multi_drone/install/as2_msgs/lib:${LD_LIBRARY_PATH} PYTHONPATH=/home/ayush/challenge_multi_drone/install/as2_core/local/lib/python3.10/dist-packages:/home/ayush/challenge_multi_drone/install/as2_msgs/local/lib/python3.10/dist-packages:${PYTHONPATH} /usr/bin/cmake --build /home/ayush/challenge_multi_drone/build/as2_usb_camera_interface -- -j12 -l12
[0.090s] [35m[1mConsolidate compiler generated dependencies of target gtest_main[0m
[0.103s] [  9%] [32mBuilding CXX object CMakeFiles/as2_usb_camera_interface_node.dir/src/as2_usb_camera_interface.cpp.o[0m
[0.104s] [ 27%] [32mBuilding CXX object gtest/CMakeFiles/gtest.dir/src/gtest-all.cc.o[0m
[0.105s] [ 27%] [32mBuilding CXX object CMakeFiles/as2_usb_camera_interface.dir/src/as2_usb_camera_interface.cpp.o[0m
[0.108s] [ 36%] [32mBuilding CXX object CMakeFiles/as2_usb_camera_interface_node.dir/src/as2_usb_camera_interface_node.cpp.o[0m
[0.112s] [ 54%] Built target gtest_main
[13.496s] [ 63%] [32m[1mLinking CXX executable as2_usb_camera_interface_node[0m
[14.233s] [ 72%] [32m[1mLinking CXX static library libas2_usb_camera_interface.a[0m
[14.290s] [ 72%] Built target as2_usb_camera_interface
[14.631s] [ 72%] Built target as2_usb_camera_interface_node
[15.452s] [ 81%] [32m[1mLinking CXX static library libgtest.a[0m
[15.523s] [ 81%] Built target gtest
[15.563s] [ 90%] [32mBuilding CXX object tests/CMakeFiles/as2_usb_camera_interface_as2_usb_camera_interface_gtest.dir/as2_usb_camera_interface_gtest.cpp.o[0m
[26.786s] [100%] [32m[1mLinking CXX executable as2_usb_camera_interface_as2_usb_camera_interface_gtest[0m
[27.781s] [100%] Built target as2_usb_camera_interface_as2_usb_camera_interface_gtest
[27.799s] Invoked command in '/home/ayush/challenge_multi_drone/build/as2_usb_camera_interface' returned '0': AMENT_PREFIX_PATH=/home/ayush/challenge_multi_drone/install/as2_core:/home/ayush/challenge_multi_drone/install/as2_msgs:${AMENT_PREFIX_PATH} CMAKE_PREFIX_PATH=/home/ayush/challenge_multi_drone/install/as2_core:/home/ayush/challenge_multi_drone/install/as2_msgs:/home/ayush/project_gazebo_ws/install/aerostack2:/home/ayush/project_gazebo_ws/install/as2_usb_camera_interface:/home/ayush/project_gazebo_ws/install/as2_state_estimator:/home/ayush/project_gazebo_ws/install/as2_rviz_plugins:/home/ayush/project_gazebo_ws/install/as2_realsense_interface:/home/ayush/project_gazebo_ws/install/as2_platform_multirotor_simulator:/home/ayush/project_gazebo_ws/install/as2_platform_gazebo:/home/ayush/project_gazebo_ws/install/as2_motion_controller:/home/ayush/project_gazebo_ws/install/as2_behaviors_trajectory_generation:/home/ayush/project_gazebo_ws/install/as2_behaviors_motion:/home/ayush/project_gazebo_ws/install/as2_motion_reference_handlers:/home/ayush/project_gazebo_ws/install/as2_map_server:/home/ayush/project_gazebo_ws/install/as2_geozones:/home/ayush/project_gazebo_ws/install/as2_gazebo_assets:/home/ayush/project_gazebo_ws/install/as2_external_object_to_tf:/home/ayush/project_gazebo_ws/install/as2_behaviors_platform:/home/ayush/project_gazebo_ws/install/as2_behaviors_perception:/home/ayush/project_gazebo_ws/install/as2_behaviors_path_planning:/home/ayush/project_gazebo_ws/install/as2_behavior_tree:/home/ayush/project_gazebo_ws/install/as2_behavior:/home/ayush/project_gazebo_ws/install/as2_alphanumeric_viewer:/home/ayush/project_gazebo_ws/install/as2_core:/home/ayush/project_gazebo_ws/install/as2_msgs:/home/ayush/project_gazebo_ws/install/as2_cli:/home/ayush/project_gazebo_ws/install/as2_visualization:/home/ayush/project_gazebo_ws/install/as2_keyboard_teleoperation:/home/ayush/project_gazebo_ws/install/as2_python_api:/opt/ros/humble LD_LIBRARY_PATH=/home/ayush/challenge_multi_drone/install/as2_core/lib:/home/ayush/challenge_multi_drone/install/as2_msgs/lib:${LD_LIBRARY_PATH} PYTHONPATH=/home/ayush/challenge_multi_drone/install/as2_core/local/lib/python3.10/dist-packages:/home/ayush/challenge_multi_drone/install/as2_msgs/local/lib/python3.10/dist-packages:${PYTHONPATH} /usr/bin/cmake --build /home/ayush/challenge_multi_drone/build/as2_usb_camera_interface -- -j12 -l12
[27.803s] Invoking command in '/home/ayush/challenge_multi_drone/build/as2_usb_camera_interface': AMENT_PREFIX_PATH=/home/ayush/challenge_multi_drone/install/as2_core:/home/ayush/challenge_multi_drone/install/as2_msgs:${AMENT_PREFIX_PATH} CMAKE_PREFIX_PATH=/home/ayush/challenge_multi_drone/install/as2_core:/home/ayush/challenge_multi_drone/install/as2_msgs:/home/ayush/project_gazebo_ws/install/aerostack2:/home/ayush/project_gazebo_ws/install/as2_usb_camera_interface:/home/ayush/project_gazebo_ws/install/as2_state_estimator:/home/ayush/project_gazebo_ws/install/as2_rviz_plugins:/home/ayush/project_gazebo_ws/install/as2_realsense_interface:/home/ayush/project_gazebo_ws/install/as2_platform_multirotor_simulator:/home/ayush/project_gazebo_ws/install/as2_platform_gazebo:/home/ayush/project_gazebo_ws/install/as2_motion_controller:/home/ayush/project_gazebo_ws/install/as2_behaviors_trajectory_generation:/home/ayush/project_gazebo_ws/install/as2_behaviors_motion:/home/ayush/project_gazebo_ws/install/as2_motion_reference_handlers:/home/ayush/project_gazebo_ws/install/as2_map_server:/home/ayush/project_gazebo_ws/install/as2_geozones:/home/ayush/project_gazebo_ws/install/as2_gazebo_assets:/home/ayush/project_gazebo_ws/install/as2_external_object_to_tf:/home/ayush/project_gazebo_ws/install/as2_behaviors_platform:/home/ayush/project_gazebo_ws/install/as2_behaviors_perception:/home/ayush/project_gazebo_ws/install/as2_behaviors_path_planning:/home/ayush/project_gazebo_ws/install/as2_behavior_tree:/home/ayush/project_gazebo_ws/install/as2_behavior:/home/ayush/project_gazebo_ws/install/as2_alphanumeric_viewer:/home/ayush/project_gazebo_ws/install/as2_core:/home/ayush/project_gazebo_ws/install/as2_msgs:/home/ayush/project_gazebo_ws/install/as2_cli:/home/ayush/project_gazebo_ws/install/as2_visualization:/home/ayush/project_gazebo_ws/install/as2_keyboard_teleoperation:/home/ayush/project_gazebo_ws/install/as2_python_api:/opt/ros/humble LD_LIBRARY_PATH=/home/ayush/challenge_multi_drone/install/as2_core/lib:/home/ayush/challenge_multi_drone/install/as2_msgs/lib:${LD_LIBRARY_PATH} PYTHONPATH=/home/ayush/challenge_multi_drone/install/as2_core/local/lib/python3.10/dist-packages:/home/ayush/challenge_multi_drone/install/as2_msgs/local/lib/python3.10/dist-packages:${PYTHONPATH} /usr/bin/cmake --install /home/ayush/challenge_multi_drone/build/as2_usb_camera_interface
[27.814s] -- Install configuration: "Release"
[27.814s] -- Installing: /home/ayush/challenge_multi_drone/install/as2_usb_camera_interface/include
[27.815s] -- Installing: /home/ayush/challenge_multi_drone/install/as2_usb_camera_interface/include/as2_usb_camera_interface
[27.815s] -- Installing: /home/ayush/challenge_multi_drone/install/as2_usb_camera_interface/include/as2_usb_camera_interface/as2_usb_camera_interface.hpp
[27.815s] -- Installing: /home/ayush/challenge_multi_drone/install/as2_usb_camera_interface/share/as2_usb_camera_interface/launch
[27.815s] -- Installing: /home/ayush/challenge_multi_drone/install/as2_usb_camera_interface/share/as2_usb_camera_interface/launch/as2_usb_camera_interface_launch.py
[27.816s] -- Installing: /home/ayush/challenge_multi_drone/install/as2_usb_camera_interface/share/as2_usb_camera_interface/config
[27.816s] -- Installing: /home/ayush/challenge_multi_drone/install/as2_usb_camera_interface/share/as2_usb_camera_interface/config/tf_cam
[27.816s] -- Installing: /home/ayush/challenge_multi_drone/install/as2_usb_camera_interface/share/as2_usb_camera_interface/config/tf_cam/f330_arguments.yaml
[27.816s] -- Installing: /home/ayush/challenge_multi_drone/install/as2_usb_camera_interface/share/as2_usb_camera_interface/config/tf_cam/sim_arguments.yaml
[27.816s] -- Installing: /home/ayush/challenge_multi_drone/install/as2_usb_camera_interface/share/as2_usb_camera_interface/config/tf_cam/f450_arguments.yaml
[27.817s] -- Installing: /home/ayush/challenge_multi_drone/install/as2_usb_camera_interface/share/as2_usb_camera_interface/config/camera_calibration_default.yaml
[27.817s] -- Installing: /home/ayush/challenge_multi_drone/install/as2_usb_camera_interface/share/as2_usb_camera_interface/config/as2_usb_camera_interface
[27.817s] -- Installing: /home/ayush/challenge_multi_drone/install/as2_usb_camera_interface/share/as2_usb_camera_interface/config/as2_usb_camera_interface/wide03_720_info.yaml
[27.817s] -- Installing: /home/ayush/challenge_multi_drone/install/as2_usb_camera_interface/share/as2_usb_camera_interface/config/as2_usb_camera_interface/wide03_1080_info.yaml
[27.818s] -- Installing: /home/ayush/challenge_multi_drone/install/as2_usb_camera_interface/share/as2_usb_camera_interface/config/as2_usb_camera_interface/wide02_720_info.yaml
[27.818s] -- Installing: /home/ayush/challenge_multi_drone/install/as2_usb_camera_interface/share/as2_usb_camera_interface/config/as2_usb_camera_interface/camera_info.yaml
[27.818s] -- Installing: /home/ayush/challenge_multi_drone/install/as2_usb_camera_interface/share/as2_usb_camera_interface/config/config_file_default.yaml
[27.818s] -- Installing: /home/ayush/challenge_multi_drone/install/as2_usb_camera_interface/lib/as2_usb_camera_interface/as2_usb_camera_interface_node
[27.820s] -- Set runtime path of "/home/ayush/challenge_multi_drone/install/as2_usb_camera_interface/lib/as2_usb_camera_interface/as2_usb_camera_interface_node" to ""
[27.820s] -- Installing: /home/ayush/challenge_multi_drone/install/as2_usb_camera_interface/lib/libas2_usb_camera_interface.a
[27.820s] -- Installing: /home/ayush/challenge_multi_drone/install/as2_usb_camera_interface/share/ament_index/resource_index/package_run_dependencies/as2_usb_camera_interface
[27.821s] -- Installing: /home/ayush/challenge_multi_drone/install/as2_usb_camera_interface/share/ament_index/resource_index/parent_prefix_path/as2_usb_camera_interface
[27.821s] -- Installing: /home/ayush/challenge_multi_drone/install/as2_usb_camera_interface/share/as2_usb_camera_interface/environment/ament_prefix_path.sh
[27.821s] -- Installing: /home/ayush/challenge_multi_drone/install/as2_usb_camera_interface/share/as2_usb_camera_interface/environment/ament_prefix_path.dsv
[27.822s] -- Installing: /home/ayush/challenge_multi_drone/install/as2_usb_camera_interface/share/as2_usb_camera_interface/environment/path.sh
[27.822s] -- Installing: /home/ayush/challenge_multi_drone/install/as2_usb_camera_interface/share/as2_usb_camera_interface/environment/path.dsv
[27.822s] -- Installing: /home/ayush/challenge_multi_drone/install/as2_usb_camera_interface/share/as2_usb_camera_interface/local_setup.bash
[27.822s] -- Installing: /home/ayush/challenge_multi_drone/install/as2_usb_camera_interface/share/as2_usb_camera_interface/local_setup.sh
[27.823s] -- Installing: /home/ayush/challenge_multi_drone/install/as2_usb_camera_interface/share/as2_usb_camera_interface/local_setup.zsh
[27.823s] -- Installing: /home/ayush/challenge_multi_drone/install/as2_usb_camera_interface/share/as2_usb_camera_interface/local_setup.dsv
[27.823s] -- Installing: /home/ayush/challenge_multi_drone/install/as2_usb_camera_interface/share/as2_usb_camera_interface/package.dsv
[27.824s] -- Installing: /home/ayush/challenge_multi_drone/install/as2_usb_camera_interface/share/ament_index/resource_index/packages/as2_usb_camera_interface
[27.824s] -- Installing: /home/ayush/challenge_multi_drone/install/as2_usb_camera_interface/share/as2_usb_camera_interface/cmake/as2_usb_camera_interfaceConfig.cmake
[27.824s] -- Installing: /home/ayush/challenge_multi_drone/install/as2_usb_camera_interface/share/as2_usb_camera_interface/cmake/as2_usb_camera_interfaceConfig-version.cmake
[27.825s] -- Installing: /home/ayush/challenge_multi_drone/install/as2_usb_camera_interface/share/as2_usb_camera_interface/package.xml
[27.828s] Invoked command in '/home/ayush/challenge_multi_drone/build/as2_usb_camera_interface' returned '0': AMENT_PREFIX_PATH=/home/ayush/challenge_multi_drone/install/as2_core:/home/ayush/challenge_multi_drone/install/as2_msgs:${AMENT_PREFIX_PATH} CMAKE_PREFIX_PATH=/home/ayush/challenge_multi_drone/install/as2_core:/home/ayush/challenge_multi_drone/install/as2_msgs:/home/ayush/project_gazebo_ws/install/aerostack2:/home/ayush/project_gazebo_ws/install/as2_usb_camera_interface:/home/ayush/project_gazebo_ws/install/as2_state_estimator:/home/ayush/project_gazebo_ws/install/as2_rviz_plugins:/home/ayush/project_gazebo_ws/install/as2_realsense_interface:/home/ayush/project_gazebo_ws/install/as2_platform_multirotor_simulator:/home/ayush/project_gazebo_ws/install/as2_platform_gazebo:/home/ayush/project_gazebo_ws/install/as2_motion_controller:/home/ayush/project_gazebo_ws/install/as2_behaviors_trajectory_generation:/home/ayush/project_gazebo_ws/install/as2_behaviors_motion:/home/ayush/project_gazebo_ws/install/as2_motion_reference_handlers:/home/ayush/project_gazebo_ws/install/as2_map_server:/home/ayush/project_gazebo_ws/install/as2_geozones:/home/ayush/project_gazebo_ws/install/as2_gazebo_assets:/home/ayush/project_gazebo_ws/install/as2_external_object_to_tf:/home/ayush/project_gazebo_ws/install/as2_behaviors_platform:/home/ayush/project_gazebo_ws/install/as2_behaviors_perception:/home/ayush/project_gazebo_ws/install/as2_behaviors_path_planning:/home/ayush/project_gazebo_ws/install/as2_behavior_tree:/home/ayush/project_gazebo_ws/install/as2_behavior:/home/ayush/project_gazebo_ws/install/as2_alphanumeric_viewer:/home/ayush/project_gazebo_ws/install/as2_core:/home/ayush/project_gazebo_ws/install/as2_msgs:/home/ayush/project_gazebo_ws/install/as2_cli:/home/ayush/project_gazebo_ws/install/as2_visualization:/home/ayush/project_gazebo_ws/install/as2_keyboard_teleoperation:/home/ayush/project_gazebo_ws/install/as2_python_api:/opt/ros/humble LD_LIBRARY_PATH=/home/ayush/challenge_multi_drone/install/as2_core/lib:/home/ayush/challenge_multi_drone/install/as2_msgs/lib:${LD_LIBRARY_PATH} PYTHONPATH=/home/ayush/challenge_multi_drone/install/as2_core/local/lib/python3.10/dist-packages:/home/ayush/challenge_multi_drone/install/as2_msgs/local/lib/python3.10/dist-packages:${PYTHONPATH} /usr/bin/cmake --install /home/ayush/challenge_multi_drone/build/as2_usb_camera_interface
