running egg_info
creating ../../../../../build/scenario_runner/scenario_runner.egg-info
writing ../../../../../build/scenario_runner/scenario_runner.egg-info/PKG-INFO
writing dependency_links to ../../../../../build/scenario_runner/scenario_runner.egg-info/dependency_links.txt
writing entry points to ../../../../../build/scenario_runner/scenario_runner.egg-info/entry_points.txt
writing requirements to ../../../../../build/scenario_runner/scenario_runner.egg-info/requires.txt
writing top-level names to ../../../../../build/scenario_runner/scenario_runner.egg-info/top_level.txt
writing manifest file '../../../../../build/scenario_runner/scenario_runner.egg-info/SOURCES.txt'
reading manifest file '../../../../../build/scenario_runner/scenario_runner.egg-info/SOURCES.txt'
writing manifest file '../../../../../build/scenario_runner/scenario_runner.egg-info/SOURCES.txt'
running build
running build_py
creating /home/ayush/challenge_multi_drone/build/scenario_runner/build
creating /home/ayush/challenge_multi_drone/build/scenario_runner/build/lib
creating /home/ayush/challenge_multi_drone/build/scenario_runner/build/lib/scenario_runner
copying scenario_runner/runner.py -> /home/ayush/challenge_multi_drone/build/scenario_runner/build/lib/scenario_runner
copying scenario_runner/__init__.py -> /home/ayush/challenge_multi_drone/build/scenario_runner/build/lib/scenario_runner
running install
running install_lib
creating /home/ayush/challenge_multi_drone/install/scenario_runner/lib/python3.10/site-packages/scenario_runner
copying /home/ayush/challenge_multi_drone/build/scenario_runner/build/lib/scenario_runner/runner.py -> /home/ayush/challenge_multi_drone/install/scenario_runner/lib/python3.10/site-packages/scenario_runner
copying /home/ayush/challenge_multi_drone/build/scenario_runner/build/lib/scenario_runner/__init__.py -> /home/ayush/challenge_multi_drone/install/scenario_runner/lib/python3.10/site-packages/scenario_runner
byte-compiling /home/ayush/challenge_multi_drone/install/scenario_runner/lib/python3.10/site-packages/scenario_runner/runner.py to runner.cpython-310.pyc
byte-compiling /home/ayush/challenge_multi_drone/install/scenario_runner/lib/python3.10/site-packages/scenario_runner/__init__.py to __init__.cpython-310.pyc
running install_data
creating /home/ayush/challenge_multi_drone/install/scenario_runner/share/ament_index
creating /home/ayush/challenge_multi_drone/install/scenario_runner/share/ament_index/resource_index
creating /home/ayush/challenge_multi_drone/install/scenario_runner/share/ament_index/resource_index/packages
copying resource/scenario_runner -> /home/ayush/challenge_multi_drone/install/scenario_runner/share/ament_index/resource_index/packages
copying package.xml -> /home/ayush/challenge_multi_drone/install/scenario_runner/share/scenario_runner
creating /home/ayush/challenge_multi_drone/install/scenario_runner/share/scenario_runner/config
creating /home/ayush/challenge_multi_drone/install/scenario_runner/share/scenario_runner/launch
copying launch/runner.launch.py -> /home/ayush/challenge_multi_drone/install/scenario_runner/share/scenario_runner/launch
running install_egg_info
Copying ../../../../../build/scenario_runner/scenario_runner.egg-info to /home/ayush/challenge_multi_drone/install/scenario_runner/lib/python3.10/site-packages/scenario_runner-0.0.0-py3.10.egg-info
running install_scripts
Installing runner script to /home/ayush/challenge_multi_drone/install/scenario_runner/lib/scenario_runner
writing list of installed files to '/home/ayush/challenge_multi_drone/build/scenario_runner/install.log'
