[0.035s] Invoking command in '/home/ayush/challenge_multi_drone/build/as2_gazebo_assets': AMENT_PREFIX_PATH=/home/ayush/challenge_multi_drone/install/as2_core:/home/ayush/challenge_multi_drone/install/as2_msgs:${AMENT_PREFIX_PATH} CMAKE_PREFIX_PATH=/home/ayush/challenge_multi_drone/install/as2_core:/home/ayush/challenge_multi_drone/install/as2_msgs:/home/ayush/project_gazebo_ws/install/aerostack2:/home/ayush/project_gazebo_ws/install/as2_usb_camera_interface:/home/ayush/project_gazebo_ws/install/as2_state_estimator:/home/ayush/project_gazebo_ws/install/as2_rviz_plugins:/home/ayush/project_gazebo_ws/install/as2_realsense_interface:/home/ayush/project_gazebo_ws/install/as2_platform_multirotor_simulator:/home/ayush/project_gazebo_ws/install/as2_platform_gazebo:/home/ayush/project_gazebo_ws/install/as2_motion_controller:/home/ayush/project_gazebo_ws/install/as2_behaviors_trajectory_generation:/home/ayush/project_gazebo_ws/install/as2_behaviors_motion:/home/ayush/project_gazebo_ws/install/as2_motion_reference_handlers:/home/ayush/project_gazebo_ws/install/as2_map_server:/home/ayush/project_gazebo_ws/install/as2_geozones:/home/ayush/project_gazebo_ws/install/as2_gazebo_assets:/home/ayush/project_gazebo_ws/install/as2_external_object_to_tf:/home/ayush/project_gazebo_ws/install/as2_behaviors_platform:/home/ayush/project_gazebo_ws/install/as2_behaviors_perception:/home/ayush/project_gazebo_ws/install/as2_behaviors_path_planning:/home/ayush/project_gazebo_ws/install/as2_behavior_tree:/home/ayush/project_gazebo_ws/install/as2_behavior:/home/ayush/project_gazebo_ws/install/as2_alphanumeric_viewer:/home/ayush/project_gazebo_ws/install/as2_core:/home/ayush/project_gazebo_ws/install/as2_msgs:/home/ayush/project_gazebo_ws/install/as2_cli:/home/ayush/project_gazebo_ws/install/as2_visualization:/home/ayush/project_gazebo_ws/install/as2_keyboard_teleoperation:/home/ayush/project_gazebo_ws/install/as2_python_api:/opt/ros/humble LD_LIBRARY_PATH=/home/ayush/challenge_multi_drone/install/as2_core/lib:/home/ayush/challenge_multi_drone/install/as2_msgs/lib:${LD_LIBRARY_PATH} PYTHONPATH=/home/ayush/challenge_multi_drone/install/as2_core/local/lib/python3.10/dist-packages:/home/ayush/challenge_multi_drone/install/as2_msgs/local/lib/python3.10/dist-packages:${PYTHONPATH} /usr/bin/cmake --build /home/ayush/challenge_multi_drone/build/as2_gazebo_assets -- -j12 -l12
[0.186s] [ 12%] Built target gps_bridge
[0.247s] [ 12%] Built target ament_cmake_python_copy_as2_gazebo_assets
[0.303s] [ 25%] Built target MulticopterINDIControl
[0.834s] running egg_info
[0.836s] writing as2_gazebo_assets.egg-info/PKG-INFO
[0.836s] writing dependency_links to as2_gazebo_assets.egg-info/dependency_links.txt
[0.837s] writing top-level names to as2_gazebo_assets.egg-info/top_level.txt
[0.842s] reading manifest file 'as2_gazebo_assets.egg-info/SOURCES.txt'
[0.844s] writing manifest file 'as2_gazebo_assets.egg-info/SOURCES.txt'
[0.900s] [ 25%] Built target ament_cmake_python_build_as2_gazebo_assets_egg
[0.965s] [ 37%] Built target set_entity_pose_bridge
[1.033s] [ 50%] Built target acro_bridge
[1.104s] [ 62%] Built target gimbal_bridge
[1.165s] [ 75%] Built target object_tf_broadcaster
[1.231s] [ 87%] Built target azimuth_bridge
[1.295s] [100%] Built target ground_truth_bridge
[1.317s] Invoked command in '/home/ayush/challenge_multi_drone/build/as2_gazebo_assets' returned '0': AMENT_PREFIX_PATH=/home/ayush/challenge_multi_drone/install/as2_core:/home/ayush/challenge_multi_drone/install/as2_msgs:${AMENT_PREFIX_PATH} CMAKE_PREFIX_PATH=/home/ayush/challenge_multi_drone/install/as2_core:/home/ayush/challenge_multi_drone/install/as2_msgs:/home/ayush/project_gazebo_ws/install/aerostack2:/home/ayush/project_gazebo_ws/install/as2_usb_camera_interface:/home/ayush/project_gazebo_ws/install/as2_state_estimator:/home/ayush/project_gazebo_ws/install/as2_rviz_plugins:/home/ayush/project_gazebo_ws/install/as2_realsense_interface:/home/ayush/project_gazebo_ws/install/as2_platform_multirotor_simulator:/home/ayush/project_gazebo_ws/install/as2_platform_gazebo:/home/ayush/project_gazebo_ws/install/as2_motion_controller:/home/ayush/project_gazebo_ws/install/as2_behaviors_trajectory_generation:/home/ayush/project_gazebo_ws/install/as2_behaviors_motion:/home/ayush/project_gazebo_ws/install/as2_motion_reference_handlers:/home/ayush/project_gazebo_ws/install/as2_map_server:/home/ayush/project_gazebo_ws/install/as2_geozones:/home/ayush/project_gazebo_ws/install/as2_gazebo_assets:/home/ayush/project_gazebo_ws/install/as2_external_object_to_tf:/home/ayush/project_gazebo_ws/install/as2_behaviors_platform:/home/ayush/project_gazebo_ws/install/as2_behaviors_perception:/home/ayush/project_gazebo_ws/install/as2_behaviors_path_planning:/home/ayush/project_gazebo_ws/install/as2_behavior_tree:/home/ayush/project_gazebo_ws/install/as2_behavior:/home/ayush/project_gazebo_ws/install/as2_alphanumeric_viewer:/home/ayush/project_gazebo_ws/install/as2_core:/home/ayush/project_gazebo_ws/install/as2_msgs:/home/ayush/project_gazebo_ws/install/as2_cli:/home/ayush/project_gazebo_ws/install/as2_visualization:/home/ayush/project_gazebo_ws/install/as2_keyboard_teleoperation:/home/ayush/project_gazebo_ws/install/as2_python_api:/opt/ros/humble LD_LIBRARY_PATH=/home/ayush/challenge_multi_drone/install/as2_core/lib:/home/ayush/challenge_multi_drone/install/as2_msgs/lib:${LD_LIBRARY_PATH} PYTHONPATH=/home/ayush/challenge_multi_drone/install/as2_core/local/lib/python3.10/dist-packages:/home/ayush/challenge_multi_drone/install/as2_msgs/local/lib/python3.10/dist-packages:${PYTHONPATH} /usr/bin/cmake --build /home/ayush/challenge_multi_drone/build/as2_gazebo_assets -- -j12 -l12
[1.320s] Invoking command in '/home/ayush/challenge_multi_drone/build/as2_gazebo_assets': AMENT_PREFIX_PATH=/home/ayush/challenge_multi_drone/install/as2_core:/home/ayush/challenge_multi_drone/install/as2_msgs:${AMENT_PREFIX_PATH} CMAKE_PREFIX_PATH=/home/ayush/challenge_multi_drone/install/as2_core:/home/ayush/challenge_multi_drone/install/as2_msgs:/home/ayush/project_gazebo_ws/install/aerostack2:/home/ayush/project_gazebo_ws/install/as2_usb_camera_interface:/home/ayush/project_gazebo_ws/install/as2_state_estimator:/home/ayush/project_gazebo_ws/install/as2_rviz_plugins:/home/ayush/project_gazebo_ws/install/as2_realsense_interface:/home/ayush/project_gazebo_ws/install/as2_platform_multirotor_simulator:/home/ayush/project_gazebo_ws/install/as2_platform_gazebo:/home/ayush/project_gazebo_ws/install/as2_motion_controller:/home/ayush/project_gazebo_ws/install/as2_behaviors_trajectory_generation:/home/ayush/project_gazebo_ws/install/as2_behaviors_motion:/home/ayush/project_gazebo_ws/install/as2_motion_reference_handlers:/home/ayush/project_gazebo_ws/install/as2_map_server:/home/ayush/project_gazebo_ws/install/as2_geozones:/home/ayush/project_gazebo_ws/install/as2_gazebo_assets:/home/ayush/project_gazebo_ws/install/as2_external_object_to_tf:/home/ayush/project_gazebo_ws/install/as2_behaviors_platform:/home/ayush/project_gazebo_ws/install/as2_behaviors_perception:/home/ayush/project_gazebo_ws/install/as2_behaviors_path_planning:/home/ayush/project_gazebo_ws/install/as2_behavior_tree:/home/ayush/project_gazebo_ws/install/as2_behavior:/home/ayush/project_gazebo_ws/install/as2_alphanumeric_viewer:/home/ayush/project_gazebo_ws/install/as2_core:/home/ayush/project_gazebo_ws/install/as2_msgs:/home/ayush/project_gazebo_ws/install/as2_cli:/home/ayush/project_gazebo_ws/install/as2_visualization:/home/ayush/project_gazebo_ws/install/as2_keyboard_teleoperation:/home/ayush/project_gazebo_ws/install/as2_python_api:/opt/ros/humble LD_LIBRARY_PATH=/home/ayush/challenge_multi_drone/install/as2_core/lib:/home/ayush/challenge_multi_drone/install/as2_msgs/lib:${LD_LIBRARY_PATH} PYTHONPATH=/home/ayush/challenge_multi_drone/install/as2_core/local/lib/python3.10/dist-packages:/home/ayush/challenge_multi_drone/install/as2_msgs/local/lib/python3.10/dist-packages:${PYTHONPATH} /usr/bin/cmake --install /home/ayush/challenge_multi_drone/build/as2_gazebo_assets
[1.333s] -- Install configuration: ""
[1.333s] -- Up-to-date: /home/ayush/challenge_multi_drone/install/as2_gazebo_assets/share/as2_gazebo_assets/environment/resource_paths.dsv
[1.333s] -- Up-to-date: /home/ayush/challenge_multi_drone/install/as2_gazebo_assets/share/as2_gazebo_assets/environment/resource_paths.sh
[1.334s] -- Up-to-date: /home/ayush/challenge_multi_drone/install/as2_gazebo_assets/lib/as2_gazebo_assets/azimuth_bridge
[1.335s] -- Up-to-date: /home/ayush/challenge_multi_drone/install/as2_gazebo_assets/lib/as2_gazebo_assets/gps_bridge
[1.336s] -- Up-to-date: /home/ayush/challenge_multi_drone/install/as2_gazebo_assets/lib/as2_gazebo_assets/ground_truth_bridge
[1.337s] -- Up-to-date: /home/ayush/challenge_multi_drone/install/as2_gazebo_assets/lib/as2_gazebo_assets/object_tf_broadcaster
[1.338s] -- Up-to-date: /home/ayush/challenge_multi_drone/install/as2_gazebo_assets/lib/as2_gazebo_assets/gimbal_bridge
[1.339s] -- Up-to-date: /home/ayush/challenge_multi_drone/install/as2_gazebo_assets/lib/as2_gazebo_assets/acro_bridge
[1.340s] -- Up-to-date: /home/ayush/challenge_multi_drone/install/as2_gazebo_assets/lib/as2_gazebo_assets/set_entity_pose_bridge
[1.341s] -- Up-to-date: /home/ayush/challenge_multi_drone/install/as2_gazebo_assets/lib/libMulticopterINDIControl.so
[1.341s] -- Up-to-date: /home/ayush/challenge_multi_drone/install/as2_gazebo_assets/share/as2_gazebo_assets/environment/pythonpath.sh
[1.341s] -- Up-to-date: /home/ayush/challenge_multi_drone/install/as2_gazebo_assets/share/as2_gazebo_assets/environment/pythonpath.dsv
[1.342s] -- Up-to-date: /home/ayush/challenge_multi_drone/install/as2_gazebo_assets/local/lib/python3.10/dist-packages/as2_gazebo_assets-1.1.2-py3.10.egg-info
[1.342s] -- Installing: /home/ayush/challenge_multi_drone/install/as2_gazebo_assets/local/lib/python3.10/dist-packages/as2_gazebo_assets-1.1.2-py3.10.egg-info/dependency_links.txt
[1.342s] -- Installing: /home/ayush/challenge_multi_drone/install/as2_gazebo_assets/local/lib/python3.10/dist-packages/as2_gazebo_assets-1.1.2-py3.10.egg-info/SOURCES.txt
[1.342s] -- Installing: /home/ayush/challenge_multi_drone/install/as2_gazebo_assets/local/lib/python3.10/dist-packages/as2_gazebo_assets-1.1.2-py3.10.egg-info/PKG-INFO
[1.342s] -- Installing: /home/ayush/challenge_multi_drone/install/as2_gazebo_assets/local/lib/python3.10/dist-packages/as2_gazebo_assets-1.1.2-py3.10.egg-info/top_level.txt
[1.342s] -- Up-to-date: /home/ayush/challenge_multi_drone/install/as2_gazebo_assets/local/lib/python3.10/dist-packages/as2_gazebo_assets
[1.342s] -- Up-to-date: /home/ayush/challenge_multi_drone/install/as2_gazebo_assets/local/lib/python3.10/dist-packages/as2_gazebo_assets/tests
[1.343s] -- Up-to-date: /home/ayush/challenge_multi_drone/install/as2_gazebo_assets/local/lib/python3.10/dist-packages/as2_gazebo_assets/tests/test_models.py
[1.343s] -- Up-to-date: /home/ayush/challenge_multi_drone/install/as2_gazebo_assets/local/lib/python3.10/dist-packages/as2_gazebo_assets/utils
[1.343s] -- Up-to-date: /home/ayush/challenge_multi_drone/install/as2_gazebo_assets/local/lib/python3.10/dist-packages/as2_gazebo_assets/utils/launch_exception.py
[1.344s] -- Up-to-date: /home/ayush/challenge_multi_drone/install/as2_gazebo_assets/local/lib/python3.10/dist-packages/as2_gazebo_assets/__init__.py
[1.344s] -- Up-to-date: /home/ayush/challenge_multi_drone/install/as2_gazebo_assets/local/lib/python3.10/dist-packages/as2_gazebo_assets/bridges
[1.344s] -- Up-to-date: /home/ayush/challenge_multi_drone/install/as2_gazebo_assets/local/lib/python3.10/dist-packages/as2_gazebo_assets/bridges/custom_bridges.py
[1.344s] -- Up-to-date: /home/ayush/challenge_multi_drone/install/as2_gazebo_assets/local/lib/python3.10/dist-packages/as2_gazebo_assets/bridges/bridge.py
[1.344s] -- Up-to-date: /home/ayush/challenge_multi_drone/install/as2_gazebo_assets/local/lib/python3.10/dist-packages/as2_gazebo_assets/bridges/bridges.py
[1.344s] -- Up-to-date: /home/ayush/challenge_multi_drone/install/as2_gazebo_assets/local/lib/python3.10/dist-packages/as2_gazebo_assets/bridges/__init__.py
[1.344s] -- Up-to-date: /home/ayush/challenge_multi_drone/install/as2_gazebo_assets/local/lib/python3.10/dist-packages/as2_gazebo_assets/models
[1.344s] -- Up-to-date: /home/ayush/challenge_multi_drone/install/as2_gazebo_assets/local/lib/python3.10/dist-packages/as2_gazebo_assets/models/object.py
[1.344s] -- Up-to-date: /home/ayush/challenge_multi_drone/install/as2_gazebo_assets/local/lib/python3.10/dist-packages/as2_gazebo_assets/models/entity.py
[1.345s] -- Up-to-date: /home/ayush/challenge_multi_drone/install/as2_gazebo_assets/local/lib/python3.10/dist-packages/as2_gazebo_assets/models/drone.py
[1.345s] -- Up-to-date: /home/ayush/challenge_multi_drone/install/as2_gazebo_assets/local/lib/python3.10/dist-packages/as2_gazebo_assets/models/__init__.py
[1.345s] -- Up-to-date: /home/ayush/challenge_multi_drone/install/as2_gazebo_assets/local/lib/python3.10/dist-packages/as2_gazebo_assets/models/payload.py
[1.345s] -- Up-to-date: /home/ayush/challenge_multi_drone/install/as2_gazebo_assets/local/lib/python3.10/dist-packages/as2_gazebo_assets/world.py
[1.421s] Listing '/home/ayush/challenge_multi_drone/install/as2_gazebo_assets/local/lib/python3.10/dist-packages/as2_gazebo_assets'...
[1.421s] Listing '/home/ayush/challenge_multi_drone/install/as2_gazebo_assets/local/lib/python3.10/dist-packages/as2_gazebo_assets/bridges'...
[1.421s] Listing '/home/ayush/challenge_multi_drone/install/as2_gazebo_assets/local/lib/python3.10/dist-packages/as2_gazebo_assets/models'...
[1.421s] Listing '/home/ayush/challenge_multi_drone/install/as2_gazebo_assets/local/lib/python3.10/dist-packages/as2_gazebo_assets/tests'...
[1.421s] Listing '/home/ayush/challenge_multi_drone/install/as2_gazebo_assets/local/lib/python3.10/dist-packages/as2_gazebo_assets/utils'...
[1.429s] -- Up-to-date: /home/ayush/challenge_multi_drone/install/as2_gazebo_assets/include
[1.430s] -- Up-to-date: /home/ayush/challenge_multi_drone/install/as2_gazebo_assets/include/as2_gazebo_assets
[1.430s] -- Up-to-date: /home/ayush/challenge_multi_drone/install/as2_gazebo_assets/include/as2_gazebo_assets/gps_bridge.hpp
[1.430s] -- Up-to-date: /home/ayush/challenge_multi_drone/install/as2_gazebo_assets/include/as2_gazebo_assets/gimbal_bridge.hpp
[1.430s] -- Up-to-date: /home/ayush/challenge_multi_drone/install/as2_gazebo_assets/include/as2_gazebo_assets/object_tf_broadcaster.hpp
[1.430s] -- Up-to-date: /home/ayush/challenge_multi_drone/install/as2_gazebo_assets/include/as2_gazebo_assets/azimuth_bridge.hpp
[1.430s] -- Up-to-date: /home/ayush/challenge_multi_drone/install/as2_gazebo_assets/include/as2_gazebo_assets/set_entity_pose_bridge.hpp
[1.431s] -- Up-to-date: /home/ayush/challenge_multi_drone/install/as2_gazebo_assets/include/as2_gazebo_assets/acro_bridge.hpp
[1.431s] -- Up-to-date: /home/ayush/challenge_multi_drone/install/as2_gazebo_assets/include/as2_gazebo_assets/ground_truth_bridge.hpp
[1.432s] -- Up-to-date: /home/ayush/challenge_multi_drone/install/as2_gazebo_assets/share/as2_gazebo_assets/launch
[1.432s] -- Up-to-date: /home/ayush/challenge_multi_drone/install/as2_gazebo_assets/share/as2_gazebo_assets/launch/launch_simulation.py
[1.432s] -- Up-to-date: /home/ayush/challenge_multi_drone/install/as2_gazebo_assets/share/as2_gazebo_assets/launch/drone_bridges.py
[1.432s] -- Up-to-date: /home/ayush/challenge_multi_drone/install/as2_gazebo_assets/share/as2_gazebo_assets/launch/monitor_sim.py
[1.433s] -- Up-to-date: /home/ayush/challenge_multi_drone/install/as2_gazebo_assets/share/as2_gazebo_assets/launch/world_bridges.py
[1.433s] -- Up-to-date: /home/ayush/challenge_multi_drone/install/as2_gazebo_assets/share/as2_gazebo_assets/launch/object_bridges.py
[1.433s] -- Up-to-date: /home/ayush/challenge_multi_drone/install/as2_gazebo_assets/share/as2_gazebo_assets/worlds
[1.433s] -- Up-to-date: /home/ayush/challenge_multi_drone/install/as2_gazebo_assets/share/as2_gazebo_assets/worlds/grass.sdf.jinja
[1.433s] -- Up-to-date: /home/ayush/challenge_multi_drone/install/as2_gazebo_assets/share/as2_gazebo_assets/worlds/test_gripper.sdf
[1.433s] -- Up-to-date: /home/ayush/challenge_multi_drone/install/as2_gazebo_assets/share/as2_gazebo_assets/worlds/empty.sdf.jinja
[1.433s] -- Up-to-date: /home/ayush/challenge_multi_drone/install/as2_gazebo_assets/share/as2_gazebo_assets/models
[1.434s] -- Up-to-date: /home/ayush/challenge_multi_drone/install/as2_gazebo_assets/share/as2_gazebo_assets/models/gimbal
[1.434s] -- Up-to-date: /home/ayush/challenge_multi_drone/install/as2_gazebo_assets/share/as2_gazebo_assets/models/gimbal/position_gimbal.sdf.jinja
[1.434s] -- Up-to-date: /home/ayush/challenge_multi_drone/install/as2_gazebo_assets/share/as2_gazebo_assets/models/gimbal/speed_gimbal.sdf.jinja
[1.434s] -- Up-to-date: /home/ayush/challenge_multi_drone/install/as2_gazebo_assets/share/as2_gazebo_assets/models/gimbal/position_gimbal.sdf
[1.434s] -- Up-to-date: /home/ayush/challenge_multi_drone/install/as2_gazebo_assets/share/as2_gazebo_assets/models/gimbal/model.config
[1.434s] -- Up-to-date: /home/ayush/challenge_multi_drone/install/as2_gazebo_assets/share/as2_gazebo_assets/models/aruco
[1.434s] -- Up-to-date: /home/ayush/challenge_multi_drone/install/as2_gazebo_assets/share/as2_gazebo_assets/models/aruco/materials
[1.434s] -- Up-to-date: /home/ayush/challenge_multi_drone/install/as2_gazebo_assets/share/as2_gazebo_assets/models/aruco/materials/scripts
[1.435s] -- Up-to-date: /home/ayush/challenge_multi_drone/install/as2_gazebo_assets/share/as2_gazebo_assets/models/aruco/materials/scripts/aruco.material
[1.435s] -- Up-to-date: /home/ayush/challenge_multi_drone/install/as2_gazebo_assets/share/as2_gazebo_assets/models/aruco/materials/textures
[1.435s] -- Up-to-date: /home/ayush/challenge_multi_drone/install/as2_gazebo_assets/share/as2_gazebo_assets/models/aruco/materials/textures/marker3.png
[1.435s] -- Up-to-date: /home/ayush/challenge_multi_drone/install/as2_gazebo_assets/share/as2_gazebo_assets/models/aruco/materials/textures/marker4.png
[1.435s] -- Up-to-date: /home/ayush/challenge_multi_drone/install/as2_gazebo_assets/share/as2_gazebo_assets/models/aruco/materials/textures/marker2.png
[1.436s] -- Up-to-date: /home/ayush/challenge_multi_drone/install/as2_gazebo_assets/share/as2_gazebo_assets/models/aruco/materials/textures/marker1.png
[1.436s] -- Up-to-date: /home/ayush/challenge_multi_drone/install/as2_gazebo_assets/share/as2_gazebo_assets/models/aruco/materials/textures/marker5.png
[1.436s] -- Up-to-date: /home/ayush/challenge_multi_drone/install/as2_gazebo_assets/share/as2_gazebo_assets/models/aruco/aruco.sdf
[1.436s] -- Up-to-date: /home/ayush/challenge_multi_drone/install/as2_gazebo_assets/share/as2_gazebo_assets/models/aruco/model.config
[1.436s] -- Up-to-date: /home/ayush/challenge_multi_drone/install/as2_gazebo_assets/share/as2_gazebo_assets/models/aruco/meshes
[1.436s] -- Up-to-date: /home/ayush/challenge_multi_drone/install/as2_gazebo_assets/share/as2_gazebo_assets/models/aruco/meshes/checkerboard_plane.dae
[1.436s] -- Up-to-date: /home/ayush/challenge_multi_drone/install/as2_gazebo_assets/share/as2_gazebo_assets/models/windmill
[1.436s] -- Up-to-date: /home/ayush/challenge_multi_drone/install/as2_gazebo_assets/share/as2_gazebo_assets/models/windmill/windmill.sdf
[1.437s] -- Up-to-date: /home/ayush/challenge_multi_drone/install/as2_gazebo_assets/share/as2_gazebo_assets/models/windmill/model.config
[1.437s] -- Up-to-date: /home/ayush/challenge_multi_drone/install/as2_gazebo_assets/share/as2_gazebo_assets/models/windmill/meshes
[1.437s] -- Up-to-date: /home/ayush/challenge_multi_drone/install/as2_gazebo_assets/share/as2_gazebo_assets/models/windmill/meshes/rotor.dae
[1.437s] -- Up-to-date: /home/ayush/challenge_multi_drone/install/as2_gazebo_assets/share/as2_gazebo_assets/models/windmill/meshes/tower.dae
[1.438s] -- Up-to-date: /home/ayush/challenge_multi_drone/install/as2_gazebo_assets/share/as2_gazebo_assets/models/windmill/meshes/blades.dae
[1.438s] -- Up-to-date: /home/ayush/challenge_multi_drone/install/as2_gazebo_assets/share/as2_gazebo_assets/models/windmill/meshes/Plastic010_1K_Displacement.jpg
[1.438s] -- Up-to-date: /home/ayush/challenge_multi_drone/install/as2_gazebo_assets/share/as2_gazebo_assets/models/air_pressure
[1.438s] -- Up-to-date: /home/ayush/challenge_multi_drone/install/as2_gazebo_assets/share/as2_gazebo_assets/models/air_pressure/air_pressure.sdf
[1.438s] -- Up-to-date: /home/ayush/challenge_multi_drone/install/as2_gazebo_assets/share/as2_gazebo_assets/models/air_pressure/model.config
[1.439s] -- Up-to-date: /home/ayush/challenge_multi_drone/install/as2_gazebo_assets/share/as2_gazebo_assets/models/hexrotor_base
[1.439s] -- Up-to-date: /home/ayush/challenge_multi_drone/install/as2_gazebo_assets/share/as2_gazebo_assets/models/hexrotor_base/materials
[1.439s] -- Up-to-date: /home/ayush/challenge_multi_drone/install/as2_gazebo_assets/share/as2_gazebo_assets/models/hexrotor_base/materials/textures
[1.439s] -- Up-to-date: /home/ayush/challenge_multi_drone/install/as2_gazebo_assets/share/as2_gazebo_assets/models/hexrotor_base/materials/textures/led.jpg
[1.440s] -- Up-to-date: /home/ayush/challenge_multi_drone/install/as2_gazebo_assets/share/as2_gazebo_assets/models/hexrotor_base/model.config
[1.440s] -- Up-to-date: /home/ayush/challenge_multi_drone/install/as2_gazebo_assets/share/as2_gazebo_assets/models/hexrotor_base/hexrotor_base.sdf
[1.440s] -- Up-to-date: /home/ayush/challenge_multi_drone/install/as2_gazebo_assets/share/as2_gazebo_assets/models/hexrotor_base/meshes
[1.440s] -- Up-to-date: /home/ayush/challenge_multi_drone/install/as2_gazebo_assets/share/as2_gazebo_assets/models/hexrotor_base/meshes/neo11_propeller_cw.dae
[1.440s] -- Up-to-date: /home/ayush/challenge_multi_drone/install/as2_gazebo_assets/share/as2_gazebo_assets/models/hexrotor_base/meshes/hexrotor.jpg
[1.440s] -- Up-to-date: /home/ayush/challenge_multi_drone/install/as2_gazebo_assets/share/as2_gazebo_assets/models/hexrotor_base/meshes/led.dae
[1.441s] -- Up-to-date: /home/ayush/challenge_multi_drone/install/as2_gazebo_assets/share/as2_gazebo_assets/models/hexrotor_base/meshes/hexrotor.dae
[1.441s] -- Up-to-date: /home/ayush/challenge_multi_drone/install/as2_gazebo_assets/share/as2_gazebo_assets/models/hexrotor_base/meshes/led_lamp.dae
[1.441s] -- Up-to-date: /home/ayush/challenge_multi_drone/install/as2_gazebo_assets/share/as2_gazebo_assets/models/hexrotor_base/meshes/neo11_propeller_ccw.dae
[1.441s] -- Up-to-date: /home/ayush/challenge_multi_drone/install/as2_gazebo_assets/share/as2_gazebo_assets/models/hexrotor_base/hexrotor_base.sdf.jinja
[1.441s] -- Up-to-date: /home/ayush/challenge_multi_drone/install/as2_gazebo_assets/share/as2_gazebo_assets/models/lidar_3d
[1.441s] -- Up-to-date: /home/ayush/challenge_multi_drone/install/as2_gazebo_assets/share/as2_gazebo_assets/models/lidar_3d/lidar_3d.sdf
[1.441s] -- Up-to-date: /home/ayush/challenge_multi_drone/install/as2_gazebo_assets/share/as2_gazebo_assets/models/lidar_3d/model.config
[1.442s] -- Up-to-date: /home/ayush/challenge_multi_drone/install/as2_gazebo_assets/share/as2_gazebo_assets/models/x500
[1.442s] -- Up-to-date: /home/ayush/challenge_multi_drone/install/as2_gazebo_assets/share/as2_gazebo_assets/models/x500/materials
[1.442s] -- Up-to-date: /home/ayush/challenge_multi_drone/install/as2_gazebo_assets/share/as2_gazebo_assets/models/x500/materials/textures
[1.442s] -- Up-to-date: /home/ayush/challenge_multi_drone/install/as2_gazebo_assets/share/as2_gazebo_assets/models/x500/materials/textures/CF.png
[1.442s] -- Up-to-date: /home/ayush/challenge_multi_drone/install/as2_gazebo_assets/share/as2_gazebo_assets/models/x500/materials/textures/nxp.png
[1.442s] -- Up-to-date: /home/ayush/challenge_multi_drone/install/as2_gazebo_assets/share/as2_gazebo_assets/models/x500/materials/textures/rd.png
[1.442s] -- Up-to-date: /home/ayush/challenge_multi_drone/install/as2_gazebo_assets/share/as2_gazebo_assets/models/x500/thumbnails
[1.443s] -- Up-to-date: /home/ayush/challenge_multi_drone/install/as2_gazebo_assets/share/as2_gazebo_assets/models/x500/thumbnails/3.png
[1.443s] -- Up-to-date: /home/ayush/challenge_multi_drone/install/as2_gazebo_assets/share/as2_gazebo_assets/models/x500/thumbnails/4.png
[1.443s] -- Up-to-date: /home/ayush/challenge_multi_drone/install/as2_gazebo_assets/share/as2_gazebo_assets/models/x500/thumbnails/5.png
[1.443s] -- Up-to-date: /home/ayush/challenge_multi_drone/install/as2_gazebo_assets/share/as2_gazebo_assets/models/x500/thumbnails/1.png
[1.444s] -- Up-to-date: /home/ayush/challenge_multi_drone/install/as2_gazebo_assets/share/as2_gazebo_assets/models/x500/thumbnails/2.png
[1.444s] -- Up-to-date: /home/ayush/challenge_multi_drone/install/as2_gazebo_assets/share/as2_gazebo_assets/models/x500/x500.sdf
[1.445s] -- Up-to-date: /home/ayush/challenge_multi_drone/install/as2_gazebo_assets/share/as2_gazebo_assets/models/x500/x500.sdf.jinja
[1.445s] -- Up-to-date: /home/ayush/challenge_multi_drone/install/as2_gazebo_assets/share/as2_gazebo_assets/models/x500/model.config
[1.445s] -- Up-to-date: /home/ayush/challenge_multi_drone/install/as2_gazebo_assets/share/as2_gazebo_assets/models/x500/meshes
[1.445s] -- Up-to-date: /home/ayush/challenge_multi_drone/install/as2_gazebo_assets/share/as2_gazebo_assets/models/x500/meshes/1345_prop_cw.stl
[1.446s] -- Up-to-date: /home/ayush/challenge_multi_drone/install/as2_gazebo_assets/share/as2_gazebo_assets/models/x500/meshes/CF.png
[1.446s] -- Up-to-date: /home/ayush/challenge_multi_drone/install/as2_gazebo_assets/share/as2_gazebo_assets/models/x500/meshes/5010Bell.dae
[1.446s] -- Up-to-date: /home/ayush/challenge_multi_drone/install/as2_gazebo_assets/share/as2_gazebo_assets/models/x500/meshes/5010Base.dae
[1.446s] -- Up-to-date: /home/ayush/challenge_multi_drone/install/as2_gazebo_assets/share/as2_gazebo_assets/models/x500/meshes/1345_prop_ccw.stl
[1.446s] -- Up-to-date: /home/ayush/challenge_multi_drone/install/as2_gazebo_assets/share/as2_gazebo_assets/models/x500/meshes/NXP-HGD-CF.dae
[1.446s] -- Up-to-date: /home/ayush/challenge_multi_drone/install/as2_gazebo_assets/share/as2_gazebo_assets/models/planar_lidar
[1.446s] -- Up-to-date: /home/ayush/challenge_multi_drone/install/as2_gazebo_assets/share/as2_gazebo_assets/models/planar_lidar/planar_lidar.sdf
[1.447s] -- Up-to-date: /home/ayush/challenge_multi_drone/install/as2_gazebo_assets/share/as2_gazebo_assets/models/planar_lidar/model.config
[1.447s] -- Up-to-date: /home/ayush/challenge_multi_drone/install/as2_gazebo_assets/share/as2_gazebo_assets/models/grayscaled_camera
[1.447s] -- Up-to-date: /home/ayush/challenge_multi_drone/install/as2_gazebo_assets/share/as2_gazebo_assets/models/grayscaled_camera/grayscaled_camera.sdf
[1.447s] -- Up-to-date: /home/ayush/challenge_multi_drone/install/as2_gazebo_assets/share/as2_gazebo_assets/models/grayscaled_camera/grayscaled_camera.sdf.jinja
[1.447s] -- Up-to-date: /home/ayush/challenge_multi_drone/install/as2_gazebo_assets/share/as2_gazebo_assets/models/grayscaled_camera/model.config
[1.448s] -- Up-to-date: /home/ayush/challenge_multi_drone/install/as2_gazebo_assets/share/as2_gazebo_assets/models/crazyflie
[1.448s] -- Up-to-date: /home/ayush/challenge_multi_drone/install/as2_gazebo_assets/share/as2_gazebo_assets/models/crazyflie/crazyflie.sdf.jinja
[1.448s] -- Up-to-date: /home/ayush/challenge_multi_drone/install/as2_gazebo_assets/share/as2_gazebo_assets/models/crazyflie/model.config
[1.448s] -- Up-to-date: /home/ayush/challenge_multi_drone/install/as2_gazebo_assets/share/as2_gazebo_assets/models/crazyflie/crazyflie.sdf
[1.448s] -- Up-to-date: /home/ayush/challenge_multi_drone/install/as2_gazebo_assets/share/as2_gazebo_assets/models/crazyflie/meshes
[1.448s] -- Up-to-date: /home/ayush/challenge_multi_drone/install/as2_gazebo_assets/share/as2_gazebo_assets/models/crazyflie/meshes/cf2_assembly.dae
[1.448s] -- Up-to-date: /home/ayush/challenge_multi_drone/install/as2_gazebo_assets/share/as2_gazebo_assets/models/crazyflie/meshes/ccw_prop.dae
[1.449s] -- Up-to-date: /home/ayush/challenge_multi_drone/install/as2_gazebo_assets/share/as2_gazebo_assets/models/crazyflie/meshes/cw_prop.dae
[1.449s] -- Up-to-date: /home/ayush/challenge_multi_drone/install/as2_gazebo_assets/share/as2_gazebo_assets/models/gps
[1.449s] -- Up-to-date: /home/ayush/challenge_multi_drone/install/as2_gazebo_assets/share/as2_gazebo_assets/models/gps/gps.sdf
[1.449s] -- Up-to-date: /home/ayush/challenge_multi_drone/install/as2_gazebo_assets/share/as2_gazebo_assets/models/gps/model.config
[1.449s] -- Up-to-date: /home/ayush/challenge_multi_drone/install/as2_gazebo_assets/share/as2_gazebo_assets/models/rgbd_camera
[1.449s] -- Up-to-date: /home/ayush/challenge_multi_drone/install/as2_gazebo_assets/share/as2_gazebo_assets/models/rgbd_camera/rgbd_camera.sdf
[1.449s] -- Up-to-date: /home/ayush/challenge_multi_drone/install/as2_gazebo_assets/share/as2_gazebo_assets/models/rgbd_camera/rgbd_camera.sdf.jinja
[1.449s] -- Up-to-date: /home/ayush/challenge_multi_drone/install/as2_gazebo_assets/share/as2_gazebo_assets/models/rgbd_camera/model.config
[1.450s] -- Up-to-date: /home/ayush/challenge_multi_drone/install/as2_gazebo_assets/share/as2_gazebo_assets/models/px4vision
[1.450s] -- Up-to-date: /home/ayush/challenge_multi_drone/install/as2_gazebo_assets/share/as2_gazebo_assets/models/px4vision/px4vision.sdf
[1.450s] -- Up-to-date: /home/ayush/challenge_multi_drone/install/as2_gazebo_assets/share/as2_gazebo_assets/models/px4vision/thumbnails
[1.450s] -- Up-to-date: /home/ayush/challenge_multi_drone/install/as2_gazebo_assets/share/as2_gazebo_assets/models/px4vision/thumbnails/px4_vision_front.png
[1.450s] -- Up-to-date: /home/ayush/challenge_multi_drone/install/as2_gazebo_assets/share/as2_gazebo_assets/models/px4vision/thumbnails/px4_vision_top.png
[1.450s] -- Up-to-date: /home/ayush/challenge_multi_drone/install/as2_gazebo_assets/share/as2_gazebo_assets/models/px4vision/thumbnails/px4vision_diagonal.png
[1.450s] -- Up-to-date: /home/ayush/challenge_multi_drone/install/as2_gazebo_assets/share/as2_gazebo_assets/models/px4vision/px4vision.sdf.jinja
[1.450s] -- Up-to-date: /home/ayush/challenge_multi_drone/install/as2_gazebo_assets/share/as2_gazebo_assets/models/px4vision/model.config
[1.450s] -- Up-to-date: /home/ayush/challenge_multi_drone/install/as2_gazebo_assets/share/as2_gazebo_assets/models/px4vision/meshes
[1.451s] -- Up-to-date: /home/ayush/challenge_multi_drone/install/as2_gazebo_assets/share/as2_gazebo_assets/models/px4vision/meshes/iris_prop_cw.dae
[1.451s] -- Up-to-date: /home/ayush/challenge_multi_drone/install/as2_gazebo_assets/share/as2_gazebo_assets/models/px4vision/meshes/iris_prop_ccw.dae
[1.451s] -- Up-to-date: /home/ayush/challenge_multi_drone/install/as2_gazebo_assets/share/as2_gazebo_assets/models/px4vision/meshes/body.dae
[1.451s] -- Up-to-date: /home/ayush/challenge_multi_drone/install/as2_gazebo_assets/share/as2_gazebo_assets/models/3d_lidar
[1.451s] -- Up-to-date: /home/ayush/challenge_multi_drone/install/as2_gazebo_assets/share/as2_gazebo_assets/models/3d_lidar/3d_lidar.sdf
[1.451s] -- Up-to-date: /home/ayush/challenge_multi_drone/install/as2_gazebo_assets/share/as2_gazebo_assets/models/3d_lidar/model.config
[1.452s] -- Up-to-date: /home/ayush/challenge_multi_drone/install/as2_gazebo_assets/share/as2_gazebo_assets/models/hd_camera
[1.452s] -- Up-to-date: /home/ayush/challenge_multi_drone/install/as2_gazebo_assets/share/as2_gazebo_assets/models/hd_camera/model.config
[1.453s] -- Up-to-date: /home/ayush/challenge_multi_drone/install/as2_gazebo_assets/share/as2_gazebo_assets/models/hd_camera/hd_camera.sdf.jinja
[1.453s] -- Up-to-date: /home/ayush/challenge_multi_drone/install/as2_gazebo_assets/share/as2_gazebo_assets/models/hd_camera/hd_camera.sdf
[1.453s] -- Up-to-date: /home/ayush/challenge_multi_drone/install/as2_gazebo_assets/share/as2_gazebo_assets/models/gate
[1.453s] -- Up-to-date: /home/ayush/challenge_multi_drone/install/as2_gazebo_assets/share/as2_gazebo_assets/models/gate/gate.sdf
[1.454s] -- Up-to-date: /home/ayush/challenge_multi_drone/install/as2_gazebo_assets/share/as2_gazebo_assets/models/gate/model.config
[1.454s] -- Up-to-date: /home/ayush/challenge_multi_drone/install/as2_gazebo_assets/share/as2_gazebo_assets/models/gate/meshes
[1.454s] -- Up-to-date: /home/ayush/challenge_multi_drone/install/as2_gazebo_assets/share/as2_gazebo_assets/models/gate/meshes/gate.dae
[1.454s] -- Up-to-date: /home/ayush/challenge_multi_drone/install/as2_gazebo_assets/share/as2_gazebo_assets/models/gate/meshes/gate_color.png
[1.454s] -- Up-to-date: /home/ayush/challenge_multi_drone/install/as2_gazebo_assets/share/as2_gazebo_assets/models/ground_plane
[1.454s] -- Up-to-date: /home/ayush/challenge_multi_drone/install/as2_gazebo_assets/share/as2_gazebo_assets/models/ground_plane/ground_plane.sdf
[1.455s] -- Up-to-date: /home/ayush/challenge_multi_drone/install/as2_gazebo_assets/share/as2_gazebo_assets/models/ground_plane/model.config
[1.455s] -- Up-to-date: /home/ayush/challenge_multi_drone/install/as2_gazebo_assets/share/as2_gazebo_assets/models/grass_patch
[1.455s] -- Up-to-date: /home/ayush/challenge_multi_drone/install/as2_gazebo_assets/share/as2_gazebo_assets/models/grass_patch/materials
[1.455s] -- Up-to-date: /home/ayush/challenge_multi_drone/install/as2_gazebo_assets/share/as2_gazebo_assets/models/grass_patch/materials/textures
[1.456s] -- Up-to-date: /home/ayush/challenge_multi_drone/install/as2_gazebo_assets/share/as2_gazebo_assets/models/grass_patch/materials/textures/grass_dry.png
[1.458s] -- Up-to-date: /home/ayush/challenge_multi_drone/install/as2_gazebo_assets/share/as2_gazebo_assets/models/grass_patch/thumbnails
[1.458s] -- Up-to-date: /home/ayush/challenge_multi_drone/install/as2_gazebo_assets/share/as2_gazebo_assets/models/grass_patch/thumbnails/grasspatch.jpg
[1.458s] -- Up-to-date: /home/ayush/challenge_multi_drone/install/as2_gazebo_assets/share/as2_gazebo_assets/models/grass_patch/model.sdf
[1.458s] -- Up-to-date: /home/ayush/challenge_multi_drone/install/as2_gazebo_assets/share/as2_gazebo_assets/models/grass_patch/model.config
[1.458s] -- Up-to-date: /home/ayush/challenge_multi_drone/install/as2_gazebo_assets/share/as2_gazebo_assets/models/magnetometer
[1.458s] -- Up-to-date: /home/ayush/challenge_multi_drone/install/as2_gazebo_assets/share/as2_gazebo_assets/models/magnetometer/magnetometer.sdf
[1.459s] -- Up-to-date: /home/ayush/challenge_multi_drone/install/as2_gazebo_assets/share/as2_gazebo_assets/models/magnetometer/model.config
[1.459s] -- Up-to-date: /home/ayush/challenge_multi_drone/install/as2_gazebo_assets/share/as2_gazebo_assets/models/suction_gripper
[1.459s] -- Up-to-date: /home/ayush/challenge_multi_drone/install/as2_gazebo_assets/share/as2_gazebo_assets/models/suction_gripper/suction_gripper.sdf
[1.459s] -- Up-to-date: /home/ayush/challenge_multi_drone/install/as2_gazebo_assets/share/as2_gazebo_assets/models/suction_gripper/model.config
[1.459s] -- Up-to-date: /home/ayush/challenge_multi_drone/install/as2_gazebo_assets/share/as2_gazebo_assets/models/aruco_gate_1
[1.459s] -- Up-to-date: /home/ayush/challenge_multi_drone/install/as2_gazebo_assets/share/as2_gazebo_assets/models/aruco_gate_1/aruco_gate_1.sdf
[1.459s] -- Up-to-date: /home/ayush/challenge_multi_drone/install/as2_gazebo_assets/share/as2_gazebo_assets/models/aruco_gate_1/model.config
[1.459s] -- Up-to-date: /home/ayush/challenge_multi_drone/install/as2_gazebo_assets/share/as2_gazebo_assets/models/aruco_gate_1/meshes
[1.460s] -- Up-to-date: /home/ayush/challenge_multi_drone/install/as2_gazebo_assets/share/as2_gazebo_assets/models/aruco_gate_1/meshes/base_2.stl
[1.460s] -- Up-to-date: /home/ayush/challenge_multi_drone/install/as2_gazebo_assets/share/as2_gazebo_assets/models/aruco_gate_1/meshes/background.stl
[1.460s] -- Up-to-date: /home/ayush/challenge_multi_drone/install/as2_gazebo_assets/share/as2_gazebo_assets/models/aruco_gate_1/meshes/hoop.stl
[1.460s] -- Up-to-date: /home/ayush/challenge_multi_drone/install/as2_gazebo_assets/share/as2_gazebo_assets/models/aruco_gate_1/meshes/base.stl
[1.460s] -- Up-to-date: /home/ayush/challenge_multi_drone/install/as2_gazebo_assets/share/as2_gazebo_assets/models/aruco_gate_1/meshes/hoop_2.stl
[1.460s] -- Up-to-date: /home/ayush/challenge_multi_drone/install/as2_gazebo_assets/share/as2_gazebo_assets/models/point_lidar
[1.460s] -- Up-to-date: /home/ayush/challenge_multi_drone/install/as2_gazebo_assets/share/as2_gazebo_assets/models/point_lidar/point_lidar.sdf
[1.461s] -- Up-to-date: /home/ayush/challenge_multi_drone/install/as2_gazebo_assets/share/as2_gazebo_assets/models/point_lidar/model.config
[1.461s] -- Up-to-date: /home/ayush/challenge_multi_drone/install/as2_gazebo_assets/share/as2_gazebo_assets/models/aruco_gate_2
[1.461s] -- Up-to-date: /home/ayush/challenge_multi_drone/install/as2_gazebo_assets/share/as2_gazebo_assets/models/aruco_gate_2/aruco_gate_2.sdf
[1.461s] -- Up-to-date: /home/ayush/challenge_multi_drone/install/as2_gazebo_assets/share/as2_gazebo_assets/models/aruco_gate_2/model.config
[1.461s] -- Up-to-date: /home/ayush/challenge_multi_drone/install/as2_gazebo_assets/share/as2_gazebo_assets/models/quadrotor_base
[1.461s] -- Up-to-date: /home/ayush/challenge_multi_drone/install/as2_gazebo_assets/share/as2_gazebo_assets/models/quadrotor_base/materials
[1.462s] -- Up-to-date: /home/ayush/challenge_multi_drone/install/as2_gazebo_assets/share/as2_gazebo_assets/models/quadrotor_base/materials/textures
[1.462s] -- Up-to-date: /home/ayush/challenge_multi_drone/install/as2_gazebo_assets/share/as2_gazebo_assets/models/quadrotor_base/materials/textures/led.jpg
[1.462s] -- Up-to-date: /home/ayush/challenge_multi_drone/install/as2_gazebo_assets/share/as2_gazebo_assets/models/quadrotor_base/quadrotor_base.sdf
[1.462s] -- Up-to-date: /home/ayush/challenge_multi_drone/install/as2_gazebo_assets/share/as2_gazebo_assets/models/quadrotor_base/quadrotor_base.sdf.jinja
[1.462s] -- Up-to-date: /home/ayush/challenge_multi_drone/install/as2_gazebo_assets/share/as2_gazebo_assets/models/quadrotor_base/model.config
[1.462s] -- Up-to-date: /home/ayush/challenge_multi_drone/install/as2_gazebo_assets/share/as2_gazebo_assets/models/quadrotor_base/meshes
[1.463s] -- Up-to-date: /home/ayush/challenge_multi_drone/install/as2_gazebo_assets/share/as2_gazebo_assets/models/quadrotor_base/meshes/quadrotor.dae
[1.463s] -- Up-to-date: /home/ayush/challenge_multi_drone/install/as2_gazebo_assets/share/as2_gazebo_assets/models/quadrotor_base/meshes/led.dae
[1.463s] -- Up-to-date: /home/ayush/challenge_multi_drone/install/as2_gazebo_assets/share/as2_gazebo_assets/models/quadrotor_base/meshes/quadrotor.jpg
[1.463s] -- Up-to-date: /home/ayush/challenge_multi_drone/install/as2_gazebo_assets/share/as2_gazebo_assets/models/quadrotor_base/meshes/propeller_ccw.dae
[1.463s] -- Up-to-date: /home/ayush/challenge_multi_drone/install/as2_gazebo_assets/share/as2_gazebo_assets/models/quadrotor_base/meshes/led_lamp.dae
[1.463s] -- Up-to-date: /home/ayush/challenge_multi_drone/install/as2_gazebo_assets/share/as2_gazebo_assets/models/quadrotor_base/meshes/propeller_cw.dae
[1.463s] -- Up-to-date: /home/ayush/challenge_multi_drone/install/as2_gazebo_assets/share/as2_gazebo_assets/models/vga_camera
[1.464s] -- Up-to-date: /home/ayush/challenge_multi_drone/install/as2_gazebo_assets/share/as2_gazebo_assets/models/vga_camera/vga_camera.sdf
[1.464s] -- Up-to-date: /home/ayush/challenge_multi_drone/install/as2_gazebo_assets/share/as2_gazebo_assets/models/vga_camera/model.config
[1.464s] -- Up-to-date: /home/ayush/challenge_multi_drone/install/as2_gazebo_assets/share/as2_gazebo_assets/models/vga_camera/vga_camera.sdf.jinja
[1.464s] -- Up-to-date: /home/ayush/challenge_multi_drone/install/as2_gazebo_assets/share/as2_gazebo_assets/models/semantic_camera
[1.464s] -- Up-to-date: /home/ayush/challenge_multi_drone/install/as2_gazebo_assets/share/as2_gazebo_assets/models/semantic_camera/semantic_camera.sdf
[1.465s] -- Up-to-date: /home/ayush/challenge_multi_drone/install/as2_gazebo_assets/share/as2_gazebo_assets/models/semantic_camera/semantic_camera.sdf.jinja
[1.465s] -- Up-to-date: /home/ayush/challenge_multi_drone/install/as2_gazebo_assets/share/as2_gazebo_assets/models/semantic_camera/model.config
[1.465s] -- Up-to-date: /home/ayush/challenge_multi_drone/install/as2_gazebo_assets/share/as2_gazebo_assets/scripts
[1.465s] -- Up-to-date: /home/ayush/challenge_multi_drone/install/as2_gazebo_assets/share/as2_gazebo_assets/scripts/jinja_gen.py
[1.465s] -- Up-to-date: /home/ayush/challenge_multi_drone/install/as2_gazebo_assets/share/ament_index/resource_index/package_run_dependencies/as2_gazebo_assets
[1.465s] -- Up-to-date: /home/ayush/challenge_multi_drone/install/as2_gazebo_assets/share/ament_index/resource_index/parent_prefix_path/as2_gazebo_assets
[1.465s] -- Up-to-date: /home/ayush/challenge_multi_drone/install/as2_gazebo_assets/share/as2_gazebo_assets/environment/ament_prefix_path.sh
[1.465s] -- Up-to-date: /home/ayush/challenge_multi_drone/install/as2_gazebo_assets/share/as2_gazebo_assets/environment/ament_prefix_path.dsv
[1.465s] -- Up-to-date: /home/ayush/challenge_multi_drone/install/as2_gazebo_assets/share/as2_gazebo_assets/environment/path.sh
[1.466s] -- Up-to-date: /home/ayush/challenge_multi_drone/install/as2_gazebo_assets/share/as2_gazebo_assets/environment/path.dsv
[1.466s] -- Up-to-date: /home/ayush/challenge_multi_drone/install/as2_gazebo_assets/share/as2_gazebo_assets/local_setup.bash
[1.466s] -- Up-to-date: /home/ayush/challenge_multi_drone/install/as2_gazebo_assets/share/as2_gazebo_assets/local_setup.sh
[1.466s] -- Up-to-date: /home/ayush/challenge_multi_drone/install/as2_gazebo_assets/share/as2_gazebo_assets/local_setup.zsh
[1.466s] -- Up-to-date: /home/ayush/challenge_multi_drone/install/as2_gazebo_assets/share/as2_gazebo_assets/local_setup.dsv
[1.466s] -- Installing: /home/ayush/challenge_multi_drone/install/as2_gazebo_assets/share/as2_gazebo_assets/package.dsv
[1.466s] -- Up-to-date: /home/ayush/challenge_multi_drone/install/as2_gazebo_assets/share/ament_index/resource_index/packages/as2_gazebo_assets
[1.466s] -- Up-to-date: /home/ayush/challenge_multi_drone/install/as2_gazebo_assets/share/as2_gazebo_assets/cmake/as2_gazebo_assetsConfig.cmake
[1.467s] -- Up-to-date: /home/ayush/challenge_multi_drone/install/as2_gazebo_assets/share/as2_gazebo_assets/cmake/as2_gazebo_assetsConfig-version.cmake
[1.467s] -- Up-to-date: /home/ayush/challenge_multi_drone/install/as2_gazebo_assets/share/as2_gazebo_assets/package.xml
[1.467s] Invoked command in '/home/ayush/challenge_multi_drone/build/as2_gazebo_assets' returned '0': AMENT_PREFIX_PATH=/home/ayush/challenge_multi_drone/install/as2_core:/home/ayush/challenge_multi_drone/install/as2_msgs:${AMENT_PREFIX_PATH} CMAKE_PREFIX_PATH=/home/ayush/challenge_multi_drone/install/as2_core:/home/ayush/challenge_multi_drone/install/as2_msgs:/home/ayush/project_gazebo_ws/install/aerostack2:/home/ayush/project_gazebo_ws/install/as2_usb_camera_interface:/home/ayush/project_gazebo_ws/install/as2_state_estimator:/home/ayush/project_gazebo_ws/install/as2_rviz_plugins:/home/ayush/project_gazebo_ws/install/as2_realsense_interface:/home/ayush/project_gazebo_ws/install/as2_platform_multirotor_simulator:/home/ayush/project_gazebo_ws/install/as2_platform_gazebo:/home/ayush/project_gazebo_ws/install/as2_motion_controller:/home/ayush/project_gazebo_ws/install/as2_behaviors_trajectory_generation:/home/ayush/project_gazebo_ws/install/as2_behaviors_motion:/home/ayush/project_gazebo_ws/install/as2_motion_reference_handlers:/home/ayush/project_gazebo_ws/install/as2_map_server:/home/ayush/project_gazebo_ws/install/as2_geozones:/home/ayush/project_gazebo_ws/install/as2_gazebo_assets:/home/ayush/project_gazebo_ws/install/as2_external_object_to_tf:/home/ayush/project_gazebo_ws/install/as2_behaviors_platform:/home/ayush/project_gazebo_ws/install/as2_behaviors_perception:/home/ayush/project_gazebo_ws/install/as2_behaviors_path_planning:/home/ayush/project_gazebo_ws/install/as2_behavior_tree:/home/ayush/project_gazebo_ws/install/as2_behavior:/home/ayush/project_gazebo_ws/install/as2_alphanumeric_viewer:/home/ayush/project_gazebo_ws/install/as2_core:/home/ayush/project_gazebo_ws/install/as2_msgs:/home/ayush/project_gazebo_ws/install/as2_cli:/home/ayush/project_gazebo_ws/install/as2_visualization:/home/ayush/project_gazebo_ws/install/as2_keyboard_teleoperation:/home/ayush/project_gazebo_ws/install/as2_python_api:/opt/ros/humble LD_LIBRARY_PATH=/home/ayush/challenge_multi_drone/install/as2_core/lib:/home/ayush/challenge_multi_drone/install/as2_msgs/lib:${LD_LIBRARY_PATH} PYTHONPATH=/home/ayush/challenge_multi_drone/install/as2_core/local/lib/python3.10/dist-packages:/home/ayush/challenge_multi_drone/install/as2_msgs/local/lib/python3.10/dist-packages:${PYTHONPATH} /usr/bin/cmake --install /home/ayush/challenge_multi_drone/build/as2_gazebo_assets
