[0.027s] Invoking command in '/home/ayush/challenge_multi_drone/build/as2_rviz_plugins': AMENT_PREFIX_PATH=/home/ayush/challenge_multi_drone/install/as2_motion_reference_handlers:/home/ayush/challenge_multi_drone/install/as2_core:/home/ayush/challenge_multi_drone/install/as2_msgs:${AMENT_PREFIX_PATH} CMAKE_PREFIX_PATH=/home/ayush/challenge_multi_drone/install/as2_motion_reference_handlers:/home/ayush/challenge_multi_drone/install/as2_core:/home/ayush/challenge_multi_drone/install/as2_msgs:/home/ayush/project_gazebo_ws/install/aerostack2:/home/ayush/project_gazebo_ws/install/as2_usb_camera_interface:/home/ayush/project_gazebo_ws/install/as2_state_estimator:/home/ayush/project_gazebo_ws/install/as2_rviz_plugins:/home/ayush/project_gazebo_ws/install/as2_realsense_interface:/home/ayush/project_gazebo_ws/install/as2_platform_multirotor_simulator:/home/ayush/project_gazebo_ws/install/as2_platform_gazebo:/home/ayush/project_gazebo_ws/install/as2_motion_controller:/home/ayush/project_gazebo_ws/install/as2_behaviors_trajectory_generation:/home/ayush/project_gazebo_ws/install/as2_behaviors_motion:/home/ayush/project_gazebo_ws/install/as2_motion_reference_handlers:/home/ayush/project_gazebo_ws/install/as2_map_server:/home/ayush/project_gazebo_ws/install/as2_geozones:/home/ayush/project_gazebo_ws/install/as2_gazebo_assets:/home/ayush/project_gazebo_ws/install/as2_external_object_to_tf:/home/ayush/project_gazebo_ws/install/as2_behaviors_platform:/home/ayush/project_gazebo_ws/install/as2_behaviors_perception:/home/ayush/project_gazebo_ws/install/as2_behaviors_path_planning:/home/ayush/project_gazebo_ws/install/as2_behavior_tree:/home/ayush/project_gazebo_ws/install/as2_behavior:/home/ayush/project_gazebo_ws/install/as2_alphanumeric_viewer:/home/ayush/project_gazebo_ws/install/as2_core:/home/ayush/project_gazebo_ws/install/as2_msgs:/home/ayush/project_gazebo_ws/install/as2_cli:/home/ayush/project_gazebo_ws/install/as2_visualization:/home/ayush/project_gazebo_ws/install/as2_keyboard_teleoperation:/home/ayush/project_gazebo_ws/install/as2_python_api:/opt/ros/humble LD_LIBRARY_PATH=/home/ayush/challenge_multi_drone/install/as2_motion_reference_handlers/lib:/home/ayush/challenge_multi_drone/install/as2_core/lib:/home/ayush/challenge_multi_drone/install/as2_msgs/lib:${LD_LIBRARY_PATH} PYTHONPATH=/home/ayush/challenge_multi_drone/install/as2_motion_reference_handlers/local/lib/python3.10/dist-packages:/home/ayush/challenge_multi_drone/install/as2_core/local/lib/python3.10/dist-packages:/home/ayush/challenge_multi_drone/install/as2_msgs/local/lib/python3.10/dist-packages:${PYTHONPATH} /usr/bin/cmake /home/ayush/challenge_multi_drone/src/aerostack2/as2_user_interfaces/as2_visualization/as2_rviz_plugins -DCMAKE_INSTALL_PREFIX=/home/ayush/challenge_multi_drone/install/as2_rviz_plugins
[0.107s] -- The C compiler identification is GNU 11.4.0
[0.183s] -- The CXX compiler identification is GNU 11.4.0
[0.195s] -- Detecting C compiler ABI info
[0.298s] -- Detecting C compiler ABI info - done
[0.306s] -- Check for working C compiler: /usr/bin/cc - skipped
[0.306s] -- Detecting C compile features
[0.307s] -- Detecting C compile features - done
[0.311s] -- Detecting CXX compiler ABI info
[0.425s] -- Detecting CXX compiler ABI info - done
[0.433s] -- Check for working CXX compiler: /usr/bin/c++ - skipped
[0.434s] -- Detecting CXX compile features
[0.434s] -- Detecting CXX compile features - done
[0.482s] -- Found ament_cmake: 1.3.11 (/opt/ros/humble/share/ament_cmake/cmake)
[0.796s] -- Found Python3: /usr/bin/python3 (found version "3.10.12") found components: Interpreter 
[0.996s] -- Found ament_cmake_ros: 0.10.0 (/opt/ros/humble/share/ament_cmake_ros/cmake)
[1.020s] -- Found geometry_msgs: 4.2.4 (/opt/ros/humble/share/geometry_msgs/cmake)
[1.099s] -- Found rosidl_generator_c: 3.1.6 (/opt/ros/humble/share/rosidl_generator_c/cmake)
[1.113s] -- Found rosidl_adapter: 3.1.6 (/opt/ros/humble/share/rosidl_adapter/cmake)
[1.132s] -- Found rosidl_generator_cpp: 3.1.6 (/opt/ros/humble/share/rosidl_generator_cpp/cmake)
[1.159s] -- Using all available rosidl_typesupport_c: rosidl_typesupport_fastrtps_c;rosidl_typesupport_introspection_c
[1.196s] -- Using all available rosidl_typesupport_cpp: rosidl_typesupport_fastrtps_cpp;rosidl_typesupport_introspection_cpp
[1.268s] -- Found pluginlib: 5.1.0 (/opt/ros/humble/share/pluginlib/cmake)
[1.328s] -- Found rclcpp: 16.0.11 (/opt/ros/humble/share/rclcpp/cmake)
[1.413s] -- Found rmw_implementation_cmake: 6.1.2 (/opt/ros/humble/share/rmw_implementation_cmake/cmake)
[1.420s] -- Found rmw_fastrtps_cpp: 6.2.7 (/opt/ros/humble/share/rmw_fastrtps_cpp/cmake)
[1.478s] -- Found TinyXML2 via Config file: TinyXML2_DIR-NOTFOUND
[1.568s] -- Found OpenSSL: /usr/lib/x86_64-linux-gnu/libcrypto.so (found version "3.0.2")  
[1.573s] -- Found TinyXML2 via Config file: TinyXML2_DIR-NOTFOUND
[1.597s] -- Found FastRTPS: /opt/ros/humble/include  
[1.601s] -- Found TinyXML2 via Config file: TinyXML2_DIR-NOTFOUND
[1.613s] -- Found TinyXML2 via Config file: TinyXML2_DIR-NOTFOUND
[1.630s] -- Using RMW implementation 'rmw_fastrtps_cpp' as default
[1.654s] -- Looking for pthread.h
[1.756s] -- Looking for pthread.h - found
[1.756s] -- Performing Test CMAKE_HAVE_LIBC_PTHREAD
[1.867s] -- Performing Test CMAKE_HAVE_LIBC_PTHREAD - Success
[1.869s] -- Found Threads: TRUE  
[1.942s] -- Found rclcpp_action: 16.0.11 (/opt/ros/humble/share/rclcpp_action/cmake)
[2.002s] -- Found rviz_common: 11.2.16 (/opt/ros/humble/share/rviz_common/cmake)
[2.013s] -- Setting assimp_DIR to: '/opt/ros/humble/share/rviz_assimp_vendor/cmake/../../../opt/rviz_assimp_vendor/lib/cmake/assimp-4.1'
[2.029s] -- Setting OGRE_DIR to: '/opt/ros/humble/share/rviz_ogre_vendor/cmake/../../../opt/rviz_ogre_vendor/lib/OGRE/cmake'
[2.031s] -- Found OGRE
[2.031s] --   static     : OFF
[2.031s] --   components : HLMS;MeshLodGenerator;Overlay;Paging;Property;RTShaderSystem;Terrain;Volume
[2.031s] --   plugins    : Plugin_BSPSceneManager;Plugin_OctreeSceneManager;Plugin_PCZSceneManager;Plugin_ParticleFX;RenderSystem_GL;RenderSystem_GL3Plus;Codec_STBI
[2.031s] --   media      : /opt/ros/humble/opt/rviz_ogre_vendor/share/OGRE/Media
[2.031s] -- OGRE_LIBRARIES: OgreHLMS;OgreMeshLodGenerator;OgreOverlay;OgrePaging;OgreProperty;OgreRTShaderSystem;OgreTerrain;OgreVolume;OgreMain
[2.032s] -- OGRE_LIBRARY_DIRS: /opt/ros/humble/opt/rviz_ogre_vendor/lib
[2.032s] -- OGRE_PLUGINS: Plugin_BSPSceneManager;Plugin_OctreeSceneManager;Plugin_PCZSceneManager;Plugin_ParticleFX;RenderSystem_GL;RenderSystem_GL3Plus;Codec_STBI
[2.032s] -- OGRE_PLUGIN_DIR: /opt/ros/humble/opt/rviz_ogre_vendor/lib/OGRE
[2.032s] -- rviz_ogre_vendor::OgreOverlay for IMPORTED_LOCATION_RELEASE: /opt/ros/humble/opt/rviz_ogre_vendor/lib/libOgreOverlay.so
[2.032s] -- rviz_ogre_vendor::OgreOverlay for IMPORTED_LOCATION_DEBUG: /opt/ros/humble/opt/rviz_ogre_vendor/lib/libOgreOverlay.so
[2.032s] -- rviz_ogre_vendor::OgreMain for IMPORTED_LOCATION_RELEASE: /opt/ros/humble/opt/rviz_ogre_vendor/lib/libOgreMain.so
[2.032s] -- rviz_ogre_vendor::OgreMain for IMPORTED_LOCATION_DEBUG: /opt/ros/humble/opt/rviz_ogre_vendor/lib/libOgreMain.so
[2.034s] -- Could not find freeimage library
[2.074s] -- Found ZLIB: /usr/lib/x86_64-linux-gnu/libz.so (found version "1.2.11") 
[2.087s] -- Found OpenGL: /usr/lib/x86_64-linux-gnu/libOpenGL.so   
[2.255s] -- Found X11: /usr/include   
[2.255s] -- Looking for XOpenDisplay in /usr/lib/x86_64-linux-gnu/libX11.so;/usr/lib/x86_64-linux-gnu/libXext.so
[2.358s] -- Looking for XOpenDisplay in /usr/lib/x86_64-linux-gnu/libX11.so;/usr/lib/x86_64-linux-gnu/libXext.so - found
[2.358s] -- Looking for gethostbyname
[2.464s] -- Looking for gethostbyname - found
[2.464s] -- Looking for connect
[2.570s] -- Looking for connect - found
[2.570s] -- Looking for remove
[2.668s] -- Looking for remove - found
[2.668s] -- Looking for shmat
[2.762s] -- Looking for shmat - found
[2.762s] -- Looking for IceConnectionNumber in ICE
[2.865s] -- Looking for IceConnectionNumber in ICE - found
[3.037s] -- library: /usr/lib/x86_64-linux-gnu/libcurl.so
[3.092s] -- Found Eigen3: TRUE (found version "3.4.0") 
[3.092s] -- Ensuring Eigen3 include directory is part of orocos-kdl CMake target
[3.203s] -- Found as2_core: 1.1.2 (/home/ayush/challenge_multi_drone/install/as2_core/share/as2_core/cmake)
[3.432s] -- Found as2_motion_reference_handlers: 1.1.2 (/home/ayush/challenge_multi_drone/install/as2_motion_reference_handlers/share/as2_motion_reference_handlers/cmake)
[3.503s] -- Found ament_lint_auto: 0.12.11 (/opt/ros/humble/share/ament_lint_auto/cmake)
[3.682s] -- Added test 'copyright' to check source files copyright and LICENSE
[3.685s] -- Added test 'cppcheck' to perform static code analysis on C / C++ code
[3.685s] -- Configured cppcheck include dirs: 
[3.685s] -- Configured cppcheck exclude dirs and/or files: 
[3.687s] -- Added test 'cpplint' to check C / C++ code against the Google style
[3.687s] -- Configured cpplint exclude dirs and/or files: 
[3.689s] -- Added test 'lint_cmake' to check CMake code style
[3.691s] -- Added test 'uncrustify' to check C / C++ code style
[3.691s] -- Configured uncrustify additional arguments: 
[3.692s] -- Added test 'xmllint' to check XML markup files
[3.695s] -- Configuring done
[3.749s] -- Generating done
[3.759s] -- Build files have been written to: /home/ayush/challenge_multi_drone/build/as2_rviz_plugins
[3.780s] Invoked command in '/home/ayush/challenge_multi_drone/build/as2_rviz_plugins' returned '0': AMENT_PREFIX_PATH=/home/ayush/challenge_multi_drone/install/as2_motion_reference_handlers:/home/ayush/challenge_multi_drone/install/as2_core:/home/ayush/challenge_multi_drone/install/as2_msgs:${AMENT_PREFIX_PATH} CMAKE_PREFIX_PATH=/home/ayush/challenge_multi_drone/install/as2_motion_reference_handlers:/home/ayush/challenge_multi_drone/install/as2_core:/home/ayush/challenge_multi_drone/install/as2_msgs:/home/ayush/project_gazebo_ws/install/aerostack2:/home/ayush/project_gazebo_ws/install/as2_usb_camera_interface:/home/ayush/project_gazebo_ws/install/as2_state_estimator:/home/ayush/project_gazebo_ws/install/as2_rviz_plugins:/home/ayush/project_gazebo_ws/install/as2_realsense_interface:/home/ayush/project_gazebo_ws/install/as2_platform_multirotor_simulator:/home/ayush/project_gazebo_ws/install/as2_platform_gazebo:/home/ayush/project_gazebo_ws/install/as2_motion_controller:/home/ayush/project_gazebo_ws/install/as2_behaviors_trajectory_generation:/home/ayush/project_gazebo_ws/install/as2_behaviors_motion:/home/ayush/project_gazebo_ws/install/as2_motion_reference_handlers:/home/ayush/project_gazebo_ws/install/as2_map_server:/home/ayush/project_gazebo_ws/install/as2_geozones:/home/ayush/project_gazebo_ws/install/as2_gazebo_assets:/home/ayush/project_gazebo_ws/install/as2_external_object_to_tf:/home/ayush/project_gazebo_ws/install/as2_behaviors_platform:/home/ayush/project_gazebo_ws/install/as2_behaviors_perception:/home/ayush/project_gazebo_ws/install/as2_behaviors_path_planning:/home/ayush/project_gazebo_ws/install/as2_behavior_tree:/home/ayush/project_gazebo_ws/install/as2_behavior:/home/ayush/project_gazebo_ws/install/as2_alphanumeric_viewer:/home/ayush/project_gazebo_ws/install/as2_core:/home/ayush/project_gazebo_ws/install/as2_msgs:/home/ayush/project_gazebo_ws/install/as2_cli:/home/ayush/project_gazebo_ws/install/as2_visualization:/home/ayush/project_gazebo_ws/install/as2_keyboard_teleoperation:/home/ayush/project_gazebo_ws/install/as2_python_api:/opt/ros/humble LD_LIBRARY_PATH=/home/ayush/challenge_multi_drone/install/as2_motion_reference_handlers/lib:/home/ayush/challenge_multi_drone/install/as2_core/lib:/home/ayush/challenge_multi_drone/install/as2_msgs/lib:${LD_LIBRARY_PATH} PYTHONPATH=/home/ayush/challenge_multi_drone/install/as2_motion_reference_handlers/local/lib/python3.10/dist-packages:/home/ayush/challenge_multi_drone/install/as2_core/local/lib/python3.10/dist-packages:/home/ayush/challenge_multi_drone/install/as2_msgs/local/lib/python3.10/dist-packages:${PYTHONPATH} /usr/bin/cmake /home/ayush/challenge_multi_drone/src/aerostack2/as2_user_interfaces/as2_visualization/as2_rviz_plugins -DCMAKE_INSTALL_PREFIX=/home/ayush/challenge_multi_drone/install/as2_rviz_plugins
[3.784s] Invoking command in '/home/ayush/challenge_multi_drone/build/as2_rviz_plugins': AMENT_PREFIX_PATH=/home/ayush/challenge_multi_drone/install/as2_motion_reference_handlers:/home/ayush/challenge_multi_drone/install/as2_core:/home/ayush/challenge_multi_drone/install/as2_msgs:${AMENT_PREFIX_PATH} CMAKE_PREFIX_PATH=/home/ayush/challenge_multi_drone/install/as2_motion_reference_handlers:/home/ayush/challenge_multi_drone/install/as2_core:/home/ayush/challenge_multi_drone/install/as2_msgs:/home/ayush/project_gazebo_ws/install/aerostack2:/home/ayush/project_gazebo_ws/install/as2_usb_camera_interface:/home/ayush/project_gazebo_ws/install/as2_state_estimator:/home/ayush/project_gazebo_ws/install/as2_rviz_plugins:/home/ayush/project_gazebo_ws/install/as2_realsense_interface:/home/ayush/project_gazebo_ws/install/as2_platform_multirotor_simulator:/home/ayush/project_gazebo_ws/install/as2_platform_gazebo:/home/ayush/project_gazebo_ws/install/as2_motion_controller:/home/ayush/project_gazebo_ws/install/as2_behaviors_trajectory_generation:/home/ayush/project_gazebo_ws/install/as2_behaviors_motion:/home/ayush/project_gazebo_ws/install/as2_motion_reference_handlers:/home/ayush/project_gazebo_ws/install/as2_map_server:/home/ayush/project_gazebo_ws/install/as2_geozones:/home/ayush/project_gazebo_ws/install/as2_gazebo_assets:/home/ayush/project_gazebo_ws/install/as2_external_object_to_tf:/home/ayush/project_gazebo_ws/install/as2_behaviors_platform:/home/ayush/project_gazebo_ws/install/as2_behaviors_perception:/home/ayush/project_gazebo_ws/install/as2_behaviors_path_planning:/home/ayush/project_gazebo_ws/install/as2_behavior_tree:/home/ayush/project_gazebo_ws/install/as2_behavior:/home/ayush/project_gazebo_ws/install/as2_alphanumeric_viewer:/home/ayush/project_gazebo_ws/install/as2_core:/home/ayush/project_gazebo_ws/install/as2_msgs:/home/ayush/project_gazebo_ws/install/as2_cli:/home/ayush/project_gazebo_ws/install/as2_visualization:/home/ayush/project_gazebo_ws/install/as2_keyboard_teleoperation:/home/ayush/project_gazebo_ws/install/as2_python_api:/opt/ros/humble LD_LIBRARY_PATH=/home/ayush/challenge_multi_drone/install/as2_motion_reference_handlers/lib:/home/ayush/challenge_multi_drone/install/as2_core/lib:/home/ayush/challenge_multi_drone/install/as2_msgs/lib:${LD_LIBRARY_PATH} PYTHONPATH=/home/ayush/challenge_multi_drone/install/as2_motion_reference_handlers/local/lib/python3.10/dist-packages:/home/ayush/challenge_multi_drone/install/as2_core/local/lib/python3.10/dist-packages:/home/ayush/challenge_multi_drone/install/as2_msgs/local/lib/python3.10/dist-packages:${PYTHONPATH} /usr/bin/cmake --build /home/ayush/challenge_multi_drone/build/as2_rviz_plugins -- -j12 -l12
[3.863s] [ 25%] [34m[1mAutomatic MOC for target as2_rviz_plugins[0m
[3.918s] [ 25%] Built target as2_rviz_plugins_autogen
[3.950s] [ 50%] [32mBuilding CXX object CMakeFiles/as2_rviz_plugins.dir/src/teleop_panel.cpp.o[0m
[3.950s] [ 75%] [32mBuilding CXX object CMakeFiles/as2_rviz_plugins.dir/as2_rviz_plugins_autogen/mocs_compilation.cpp.o[0m
[15.007s] [100%] [32m[1mLinking CXX shared library libas2_rviz_plugins.so[0m
[17.127s] [100%] Built target as2_rviz_plugins
[17.143s] Invoked command in '/home/ayush/challenge_multi_drone/build/as2_rviz_plugins' returned '0': AMENT_PREFIX_PATH=/home/ayush/challenge_multi_drone/install/as2_motion_reference_handlers:/home/ayush/challenge_multi_drone/install/as2_core:/home/ayush/challenge_multi_drone/install/as2_msgs:${AMENT_PREFIX_PATH} CMAKE_PREFIX_PATH=/home/ayush/challenge_multi_drone/install/as2_motion_reference_handlers:/home/ayush/challenge_multi_drone/install/as2_core:/home/ayush/challenge_multi_drone/install/as2_msgs:/home/ayush/project_gazebo_ws/install/aerostack2:/home/ayush/project_gazebo_ws/install/as2_usb_camera_interface:/home/ayush/project_gazebo_ws/install/as2_state_estimator:/home/ayush/project_gazebo_ws/install/as2_rviz_plugins:/home/ayush/project_gazebo_ws/install/as2_realsense_interface:/home/ayush/project_gazebo_ws/install/as2_platform_multirotor_simulator:/home/ayush/project_gazebo_ws/install/as2_platform_gazebo:/home/ayush/project_gazebo_ws/install/as2_motion_controller:/home/ayush/project_gazebo_ws/install/as2_behaviors_trajectory_generation:/home/ayush/project_gazebo_ws/install/as2_behaviors_motion:/home/ayush/project_gazebo_ws/install/as2_motion_reference_handlers:/home/ayush/project_gazebo_ws/install/as2_map_server:/home/ayush/project_gazebo_ws/install/as2_geozones:/home/ayush/project_gazebo_ws/install/as2_gazebo_assets:/home/ayush/project_gazebo_ws/install/as2_external_object_to_tf:/home/ayush/project_gazebo_ws/install/as2_behaviors_platform:/home/ayush/project_gazebo_ws/install/as2_behaviors_perception:/home/ayush/project_gazebo_ws/install/as2_behaviors_path_planning:/home/ayush/project_gazebo_ws/install/as2_behavior_tree:/home/ayush/project_gazebo_ws/install/as2_behavior:/home/ayush/project_gazebo_ws/install/as2_alphanumeric_viewer:/home/ayush/project_gazebo_ws/install/as2_core:/home/ayush/project_gazebo_ws/install/as2_msgs:/home/ayush/project_gazebo_ws/install/as2_cli:/home/ayush/project_gazebo_ws/install/as2_visualization:/home/ayush/project_gazebo_ws/install/as2_keyboard_teleoperation:/home/ayush/project_gazebo_ws/install/as2_python_api:/opt/ros/humble LD_LIBRARY_PATH=/home/ayush/challenge_multi_drone/install/as2_motion_reference_handlers/lib:/home/ayush/challenge_multi_drone/install/as2_core/lib:/home/ayush/challenge_multi_drone/install/as2_msgs/lib:${LD_LIBRARY_PATH} PYTHONPATH=/home/ayush/challenge_multi_drone/install/as2_motion_reference_handlers/local/lib/python3.10/dist-packages:/home/ayush/challenge_multi_drone/install/as2_core/local/lib/python3.10/dist-packages:/home/ayush/challenge_multi_drone/install/as2_msgs/local/lib/python3.10/dist-packages:${PYTHONPATH} /usr/bin/cmake --build /home/ayush/challenge_multi_drone/build/as2_rviz_plugins -- -j12 -l12
[17.145s] Invoking command in '/home/ayush/challenge_multi_drone/build/as2_rviz_plugins': AMENT_PREFIX_PATH=/home/ayush/challenge_multi_drone/install/as2_motion_reference_handlers:/home/ayush/challenge_multi_drone/install/as2_core:/home/ayush/challenge_multi_drone/install/as2_msgs:${AMENT_PREFIX_PATH} CMAKE_PREFIX_PATH=/home/ayush/challenge_multi_drone/install/as2_motion_reference_handlers:/home/ayush/challenge_multi_drone/install/as2_core:/home/ayush/challenge_multi_drone/install/as2_msgs:/home/ayush/project_gazebo_ws/install/aerostack2:/home/ayush/project_gazebo_ws/install/as2_usb_camera_interface:/home/ayush/project_gazebo_ws/install/as2_state_estimator:/home/ayush/project_gazebo_ws/install/as2_rviz_plugins:/home/ayush/project_gazebo_ws/install/as2_realsense_interface:/home/ayush/project_gazebo_ws/install/as2_platform_multirotor_simulator:/home/ayush/project_gazebo_ws/install/as2_platform_gazebo:/home/ayush/project_gazebo_ws/install/as2_motion_controller:/home/ayush/project_gazebo_ws/install/as2_behaviors_trajectory_generation:/home/ayush/project_gazebo_ws/install/as2_behaviors_motion:/home/ayush/project_gazebo_ws/install/as2_motion_reference_handlers:/home/ayush/project_gazebo_ws/install/as2_map_server:/home/ayush/project_gazebo_ws/install/as2_geozones:/home/ayush/project_gazebo_ws/install/as2_gazebo_assets:/home/ayush/project_gazebo_ws/install/as2_external_object_to_tf:/home/ayush/project_gazebo_ws/install/as2_behaviors_platform:/home/ayush/project_gazebo_ws/install/as2_behaviors_perception:/home/ayush/project_gazebo_ws/install/as2_behaviors_path_planning:/home/ayush/project_gazebo_ws/install/as2_behavior_tree:/home/ayush/project_gazebo_ws/install/as2_behavior:/home/ayush/project_gazebo_ws/install/as2_alphanumeric_viewer:/home/ayush/project_gazebo_ws/install/as2_core:/home/ayush/project_gazebo_ws/install/as2_msgs:/home/ayush/project_gazebo_ws/install/as2_cli:/home/ayush/project_gazebo_ws/install/as2_visualization:/home/ayush/project_gazebo_ws/install/as2_keyboard_teleoperation:/home/ayush/project_gazebo_ws/install/as2_python_api:/opt/ros/humble LD_LIBRARY_PATH=/home/ayush/challenge_multi_drone/install/as2_motion_reference_handlers/lib:/home/ayush/challenge_multi_drone/install/as2_core/lib:/home/ayush/challenge_multi_drone/install/as2_msgs/lib:${LD_LIBRARY_PATH} PYTHONPATH=/home/ayush/challenge_multi_drone/install/as2_motion_reference_handlers/local/lib/python3.10/dist-packages:/home/ayush/challenge_multi_drone/install/as2_core/local/lib/python3.10/dist-packages:/home/ayush/challenge_multi_drone/install/as2_msgs/local/lib/python3.10/dist-packages:${PYTHONPATH} /usr/bin/cmake --install /home/ayush/challenge_multi_drone/build/as2_rviz_plugins
[17.154s] -- Install configuration: ""
[17.154s] -- Installing: /home/ayush/challenge_multi_drone/install/as2_rviz_plugins/share/as2_rviz_plugins/plugin_description.xml
[17.155s] -- Installing: /home/ayush/challenge_multi_drone/install/as2_rviz_plugins/lib/as2_rviz_plugins/libas2_rviz_plugins.so
[17.158s] -- Set runtime path of "/home/ayush/challenge_multi_drone/install/as2_rviz_plugins/lib/as2_rviz_plugins/libas2_rviz_plugins.so" to ""
[17.159s] -- Installing: /home/ayush/challenge_multi_drone/install/as2_rviz_plugins/share/as2_rviz_plugins/icons
[17.159s] -- Installing: /home/ayush/challenge_multi_drone/install/as2_rviz_plugins/share/as2_rviz_plugins/icons/classes
[17.159s] -- Installing: /home/ayush/challenge_multi_drone/install/as2_rviz_plugins/share/as2_rviz_plugins/icons/classes/Imu.png
[17.159s] -- Installing: /home/ayush/challenge_multi_drone/install/as2_rviz_plugins/share/as2_rviz_plugins/icons/classes/Teleop.png
[17.159s] -- Installing: /home/ayush/challenge_multi_drone/install/as2_rviz_plugins/share/as2_rviz_plugins/icons/classes/PlantFlag.png
[17.159s] -- Installing: /home/ayush/challenge_multi_drone/install/as2_rviz_plugins/share/ament_index/resource_index/package_run_dependencies/as2_rviz_plugins
[17.159s] -- Installing: /home/ayush/challenge_multi_drone/install/as2_rviz_plugins/share/ament_index/resource_index/parent_prefix_path/as2_rviz_plugins
[17.159s] -- Installing: /home/ayush/challenge_multi_drone/install/as2_rviz_plugins/share/as2_rviz_plugins/environment/ament_prefix_path.sh
[17.160s] -- Installing: /home/ayush/challenge_multi_drone/install/as2_rviz_plugins/share/as2_rviz_plugins/environment/ament_prefix_path.dsv
[17.160s] -- Installing: /home/ayush/challenge_multi_drone/install/as2_rviz_plugins/share/as2_rviz_plugins/environment/path.sh
[17.160s] -- Installing: /home/ayush/challenge_multi_drone/install/as2_rviz_plugins/share/as2_rviz_plugins/environment/path.dsv
[17.160s] -- Installing: /home/ayush/challenge_multi_drone/install/as2_rviz_plugins/share/as2_rviz_plugins/local_setup.bash
[17.160s] -- Installing: /home/ayush/challenge_multi_drone/install/as2_rviz_plugins/share/as2_rviz_plugins/local_setup.sh
[17.160s] -- Installing: /home/ayush/challenge_multi_drone/install/as2_rviz_plugins/share/as2_rviz_plugins/local_setup.zsh
[17.160s] -- Installing: /home/ayush/challenge_multi_drone/install/as2_rviz_plugins/share/as2_rviz_plugins/local_setup.dsv
[17.160s] -- Installing: /home/ayush/challenge_multi_drone/install/as2_rviz_plugins/share/as2_rviz_plugins/package.dsv
[17.160s] -- Installing: /home/ayush/challenge_multi_drone/install/as2_rviz_plugins/share/ament_index/resource_index/packages/as2_rviz_plugins
[17.160s] -- Installing: /home/ayush/challenge_multi_drone/install/as2_rviz_plugins/share/ament_index/resource_index/rviz_common__pluginlib__plugin/as2_rviz_plugins
[17.160s] -- Installing: /home/ayush/challenge_multi_drone/install/as2_rviz_plugins/share/as2_rviz_plugins/cmake/ament_cmake_export_dependencies-extras.cmake
[17.161s] -- Installing: /home/ayush/challenge_multi_drone/install/as2_rviz_plugins/share/as2_rviz_plugins/cmake/as2_rviz_pluginsConfig.cmake
[17.161s] -- Installing: /home/ayush/challenge_multi_drone/install/as2_rviz_plugins/share/as2_rviz_plugins/cmake/as2_rviz_pluginsConfig-version.cmake
[17.161s] -- Installing: /home/ayush/challenge_multi_drone/install/as2_rviz_plugins/share/as2_rviz_plugins/package.xml
[17.162s] Invoked command in '/home/ayush/challenge_multi_drone/build/as2_rviz_plugins' returned '0': AMENT_PREFIX_PATH=/home/ayush/challenge_multi_drone/install/as2_motion_reference_handlers:/home/ayush/challenge_multi_drone/install/as2_core:/home/ayush/challenge_multi_drone/install/as2_msgs:${AMENT_PREFIX_PATH} CMAKE_PREFIX_PATH=/home/ayush/challenge_multi_drone/install/as2_motion_reference_handlers:/home/ayush/challenge_multi_drone/install/as2_core:/home/ayush/challenge_multi_drone/install/as2_msgs:/home/ayush/project_gazebo_ws/install/aerostack2:/home/ayush/project_gazebo_ws/install/as2_usb_camera_interface:/home/ayush/project_gazebo_ws/install/as2_state_estimator:/home/ayush/project_gazebo_ws/install/as2_rviz_plugins:/home/ayush/project_gazebo_ws/install/as2_realsense_interface:/home/ayush/project_gazebo_ws/install/as2_platform_multirotor_simulator:/home/ayush/project_gazebo_ws/install/as2_platform_gazebo:/home/ayush/project_gazebo_ws/install/as2_motion_controller:/home/ayush/project_gazebo_ws/install/as2_behaviors_trajectory_generation:/home/ayush/project_gazebo_ws/install/as2_behaviors_motion:/home/ayush/project_gazebo_ws/install/as2_motion_reference_handlers:/home/ayush/project_gazebo_ws/install/as2_map_server:/home/ayush/project_gazebo_ws/install/as2_geozones:/home/ayush/project_gazebo_ws/install/as2_gazebo_assets:/home/ayush/project_gazebo_ws/install/as2_external_object_to_tf:/home/ayush/project_gazebo_ws/install/as2_behaviors_platform:/home/ayush/project_gazebo_ws/install/as2_behaviors_perception:/home/ayush/project_gazebo_ws/install/as2_behaviors_path_planning:/home/ayush/project_gazebo_ws/install/as2_behavior_tree:/home/ayush/project_gazebo_ws/install/as2_behavior:/home/ayush/project_gazebo_ws/install/as2_alphanumeric_viewer:/home/ayush/project_gazebo_ws/install/as2_core:/home/ayush/project_gazebo_ws/install/as2_msgs:/home/ayush/project_gazebo_ws/install/as2_cli:/home/ayush/project_gazebo_ws/install/as2_visualization:/home/ayush/project_gazebo_ws/install/as2_keyboard_teleoperation:/home/ayush/project_gazebo_ws/install/as2_python_api:/opt/ros/humble LD_LIBRARY_PATH=/home/ayush/challenge_multi_drone/install/as2_motion_reference_handlers/lib:/home/ayush/challenge_multi_drone/install/as2_core/lib:/home/ayush/challenge_multi_drone/install/as2_msgs/lib:${LD_LIBRARY_PATH} PYTHONPATH=/home/ayush/challenge_multi_drone/install/as2_motion_reference_handlers/local/lib/python3.10/dist-packages:/home/ayush/challenge_multi_drone/install/as2_core/local/lib/python3.10/dist-packages:/home/ayush/challenge_multi_drone/install/as2_msgs/local/lib/python3.10/dist-packages:${PYTHONPATH} /usr/bin/cmake --install /home/ayush/challenge_multi_drone/build/as2_rviz_plugins
