[0.033s] Invoking command in '/home/ayush/challenge_multi_drone/build/as2_state_estimator': AMENT_PREFIX_PATH=/home/ayush/challenge_multi_drone/install/as2_core:/home/ayush/challenge_multi_drone/install/as2_msgs:${AMENT_PREFIX_PATH} CMAKE_PREFIX_PATH=/home/ayush/challenge_multi_drone/install/as2_core:/home/ayush/challenge_multi_drone/install/as2_msgs:/home/ayush/project_gazebo_ws/install/aerostack2:/home/ayush/project_gazebo_ws/install/as2_usb_camera_interface:/home/ayush/project_gazebo_ws/install/as2_state_estimator:/home/ayush/project_gazebo_ws/install/as2_rviz_plugins:/home/ayush/project_gazebo_ws/install/as2_realsense_interface:/home/ayush/project_gazebo_ws/install/as2_platform_multirotor_simulator:/home/ayush/project_gazebo_ws/install/as2_platform_gazebo:/home/ayush/project_gazebo_ws/install/as2_motion_controller:/home/ayush/project_gazebo_ws/install/as2_behaviors_trajectory_generation:/home/ayush/project_gazebo_ws/install/as2_behaviors_motion:/home/ayush/project_gazebo_ws/install/as2_motion_reference_handlers:/home/ayush/project_gazebo_ws/install/as2_map_server:/home/ayush/project_gazebo_ws/install/as2_geozones:/home/ayush/project_gazebo_ws/install/as2_gazebo_assets:/home/ayush/project_gazebo_ws/install/as2_external_object_to_tf:/home/ayush/project_gazebo_ws/install/as2_behaviors_platform:/home/ayush/project_gazebo_ws/install/as2_behaviors_perception:/home/ayush/project_gazebo_ws/install/as2_behaviors_path_planning:/home/ayush/project_gazebo_ws/install/as2_behavior_tree:/home/ayush/project_gazebo_ws/install/as2_behavior:/home/ayush/project_gazebo_ws/install/as2_alphanumeric_viewer:/home/ayush/project_gazebo_ws/install/as2_core:/home/ayush/project_gazebo_ws/install/as2_msgs:/home/ayush/project_gazebo_ws/install/as2_cli:/home/ayush/project_gazebo_ws/install/as2_visualization:/home/ayush/project_gazebo_ws/install/as2_keyboard_teleoperation:/home/ayush/project_gazebo_ws/install/as2_python_api:/opt/ros/humble LD_LIBRARY_PATH=/home/ayush/challenge_multi_drone/install/as2_core/lib:/home/ayush/challenge_multi_drone/install/as2_msgs/lib:${LD_LIBRARY_PATH} PYTHONPATH=/home/ayush/challenge_multi_drone/install/as2_core/local/lib/python3.10/dist-packages:/home/ayush/challenge_multi_drone/install/as2_msgs/local/lib/python3.10/dist-packages:${PYTHONPATH} /usr/bin/cmake --build /home/ayush/challenge_multi_drone/build/as2_state_estimator -- -j12 -l12
[0.148s] [  5%] Built target as2_state_estimator_plugin_base
[0.197s] [ 15%] Built target gtest
[0.240s] [ 26%] Built target gtest_main
[0.297s] [ 36%] Built target as2_state_estimator
[0.354s] [ 47%] Built target as2_state_estimator_node
[0.412s] [ 57%] Built target as2_state_estimator_as2_state_estimator_gtest
[0.465s] [ 68%] Built target mocap_pose
[0.521s] [ 78%] Built target ground_truth
[0.583s] [ 89%] Built target as2_state_estimator_mocap_gtest
[0.642s] [100%] Built target raw_odometry
[0.660s] Invoked command in '/home/ayush/challenge_multi_drone/build/as2_state_estimator' returned '0': AMENT_PREFIX_PATH=/home/ayush/challenge_multi_drone/install/as2_core:/home/ayush/challenge_multi_drone/install/as2_msgs:${AMENT_PREFIX_PATH} CMAKE_PREFIX_PATH=/home/ayush/challenge_multi_drone/install/as2_core:/home/ayush/challenge_multi_drone/install/as2_msgs:/home/ayush/project_gazebo_ws/install/aerostack2:/home/ayush/project_gazebo_ws/install/as2_usb_camera_interface:/home/ayush/project_gazebo_ws/install/as2_state_estimator:/home/ayush/project_gazebo_ws/install/as2_rviz_plugins:/home/ayush/project_gazebo_ws/install/as2_realsense_interface:/home/ayush/project_gazebo_ws/install/as2_platform_multirotor_simulator:/home/ayush/project_gazebo_ws/install/as2_platform_gazebo:/home/ayush/project_gazebo_ws/install/as2_motion_controller:/home/ayush/project_gazebo_ws/install/as2_behaviors_trajectory_generation:/home/ayush/project_gazebo_ws/install/as2_behaviors_motion:/home/ayush/project_gazebo_ws/install/as2_motion_reference_handlers:/home/ayush/project_gazebo_ws/install/as2_map_server:/home/ayush/project_gazebo_ws/install/as2_geozones:/home/ayush/project_gazebo_ws/install/as2_gazebo_assets:/home/ayush/project_gazebo_ws/install/as2_external_object_to_tf:/home/ayush/project_gazebo_ws/install/as2_behaviors_platform:/home/ayush/project_gazebo_ws/install/as2_behaviors_perception:/home/ayush/project_gazebo_ws/install/as2_behaviors_path_planning:/home/ayush/project_gazebo_ws/install/as2_behavior_tree:/home/ayush/project_gazebo_ws/install/as2_behavior:/home/ayush/project_gazebo_ws/install/as2_alphanumeric_viewer:/home/ayush/project_gazebo_ws/install/as2_core:/home/ayush/project_gazebo_ws/install/as2_msgs:/home/ayush/project_gazebo_ws/install/as2_cli:/home/ayush/project_gazebo_ws/install/as2_visualization:/home/ayush/project_gazebo_ws/install/as2_keyboard_teleoperation:/home/ayush/project_gazebo_ws/install/as2_python_api:/opt/ros/humble LD_LIBRARY_PATH=/home/ayush/challenge_multi_drone/install/as2_core/lib:/home/ayush/challenge_multi_drone/install/as2_msgs/lib:${LD_LIBRARY_PATH} PYTHONPATH=/home/ayush/challenge_multi_drone/install/as2_core/local/lib/python3.10/dist-packages:/home/ayush/challenge_multi_drone/install/as2_msgs/local/lib/python3.10/dist-packages:${PYTHONPATH} /usr/bin/cmake --build /home/ayush/challenge_multi_drone/build/as2_state_estimator -- -j12 -l12
[0.663s] Invoking command in '/home/ayush/challenge_multi_drone/build/as2_state_estimator': AMENT_PREFIX_PATH=/home/ayush/challenge_multi_drone/install/as2_core:/home/ayush/challenge_multi_drone/install/as2_msgs:${AMENT_PREFIX_PATH} CMAKE_PREFIX_PATH=/home/ayush/challenge_multi_drone/install/as2_core:/home/ayush/challenge_multi_drone/install/as2_msgs:/home/ayush/project_gazebo_ws/install/aerostack2:/home/ayush/project_gazebo_ws/install/as2_usb_camera_interface:/home/ayush/project_gazebo_ws/install/as2_state_estimator:/home/ayush/project_gazebo_ws/install/as2_rviz_plugins:/home/ayush/project_gazebo_ws/install/as2_realsense_interface:/home/ayush/project_gazebo_ws/install/as2_platform_multirotor_simulator:/home/ayush/project_gazebo_ws/install/as2_platform_gazebo:/home/ayush/project_gazebo_ws/install/as2_motion_controller:/home/ayush/project_gazebo_ws/install/as2_behaviors_trajectory_generation:/home/ayush/project_gazebo_ws/install/as2_behaviors_motion:/home/ayush/project_gazebo_ws/install/as2_motion_reference_handlers:/home/ayush/project_gazebo_ws/install/as2_map_server:/home/ayush/project_gazebo_ws/install/as2_geozones:/home/ayush/project_gazebo_ws/install/as2_gazebo_assets:/home/ayush/project_gazebo_ws/install/as2_external_object_to_tf:/home/ayush/project_gazebo_ws/install/as2_behaviors_platform:/home/ayush/project_gazebo_ws/install/as2_behaviors_perception:/home/ayush/project_gazebo_ws/install/as2_behaviors_path_planning:/home/ayush/project_gazebo_ws/install/as2_behavior_tree:/home/ayush/project_gazebo_ws/install/as2_behavior:/home/ayush/project_gazebo_ws/install/as2_alphanumeric_viewer:/home/ayush/project_gazebo_ws/install/as2_core:/home/ayush/project_gazebo_ws/install/as2_msgs:/home/ayush/project_gazebo_ws/install/as2_cli:/home/ayush/project_gazebo_ws/install/as2_visualization:/home/ayush/project_gazebo_ws/install/as2_keyboard_teleoperation:/home/ayush/project_gazebo_ws/install/as2_python_api:/opt/ros/humble LD_LIBRARY_PATH=/home/ayush/challenge_multi_drone/install/as2_core/lib:/home/ayush/challenge_multi_drone/install/as2_msgs/lib:${LD_LIBRARY_PATH} PYTHONPATH=/home/ayush/challenge_multi_drone/install/as2_core/local/lib/python3.10/dist-packages:/home/ayush/challenge_multi_drone/install/as2_msgs/local/lib/python3.10/dist-packages:${PYTHONPATH} /usr/bin/cmake --install /home/ayush/challenge_multi_drone/build/as2_state_estimator
[0.685s] -- Install configuration: "Release"
[0.685s] -- Up-to-date: /home/ayush/challenge_multi_drone/install/as2_state_estimator/lib/libas2_state_estimator.so
[0.685s] -- Up-to-date: /home/ayush/challenge_multi_drone/install/as2_state_estimator/lib/libas2_state_estimator_plugin_base.so
[0.685s] -- Up-to-date: /home/ayush/challenge_multi_drone/install/as2_state_estimator/lib/as2_state_estimator/as2_state_estimator_node
[0.686s] -- Up-to-date: /home/ayush/challenge_multi_drone/install/as2_state_estimator/include
[0.686s] -- Up-to-date: /home/ayush/challenge_multi_drone/install/as2_state_estimator/include/as2_state_estimator
[0.687s] -- Up-to-date: /home/ayush/challenge_multi_drone/install/as2_state_estimator/include/as2_state_estimator/as2_state_estimator.hpp
[0.687s] -- Up-to-date: /home/ayush/challenge_multi_drone/install/as2_state_estimator/include/as2_state_estimator/plugin_base.hpp
[0.687s] -- Up-to-date: /home/ayush/challenge_multi_drone/install/as2_state_estimator/share/as2_state_estimator/plugins.xml
[0.687s] -- Up-to-date: /home/ayush/challenge_multi_drone/install/as2_state_estimator/share/as2_state_estimator/plugins/raw_odometry/config
[0.687s] -- Up-to-date: /home/ayush/challenge_multi_drone/install/as2_state_estimator/share/as2_state_estimator/plugins/raw_odometry/config/plugin_default.yaml
[0.688s] -- Up-to-date: /home/ayush/challenge_multi_drone/install/as2_state_estimator/share/as2_state_estimator/plugins/ground_truth/config
[0.688s] -- Up-to-date: /home/ayush/challenge_multi_drone/install/as2_state_estimator/share/as2_state_estimator/plugins/ground_truth/config/plugin_default.yaml
[0.688s] -- Up-to-date: /home/ayush/challenge_multi_drone/install/as2_state_estimator/share/as2_state_estimator/plugins/mocap_pose/config
[0.688s] -- Up-to-date: /home/ayush/challenge_multi_drone/install/as2_state_estimator/share/as2_state_estimator/plugins/mocap_pose/config/plugin_default.yaml
[0.688s] -- Up-to-date: /home/ayush/challenge_multi_drone/install/as2_state_estimator/share/as2_state_estimator/launch
[0.688s] -- Up-to-date: /home/ayush/challenge_multi_drone/install/as2_state_estimator/share/as2_state_estimator/launch/state_estimator_launch.py
[0.688s] -- Up-to-date: /home/ayush/challenge_multi_drone/install/as2_state_estimator/share/as2_state_estimator/launch/mocap_pose_state_estimator.launch.py
[0.689s] -- Up-to-date: /home/ayush/challenge_multi_drone/install/as2_state_estimator/share/as2_state_estimator/launch/ground_truth_state_estimator.launch.py
[0.689s] -- Up-to-date: /home/ayush/challenge_multi_drone/install/as2_state_estimator/share/as2_state_estimator/launch/raw_odometry_state_estimator.launch.py
[0.689s] -- Up-to-date: /home/ayush/challenge_multi_drone/install/as2_state_estimator/share/as2_state_estimator/config
[0.689s] -- Up-to-date: /home/ayush/challenge_multi_drone/install/as2_state_estimator/share/as2_state_estimator/config/state_estimator_default.yaml
[0.689s] -- Up-to-date: /home/ayush/challenge_multi_drone/install/as2_state_estimator/share/ament_index/resource_index/package_run_dependencies/as2_state_estimator
[0.689s] -- Up-to-date: /home/ayush/challenge_multi_drone/install/as2_state_estimator/share/ament_index/resource_index/parent_prefix_path/as2_state_estimator
[0.689s] -- Up-to-date: /home/ayush/challenge_multi_drone/install/as2_state_estimator/share/as2_state_estimator/environment/ament_prefix_path.sh
[0.690s] -- Up-to-date: /home/ayush/challenge_multi_drone/install/as2_state_estimator/share/as2_state_estimator/environment/ament_prefix_path.dsv
[0.690s] -- Up-to-date: /home/ayush/challenge_multi_drone/install/as2_state_estimator/share/as2_state_estimator/environment/path.sh
[0.690s] -- Up-to-date: /home/ayush/challenge_multi_drone/install/as2_state_estimator/share/as2_state_estimator/environment/path.dsv
[0.690s] -- Up-to-date: /home/ayush/challenge_multi_drone/install/as2_state_estimator/share/as2_state_estimator/local_setup.bash
[0.690s] -- Up-to-date: /home/ayush/challenge_multi_drone/install/as2_state_estimator/share/as2_state_estimator/local_setup.sh
[0.690s] -- Up-to-date: /home/ayush/challenge_multi_drone/install/as2_state_estimator/share/as2_state_estimator/local_setup.zsh
[0.691s] -- Up-to-date: /home/ayush/challenge_multi_drone/install/as2_state_estimator/share/as2_state_estimator/local_setup.dsv
[0.691s] -- Installing: /home/ayush/challenge_multi_drone/install/as2_state_estimator/share/as2_state_estimator/package.dsv
[0.691s] -- Up-to-date: /home/ayush/challenge_multi_drone/install/as2_state_estimator/share/ament_index/resource_index/packages/as2_state_estimator
[0.691s] -- Up-to-date: /home/ayush/challenge_multi_drone/install/as2_state_estimator/share/ament_index/resource_index/as2_state_estimator__pluginlib__plugin/as2_state_estimator
[0.691s] -- Up-to-date: /home/ayush/challenge_multi_drone/install/as2_state_estimator/share/as2_state_estimator/cmake/as2_state_estimatorConfig.cmake
[0.691s] -- Up-to-date: /home/ayush/challenge_multi_drone/install/as2_state_estimator/share/as2_state_estimator/cmake/as2_state_estimatorConfig-version.cmake
[0.691s] -- Up-to-date: /home/ayush/challenge_multi_drone/install/as2_state_estimator/share/as2_state_estimator/package.xml
[0.691s] -- Up-to-date: /home/ayush/challenge_multi_drone/install/as2_state_estimator/include
[0.692s] -- Up-to-date: /home/ayush/challenge_multi_drone/install/as2_state_estimator/include/raw_odometry.hpp
[0.692s] -- Up-to-date: /home/ayush/challenge_multi_drone/install/as2_state_estimator/share/as2_state_estimator/environment/library_path.sh
[0.692s] -- Up-to-date: /home/ayush/challenge_multi_drone/install/as2_state_estimator/share/as2_state_estimator/environment/library_path.dsv
[0.692s] -- Up-to-date: /home/ayush/challenge_multi_drone/install/as2_state_estimator/lib/libraw_odometry.so
[0.692s] -- Up-to-date: /home/ayush/challenge_multi_drone/install/as2_state_estimator/include
[0.692s] -- Up-to-date: /home/ayush/challenge_multi_drone/install/as2_state_estimator/include/ground_truth.hpp
[0.693s] -- Up-to-date: /home/ayush/challenge_multi_drone/install/as2_state_estimator/share/as2_state_estimator/environment/library_path.sh
[0.693s] -- Up-to-date: /home/ayush/challenge_multi_drone/install/as2_state_estimator/share/as2_state_estimator/environment/library_path.dsv
[0.693s] -- Up-to-date: /home/ayush/challenge_multi_drone/install/as2_state_estimator/lib/libground_truth.so
[0.693s] -- Up-to-date: /home/ayush/challenge_multi_drone/install/as2_state_estimator/include
[0.693s] -- Up-to-date: /home/ayush/challenge_multi_drone/install/as2_state_estimator/include/mocap_pose.hpp
[0.693s] -- Up-to-date: /home/ayush/challenge_multi_drone/install/as2_state_estimator/share/as2_state_estimator/environment/library_path.sh
[0.694s] -- Up-to-date: /home/ayush/challenge_multi_drone/install/as2_state_estimator/share/as2_state_estimator/environment/library_path.dsv
[0.694s] -- Up-to-date: /home/ayush/challenge_multi_drone/install/as2_state_estimator/lib/libmocap_pose.so
[0.700s] Invoked command in '/home/ayush/challenge_multi_drone/build/as2_state_estimator' returned '0': AMENT_PREFIX_PATH=/home/ayush/challenge_multi_drone/install/as2_core:/home/ayush/challenge_multi_drone/install/as2_msgs:${AMENT_PREFIX_PATH} CMAKE_PREFIX_PATH=/home/ayush/challenge_multi_drone/install/as2_core:/home/ayush/challenge_multi_drone/install/as2_msgs:/home/ayush/project_gazebo_ws/install/aerostack2:/home/ayush/project_gazebo_ws/install/as2_usb_camera_interface:/home/ayush/project_gazebo_ws/install/as2_state_estimator:/home/ayush/project_gazebo_ws/install/as2_rviz_plugins:/home/ayush/project_gazebo_ws/install/as2_realsense_interface:/home/ayush/project_gazebo_ws/install/as2_platform_multirotor_simulator:/home/ayush/project_gazebo_ws/install/as2_platform_gazebo:/home/ayush/project_gazebo_ws/install/as2_motion_controller:/home/ayush/project_gazebo_ws/install/as2_behaviors_trajectory_generation:/home/ayush/project_gazebo_ws/install/as2_behaviors_motion:/home/ayush/project_gazebo_ws/install/as2_motion_reference_handlers:/home/ayush/project_gazebo_ws/install/as2_map_server:/home/ayush/project_gazebo_ws/install/as2_geozones:/home/ayush/project_gazebo_ws/install/as2_gazebo_assets:/home/ayush/project_gazebo_ws/install/as2_external_object_to_tf:/home/ayush/project_gazebo_ws/install/as2_behaviors_platform:/home/ayush/project_gazebo_ws/install/as2_behaviors_perception:/home/ayush/project_gazebo_ws/install/as2_behaviors_path_planning:/home/ayush/project_gazebo_ws/install/as2_behavior_tree:/home/ayush/project_gazebo_ws/install/as2_behavior:/home/ayush/project_gazebo_ws/install/as2_alphanumeric_viewer:/home/ayush/project_gazebo_ws/install/as2_core:/home/ayush/project_gazebo_ws/install/as2_msgs:/home/ayush/project_gazebo_ws/install/as2_cli:/home/ayush/project_gazebo_ws/install/as2_visualization:/home/ayush/project_gazebo_ws/install/as2_keyboard_teleoperation:/home/ayush/project_gazebo_ws/install/as2_python_api:/opt/ros/humble LD_LIBRARY_PATH=/home/ayush/challenge_multi_drone/install/as2_core/lib:/home/ayush/challenge_multi_drone/install/as2_msgs/lib:${LD_LIBRARY_PATH} PYTHONPATH=/home/ayush/challenge_multi_drone/install/as2_core/local/lib/python3.10/dist-packages:/home/ayush/challenge_multi_drone/install/as2_msgs/local/lib/python3.10/dist-packages:${PYTHONPATH} /usr/bin/cmake --install /home/ayush/challenge_multi_drone/build/as2_state_estimator
