[0.021s] Invoking command in '/home/ayush/challenge_multi_drone/build/as2_geozones': AMENT_PREFIX_PATH=/home/ayush/challenge_multi_drone/install/as2_core:/home/ayush/challenge_multi_drone/install/as2_msgs:${AMENT_PREFIX_PATH} CMAKE_PREFIX_PATH=/home/ayush/challenge_multi_drone/install/as2_core:/home/ayush/challenge_multi_drone/install/as2_msgs:/home/ayush/project_gazebo_ws/install/aerostack2:/home/ayush/project_gazebo_ws/install/as2_usb_camera_interface:/home/ayush/project_gazebo_ws/install/as2_state_estimator:/home/ayush/project_gazebo_ws/install/as2_rviz_plugins:/home/ayush/project_gazebo_ws/install/as2_realsense_interface:/home/ayush/project_gazebo_ws/install/as2_platform_multirotor_simulator:/home/ayush/project_gazebo_ws/install/as2_platform_gazebo:/home/ayush/project_gazebo_ws/install/as2_motion_controller:/home/ayush/project_gazebo_ws/install/as2_behaviors_trajectory_generation:/home/ayush/project_gazebo_ws/install/as2_behaviors_motion:/home/ayush/project_gazebo_ws/install/as2_motion_reference_handlers:/home/ayush/project_gazebo_ws/install/as2_map_server:/home/ayush/project_gazebo_ws/install/as2_geozones:/home/ayush/project_gazebo_ws/install/as2_gazebo_assets:/home/ayush/project_gazebo_ws/install/as2_external_object_to_tf:/home/ayush/project_gazebo_ws/install/as2_behaviors_platform:/home/ayush/project_gazebo_ws/install/as2_behaviors_perception:/home/ayush/project_gazebo_ws/install/as2_behaviors_path_planning:/home/ayush/project_gazebo_ws/install/as2_behavior_tree:/home/ayush/project_gazebo_ws/install/as2_behavior:/home/ayush/project_gazebo_ws/install/as2_alphanumeric_viewer:/home/ayush/project_gazebo_ws/install/as2_core:/home/ayush/project_gazebo_ws/install/as2_msgs:/home/ayush/project_gazebo_ws/install/as2_cli:/home/ayush/project_gazebo_ws/install/as2_visualization:/home/ayush/project_gazebo_ws/install/as2_keyboard_teleoperation:/home/ayush/project_gazebo_ws/install/as2_python_api:/opt/ros/humble LD_LIBRARY_PATH=/home/ayush/challenge_multi_drone/install/as2_core/lib:/home/ayush/challenge_multi_drone/install/as2_msgs/lib:${LD_LIBRARY_PATH} PYTHONPATH=/home/ayush/challenge_multi_drone/install/as2_core/local/lib/python3.10/dist-packages:/home/ayush/challenge_multi_drone/install/as2_msgs/local/lib/python3.10/dist-packages:${PYTHONPATH} /usr/bin/cmake --build /home/ayush/challenge_multi_drone/build/as2_geozones -- -j12 -l12
[0.088s] [35m[1mConsolidate compiler generated dependencies of target gtest_main[0m
[0.101s] [  9%] [32mBuilding CXX object CMakeFiles/as2_geozones.dir/src/as2_geozones.cpp.o[0m
[0.105s] [ 36%] [32mBuilding CXX object gtest/CMakeFiles/gtest.dir/src/gtest-all.cc.o[0m
[0.105s] [ 36%] [32mBuilding CXX object CMakeFiles/as2_geozones_node.dir/src/as2_geozones.cpp.o[0m
[0.105s] [ 36%] [32mBuilding CXX object CMakeFiles/as2_geozones_node.dir/src/as2_geozones_node.cpp.o[0m
[0.109s] [ 54%] Built target gtest_main
[13.928s] [ 63%] [32m[1mLinking CXX static library libgtest.a[0m
[13.998s] [ 63%] Built target gtest
[25.053s] [ 72%] [32m[1mLinking CXX executable as2_geozones_node[0m
[25.397s] [ 72%] Built target as2_geozones_node
[28.422s] [ 81%] [32m[1mLinking CXX static library libas2_geozones.a[0m
[28.510s] [ 81%] Built target as2_geozones
[28.546s] [ 90%] [32mBuilding CXX object tests/CMakeFiles/as2_geozones_as2_geozones_gtest.dir/as2_geozones_gtest.cpp.o[0m
[35.260s] [100%] [32m[1mLinking CXX executable as2_geozones_as2_geozones_gtest[0m
[35.592s] [100%] Built target as2_geozones_as2_geozones_gtest
[35.612s] Invoked command in '/home/ayush/challenge_multi_drone/build/as2_geozones' returned '0': AMENT_PREFIX_PATH=/home/ayush/challenge_multi_drone/install/as2_core:/home/ayush/challenge_multi_drone/install/as2_msgs:${AMENT_PREFIX_PATH} CMAKE_PREFIX_PATH=/home/ayush/challenge_multi_drone/install/as2_core:/home/ayush/challenge_multi_drone/install/as2_msgs:/home/ayush/project_gazebo_ws/install/aerostack2:/home/ayush/project_gazebo_ws/install/as2_usb_camera_interface:/home/ayush/project_gazebo_ws/install/as2_state_estimator:/home/ayush/project_gazebo_ws/install/as2_rviz_plugins:/home/ayush/project_gazebo_ws/install/as2_realsense_interface:/home/ayush/project_gazebo_ws/install/as2_platform_multirotor_simulator:/home/ayush/project_gazebo_ws/install/as2_platform_gazebo:/home/ayush/project_gazebo_ws/install/as2_motion_controller:/home/ayush/project_gazebo_ws/install/as2_behaviors_trajectory_generation:/home/ayush/project_gazebo_ws/install/as2_behaviors_motion:/home/ayush/project_gazebo_ws/install/as2_motion_reference_handlers:/home/ayush/project_gazebo_ws/install/as2_map_server:/home/ayush/project_gazebo_ws/install/as2_geozones:/home/ayush/project_gazebo_ws/install/as2_gazebo_assets:/home/ayush/project_gazebo_ws/install/as2_external_object_to_tf:/home/ayush/project_gazebo_ws/install/as2_behaviors_platform:/home/ayush/project_gazebo_ws/install/as2_behaviors_perception:/home/ayush/project_gazebo_ws/install/as2_behaviors_path_planning:/home/ayush/project_gazebo_ws/install/as2_behavior_tree:/home/ayush/project_gazebo_ws/install/as2_behavior:/home/ayush/project_gazebo_ws/install/as2_alphanumeric_viewer:/home/ayush/project_gazebo_ws/install/as2_core:/home/ayush/project_gazebo_ws/install/as2_msgs:/home/ayush/project_gazebo_ws/install/as2_cli:/home/ayush/project_gazebo_ws/install/as2_visualization:/home/ayush/project_gazebo_ws/install/as2_keyboard_teleoperation:/home/ayush/project_gazebo_ws/install/as2_python_api:/opt/ros/humble LD_LIBRARY_PATH=/home/ayush/challenge_multi_drone/install/as2_core/lib:/home/ayush/challenge_multi_drone/install/as2_msgs/lib:${LD_LIBRARY_PATH} PYTHONPATH=/home/ayush/challenge_multi_drone/install/as2_core/local/lib/python3.10/dist-packages:/home/ayush/challenge_multi_drone/install/as2_msgs/local/lib/python3.10/dist-packages:${PYTHONPATH} /usr/bin/cmake --build /home/ayush/challenge_multi_drone/build/as2_geozones -- -j12 -l12
[35.615s] Invoking command in '/home/ayush/challenge_multi_drone/build/as2_geozones': AMENT_PREFIX_PATH=/home/ayush/challenge_multi_drone/install/as2_core:/home/ayush/challenge_multi_drone/install/as2_msgs:${AMENT_PREFIX_PATH} CMAKE_PREFIX_PATH=/home/ayush/challenge_multi_drone/install/as2_core:/home/ayush/challenge_multi_drone/install/as2_msgs:/home/ayush/project_gazebo_ws/install/aerostack2:/home/ayush/project_gazebo_ws/install/as2_usb_camera_interface:/home/ayush/project_gazebo_ws/install/as2_state_estimator:/home/ayush/project_gazebo_ws/install/as2_rviz_plugins:/home/ayush/project_gazebo_ws/install/as2_realsense_interface:/home/ayush/project_gazebo_ws/install/as2_platform_multirotor_simulator:/home/ayush/project_gazebo_ws/install/as2_platform_gazebo:/home/ayush/project_gazebo_ws/install/as2_motion_controller:/home/ayush/project_gazebo_ws/install/as2_behaviors_trajectory_generation:/home/ayush/project_gazebo_ws/install/as2_behaviors_motion:/home/ayush/project_gazebo_ws/install/as2_motion_reference_handlers:/home/ayush/project_gazebo_ws/install/as2_map_server:/home/ayush/project_gazebo_ws/install/as2_geozones:/home/ayush/project_gazebo_ws/install/as2_gazebo_assets:/home/ayush/project_gazebo_ws/install/as2_external_object_to_tf:/home/ayush/project_gazebo_ws/install/as2_behaviors_platform:/home/ayush/project_gazebo_ws/install/as2_behaviors_perception:/home/ayush/project_gazebo_ws/install/as2_behaviors_path_planning:/home/ayush/project_gazebo_ws/install/as2_behavior_tree:/home/ayush/project_gazebo_ws/install/as2_behavior:/home/ayush/project_gazebo_ws/install/as2_alphanumeric_viewer:/home/ayush/project_gazebo_ws/install/as2_core:/home/ayush/project_gazebo_ws/install/as2_msgs:/home/ayush/project_gazebo_ws/install/as2_cli:/home/ayush/project_gazebo_ws/install/as2_visualization:/home/ayush/project_gazebo_ws/install/as2_keyboard_teleoperation:/home/ayush/project_gazebo_ws/install/as2_python_api:/opt/ros/humble LD_LIBRARY_PATH=/home/ayush/challenge_multi_drone/install/as2_core/lib:/home/ayush/challenge_multi_drone/install/as2_msgs/lib:${LD_LIBRARY_PATH} PYTHONPATH=/home/ayush/challenge_multi_drone/install/as2_core/local/lib/python3.10/dist-packages:/home/ayush/challenge_multi_drone/install/as2_msgs/local/lib/python3.10/dist-packages:${PYTHONPATH} /usr/bin/cmake --install /home/ayush/challenge_multi_drone/build/as2_geozones
[35.628s] -- Install configuration: "Release"
[35.628s] -- Installing: /home/ayush/challenge_multi_drone/install/as2_geozones/include
[35.628s] -- Installing: /home/ayush/challenge_multi_drone/install/as2_geozones/include/as2_geozones
[35.628s] -- Installing: /home/ayush/challenge_multi_drone/install/as2_geozones/include/as2_geozones/as2_geozones.hpp
[35.628s] -- Installing: /home/ayush/challenge_multi_drone/install/as2_geozones/include/as2_geozones/pnpoly.hpp
[35.628s] -- Installing: /home/ayush/challenge_multi_drone/install/as2_geozones/share/as2_geozones/launch
[35.629s] -- Installing: /home/ayush/challenge_multi_drone/install/as2_geozones/share/as2_geozones/launch/as2_geozones_launch.py
[35.629s] -- Installing: /home/ayush/challenge_multi_drone/install/as2_geozones/share/as2_geozones/config
[35.629s] -- Installing: /home/ayush/challenge_multi_drone/install/as2_geozones/share/as2_geozones/config/geozones.yaml
[35.629s] -- Installing: /home/ayush/challenge_multi_drone/install/as2_geozones/lib/as2_geozones/as2_geozones_node
[35.631s] -- Set runtime path of "/home/ayush/challenge_multi_drone/install/as2_geozones/lib/as2_geozones/as2_geozones_node" to ""
[35.631s] -- Installing: /home/ayush/challenge_multi_drone/install/as2_geozones/lib/libas2_geozones.a
[35.635s] -- Installing: /home/ayush/challenge_multi_drone/install/as2_geozones/share/ament_index/resource_index/package_run_dependencies/as2_geozones
[35.635s] -- Installing: /home/ayush/challenge_multi_drone/install/as2_geozones/share/ament_index/resource_index/parent_prefix_path/as2_geozones
[35.635s] -- Installing: /home/ayush/challenge_multi_drone/install/as2_geozones/share/as2_geozones/environment/ament_prefix_path.sh
[35.636s] -- Installing: /home/ayush/challenge_multi_drone/install/as2_geozones/share/as2_geozones/environment/ament_prefix_path.dsv
[35.636s] -- Installing: /home/ayush/challenge_multi_drone/install/as2_geozones/share/as2_geozones/environment/path.sh
[35.636s] -- Installing: /home/ayush/challenge_multi_drone/install/as2_geozones/share/as2_geozones/environment/path.dsv
[35.636s] -- Installing: /home/ayush/challenge_multi_drone/install/as2_geozones/share/as2_geozones/local_setup.bash
[35.637s] -- Installing: /home/ayush/challenge_multi_drone/install/as2_geozones/share/as2_geozones/local_setup.sh
[35.637s] -- Installing: /home/ayush/challenge_multi_drone/install/as2_geozones/share/as2_geozones/local_setup.zsh
[35.637s] -- Installing: /home/ayush/challenge_multi_drone/install/as2_geozones/share/as2_geozones/local_setup.dsv
[35.637s] -- Installing: /home/ayush/challenge_multi_drone/install/as2_geozones/share/as2_geozones/package.dsv
[35.638s] -- Installing: /home/ayush/challenge_multi_drone/install/as2_geozones/share/ament_index/resource_index/packages/as2_geozones
[35.638s] -- Installing: /home/ayush/challenge_multi_drone/install/as2_geozones/share/as2_geozones/cmake/ament_cmake_export_dependencies-extras.cmake
[35.638s] -- Installing: /home/ayush/challenge_multi_drone/install/as2_geozones/share/as2_geozones/cmake/as2_geozonesConfig.cmake
[35.638s] -- Installing: /home/ayush/challenge_multi_drone/install/as2_geozones/share/as2_geozones/cmake/as2_geozonesConfig-version.cmake
[35.639s] -- Installing: /home/ayush/challenge_multi_drone/install/as2_geozones/share/as2_geozones/package.xml
[35.643s] Invoked command in '/home/ayush/challenge_multi_drone/build/as2_geozones' returned '0': AMENT_PREFIX_PATH=/home/ayush/challenge_multi_drone/install/as2_core:/home/ayush/challenge_multi_drone/install/as2_msgs:${AMENT_PREFIX_PATH} CMAKE_PREFIX_PATH=/home/ayush/challenge_multi_drone/install/as2_core:/home/ayush/challenge_multi_drone/install/as2_msgs:/home/ayush/project_gazebo_ws/install/aerostack2:/home/ayush/project_gazebo_ws/install/as2_usb_camera_interface:/home/ayush/project_gazebo_ws/install/as2_state_estimator:/home/ayush/project_gazebo_ws/install/as2_rviz_plugins:/home/ayush/project_gazebo_ws/install/as2_realsense_interface:/home/ayush/project_gazebo_ws/install/as2_platform_multirotor_simulator:/home/ayush/project_gazebo_ws/install/as2_platform_gazebo:/home/ayush/project_gazebo_ws/install/as2_motion_controller:/home/ayush/project_gazebo_ws/install/as2_behaviors_trajectory_generation:/home/ayush/project_gazebo_ws/install/as2_behaviors_motion:/home/ayush/project_gazebo_ws/install/as2_motion_reference_handlers:/home/ayush/project_gazebo_ws/install/as2_map_server:/home/ayush/project_gazebo_ws/install/as2_geozones:/home/ayush/project_gazebo_ws/install/as2_gazebo_assets:/home/ayush/project_gazebo_ws/install/as2_external_object_to_tf:/home/ayush/project_gazebo_ws/install/as2_behaviors_platform:/home/ayush/project_gazebo_ws/install/as2_behaviors_perception:/home/ayush/project_gazebo_ws/install/as2_behaviors_path_planning:/home/ayush/project_gazebo_ws/install/as2_behavior_tree:/home/ayush/project_gazebo_ws/install/as2_behavior:/home/ayush/project_gazebo_ws/install/as2_alphanumeric_viewer:/home/ayush/project_gazebo_ws/install/as2_core:/home/ayush/project_gazebo_ws/install/as2_msgs:/home/ayush/project_gazebo_ws/install/as2_cli:/home/ayush/project_gazebo_ws/install/as2_visualization:/home/ayush/project_gazebo_ws/install/as2_keyboard_teleoperation:/home/ayush/project_gazebo_ws/install/as2_python_api:/opt/ros/humble LD_LIBRARY_PATH=/home/ayush/challenge_multi_drone/install/as2_core/lib:/home/ayush/challenge_multi_drone/install/as2_msgs/lib:${LD_LIBRARY_PATH} PYTHONPATH=/home/ayush/challenge_multi_drone/install/as2_core/local/lib/python3.10/dist-packages:/home/ayush/challenge_multi_drone/install/as2_msgs/local/lib/python3.10/dist-packages:${PYTHONPATH} /usr/bin/cmake --install /home/ayush/challenge_multi_drone/build/as2_geozones
