[0.015s] Invoking command in '/home/ayush/challenge_multi_drone/build/as2_behavior': AMENT_PREFIX_PATH=/home/ayush/challenge_multi_drone/install/as2_core:/home/ayush/challenge_multi_drone/install/as2_msgs:${AMENT_PREFIX_PATH} CMAKE_PREFIX_PATH=/home/ayush/challenge_multi_drone/install/as2_core:/home/ayush/challenge_multi_drone/install/as2_msgs:/home/ayush/project_gazebo_ws/install/aerostack2:/home/ayush/project_gazebo_ws/install/as2_usb_camera_interface:/home/ayush/project_gazebo_ws/install/as2_state_estimator:/home/ayush/project_gazebo_ws/install/as2_rviz_plugins:/home/ayush/project_gazebo_ws/install/as2_realsense_interface:/home/ayush/project_gazebo_ws/install/as2_platform_multirotor_simulator:/home/ayush/project_gazebo_ws/install/as2_platform_gazebo:/home/ayush/project_gazebo_ws/install/as2_motion_controller:/home/ayush/project_gazebo_ws/install/as2_behaviors_trajectory_generation:/home/ayush/project_gazebo_ws/install/as2_behaviors_motion:/home/ayush/project_gazebo_ws/install/as2_motion_reference_handlers:/home/ayush/project_gazebo_ws/install/as2_map_server:/home/ayush/project_gazebo_ws/install/as2_geozones:/home/ayush/project_gazebo_ws/install/as2_gazebo_assets:/home/ayush/project_gazebo_ws/install/as2_external_object_to_tf:/home/ayush/project_gazebo_ws/install/as2_behaviors_platform:/home/ayush/project_gazebo_ws/install/as2_behaviors_perception:/home/ayush/project_gazebo_ws/install/as2_behaviors_path_planning:/home/ayush/project_gazebo_ws/install/as2_behavior_tree:/home/ayush/project_gazebo_ws/install/as2_behavior:/home/ayush/project_gazebo_ws/install/as2_alphanumeric_viewer:/home/ayush/project_gazebo_ws/install/as2_core:/home/ayush/project_gazebo_ws/install/as2_msgs:/home/ayush/project_gazebo_ws/install/as2_cli:/home/ayush/project_gazebo_ws/install/as2_visualization:/home/ayush/project_gazebo_ws/install/as2_keyboard_teleoperation:/home/ayush/project_gazebo_ws/install/as2_python_api:/opt/ros/humble LD_LIBRARY_PATH=/home/ayush/challenge_multi_drone/install/as2_core/lib:/home/ayush/challenge_multi_drone/install/as2_msgs/lib:${LD_LIBRARY_PATH} PYTHONPATH=/home/ayush/challenge_multi_drone/install/as2_core/local/lib/python3.10/dist-packages:/home/ayush/challenge_multi_drone/install/as2_msgs/local/lib/python3.10/dist-packages:${PYTHONPATH} /usr/bin/cmake --build /home/ayush/challenge_multi_drone/build/as2_behavior -- -j12 -l12
[0.070s] [35m[1mConsolidate compiler generated dependencies of target gtest_main[0m
[0.080s] [ 12%] [32mBuilding CXX object gtest/CMakeFiles/gtest.dir/src/gtest-all.cc.o[0m
[0.083s] [ 25%] [32mBuilding CXX object CMakeFiles/as2_behavior.dir/src/behavior_server.cpp.o[0m
[0.086s] [ 50%] Built target gtest_main
[5.797s] [ 62%] [32m[1mLinking CXX shared library libas2_behavior.so[0m
[6.667s] [ 62%] Built target as2_behavior
[9.436s] [ 75%] [32m[1mLinking CXX static library libgtest.a[0m
[9.476s] [ 75%] Built target gtest
[9.501s] [ 87%] [32mBuilding CXX object tests/CMakeFiles/as2_behavior_as2_behavior_gtest.dir/as2_behavior_gtest.cpp.o[0m
[16.730s] [100%] [32m[1mLinking CXX executable as2_behavior_as2_behavior_gtest[0m
[16.919s] [100%] Built target as2_behavior_as2_behavior_gtest
[16.932s] Invoked command in '/home/ayush/challenge_multi_drone/build/as2_behavior' returned '0': AMENT_PREFIX_PATH=/home/ayush/challenge_multi_drone/install/as2_core:/home/ayush/challenge_multi_drone/install/as2_msgs:${AMENT_PREFIX_PATH} CMAKE_PREFIX_PATH=/home/ayush/challenge_multi_drone/install/as2_core:/home/ayush/challenge_multi_drone/install/as2_msgs:/home/ayush/project_gazebo_ws/install/aerostack2:/home/ayush/project_gazebo_ws/install/as2_usb_camera_interface:/home/ayush/project_gazebo_ws/install/as2_state_estimator:/home/ayush/project_gazebo_ws/install/as2_rviz_plugins:/home/ayush/project_gazebo_ws/install/as2_realsense_interface:/home/ayush/project_gazebo_ws/install/as2_platform_multirotor_simulator:/home/ayush/project_gazebo_ws/install/as2_platform_gazebo:/home/ayush/project_gazebo_ws/install/as2_motion_controller:/home/ayush/project_gazebo_ws/install/as2_behaviors_trajectory_generation:/home/ayush/project_gazebo_ws/install/as2_behaviors_motion:/home/ayush/project_gazebo_ws/install/as2_motion_reference_handlers:/home/ayush/project_gazebo_ws/install/as2_map_server:/home/ayush/project_gazebo_ws/install/as2_geozones:/home/ayush/project_gazebo_ws/install/as2_gazebo_assets:/home/ayush/project_gazebo_ws/install/as2_external_object_to_tf:/home/ayush/project_gazebo_ws/install/as2_behaviors_platform:/home/ayush/project_gazebo_ws/install/as2_behaviors_perception:/home/ayush/project_gazebo_ws/install/as2_behaviors_path_planning:/home/ayush/project_gazebo_ws/install/as2_behavior_tree:/home/ayush/project_gazebo_ws/install/as2_behavior:/home/ayush/project_gazebo_ws/install/as2_alphanumeric_viewer:/home/ayush/project_gazebo_ws/install/as2_core:/home/ayush/project_gazebo_ws/install/as2_msgs:/home/ayush/project_gazebo_ws/install/as2_cli:/home/ayush/project_gazebo_ws/install/as2_visualization:/home/ayush/project_gazebo_ws/install/as2_keyboard_teleoperation:/home/ayush/project_gazebo_ws/install/as2_python_api:/opt/ros/humble LD_LIBRARY_PATH=/home/ayush/challenge_multi_drone/install/as2_core/lib:/home/ayush/challenge_multi_drone/install/as2_msgs/lib:${LD_LIBRARY_PATH} PYTHONPATH=/home/ayush/challenge_multi_drone/install/as2_core/local/lib/python3.10/dist-packages:/home/ayush/challenge_multi_drone/install/as2_msgs/local/lib/python3.10/dist-packages:${PYTHONPATH} /usr/bin/cmake --build /home/ayush/challenge_multi_drone/build/as2_behavior -- -j12 -l12
[16.935s] Invoking command in '/home/ayush/challenge_multi_drone/build/as2_behavior': AMENT_PREFIX_PATH=/home/ayush/challenge_multi_drone/install/as2_core:/home/ayush/challenge_multi_drone/install/as2_msgs:${AMENT_PREFIX_PATH} CMAKE_PREFIX_PATH=/home/ayush/challenge_multi_drone/install/as2_core:/home/ayush/challenge_multi_drone/install/as2_msgs:/home/ayush/project_gazebo_ws/install/aerostack2:/home/ayush/project_gazebo_ws/install/as2_usb_camera_interface:/home/ayush/project_gazebo_ws/install/as2_state_estimator:/home/ayush/project_gazebo_ws/install/as2_rviz_plugins:/home/ayush/project_gazebo_ws/install/as2_realsense_interface:/home/ayush/project_gazebo_ws/install/as2_platform_multirotor_simulator:/home/ayush/project_gazebo_ws/install/as2_platform_gazebo:/home/ayush/project_gazebo_ws/install/as2_motion_controller:/home/ayush/project_gazebo_ws/install/as2_behaviors_trajectory_generation:/home/ayush/project_gazebo_ws/install/as2_behaviors_motion:/home/ayush/project_gazebo_ws/install/as2_motion_reference_handlers:/home/ayush/project_gazebo_ws/install/as2_map_server:/home/ayush/project_gazebo_ws/install/as2_geozones:/home/ayush/project_gazebo_ws/install/as2_gazebo_assets:/home/ayush/project_gazebo_ws/install/as2_external_object_to_tf:/home/ayush/project_gazebo_ws/install/as2_behaviors_platform:/home/ayush/project_gazebo_ws/install/as2_behaviors_perception:/home/ayush/project_gazebo_ws/install/as2_behaviors_path_planning:/home/ayush/project_gazebo_ws/install/as2_behavior_tree:/home/ayush/project_gazebo_ws/install/as2_behavior:/home/ayush/project_gazebo_ws/install/as2_alphanumeric_viewer:/home/ayush/project_gazebo_ws/install/as2_core:/home/ayush/project_gazebo_ws/install/as2_msgs:/home/ayush/project_gazebo_ws/install/as2_cli:/home/ayush/project_gazebo_ws/install/as2_visualization:/home/ayush/project_gazebo_ws/install/as2_keyboard_teleoperation:/home/ayush/project_gazebo_ws/install/as2_python_api:/opt/ros/humble LD_LIBRARY_PATH=/home/ayush/challenge_multi_drone/install/as2_core/lib:/home/ayush/challenge_multi_drone/install/as2_msgs/lib:${LD_LIBRARY_PATH} PYTHONPATH=/home/ayush/challenge_multi_drone/install/as2_core/local/lib/python3.10/dist-packages:/home/ayush/challenge_multi_drone/install/as2_msgs/local/lib/python3.10/dist-packages:${PYTHONPATH} /usr/bin/cmake --install /home/ayush/challenge_multi_drone/build/as2_behavior
[16.944s] -- Install configuration: "Release"
[16.944s] -- Installing: /home/ayush/challenge_multi_drone/install/as2_behavior/include
[16.944s] -- Installing: /home/ayush/challenge_multi_drone/install/as2_behavior/include/as2_behavior
[16.944s] -- Installing: /home/ayush/challenge_multi_drone/install/as2_behavior/include/as2_behavior/__detail
[16.944s] -- Installing: /home/ayush/challenge_multi_drone/install/as2_behavior/include/as2_behavior/__detail/behavior_server__class.hpp
[16.944s] -- Installing: /home/ayush/challenge_multi_drone/install/as2_behavior/include/as2_behavior/__impl
[16.944s] -- Installing: /home/ayush/challenge_multi_drone/install/as2_behavior/include/as2_behavior/__impl/behavior_server__impl.hpp
[16.944s] -- Installing: /home/ayush/challenge_multi_drone/install/as2_behavior/include/as2_behavior/behavior_utils.hpp
[16.944s] -- Installing: /home/ayush/challenge_multi_drone/install/as2_behavior/include/as2_behavior/as2_basic_behavior.hpp
[16.945s] -- Installing: /home/ayush/challenge_multi_drone/install/as2_behavior/include/as2_behavior/behavior_server.hpp
[16.945s] -- Installing: /home/ayush/challenge_multi_drone/install/as2_behavior/lib/libas2_behavior.so
[16.945s] -- Set runtime path of "/home/ayush/challenge_multi_drone/install/as2_behavior/lib/libas2_behavior.so" to ""
[16.945s] -- Installing: /home/ayush/challenge_multi_drone/install/as2_behavior/share/as2_behavior/environment/library_path.sh
[16.945s] -- Installing: /home/ayush/challenge_multi_drone/install/as2_behavior/share/as2_behavior/environment/library_path.dsv
[16.945s] -- Installing: /home/ayush/challenge_multi_drone/install/as2_behavior/share/ament_index/resource_index/package_run_dependencies/as2_behavior
[16.945s] -- Installing: /home/ayush/challenge_multi_drone/install/as2_behavior/share/ament_index/resource_index/parent_prefix_path/as2_behavior
[16.945s] -- Installing: /home/ayush/challenge_multi_drone/install/as2_behavior/share/as2_behavior/environment/ament_prefix_path.sh
[16.945s] -- Installing: /home/ayush/challenge_multi_drone/install/as2_behavior/share/as2_behavior/environment/ament_prefix_path.dsv
[16.946s] -- Installing: /home/ayush/challenge_multi_drone/install/as2_behavior/share/as2_behavior/environment/path.sh
[16.946s] -- Installing: /home/ayush/challenge_multi_drone/install/as2_behavior/share/as2_behavior/environment/path.dsv
[16.946s] -- Installing: /home/ayush/challenge_multi_drone/install/as2_behavior/share/as2_behavior/local_setup.bash
[16.946s] -- Installing: /home/ayush/challenge_multi_drone/install/as2_behavior/share/as2_behavior/local_setup.sh
[16.946s] -- Installing: /home/ayush/challenge_multi_drone/install/as2_behavior/share/as2_behavior/local_setup.zsh
[16.947s] -- Installing: /home/ayush/challenge_multi_drone/install/as2_behavior/share/as2_behavior/local_setup.dsv
[16.947s] -- Installing: /home/ayush/challenge_multi_drone/install/as2_behavior/share/as2_behavior/package.dsv
[16.947s] -- Installing: /home/ayush/challenge_multi_drone/install/as2_behavior/share/ament_index/resource_index/packages/as2_behavior
[16.948s] -- Installing: /home/ayush/challenge_multi_drone/install/as2_behavior/share/as2_behavior/cmake/export_as2_behaviorExport.cmake
[16.948s] -- Installing: /home/ayush/challenge_multi_drone/install/as2_behavior/share/as2_behavior/cmake/export_as2_behaviorExport-release.cmake
[16.948s] -- Installing: /home/ayush/challenge_multi_drone/install/as2_behavior/share/as2_behavior/cmake/ament_cmake_export_libraries-extras.cmake
[16.948s] -- Installing: /home/ayush/challenge_multi_drone/install/as2_behavior/share/as2_behavior/cmake/ament_cmake_export_targets-extras.cmake
[16.949s] -- Installing: /home/ayush/challenge_multi_drone/install/as2_behavior/share/as2_behavior/cmake/ament_cmake_export_include_directories-extras.cmake
[16.949s] -- Installing: /home/ayush/challenge_multi_drone/install/as2_behavior/share/as2_behavior/cmake/as2_behaviorConfig.cmake
[16.949s] -- Installing: /home/ayush/challenge_multi_drone/install/as2_behavior/share/as2_behavior/cmake/as2_behaviorConfig-version.cmake
[16.949s] -- Installing: /home/ayush/challenge_multi_drone/install/as2_behavior/share/as2_behavior/package.xml
[16.952s] Invoked command in '/home/ayush/challenge_multi_drone/build/as2_behavior' returned '0': AMENT_PREFIX_PATH=/home/ayush/challenge_multi_drone/install/as2_core:/home/ayush/challenge_multi_drone/install/as2_msgs:${AMENT_PREFIX_PATH} CMAKE_PREFIX_PATH=/home/ayush/challenge_multi_drone/install/as2_core:/home/ayush/challenge_multi_drone/install/as2_msgs:/home/ayush/project_gazebo_ws/install/aerostack2:/home/ayush/project_gazebo_ws/install/as2_usb_camera_interface:/home/ayush/project_gazebo_ws/install/as2_state_estimator:/home/ayush/project_gazebo_ws/install/as2_rviz_plugins:/home/ayush/project_gazebo_ws/install/as2_realsense_interface:/home/ayush/project_gazebo_ws/install/as2_platform_multirotor_simulator:/home/ayush/project_gazebo_ws/install/as2_platform_gazebo:/home/ayush/project_gazebo_ws/install/as2_motion_controller:/home/ayush/project_gazebo_ws/install/as2_behaviors_trajectory_generation:/home/ayush/project_gazebo_ws/install/as2_behaviors_motion:/home/ayush/project_gazebo_ws/install/as2_motion_reference_handlers:/home/ayush/project_gazebo_ws/install/as2_map_server:/home/ayush/project_gazebo_ws/install/as2_geozones:/home/ayush/project_gazebo_ws/install/as2_gazebo_assets:/home/ayush/project_gazebo_ws/install/as2_external_object_to_tf:/home/ayush/project_gazebo_ws/install/as2_behaviors_platform:/home/ayush/project_gazebo_ws/install/as2_behaviors_perception:/home/ayush/project_gazebo_ws/install/as2_behaviors_path_planning:/home/ayush/project_gazebo_ws/install/as2_behavior_tree:/home/ayush/project_gazebo_ws/install/as2_behavior:/home/ayush/project_gazebo_ws/install/as2_alphanumeric_viewer:/home/ayush/project_gazebo_ws/install/as2_core:/home/ayush/project_gazebo_ws/install/as2_msgs:/home/ayush/project_gazebo_ws/install/as2_cli:/home/ayush/project_gazebo_ws/install/as2_visualization:/home/ayush/project_gazebo_ws/install/as2_keyboard_teleoperation:/home/ayush/project_gazebo_ws/install/as2_python_api:/opt/ros/humble LD_LIBRARY_PATH=/home/ayush/challenge_multi_drone/install/as2_core/lib:/home/ayush/challenge_multi_drone/install/as2_msgs/lib:${LD_LIBRARY_PATH} PYTHONPATH=/home/ayush/challenge_multi_drone/install/as2_core/local/lib/python3.10/dist-packages:/home/ayush/challenge_multi_drone/install/as2_msgs/local/lib/python3.10/dist-packages:${PYTHONPATH} /usr/bin/cmake --install /home/ayush/challenge_multi_drone/build/as2_behavior
