[0.016s] Invoking command in '/home/ayush/challenge_multi_drone/build/led_ring_plugin': CMAKE_PREFIX_PATH=${CMAKE_PREFIX_PATH}:/home/ayush/project_gazebo_ws/install/as2_visualization:/home/ayush/project_gazebo_ws/install/as2_keyboard_teleoperation:/home/ayush/project_gazebo_ws/install/as2_python_api:/opt/ros/humble /usr/bin/cmake /home/ayush/challenge_multi_drone/src/challenge_multi_drone/config_sim/gazebo/plugins/led_ring_plugin -DCMAKE_INSTALL_PREFIX=/home/ayush/challenge_multi_drone/install/led_ring_plugin
[0.114s] -- The C compiler identification is GNU 11.4.0
[0.226s] -- The CXX compiler identification is GNU 11.4.0
[0.233s] -- Detecting C compiler ABI info
[0.309s] -- Detecting C compiler ABI info - done
[0.319s] -- Check for working C compiler: /usr/bin/cc - skipped
[0.319s] -- Detecting C compile features
[0.320s] -- Detecting C compile features - done
[0.324s] -- Detecting CXX compiler ABI info
[0.411s] -- Detecting CXX compiler ABI info - done
[0.418s] -- Check for working CXX compiler: /usr/bin/c++ - skipped
[0.419s] -- Detecting CXX compile features
[0.419s] -- Detecting CXX compile features - done
[0.423s] -- Found ament_cmake: 1.3.11 (/opt/ros/humble/share/ament_cmake/cmake)
[0.630s] -- Found Python3: /usr/bin/python3 (found version "3.10.12") found components: Interpreter 
[0.777s] -- Found geometry_msgs: 4.2.4 (/opt/ros/humble/share/geometry_msgs/cmake)
[0.857s] -- Found rosidl_generator_c: 3.1.6 (/opt/ros/humble/share/rosidl_generator_c/cmake)
[0.869s] -- Found rosidl_adapter: 3.1.6 (/opt/ros/humble/share/rosidl_adapter/cmake)
[0.885s] -- Found rosidl_generator_cpp: 3.1.6 (/opt/ros/humble/share/rosidl_generator_cpp/cmake)
[0.906s] -- Using all available rosidl_typesupport_c: rosidl_typesupport_fastrtps_c;rosidl_typesupport_introspection_c
[0.938s] -- Using all available rosidl_typesupport_cpp: rosidl_typesupport_fastrtps_cpp;rosidl_typesupport_introspection_cpp
[0.991s] -- Found rclcpp: 16.0.11 (/opt/ros/humble/share/rclcpp/cmake)
[1.034s] -- Found rmw_implementation_cmake: 6.1.2 (/opt/ros/humble/share/rmw_implementation_cmake/cmake)
[1.038s] -- Found rmw_fastrtps_cpp: 6.2.7 (/opt/ros/humble/share/rmw_fastrtps_cpp/cmake)
[1.132s] -- Found OpenSSL: /usr/lib/x86_64-linux-gnu/libcrypto.so (found version "3.0.2")  
[1.163s] -- Found FastRTPS: /opt/ros/humble/include  
[1.210s] -- Using RMW implementation 'rmw_fastrtps_cpp' as default
[1.229s] -- Looking for pthread.h
[1.306s] -- Looking for pthread.h - found
[1.306s] -- Performing Test CMAKE_HAVE_LIBC_PTHREAD
[1.390s] -- Performing Test CMAKE_HAVE_LIBC_PTHREAD - Success
[1.391s] -- Found Threads: TRUE  
[1.435s] -- Found std_srvs: 4.2.4 (/opt/ros/humble/share/std_srvs/cmake)
[1.466s] -- Looking for ignition-plugin1 -- found version 1.4.0
[1.466s] -- Searching for dependencies of ignition-plugin1
[1.467s] -- Searching for <ignition-plugin1> component [register]
[1.472s] -- Looking for ignition-plugin1-register -- found version 1.4.0
[1.473s] -- Searching for dependencies of ignition-plugin1-register
[1.480s] -- Looking for ignition-common4 -- found version 4.7.0
[1.480s] -- Searching for dependencies of ignition-common4
[1.481s] -- Looking for dlfcn.h - found
[1.482s] -- Looking for libdl - found
[1.483s] -- Found DL: TRUE  
[1.490s] -- Checking for module 'uuid'
[1.506s] --   Found uuid, version 2.37.2
[1.546s] -- Found UUID: TRUE  
[1.547s] -- Searching for <ignition-common4> component [profiler]
[1.551s] -- Looking for ignition-common4-profiler -- found version 4.7.0
[1.551s] -- Searching for dependencies of ignition-common4-profiler
[1.558s] -- Looking for ignition-gazebo6 -- found version 6.17.0
[1.558s] -- Searching for dependencies of ignition-gazebo6
[1.564s] -- Looking for sdformat12 -- found version 12.8.0
[1.565s] -- Searching for dependencies of sdformat12
[1.570s] -- Checking for module 'tinyxml2'
[1.585s] --   Found tinyxml2, version 9.0.0
[1.623s] -- Looking for ignition-math6 -- found version 6.15.1
[1.624s] -- Searching for dependencies of ignition-math6
[1.628s] -- Looking for ignition-utils1 -- found version 1.5.1
[1.628s] -- Searching for dependencies of ignition-utils1
[1.630s] -- Looking for ignition-plugin1 -- found version 1.4.0
[1.631s] -- Searching for dependencies of ignition-plugin1
[1.631s] -- Searching for <ignition-plugin1> component [loader]
[1.634s] -- Looking for ignition-plugin1-loader -- found version 1.4.0
[1.634s] -- Searching for dependencies of ignition-plugin1-loader
[1.635s] -- Searching for <ignition-plugin1> component [register]
[1.639s] -- Looking for ignition-transport11 -- found version 11.4.1
[1.639s] -- Searching for dependencies of ignition-transport11
[1.669s] -- Found Protobuf: /usr/lib/x86_64-linux-gnu/libprotobuf.so (found version "3.12.4") 
[1.682s] -- Config-file not installed for ZeroMQ -- checking for pkg-config
[1.687s] -- Checking for module 'libzmq >= 4'
[1.704s] --   Found libzmq , version 4.3.4
[1.749s] -- Found ZeroMQ: TRUE (Required is at least version "4") 
[1.758s] -- Looking for ignition-utils1 -- found version 1.5.1
[1.758s] -- Searching for dependencies of ignition-utils1
[1.758s] -- Searching for <ignition-utils1> component [cli]
[1.761s] -- Looking for ignition-utils1-cli -- found version 1.5.1
[1.761s] -- Searching for dependencies of ignition-utils1-cli
[1.765s] -- Looking for ignition-msgs8 -- found version 8.7.0
[1.765s] -- Searching for dependencies of ignition-msgs8
[1.782s] -- Found Protobuf: /usr/lib/x86_64-linux-gnu/libprotobuf.so (found suitable version "3.12.4", minimum required is "3") 
[1.783s] -- Looking for ignition-math6 -- found version 6.15.1
[1.792s] -- Searching for <ignition-transport11> component [log]
[1.797s] -- Looking for ignition-transport11-log -- found version 11.4.1
[1.797s] -- Searching for dependencies of ignition-transport11-log
[1.798s] -- Searching for <ignition-transport11> component [parameters]
[1.801s] -- Looking for ignition-transport11-parameters -- found version 11.4.1
[1.801s] -- Searching for dependencies of ignition-transport11-parameters
[1.802s] -- Looking for ignition-msgs8 -- found version 8.7.0
[1.802s] -- Looking for ignition-common4 -- found version 4.7.0
[1.803s] -- Searching for dependencies of ignition-common4
[1.803s] -- Looking for dlfcn.h - found
[1.803s] -- Looking for libdl - found
[1.812s] -- Searching for <ignition-common4> component [profiler]
[1.812s] -- Searching for <ignition-common4> component [events]
[1.818s] -- Looking for ignition-common4-events -- found version 4.7.0
[1.818s] -- Searching for dependencies of ignition-common4-events
[1.818s] -- Looking for ignition-math6 -- found version 6.15.1
[1.820s] -- Searching for <ignition-common4> component [av]
[1.826s] -- Looking for ignition-common4-av -- found version 4.7.0
[1.826s] -- Searching for dependencies of ignition-common4-av
[1.833s] -- Checking for module 'libswscale'
[1.850s] --   Found libswscale, version 5.9.100
[1.884s] -- Found SWSCALE: TRUE  
[1.890s] -- Checking for module 'libavdevice >= 56.4.100'
[1.906s] --   Found libavdevice , version 58.13.100
[1.951s] -- Found AVDEVICE: TRUE (Required is at least version "56.4.100") 
[1.956s] -- Checking for module 'libavformat'
[1.972s] --   Found libavformat, version 58.76.100
[2.009s] -- Found AVFORMAT: TRUE  
[2.014s] -- Checking for module 'libavcodec'
[2.033s] --   Found libavcodec, version 58.134.100
[2.072s] -- Found AVCODEC: TRUE  
[2.078s] -- Checking for module 'libavutil'
[2.094s] --   Found libavutil, version 56.70.100
[2.130s] -- Found AVUTIL: TRUE  
[2.135s] -- Looking for ignition-fuel_tools7 -- found version 7.3.1
[2.135s] -- Searching for dependencies of ignition-fuel_tools7
[2.217s] -- Found CURL: /usr/lib/x86_64-linux-gnu/libcurl.so (found version "7.81.0")  
[2.231s] -- Checking for module 'jsoncpp'
[2.250s] --   Found jsoncpp, version 1.9.5
[2.288s] -- Found JSONCPP: TRUE  
[2.294s] -- Checking for module 'libzip'
[2.310s] --   Found libzip, version 1.7.3
[2.352s] -- Found ZIP: TRUE  
[2.352s] -- Looking for ignition-common4 -- found version 4.7.0
[2.353s] -- Looking for ignition-math6 -- found version 6.15.1
[2.353s] -- Looking for ignition-msgs8 -- found version 8.7.0
[2.360s] -- Looking for ignition-gui6 -- found version 6.8.0
[2.361s] -- Searching for dependencies of ignition-gui6
[2.387s] -- Looking for ignition-math6 -- found version 6.15.1
[2.387s] -- Looking for ignition-common4 -- found version 4.7.0
[2.387s] -- Looking for ignition-plugin1 -- found version 1.4.0
[2.387s] -- Looking for ignition-transport11 -- found version 11.4.1
[2.391s] -- Looking for ignition-rendering6 -- found version 6.6.3
[2.391s] -- Searching for dependencies of ignition-rendering6
[2.392s] -- Looking for ignition-math6 -- found version 6.15.1
[2.392s] -- Searching for dependencies of ignition-math6
[2.392s] -- Searching for <ignition-math6> component [eigen3]
[2.396s] -- Looking for ignition-math6-eigen3 -- found version 6.15.1
[2.396s] -- Searching for dependencies of ignition-math6-eigen3
[2.408s] -- Looking for ignition-common4 -- found version 4.7.0
[2.409s] -- Searching for dependencies of ignition-common4
[2.409s] -- Looking for dlfcn.h - found
[2.409s] -- Looking for libdl - found
[2.420s] -- Searching for <ignition-common4> component [graphics]
[2.425s] -- Looking for ignition-common4-graphics -- found version 4.7.0
[2.425s] -- Searching for dependencies of ignition-common4-graphics
[2.426s] -- Looking for ignition-math6 -- found version 6.15.1
[2.426s] -- Looking for ignition-utils1 -- found version 1.5.1
[2.427s] -- Searching for <ignition-common4> component [events]
[2.428s] -- Looking for ignition-plugin1 -- found version 1.4.0
[2.428s] -- Searching for dependencies of ignition-plugin1
[2.428s] -- Searching for <ignition-plugin1> component [all]
[2.432s] -- Looking for all libraries of ignition-plugin1 -- found version 1.4.0
[2.433s] -- Looking for ignition-plugin1 -- found version 1.4.0
[2.436s] -- Looking for ignition-msgs8 -- found version 8.7.0
[2.479s] -- Looking for ignition-physics5 -- found version 5.3.2
[2.479s] -- Searching for dependencies of ignition-physics5
[2.480s] -- Looking for ignition-math6 -- found version 6.15.1
[2.480s] -- Looking for ignition-plugin1 -- found version 1.4.0
[2.481s] -- Looking for ignition-utils1 -- found version 1.5.1
[2.482s] -- Searching for <ignition-physics5> component [heightmap]
[2.487s] -- Looking for ignition-physics5-heightmap -- found version 5.3.2
[2.488s] -- Searching for dependencies of ignition-physics5-heightmap
[2.488s] -- Looking for ignition-common4 -- found version 4.7.0
[2.489s] -- Searching for <ignition-physics5> component [mesh]
[2.494s] -- Looking for ignition-physics5-mesh -- found version 5.3.2
[2.494s] -- Searching for dependencies of ignition-physics5-mesh
[2.495s] -- Looking for ignition-common4 -- found version 4.7.0
[2.496s] -- Searching for <ignition-physics5> component [sdf]
[2.501s] -- Looking for ignition-physics5-sdf -- found version 5.3.2
[2.501s] -- Searching for dependencies of ignition-physics5-sdf
[2.502s] -- Looking for sdformat12 -- found version 12.8.0
[2.510s] -- Looking for ignition-sensors6 -- found version 6.8.1
[2.510s] -- Searching for dependencies of ignition-sensors6
[2.529s] -- Found Protobuf: /usr/lib/x86_64-linux-gnu/libprotobuf.so (found version "3.12.4") 
[2.530s] -- Looking for ignition-math6 -- found version 6.15.1
[2.531s] -- Looking for ignition-common4 -- found version 4.7.0
[2.531s] -- Looking for ignition-transport11 -- found version 11.4.1
[2.532s] -- Looking for ignition-rendering6 -- found version 6.6.3
[2.533s] -- Looking for ignition-msgs8 -- found version 8.7.0
[2.533s] -- Looking for sdformat12 -- found version 12.8.0
[2.534s] -- Searching for <ignition-sensors6> component [air_pressure]
[2.540s] -- Looking for ignition-sensors6-air_pressure -- found version 6.8.1
[2.541s] -- Searching for dependencies of ignition-sensors6-air_pressure
[2.542s] -- Searching for <ignition-sensors6> component [altimeter]
[2.548s] -- Looking for ignition-sensors6-altimeter -- found version 6.8.1
[2.549s] -- Searching for dependencies of ignition-sensors6-altimeter
[2.549s] -- Searching for <ignition-sensors6> component [imu]
[2.555s] -- Looking for ignition-sensors6-imu -- found version 6.8.1
[2.556s] -- Searching for dependencies of ignition-sensors6-imu
[2.557s] -- Searching for <ignition-sensors6> component [force_torque]
[2.563s] -- Looking for ignition-sensors6-force_torque -- found version 6.8.1
[2.563s] -- Searching for dependencies of ignition-sensors6-force_torque
[2.564s] -- Searching for <ignition-sensors6> component [logical_camera]
[2.569s] -- Looking for ignition-sensors6-logical_camera -- found version 6.8.1
[2.570s] -- Searching for dependencies of ignition-sensors6-logical_camera
[2.570s] -- Searching for <ignition-sensors6> component [magnetometer]
[2.576s] -- Looking for ignition-sensors6-magnetometer -- found version 6.8.1
[2.577s] -- Searching for dependencies of ignition-sensors6-magnetometer
[2.578s] -- Searching for <ignition-sensors6> component [navsat]
[2.583s] -- Looking for ignition-sensors6-navsat -- found version 6.8.1
[2.584s] -- Searching for dependencies of ignition-sensors6-navsat
[2.584s] -- Searching for <ignition-sensors6> component [rendering]
[2.590s] -- Looking for ignition-sensors6-rendering -- found version 6.8.1
[2.590s] -- Searching for dependencies of ignition-sensors6-rendering
[2.591s] -- Searching for <ignition-sensors6> component [lidar]
[2.597s] -- Looking for ignition-sensors6-lidar -- found version 6.8.1
[2.597s] -- Searching for dependencies of ignition-sensors6-lidar
[2.598s] -- Looking for ignition-sensors6 -- found version 6.8.1
[2.599s] -- Searching for <ignition-sensors6> component [gpu_lidar]
[2.604s] -- Looking for ignition-sensors6-gpu_lidar -- found version 6.8.1
[2.605s] -- Searching for dependencies of ignition-sensors6-gpu_lidar
[2.605s] -- Looking for ignition-sensors6 -- found version 6.8.1
[2.607s] -- Searching for <ignition-sensors6> component [camera]
[2.612s] -- Looking for ignition-sensors6-camera -- found version 6.8.1
[2.613s] -- Searching for dependencies of ignition-sensors6-camera
[2.613s] -- Looking for ignition-sensors6 -- found version 6.8.1
[2.614s] -- Searching for <ignition-sensors6> component [boundingbox_camera]
[2.620s] -- Looking for ignition-sensors6-boundingbox_camera -- found version 6.8.1
[2.620s] -- Searching for dependencies of ignition-sensors6-boundingbox_camera
[2.621s] -- Searching for <ignition-sensors6> component [segmentation_camera]
[2.628s] -- Looking for ignition-sensors6-segmentation_camera -- found version 6.8.1
[2.629s] -- Searching for dependencies of ignition-sensors6-segmentation_camera
[2.629s] -- Searching for <ignition-sensors6> component [depth_camera]
[2.633s] -- Looking for ignition-sensors6-depth_camera -- found version 6.8.1
[2.634s] -- Searching for dependencies of ignition-sensors6-depth_camera
[2.634s] -- Looking for ignition-sensors6 -- found version 6.8.1
[2.635s] -- Searching for <ignition-sensors6> component [rgbd_camera]
[2.638s] -- Looking for ignition-sensors6-rgbd_camera -- found version 6.8.1
[2.638s] -- Searching for dependencies of ignition-sensors6-rgbd_camera
[2.639s] -- Looking for ignition-sensors6 -- found version 6.8.1
[2.639s] -- Searching for <ignition-sensors6> component [thermal_camera]
[2.644s] -- Looking for ignition-sensors6-thermal_camera -- found version 6.8.1
[2.644s] -- Searching for dependencies of ignition-sensors6-thermal_camera
[2.644s] -- Looking for ignition-sensors6 -- found version 6.8.1
[2.646s] -- Looking for ignition-rendering6 -- found version 6.6.3
[2.646s] -- Looking for ignition-math6 -- found version 6.15.1
[2.650s] -- Looking for ignition-utils1 -- found version 1.5.1
[2.676s] -- Looking for ignition-physics5 -- found version 5.3.2
[2.752s] -- Configuring done
[2.768s] -- Generating done
[2.773s] -- Build files have been written to: /home/ayush/challenge_multi_drone/build/led_ring_plugin
[2.784s] Invoked command in '/home/ayush/challenge_multi_drone/build/led_ring_plugin' returned '0': CMAKE_PREFIX_PATH=${CMAKE_PREFIX_PATH}:/home/ayush/project_gazebo_ws/install/as2_visualization:/home/ayush/project_gazebo_ws/install/as2_keyboard_teleoperation:/home/ayush/project_gazebo_ws/install/as2_python_api:/opt/ros/humble /usr/bin/cmake /home/ayush/challenge_multi_drone/src/challenge_multi_drone/config_sim/gazebo/plugins/led_ring_plugin -DCMAKE_INSTALL_PREFIX=/home/ayush/challenge_multi_drone/install/led_ring_plugin
[2.786s] Invoking command in '/home/ayush/challenge_multi_drone/build/led_ring_plugin': CMAKE_PREFIX_PATH=${CMAKE_PREFIX_PATH}:/home/ayush/project_gazebo_ws/install/as2_visualization:/home/ayush/project_gazebo_ws/install/as2_keyboard_teleoperation:/home/ayush/project_gazebo_ws/install/as2_python_api:/opt/ros/humble /usr/bin/cmake --build /home/ayush/challenge_multi_drone/build/led_ring_plugin -- -j12 -l12
[2.853s] [ 50%] [32mBuilding CXX object CMakeFiles/LedRingPlugin.dir/src/led_ring.cpp.o[0m
[7.807s] [01m[K/home/ayush/challenge_multi_drone/src/challenge_multi_drone/config_sim/gazebo/plugins/led_ring_plugin/src/led_ring.cpp:[m[K In member function ‘[01m[Kvoid gzplugin::LedRingPlugin::OnLedIndividualMsg(const ignition::msgs::Float_V&)[m[K’:
[7.807s] [01m[K/home/ayush/challenge_multi_drone/src/challenge_multi_drone/config_sim/gazebo/plugins/led_ring_plugin/src/led_ring.cpp:123:29:[m[K [01;35m[Kwarning: [m[Kcomparison of integer expressions of different signedness: ‘[01m[Kint[m[K’ and ‘[01m[Kstd::vector<float>::size_type[m[K’ {aka ‘[01m[Klong unsigned int[m[K’} [[01;35m[K]8;;https://gcc.gnu.org/onlinedocs/gcc/Warning-Options.html#index-Wsign-compare-Wsign-compare]8;;[m[K]
[7.808s]   123 |         if([01;35m[Knum_leds_in_data > this->led_colours.size()[m[K) {
[7.808s]       |            [01;35m[K~~~~~~~~~~~~~~~~~^~~~~~~~~~~~~~~~~~~~~~~~~~[m[K
[7.816s] [01m[K/home/ayush/challenge_multi_drone/src/challenge_multi_drone/config_sim/gazebo/plugins/led_ring_plugin/src/led_ring.cpp:[m[K In member function ‘[01m[Kvirtual void gzplugin::LedRingPlugin::PreUpdate(const ignition::gazebo::v6::UpdateInfo&, ignition::gazebo::v6::EntityComponentManager&)[m[K’:
[7.816s] [01m[K/home/ayush/challenge_multi_drone/src/challenge_multi_drone/config_sim/gazebo/plugins/led_ring_plugin/src/led_ring.cpp:170:58:[m[K [01;35m[Kwarning: [m[Kunused parameter ‘[01m[K_info[m[K’ [[01;35m[K]8;;https://gcc.gnu.org/onlinedocs/gcc/Warning-Options.html#index-Wunused-parameter-Wunused-parameter]8;;[m[K]
[7.817s]   170 | void LedRingPlugin::PreUpdate([01;35m[Kconst gz::sim::UpdateInfo &_info[m[K, gz::sim::EntityComponentManager &_ecm)
[7.817s]       |                               [01;35m[K~~~~~~~~~~~~~~~~~~~~~~~~~~~^~~~~[m[K
[14.256s] At global scope:
[14.256s] [01m[Kcc1plus:[m[K [01;36m[Knote: [m[Kunrecognized command-line option ‘[01m[K-Wno-inconsistent-missing-override[m[K’ may have been intended to silence earlier diagnostics
[14.691s] [100%] [32m[1mLinking CXX shared library libLedRingPlugin.so[0m
[15.617s] [100%] Built target LedRingPlugin
[15.633s] Invoked command in '/home/ayush/challenge_multi_drone/build/led_ring_plugin' returned '0': CMAKE_PREFIX_PATH=${CMAKE_PREFIX_PATH}:/home/ayush/project_gazebo_ws/install/as2_visualization:/home/ayush/project_gazebo_ws/install/as2_keyboard_teleoperation:/home/ayush/project_gazebo_ws/install/as2_python_api:/opt/ros/humble /usr/bin/cmake --build /home/ayush/challenge_multi_drone/build/led_ring_plugin -- -j12 -l12
[15.636s] Invoking command in '/home/ayush/challenge_multi_drone/build/led_ring_plugin': CMAKE_PREFIX_PATH=${CMAKE_PREFIX_PATH}:/home/ayush/project_gazebo_ws/install/as2_visualization:/home/ayush/project_gazebo_ws/install/as2_keyboard_teleoperation:/home/ayush/project_gazebo_ws/install/as2_python_api:/opt/ros/humble /usr/bin/cmake --install /home/ayush/challenge_multi_drone/build/led_ring_plugin
[15.647s] -- Install configuration: ""
[15.647s] -- Installing: /home/ayush/challenge_multi_drone/install/led_ring_plugin/share/led_ring_plugin/environment/library_path.sh
[15.648s] -- Installing: /home/ayush/challenge_multi_drone/install/led_ring_plugin/share/led_ring_plugin/environment/library_path.dsv
[15.648s] -- Installing: /home/ayush/challenge_multi_drone/install/led_ring_plugin/share/led_ring_plugin/environment/led_ring_plugin.sh
[15.648s] -- Installing: /home/ayush/challenge_multi_drone/install/led_ring_plugin/share/ament_index/resource_index/package_run_dependencies/led_ring_plugin
[15.649s] -- Installing: /home/ayush/challenge_multi_drone/install/led_ring_plugin/share/ament_index/resource_index/parent_prefix_path/led_ring_plugin
[15.649s] -- Installing: /home/ayush/challenge_multi_drone/install/led_ring_plugin/share/led_ring_plugin/environment/ament_prefix_path.sh
[15.649s] -- Installing: /home/ayush/challenge_multi_drone/install/led_ring_plugin/share/led_ring_plugin/environment/ament_prefix_path.dsv
[15.649s] -- Installing: /home/ayush/challenge_multi_drone/install/led_ring_plugin/share/led_ring_plugin/environment/path.sh
[15.649s] -- Installing: /home/ayush/challenge_multi_drone/install/led_ring_plugin/share/led_ring_plugin/environment/path.dsv
[15.649s] -- Installing: /home/ayush/challenge_multi_drone/install/led_ring_plugin/share/led_ring_plugin/local_setup.bash
[15.650s] -- Installing: /home/ayush/challenge_multi_drone/install/led_ring_plugin/share/led_ring_plugin/local_setup.sh
[15.650s] -- Installing: /home/ayush/challenge_multi_drone/install/led_ring_plugin/share/led_ring_plugin/local_setup.zsh
[15.650s] -- Installing: /home/ayush/challenge_multi_drone/install/led_ring_plugin/share/led_ring_plugin/local_setup.dsv
[15.650s] -- Installing: /home/ayush/challenge_multi_drone/install/led_ring_plugin/share/led_ring_plugin/package.dsv
[15.650s] -- Installing: /home/ayush/challenge_multi_drone/install/led_ring_plugin/share/ament_index/resource_index/packages/led_ring_plugin
[15.651s] -- Installing: /home/ayush/challenge_multi_drone/install/led_ring_plugin/share/led_ring_plugin/cmake/ament_cmake_export_libraries-extras.cmake
[15.651s] -- Installing: /home/ayush/challenge_multi_drone/install/led_ring_plugin/share/led_ring_plugin/cmake/ament_cmake_export_dependencies-extras.cmake
[15.651s] -- Installing: /home/ayush/challenge_multi_drone/install/led_ring_plugin/share/led_ring_plugin/cmake/led_ring_pluginConfig.cmake
[15.651s] -- Installing: /home/ayush/challenge_multi_drone/install/led_ring_plugin/share/led_ring_plugin/cmake/led_ring_pluginConfig-version.cmake
[15.651s] -- Installing: /home/ayush/challenge_multi_drone/install/led_ring_plugin/share/led_ring_plugin/package.xml
[15.651s] -- Installing: /home/ayush/challenge_multi_drone/install/led_ring_plugin/include
[15.651s] -- Installing: /home/ayush/challenge_multi_drone/install/led_ring_plugin/include/led_ring.hpp
[15.651s] -- Installing: /home/ayush/challenge_multi_drone/install/led_ring_plugin/lib/libLedRingPlugin.so
[15.654s] -- Set runtime path of "/home/ayush/challenge_multi_drone/install/led_ring_plugin/lib/libLedRingPlugin.so" to ""
[15.657s] Invoked command in '/home/ayush/challenge_multi_drone/build/led_ring_plugin' returned '0': CMAKE_PREFIX_PATH=${CMAKE_PREFIX_PATH}:/home/ayush/project_gazebo_ws/install/as2_visualization:/home/ayush/project_gazebo_ws/install/as2_keyboard_teleoperation:/home/ayush/project_gazebo_ws/install/as2_python_api:/opt/ros/humble /usr/bin/cmake --install /home/ayush/challenge_multi_drone/build/led_ring_plugin
