running egg_info
creating ../../../../../build/scenario_obstacle_viz/scenario_obstacle_viz.egg-info
writing ../../../../../build/scenario_obstacle_viz/scenario_obstacle_viz.egg-info/PKG-INFO
writing dependency_links to ../../../../../build/scenario_obstacle_viz/scenario_obstacle_viz.egg-info/dependency_links.txt
writing entry points to ../../../../../build/scenario_obstacle_viz/scenario_obstacle_viz.egg-info/entry_points.txt
writing requirements to ../../../../../build/scenario_obstacle_viz/scenario_obstacle_viz.egg-info/requires.txt
writing top-level names to ../../../../../build/scenario_obstacle_viz/scenario_obstacle_viz.egg-info/top_level.txt
writing manifest file '../../../../../build/scenario_obstacle_viz/scenario_obstacle_viz.egg-info/SOURCES.txt'
reading manifest file '../../../../../build/scenario_obstacle_viz/scenario_obstacle_viz.egg-info/SOURCES.txt'
writing manifest file '../../../../../build/scenario_obstacle_viz/scenario_obstacle_viz.egg-info/SOURCES.txt'
running build
running build_py
creating /home/ayush/challenge_multi_drone/build/scenario_obstacle_viz/build
creating /home/ayush/challenge_multi_drone/build/scenario_obstacle_viz/build/lib
creating /home/ayush/challenge_multi_drone/build/scenario_obstacle_viz/build/lib/scenario_obstacle_viz
copying scenario_obstacle_viz/__init__.py -> /home/ayush/challenge_multi_drone/build/scenario_obstacle_viz/build/lib/scenario_obstacle_viz
copying scenario_obstacle_viz/viz.py -> /home/ayush/challenge_multi_drone/build/scenario_obstacle_viz/build/lib/scenario_obstacle_viz
running install
running install_lib
creating /home/ayush/challenge_multi_drone/install/scenario_obstacle_viz/lib/python3.10/site-packages/scenario_obstacle_viz
copying /home/ayush/challenge_multi_drone/build/scenario_obstacle_viz/build/lib/scenario_obstacle_viz/__init__.py -> /home/ayush/challenge_multi_drone/install/scenario_obstacle_viz/lib/python3.10/site-packages/scenario_obstacle_viz
copying /home/ayush/challenge_multi_drone/build/scenario_obstacle_viz/build/lib/scenario_obstacle_viz/viz.py -> /home/ayush/challenge_multi_drone/install/scenario_obstacle_viz/lib/python3.10/site-packages/scenario_obstacle_viz
byte-compiling /home/ayush/challenge_multi_drone/install/scenario_obstacle_viz/lib/python3.10/site-packages/scenario_obstacle_viz/__init__.py to __init__.cpython-310.pyc
byte-compiling /home/ayush/challenge_multi_drone/install/scenario_obstacle_viz/lib/python3.10/site-packages/scenario_obstacle_viz/viz.py to viz.cpython-310.pyc
running install_data
creating /home/ayush/challenge_multi_drone/install/scenario_obstacle_viz/share/ament_index
creating /home/ayush/challenge_multi_drone/install/scenario_obstacle_viz/share/ament_index/resource_index
creating /home/ayush/challenge_multi_drone/install/scenario_obstacle_viz/share/ament_index/resource_index/packages
copying resource/scenario_obstacle_viz -> /home/ayush/challenge_multi_drone/install/scenario_obstacle_viz/share/ament_index/resource_index/packages
copying package.xml -> /home/ayush/challenge_multi_drone/install/scenario_obstacle_viz/share/scenario_obstacle_viz
creating /home/ayush/challenge_multi_drone/install/scenario_obstacle_viz/share/scenario_obstacle_viz/config
creating /home/ayush/challenge_multi_drone/install/scenario_obstacle_viz/share/scenario_obstacle_viz/launch
copying launch/viz.launch.py -> /home/ayush/challenge_multi_drone/install/scenario_obstacle_viz/share/scenario_obstacle_viz/launch
creating /home/ayush/challenge_multi_drone/install/scenario_obstacle_viz/share/scenario_obstacle_viz/test
creating /home/ayush/challenge_multi_drone/install/scenario_obstacle_viz/share/scenario_obstacle_viz/meshes
creating /home/ayush/challenge_multi_drone/install/scenario_obstacle_viz/share/scenario_obstacle_viz/urdf
running install_egg_info
Copying ../../../../../build/scenario_obstacle_viz/scenario_obstacle_viz.egg-info to /home/ayush/challenge_multi_drone/install/scenario_obstacle_viz/lib/python3.10/site-packages/scenario_obstacle_viz-0.0.0-py3.10.egg-info
running install_scripts
Installing viz script to /home/ayush/challenge_multi_drone/install/scenario_obstacle_viz/lib/scenario_obstacle_viz
writing list of installed files to '/home/ayush/challenge_multi_drone/build/scenario_obstacle_viz/install.log'
