[0.494s] Invoking command in '/home/ayush/challenge_multi_drone/src/challenge_multi_drone/config_sim/rviz2/scenario_obstacle_viz': PYTHONPATH=/home/ayush/challenge_multi_drone/build/scenario_obstacle_viz/prefix_override:/usr/lib/python3/dist-packages/colcon_core/task/python/colcon_distutils_commands:/home/ayush/challenge_multi_drone/install/scenario_obstacle_viz/lib/python3.10/site-packages:${PYTHONPATH} /usr/bin/python3 -W ignore:setup.py install is deprecated -W ignore:easy_install command is deprecated setup.py egg_info --egg-base ../../../../../build/scenario_obstacle_viz build --build-base /home/ayush/challenge_multi_drone/build/scenario_obstacle_viz/build install --record /home/ayush/challenge_multi_drone/build/scenario_obstacle_viz/install.log --single-version-externally-managed install_data
[0.664s] running egg_info
[0.665s] creating ../../../../../build/scenario_obstacle_viz/scenario_obstacle_viz.egg-info
[0.665s] writing ../../../../../build/scenario_obstacle_viz/scenario_obstacle_viz.egg-info/PKG-INFO
[0.665s] writing dependency_links to ../../../../../build/scenario_obstacle_viz/scenario_obstacle_viz.egg-info/dependency_links.txt
[0.665s] writing entry points to ../../../../../build/scenario_obstacle_viz/scenario_obstacle_viz.egg-info/entry_points.txt
[0.665s] writing requirements to ../../../../../build/scenario_obstacle_viz/scenario_obstacle_viz.egg-info/requires.txt
[0.665s] writing top-level names to ../../../../../build/scenario_obstacle_viz/scenario_obstacle_viz.egg-info/top_level.txt
[0.665s] writing manifest file '../../../../../build/scenario_obstacle_viz/scenario_obstacle_viz.egg-info/SOURCES.txt'
[0.666s] reading manifest file '../../../../../build/scenario_obstacle_viz/scenario_obstacle_viz.egg-info/SOURCES.txt'
[0.667s] writing manifest file '../../../../../build/scenario_obstacle_viz/scenario_obstacle_viz.egg-info/SOURCES.txt'
[0.667s] running build
[0.667s] running build_py
[0.667s] creating /home/ayush/challenge_multi_drone/build/scenario_obstacle_viz/build
[0.667s] creating /home/ayush/challenge_multi_drone/build/scenario_obstacle_viz/build/lib
[0.667s] creating /home/ayush/challenge_multi_drone/build/scenario_obstacle_viz/build/lib/scenario_obstacle_viz
[0.667s] copying scenario_obstacle_viz/__init__.py -> /home/ayush/challenge_multi_drone/build/scenario_obstacle_viz/build/lib/scenario_obstacle_viz
[0.667s] copying scenario_obstacle_viz/viz.py -> /home/ayush/challenge_multi_drone/build/scenario_obstacle_viz/build/lib/scenario_obstacle_viz
[0.667s] running install
[0.667s] running install_lib
[0.667s] creating /home/ayush/challenge_multi_drone/install/scenario_obstacle_viz/lib/python3.10/site-packages/scenario_obstacle_viz
[0.668s] copying /home/ayush/challenge_multi_drone/build/scenario_obstacle_viz/build/lib/scenario_obstacle_viz/__init__.py -> /home/ayush/challenge_multi_drone/install/scenario_obstacle_viz/lib/python3.10/site-packages/scenario_obstacle_viz
[0.668s] copying /home/ayush/challenge_multi_drone/build/scenario_obstacle_viz/build/lib/scenario_obstacle_viz/viz.py -> /home/ayush/challenge_multi_drone/install/scenario_obstacle_viz/lib/python3.10/site-packages/scenario_obstacle_viz
[0.668s] byte-compiling /home/ayush/challenge_multi_drone/install/scenario_obstacle_viz/lib/python3.10/site-packages/scenario_obstacle_viz/__init__.py to __init__.cpython-310.pyc
[0.668s] byte-compiling /home/ayush/challenge_multi_drone/install/scenario_obstacle_viz/lib/python3.10/site-packages/scenario_obstacle_viz/viz.py to viz.cpython-310.pyc
[0.669s] running install_data
[0.669s] creating /home/ayush/challenge_multi_drone/install/scenario_obstacle_viz/share/ament_index
[0.669s] creating /home/ayush/challenge_multi_drone/install/scenario_obstacle_viz/share/ament_index/resource_index
[0.669s] creating /home/ayush/challenge_multi_drone/install/scenario_obstacle_viz/share/ament_index/resource_index/packages
[0.669s] copying resource/scenario_obstacle_viz -> /home/ayush/challenge_multi_drone/install/scenario_obstacle_viz/share/ament_index/resource_index/packages
[0.669s] copying package.xml -> /home/ayush/challenge_multi_drone/install/scenario_obstacle_viz/share/scenario_obstacle_viz
[0.670s] creating /home/ayush/challenge_multi_drone/install/scenario_obstacle_viz/share/scenario_obstacle_viz/config
[0.670s] creating /home/ayush/challenge_multi_drone/install/scenario_obstacle_viz/share/scenario_obstacle_viz/launch
[0.670s] copying launch/viz.launch.py -> /home/ayush/challenge_multi_drone/install/scenario_obstacle_viz/share/scenario_obstacle_viz/launch
[0.670s] creating /home/ayush/challenge_multi_drone/install/scenario_obstacle_viz/share/scenario_obstacle_viz/test
[0.670s] creating /home/ayush/challenge_multi_drone/install/scenario_obstacle_viz/share/scenario_obstacle_viz/meshes
[0.670s] creating /home/ayush/challenge_multi_drone/install/scenario_obstacle_viz/share/scenario_obstacle_viz/urdf
[0.670s] running install_egg_info
[0.671s] Copying ../../../../../build/scenario_obstacle_viz/scenario_obstacle_viz.egg-info to /home/ayush/challenge_multi_drone/install/scenario_obstacle_viz/lib/python3.10/site-packages/scenario_obstacle_viz-0.0.0-py3.10.egg-info
[0.671s] running install_scripts
[0.686s] Installing viz script to /home/ayush/challenge_multi_drone/install/scenario_obstacle_viz/lib/scenario_obstacle_viz
[0.686s] writing list of installed files to '/home/ayush/challenge_multi_drone/build/scenario_obstacle_viz/install.log'
[0.820s] Invoked command in '/home/ayush/challenge_multi_drone/src/challenge_multi_drone/config_sim/rviz2/scenario_obstacle_viz' returned '0': PYTHONPATH=/home/ayush/challenge_multi_drone/build/scenario_obstacle_viz/prefix_override:/usr/lib/python3/dist-packages/colcon_core/task/python/colcon_distutils_commands:/home/ayush/challenge_multi_drone/install/scenario_obstacle_viz/lib/python3.10/site-packages:${PYTHONPATH} /usr/bin/python3 -W ignore:setup.py install is deprecated -W ignore:easy_install command is deprecated setup.py egg_info --egg-base ../../../../../build/scenario_obstacle_viz build --build-base /home/ayush/challenge_multi_drone/build/scenario_obstacle_viz/build install --record /home/ayush/challenge_multi_drone/build/scenario_obstacle_viz/install.log --single-version-externally-managed install_data
