[0.019s] Invoking command in '/home/ayush/challenge_multi_drone/build/as2_motion_controller': AMENT_PREFIX_PATH=/home/ayush/challenge_multi_drone/install/as2_motion_reference_handlers:/home/ayush/challenge_multi_drone/install/as2_core:/home/ayush/challenge_multi_drone/install/as2_msgs:${AMENT_PREFIX_PATH} CMAKE_PREFIX_PATH=/home/ayush/challenge_multi_drone/install/as2_motion_reference_handlers:/home/ayush/challenge_multi_drone/install/as2_core:/home/ayush/challenge_multi_drone/install/as2_msgs:/home/ayush/project_gazebo_ws/install/aerostack2:/home/ayush/project_gazebo_ws/install/as2_usb_camera_interface:/home/ayush/project_gazebo_ws/install/as2_state_estimator:/home/ayush/project_gazebo_ws/install/as2_rviz_plugins:/home/ayush/project_gazebo_ws/install/as2_realsense_interface:/home/ayush/project_gazebo_ws/install/as2_platform_multirotor_simulator:/home/ayush/project_gazebo_ws/install/as2_platform_gazebo:/home/ayush/project_gazebo_ws/install/as2_motion_controller:/home/ayush/project_gazebo_ws/install/as2_behaviors_trajectory_generation:/home/ayush/project_gazebo_ws/install/as2_behaviors_motion:/home/ayush/project_gazebo_ws/install/as2_motion_reference_handlers:/home/ayush/project_gazebo_ws/install/as2_map_server:/home/ayush/project_gazebo_ws/install/as2_geozones:/home/ayush/project_gazebo_ws/install/as2_gazebo_assets:/home/ayush/project_gazebo_ws/install/as2_external_object_to_tf:/home/ayush/project_gazebo_ws/install/as2_behaviors_platform:/home/ayush/project_gazebo_ws/install/as2_behaviors_perception:/home/ayush/project_gazebo_ws/install/as2_behaviors_path_planning:/home/ayush/project_gazebo_ws/install/as2_behavior_tree:/home/ayush/project_gazebo_ws/install/as2_behavior:/home/ayush/project_gazebo_ws/install/as2_alphanumeric_viewer:/home/ayush/project_gazebo_ws/install/as2_core:/home/ayush/project_gazebo_ws/install/as2_msgs:/home/ayush/project_gazebo_ws/install/as2_cli:/home/ayush/project_gazebo_ws/install/as2_visualization:/home/ayush/project_gazebo_ws/install/as2_keyboard_teleoperation:/home/ayush/project_gazebo_ws/install/as2_python_api:/opt/ros/humble LD_LIBRARY_PATH=/home/ayush/challenge_multi_drone/install/as2_motion_reference_handlers/lib:/home/ayush/challenge_multi_drone/install/as2_core/lib:/home/ayush/challenge_multi_drone/install/as2_msgs/lib:${LD_LIBRARY_PATH} PYTHONPATH=/home/ayush/challenge_multi_drone/install/as2_motion_reference_handlers/local/lib/python3.10/dist-packages:/home/ayush/challenge_multi_drone/install/as2_core/local/lib/python3.10/dist-packages:/home/ayush/challenge_multi_drone/install/as2_msgs/local/lib/python3.10/dist-packages:${PYTHONPATH} /usr/bin/cmake /home/ayush/challenge_multi_drone/src/aerostack2/as2_motion_controller -DCMAKE_INSTALL_PREFIX=/home/ayush/challenge_multi_drone/install/as2_motion_controller
[0.088s] -- The C compiler identification is GNU 11.4.0
[0.154s] -- The CXX compiler identification is GNU 11.4.0
[0.165s] -- Detecting C compiler ABI info
[0.254s] -- Detecting C compiler ABI info - done
[0.265s] -- Check for working C compiler: /usr/bin/cc - skipped
[0.266s] -- Detecting C compile features
[0.266s] -- Detecting C compile features - done
[0.270s] -- Detecting CXX compiler ABI info
[0.366s] -- Detecting CXX compiler ABI info - done
[0.378s] -- Check for working CXX compiler: /usr/bin/c++ - skipped
[0.379s] -- Detecting CXX compile features
[0.379s] -- Detecting CXX compile features - done
[0.393s] -- Found ament_cmake: 1.3.11 (/opt/ros/humble/share/ament_cmake/cmake)
[0.670s] -- Found Python3: /usr/bin/python3 (found version "3.10.12") found components: Interpreter 
[0.840s] -- Found rclcpp: 16.0.11 (/opt/ros/humble/share/rclcpp/cmake)
[0.916s] -- Found rosidl_generator_c: 3.1.6 (/opt/ros/humble/share/rosidl_generator_c/cmake)
[0.924s] -- Found rosidl_adapter: 3.1.6 (/opt/ros/humble/share/rosidl_adapter/cmake)
[0.935s] -- Found rosidl_generator_cpp: 3.1.6 (/opt/ros/humble/share/rosidl_generator_cpp/cmake)
[0.952s] -- Using all available rosidl_typesupport_c: rosidl_typesupport_fastrtps_c;rosidl_typesupport_introspection_c
[0.976s] -- Using all available rosidl_typesupport_cpp: rosidl_typesupport_fastrtps_cpp;rosidl_typesupport_introspection_cpp
[1.042s] -- Found rmw_implementation_cmake: 6.1.2 (/opt/ros/humble/share/rmw_implementation_cmake/cmake)
[1.048s] -- Found rmw_fastrtps_cpp: 6.2.7 (/opt/ros/humble/share/rmw_fastrtps_cpp/cmake)
[1.179s] -- Found OpenSSL: /usr/lib/x86_64-linux-gnu/libcrypto.so (found version "3.0.2")  
[1.219s] -- Found FastRTPS: /opt/ros/humble/include  
[1.291s] -- Using RMW implementation 'rmw_fastrtps_cpp' as default
[1.315s] -- Looking for pthread.h
[1.498s] -- Looking for pthread.h - found
[1.498s] -- Performing Test CMAKE_HAVE_LIBC_PTHREAD
[1.750s] -- Performing Test CMAKE_HAVE_LIBC_PTHREAD - Success
[1.754s] -- Found Threads: TRUE  
[1.997s] -- Found pluginlib: 5.1.0 (/opt/ros/humble/share/pluginlib/cmake)
[2.087s] -- Found as2_core: 1.1.2 (/home/ayush/challenge_multi_drone/install/as2_core/share/as2_core/cmake)
[2.601s] -- Found eigen3_cmake_module: 0.1.1 (/opt/ros/humble/share/eigen3_cmake_module/cmake)
[2.607s] -- Found Eigen3: TRUE (found version "3.4.0") 
[2.608s] -- Ensuring Eigen3 include directory is part of orocos-kdl CMake target
[3.089s] -- Found as2_motion_reference_handlers: 1.1.2 (/home/ayush/challenge_multi_drone/install/as2_motion_reference_handlers/share/as2_motion_reference_handlers/cmake)
[3.340s] -- Found ament_cmake_gtest: 1.3.11 (/opt/ros/humble/share/ament_cmake_gtest/cmake)
[3.366s] -- Found gtest sources under '/opt/ros/humble/src/gtest_vendor': C++ tests using 'Google Test' will be built
[3.418s] -- pid_controller not found
[6.301s] -- Found GTest: /usr/lib/x86_64-linux-gnu/cmake/GTest/GTestConfig.cmake (found version "1.11.0")  
[6.367s] -- Found ament_cmake_gtest: 1.3.11 (/opt/ros/humble/share/ament_cmake_gtest/cmake)
[6.367s] -- Found gtest sources under '/opt/ros/humble/src/gtest_vendor': C++ tests using 'Google Test' will be built
[6.389s] -- Found ament_lint_auto: 0.12.11 (/opt/ros/humble/share/ament_lint_auto/cmake)
[6.738s] -- Found ament_cmake_gtest: 1.3.11 (/opt/ros/humble/share/ament_cmake_gtest/cmake)
[6.741s] -- Found gtest sources under '/opt/ros/humble/src/gtest_vendor': C++ tests using 'Google Test' will be built
[6.772s] -- Added test 'copyright' to check source files copyright and LICENSE
[6.782s] -- Added test 'cppcheck' to perform static code analysis on C / C++ code
[6.785s] -- Configured cppcheck include dirs: /home/ayush/challenge_multi_drone/src/aerostack2/as2_motion_controller/include;/home/ayush/challenge_multi_drone/src/aerostack2/as2_motion_controller/include/as2_motion_controller;$<BUILD_INTERFACE:/home/ayush/challenge_multi_drone/src/aerostack2/as2_motion_controller/include>
[6.785s] -- Configured cppcheck exclude dirs and/or files: 
[6.793s] -- Added test 'cpplint' to check C / C++ code against the Google style
[6.793s] -- Configured cpplint exclude dirs and/or files: 
[6.796s] -- Added test 'flake8' to check Python code syntax and style conventions
[6.798s] -- Added test 'lint_cmake' to check CMake code style
[6.801s] -- Added test 'pep257' to check Python code against some of the docstring style conventions in PEP 257
[6.805s] -- Added test 'uncrustify' to check C / C++ code style
[6.805s] -- Configured uncrustify additional arguments: 
[6.808s] -- Added test 'xmllint' to check XML markup files
[6.812s] -- Configuring done
[7.007s] -- Generating done
[7.074s] -- Build files have been written to: /home/ayush/challenge_multi_drone/build/as2_motion_controller
[7.110s] Invoked command in '/home/ayush/challenge_multi_drone/build/as2_motion_controller' returned '0': AMENT_PREFIX_PATH=/home/ayush/challenge_multi_drone/install/as2_motion_reference_handlers:/home/ayush/challenge_multi_drone/install/as2_core:/home/ayush/challenge_multi_drone/install/as2_msgs:${AMENT_PREFIX_PATH} CMAKE_PREFIX_PATH=/home/ayush/challenge_multi_drone/install/as2_motion_reference_handlers:/home/ayush/challenge_multi_drone/install/as2_core:/home/ayush/challenge_multi_drone/install/as2_msgs:/home/ayush/project_gazebo_ws/install/aerostack2:/home/ayush/project_gazebo_ws/install/as2_usb_camera_interface:/home/ayush/project_gazebo_ws/install/as2_state_estimator:/home/ayush/project_gazebo_ws/install/as2_rviz_plugins:/home/ayush/project_gazebo_ws/install/as2_realsense_interface:/home/ayush/project_gazebo_ws/install/as2_platform_multirotor_simulator:/home/ayush/project_gazebo_ws/install/as2_platform_gazebo:/home/ayush/project_gazebo_ws/install/as2_motion_controller:/home/ayush/project_gazebo_ws/install/as2_behaviors_trajectory_generation:/home/ayush/project_gazebo_ws/install/as2_behaviors_motion:/home/ayush/project_gazebo_ws/install/as2_motion_reference_handlers:/home/ayush/project_gazebo_ws/install/as2_map_server:/home/ayush/project_gazebo_ws/install/as2_geozones:/home/ayush/project_gazebo_ws/install/as2_gazebo_assets:/home/ayush/project_gazebo_ws/install/as2_external_object_to_tf:/home/ayush/project_gazebo_ws/install/as2_behaviors_platform:/home/ayush/project_gazebo_ws/install/as2_behaviors_perception:/home/ayush/project_gazebo_ws/install/as2_behaviors_path_planning:/home/ayush/project_gazebo_ws/install/as2_behavior_tree:/home/ayush/project_gazebo_ws/install/as2_behavior:/home/ayush/project_gazebo_ws/install/as2_alphanumeric_viewer:/home/ayush/project_gazebo_ws/install/as2_core:/home/ayush/project_gazebo_ws/install/as2_msgs:/home/ayush/project_gazebo_ws/install/as2_cli:/home/ayush/project_gazebo_ws/install/as2_visualization:/home/ayush/project_gazebo_ws/install/as2_keyboard_teleoperation:/home/ayush/project_gazebo_ws/install/as2_python_api:/opt/ros/humble LD_LIBRARY_PATH=/home/ayush/challenge_multi_drone/install/as2_motion_reference_handlers/lib:/home/ayush/challenge_multi_drone/install/as2_core/lib:/home/ayush/challenge_multi_drone/install/as2_msgs/lib:${LD_LIBRARY_PATH} PYTHONPATH=/home/ayush/challenge_multi_drone/install/as2_motion_reference_handlers/local/lib/python3.10/dist-packages:/home/ayush/challenge_multi_drone/install/as2_core/local/lib/python3.10/dist-packages:/home/ayush/challenge_multi_drone/install/as2_msgs/local/lib/python3.10/dist-packages:${PYTHONPATH} /usr/bin/cmake /home/ayush/challenge_multi_drone/src/aerostack2/as2_motion_controller -DCMAKE_INSTALL_PREFIX=/home/ayush/challenge_multi_drone/install/as2_motion_controller
[7.116s] Invoking command in '/home/ayush/challenge_multi_drone/build/as2_motion_controller': AMENT_PREFIX_PATH=/home/ayush/challenge_multi_drone/install/as2_motion_reference_handlers:/home/ayush/challenge_multi_drone/install/as2_core:/home/ayush/challenge_multi_drone/install/as2_msgs:${AMENT_PREFIX_PATH} CMAKE_PREFIX_PATH=/home/ayush/challenge_multi_drone/install/as2_motion_reference_handlers:/home/ayush/challenge_multi_drone/install/as2_core:/home/ayush/challenge_multi_drone/install/as2_msgs:/home/ayush/project_gazebo_ws/install/aerostack2:/home/ayush/project_gazebo_ws/install/as2_usb_camera_interface:/home/ayush/project_gazebo_ws/install/as2_state_estimator:/home/ayush/project_gazebo_ws/install/as2_rviz_plugins:/home/ayush/project_gazebo_ws/install/as2_realsense_interface:/home/ayush/project_gazebo_ws/install/as2_platform_multirotor_simulator:/home/ayush/project_gazebo_ws/install/as2_platform_gazebo:/home/ayush/project_gazebo_ws/install/as2_motion_controller:/home/ayush/project_gazebo_ws/install/as2_behaviors_trajectory_generation:/home/ayush/project_gazebo_ws/install/as2_behaviors_motion:/home/ayush/project_gazebo_ws/install/as2_motion_reference_handlers:/home/ayush/project_gazebo_ws/install/as2_map_server:/home/ayush/project_gazebo_ws/install/as2_geozones:/home/ayush/project_gazebo_ws/install/as2_gazebo_assets:/home/ayush/project_gazebo_ws/install/as2_external_object_to_tf:/home/ayush/project_gazebo_ws/install/as2_behaviors_platform:/home/ayush/project_gazebo_ws/install/as2_behaviors_perception:/home/ayush/project_gazebo_ws/install/as2_behaviors_path_planning:/home/ayush/project_gazebo_ws/install/as2_behavior_tree:/home/ayush/project_gazebo_ws/install/as2_behavior:/home/ayush/project_gazebo_ws/install/as2_alphanumeric_viewer:/home/ayush/project_gazebo_ws/install/as2_core:/home/ayush/project_gazebo_ws/install/as2_msgs:/home/ayush/project_gazebo_ws/install/as2_cli:/home/ayush/project_gazebo_ws/install/as2_visualization:/home/ayush/project_gazebo_ws/install/as2_keyboard_teleoperation:/home/ayush/project_gazebo_ws/install/as2_python_api:/opt/ros/humble LD_LIBRARY_PATH=/home/ayush/challenge_multi_drone/install/as2_motion_reference_handlers/lib:/home/ayush/challenge_multi_drone/install/as2_core/lib:/home/ayush/challenge_multi_drone/install/as2_msgs/lib:${LD_LIBRARY_PATH} PYTHONPATH=/home/ayush/challenge_multi_drone/install/as2_motion_reference_handlers/local/lib/python3.10/dist-packages:/home/ayush/challenge_multi_drone/install/as2_core/local/lib/python3.10/dist-packages:/home/ayush/challenge_multi_drone/install/as2_msgs/local/lib/python3.10/dist-packages:${PYTHONPATH} /usr/bin/cmake --build /home/ayush/challenge_multi_drone/build/as2_motion_controller -- -j12 -l12
[7.265s] [  6%] [32mBuilding CXX object CMakeFiles/as2_motion_controller.dir/src/controller_handler.cpp.o[0m
[7.266s] [  6%] [32mBuilding CXX object gtest/CMakeFiles/gtest_main.dir/src/gtest_main.cc.o[0m
[7.266s] [ 10%] [32m[1mLinking CXX shared library libas2_motion_controller_plugin_base.so[0m
[7.268s] [ 13%] [32mBuilding CXX object CMakeFiles/as2_motion_controller.dir/src/controller_manager.cpp.o[0m
[7.269s] [ 17%] [32mBuilding CXX object gtest/CMakeFiles/gtest.dir/src/gtest-all.cc.o[0m
[7.290s] [ 20%] [32m[1mLinking CXX shared library libpid_controller.so[0m
[7.403s] [ 20%] Built target pid_controller
[7.464s] [ 24%] [32mBuilding CXX object _deps/pid_controller-build/tests/CMakeFiles/pid_controller_pid_1d_gtest.dir/pid_1d_test/pid_1d_gtest.cpp.o[0m
[7.515s] [ 27%] [32mBuilding CXX object _deps/pid_controller-build/tests/CMakeFiles/pid_controller_saturate_output_gtest.dir/pid_test/saturate_output_gtest.cpp.o[0m
[7.548s] [ 27%] Built target as2_motion_controller_plugin_base
[7.548s] [ 31%] [32mBuilding CXX object _deps/pid_controller-build/tests/CMakeFiles/pid_controller_pid_gtest.dir/pid_test/pid_gtest.cpp.o[0m
[10.221s] [ 34%] [32m[1mLinking CXX static library libgtest_main.a[0m
[10.300s] [ 34%] Built target gtest_main
[13.298s] [ 37%] [32m[1mLinking CXX executable pid_controller_saturate_output_gtest[0m
[13.577s] [ 37%] Built target pid_controller_saturate_output_gtest
[13.791s] [ 41%] [32m[1mLinking CXX executable pid_controller_pid_1d_gtest[0m
[14.056s] [ 41%] Built target pid_controller_pid_1d_gtest
[21.171s] [ 44%] [32m[1mLinking CXX executable pid_controller_pid_gtest[0m
[21.435s] [ 44%] Built target pid_controller_pid_gtest
[28.977s] [ 48%] [32m[1mLinking CXX static library libgtest.a[0m
[29.059s] [ 48%] Built target gtest
[59.013s] [ 51%] [32m[1mLinking CXX shared library libas2_motion_controller.so[0m
[59.590s] [ 51%] Built target as2_motion_controller
[59.621s] [ 55%] [32mBuilding CXX object plugins/pid_speed_controller/CMakeFiles/pid_speed_controller.dir/src/pid_speed_controller.cpp.o[0m
[59.625s] [ 68%] [32mBuilding CXX object plugins/differential_flatness_controller/CMakeFiles/differential_flatness_controller.dir/src/differential_flatness_controller.cpp.o[0m
[59.625s] [ 68%] [32mBuilding CXX object tests/CMakeFiles/as2_motion_controller_find_mode_match_test.dir/find_mode_match_test.cpp.o[0m
[59.625s] [ 68%] [32mBuilding CXX object tests/CMakeFiles/as2_motion_controller_as2_motion_controller_gtest.dir/as2_motion_controller_gtest.cpp.o[0m
[59.625s] [ 68%] [32mBuilding CXX object CMakeFiles/as2_motion_controller_node.dir/src/controller_manager_node.cpp.o[0m
[62.900s] [ 72%] [32m[1mLinking CXX executable as2_motion_controller_find_mode_match_test[0m
[63.210s] [ 72%] Built target as2_motion_controller_find_mode_match_test
[69.880s] [ 75%] [32m[1mLinking CXX executable as2_motion_controller_node[0m
[69.971s] [ 79%] [32m[1mLinking CXX shared library libdifferential_flatness_controller.so[0m
[70.278s] [ 79%] Built target as2_motion_controller_node
[70.464s] [ 79%] Built target differential_flatness_controller
[70.512s] [ 82%] [32mBuilding CXX object plugins/differential_flatness_controller/tests/CMakeFiles/as2_motion_controller_differential_flatness_controller_gtest.dir/differential_flatness_controller_gtest.cpp.o[0m
[71.282s] [ 86%] [32m[1mLinking CXX shared library libpid_speed_controller.so[0m
[71.740s] [ 86%] Built target pid_speed_controller
[71.783s] [ 89%] [32mBuilding CXX object plugins/pid_speed_controller/tests/CMakeFiles/as2_motion_controller_pid_speed_controller_gtest.dir/pid_speed_controller_gtest.cpp.o[0m
[72.760s] [ 93%] [32m[1mLinking CXX executable as2_motion_controller_as2_motion_controller_gtest[0m
[73.217s] [ 93%] Built target as2_motion_controller_as2_motion_controller_gtest
[79.302s] [ 96%] [32m[1mLinking CXX executable as2_motion_controller_differential_flatness_controller_gtest[0m
[79.591s] [ 96%] Built target as2_motion_controller_differential_flatness_controller_gtest
[81.529s] [100%] [32m[1mLinking CXX executable as2_motion_controller_pid_speed_controller_gtest[0m
[81.848s] [100%] Built target as2_motion_controller_pid_speed_controller_gtest
[81.863s] Invoked command in '/home/ayush/challenge_multi_drone/build/as2_motion_controller' returned '0': AMENT_PREFIX_PATH=/home/ayush/challenge_multi_drone/install/as2_motion_reference_handlers:/home/ayush/challenge_multi_drone/install/as2_core:/home/ayush/challenge_multi_drone/install/as2_msgs:${AMENT_PREFIX_PATH} CMAKE_PREFIX_PATH=/home/ayush/challenge_multi_drone/install/as2_motion_reference_handlers:/home/ayush/challenge_multi_drone/install/as2_core:/home/ayush/challenge_multi_drone/install/as2_msgs:/home/ayush/project_gazebo_ws/install/aerostack2:/home/ayush/project_gazebo_ws/install/as2_usb_camera_interface:/home/ayush/project_gazebo_ws/install/as2_state_estimator:/home/ayush/project_gazebo_ws/install/as2_rviz_plugins:/home/ayush/project_gazebo_ws/install/as2_realsense_interface:/home/ayush/project_gazebo_ws/install/as2_platform_multirotor_simulator:/home/ayush/project_gazebo_ws/install/as2_platform_gazebo:/home/ayush/project_gazebo_ws/install/as2_motion_controller:/home/ayush/project_gazebo_ws/install/as2_behaviors_trajectory_generation:/home/ayush/project_gazebo_ws/install/as2_behaviors_motion:/home/ayush/project_gazebo_ws/install/as2_motion_reference_handlers:/home/ayush/project_gazebo_ws/install/as2_map_server:/home/ayush/project_gazebo_ws/install/as2_geozones:/home/ayush/project_gazebo_ws/install/as2_gazebo_assets:/home/ayush/project_gazebo_ws/install/as2_external_object_to_tf:/home/ayush/project_gazebo_ws/install/as2_behaviors_platform:/home/ayush/project_gazebo_ws/install/as2_behaviors_perception:/home/ayush/project_gazebo_ws/install/as2_behaviors_path_planning:/home/ayush/project_gazebo_ws/install/as2_behavior_tree:/home/ayush/project_gazebo_ws/install/as2_behavior:/home/ayush/project_gazebo_ws/install/as2_alphanumeric_viewer:/home/ayush/project_gazebo_ws/install/as2_core:/home/ayush/project_gazebo_ws/install/as2_msgs:/home/ayush/project_gazebo_ws/install/as2_cli:/home/ayush/project_gazebo_ws/install/as2_visualization:/home/ayush/project_gazebo_ws/install/as2_keyboard_teleoperation:/home/ayush/project_gazebo_ws/install/as2_python_api:/opt/ros/humble LD_LIBRARY_PATH=/home/ayush/challenge_multi_drone/install/as2_motion_reference_handlers/lib:/home/ayush/challenge_multi_drone/install/as2_core/lib:/home/ayush/challenge_multi_drone/install/as2_msgs/lib:${LD_LIBRARY_PATH} PYTHONPATH=/home/ayush/challenge_multi_drone/install/as2_motion_reference_handlers/local/lib/python3.10/dist-packages:/home/ayush/challenge_multi_drone/install/as2_core/local/lib/python3.10/dist-packages:/home/ayush/challenge_multi_drone/install/as2_msgs/local/lib/python3.10/dist-packages:${PYTHONPATH} /usr/bin/cmake --build /home/ayush/challenge_multi_drone/build/as2_motion_controller -- -j12 -l12
[81.866s] Invoking command in '/home/ayush/challenge_multi_drone/build/as2_motion_controller': AMENT_PREFIX_PATH=/home/ayush/challenge_multi_drone/install/as2_motion_reference_handlers:/home/ayush/challenge_multi_drone/install/as2_core:/home/ayush/challenge_multi_drone/install/as2_msgs:${AMENT_PREFIX_PATH} CMAKE_PREFIX_PATH=/home/ayush/challenge_multi_drone/install/as2_motion_reference_handlers:/home/ayush/challenge_multi_drone/install/as2_core:/home/ayush/challenge_multi_drone/install/as2_msgs:/home/ayush/project_gazebo_ws/install/aerostack2:/home/ayush/project_gazebo_ws/install/as2_usb_camera_interface:/home/ayush/project_gazebo_ws/install/as2_state_estimator:/home/ayush/project_gazebo_ws/install/as2_rviz_plugins:/home/ayush/project_gazebo_ws/install/as2_realsense_interface:/home/ayush/project_gazebo_ws/install/as2_platform_multirotor_simulator:/home/ayush/project_gazebo_ws/install/as2_platform_gazebo:/home/ayush/project_gazebo_ws/install/as2_motion_controller:/home/ayush/project_gazebo_ws/install/as2_behaviors_trajectory_generation:/home/ayush/project_gazebo_ws/install/as2_behaviors_motion:/home/ayush/project_gazebo_ws/install/as2_motion_reference_handlers:/home/ayush/project_gazebo_ws/install/as2_map_server:/home/ayush/project_gazebo_ws/install/as2_geozones:/home/ayush/project_gazebo_ws/install/as2_gazebo_assets:/home/ayush/project_gazebo_ws/install/as2_external_object_to_tf:/home/ayush/project_gazebo_ws/install/as2_behaviors_platform:/home/ayush/project_gazebo_ws/install/as2_behaviors_perception:/home/ayush/project_gazebo_ws/install/as2_behaviors_path_planning:/home/ayush/project_gazebo_ws/install/as2_behavior_tree:/home/ayush/project_gazebo_ws/install/as2_behavior:/home/ayush/project_gazebo_ws/install/as2_alphanumeric_viewer:/home/ayush/project_gazebo_ws/install/as2_core:/home/ayush/project_gazebo_ws/install/as2_msgs:/home/ayush/project_gazebo_ws/install/as2_cli:/home/ayush/project_gazebo_ws/install/as2_visualization:/home/ayush/project_gazebo_ws/install/as2_keyboard_teleoperation:/home/ayush/project_gazebo_ws/install/as2_python_api:/opt/ros/humble LD_LIBRARY_PATH=/home/ayush/challenge_multi_drone/install/as2_motion_reference_handlers/lib:/home/ayush/challenge_multi_drone/install/as2_core/lib:/home/ayush/challenge_multi_drone/install/as2_msgs/lib:${LD_LIBRARY_PATH} PYTHONPATH=/home/ayush/challenge_multi_drone/install/as2_motion_reference_handlers/local/lib/python3.10/dist-packages:/home/ayush/challenge_multi_drone/install/as2_core/local/lib/python3.10/dist-packages:/home/ayush/challenge_multi_drone/install/as2_msgs/local/lib/python3.10/dist-packages:${PYTHONPATH} /usr/bin/cmake --install /home/ayush/challenge_multi_drone/build/as2_motion_controller
[81.877s] -- Install configuration: "Release"
[81.877s] -- Installing: /home/ayush/challenge_multi_drone/install/as2_motion_controller/lib/libas2_motion_controller.so
[81.881s] -- Set runtime path of "/home/ayush/challenge_multi_drone/install/as2_motion_controller/lib/libas2_motion_controller.so" to ""
[81.881s] -- Installing: /home/ayush/challenge_multi_drone/install/as2_motion_controller/lib/libas2_motion_controller_plugin_base.so
[81.881s] -- Set runtime path of "/home/ayush/challenge_multi_drone/install/as2_motion_controller/lib/libas2_motion_controller_plugin_base.so" to ""
[81.881s] -- Installing: /home/ayush/challenge_multi_drone/install/as2_motion_controller/lib/as2_motion_controller/as2_motion_controller_node
[81.881s] -- Set runtime path of "/home/ayush/challenge_multi_drone/install/as2_motion_controller/lib/as2_motion_controller/as2_motion_controller_node" to ""
[81.882s] -- Installing: /home/ayush/challenge_multi_drone/install/as2_motion_controller/include
[81.882s] -- Installing: /home/ayush/challenge_multi_drone/install/as2_motion_controller/include/as2_motion_controller
[81.882s] -- Installing: /home/ayush/challenge_multi_drone/install/as2_motion_controller/include/as2_motion_controller/controller_manager.hpp
[81.882s] -- Installing: /home/ayush/challenge_multi_drone/install/as2_motion_controller/include/as2_motion_controller/controller_base.hpp
[81.882s] -- Installing: /home/ayush/challenge_multi_drone/install/as2_motion_controller/include/as2_motion_controller/controller_handler.hpp
[81.882s] -- Installing: /home/ayush/challenge_multi_drone/install/as2_motion_controller/share/as2_motion_controller/environment/library_path.sh
[81.883s] -- Installing: /home/ayush/challenge_multi_drone/install/as2_motion_controller/share/as2_motion_controller/environment/library_path.dsv
[81.883s] -- Installing: /home/ayush/challenge_multi_drone/install/as2_motion_controller/share/as2_motion_controller/plugins.xml
[81.883s] -- Installing: /home/ayush/challenge_multi_drone/install/as2_motion_controller/share/as2_motion_controller/plugins/differential_flatness_controller/config
[81.883s] -- Installing: /home/ayush/challenge_multi_drone/install/as2_motion_controller/share/as2_motion_controller/plugins/differential_flatness_controller/config/available_modes.yaml
[81.883s] -- Installing: /home/ayush/challenge_multi_drone/install/as2_motion_controller/share/as2_motion_controller/plugins/differential_flatness_controller/config/controller_default.yaml
[81.883s] -- Installing: /home/ayush/challenge_multi_drone/install/as2_motion_controller/share/as2_motion_controller/plugins/pid_speed_controller/config
[81.883s] -- Installing: /home/ayush/challenge_multi_drone/install/as2_motion_controller/share/as2_motion_controller/plugins/pid_speed_controller/config/available_modes.yaml
[81.883s] -- Installing: /home/ayush/challenge_multi_drone/install/as2_motion_controller/share/as2_motion_controller/plugins/pid_speed_controller/config/controller_default.yaml
[81.884s] -- Installing: /home/ayush/challenge_multi_drone/install/as2_motion_controller/share/as2_motion_controller/launch
[81.884s] -- Installing: /home/ayush/challenge_multi_drone/install/as2_motion_controller/share/as2_motion_controller/launch/pid_speed_controller.launch.py
[81.884s] -- Installing: /home/ayush/challenge_multi_drone/install/as2_motion_controller/share/as2_motion_controller/launch/controller_launch.py
[81.884s] -- Installing: /home/ayush/challenge_multi_drone/install/as2_motion_controller/share/as2_motion_controller/launch/differential_flatness_controller.launch.py
[81.884s] -- Installing: /home/ayush/challenge_multi_drone/install/as2_motion_controller/share/as2_motion_controller/config
[81.884s] -- Installing: /home/ayush/challenge_multi_drone/install/as2_motion_controller/share/as2_motion_controller/config/motion_controller_default.yaml
[81.884s] -- Installing: /home/ayush/challenge_multi_drone/install/as2_motion_controller/share/ament_index/resource_index/package_run_dependencies/as2_motion_controller
[81.884s] -- Installing: /home/ayush/challenge_multi_drone/install/as2_motion_controller/share/ament_index/resource_index/parent_prefix_path/as2_motion_controller
[81.884s] -- Installing: /home/ayush/challenge_multi_drone/install/as2_motion_controller/share/as2_motion_controller/environment/ament_prefix_path.sh
[81.885s] -- Installing: /home/ayush/challenge_multi_drone/install/as2_motion_controller/share/as2_motion_controller/environment/ament_prefix_path.dsv
[81.885s] -- Installing: /home/ayush/challenge_multi_drone/install/as2_motion_controller/share/as2_motion_controller/environment/path.sh
[81.885s] -- Installing: /home/ayush/challenge_multi_drone/install/as2_motion_controller/share/as2_motion_controller/environment/path.dsv
[81.885s] -- Installing: /home/ayush/challenge_multi_drone/install/as2_motion_controller/share/as2_motion_controller/local_setup.bash
[81.885s] -- Installing: /home/ayush/challenge_multi_drone/install/as2_motion_controller/share/as2_motion_controller/local_setup.sh
[81.885s] -- Installing: /home/ayush/challenge_multi_drone/install/as2_motion_controller/share/as2_motion_controller/local_setup.zsh
[81.885s] -- Installing: /home/ayush/challenge_multi_drone/install/as2_motion_controller/share/as2_motion_controller/local_setup.dsv
[81.885s] -- Installing: /home/ayush/challenge_multi_drone/install/as2_motion_controller/share/as2_motion_controller/package.dsv
[81.886s] -- Installing: /home/ayush/challenge_multi_drone/install/as2_motion_controller/share/ament_index/resource_index/packages/as2_motion_controller
[81.886s] -- Installing: /home/ayush/challenge_multi_drone/install/as2_motion_controller/share/ament_index/resource_index/as2_motion_controller__pluginlib__plugin/as2_motion_controller
[81.886s] -- Installing: /home/ayush/challenge_multi_drone/install/as2_motion_controller/share/as2_motion_controller/cmake/ament_cmake_export_include_directories-extras.cmake
[81.886s] -- Installing: /home/ayush/challenge_multi_drone/install/as2_motion_controller/share/as2_motion_controller/cmake/ament_cmake_export_libraries-extras.cmake
[81.886s] -- Installing: /home/ayush/challenge_multi_drone/install/as2_motion_controller/share/as2_motion_controller/cmake/as2_motion_controllerConfig.cmake
[81.886s] -- Installing: /home/ayush/challenge_multi_drone/install/as2_motion_controller/share/as2_motion_controller/cmake/as2_motion_controllerConfig-version.cmake
[81.886s] -- Installing: /home/ayush/challenge_multi_drone/install/as2_motion_controller/share/as2_motion_controller/package.xml
[81.886s] -- Up-to-date: /home/ayush/challenge_multi_drone/install/as2_motion_controller/include
[81.886s] -- Installing: /home/ayush/challenge_multi_drone/install/as2_motion_controller/include/differential_flatness_controller
[81.887s] -- Installing: /home/ayush/challenge_multi_drone/install/as2_motion_controller/include/differential_flatness_controller/differential_flatness_controller.hpp
[81.887s] -- Installing: /home/ayush/challenge_multi_drone/install/as2_motion_controller/lib/libdifferential_flatness_controller.so
[81.887s] -- Set runtime path of "/home/ayush/challenge_multi_drone/install/as2_motion_controller/lib/libdifferential_flatness_controller.so" to ""
[81.887s] -- Up-to-date: /home/ayush/challenge_multi_drone/install/as2_motion_controller/include
[81.887s] -- Installing: /home/ayush/challenge_multi_drone/install/as2_motion_controller/include/pid_speed_controller
[81.887s] -- Installing: /home/ayush/challenge_multi_drone/install/as2_motion_controller/include/pid_speed_controller/pid_speed_controller.hpp
[81.887s] -- Installing: /home/ayush/challenge_multi_drone/install/as2_motion_controller/lib/libpid_speed_controller.so
[81.887s] -- Set runtime path of "/home/ayush/challenge_multi_drone/install/as2_motion_controller/lib/libpid_speed_controller.so" to ""
[81.889s] Invoked command in '/home/ayush/challenge_multi_drone/build/as2_motion_controller' returned '0': AMENT_PREFIX_PATH=/home/ayush/challenge_multi_drone/install/as2_motion_reference_handlers:/home/ayush/challenge_multi_drone/install/as2_core:/home/ayush/challenge_multi_drone/install/as2_msgs:${AMENT_PREFIX_PATH} CMAKE_PREFIX_PATH=/home/ayush/challenge_multi_drone/install/as2_motion_reference_handlers:/home/ayush/challenge_multi_drone/install/as2_core:/home/ayush/challenge_multi_drone/install/as2_msgs:/home/ayush/project_gazebo_ws/install/aerostack2:/home/ayush/project_gazebo_ws/install/as2_usb_camera_interface:/home/ayush/project_gazebo_ws/install/as2_state_estimator:/home/ayush/project_gazebo_ws/install/as2_rviz_plugins:/home/ayush/project_gazebo_ws/install/as2_realsense_interface:/home/ayush/project_gazebo_ws/install/as2_platform_multirotor_simulator:/home/ayush/project_gazebo_ws/install/as2_platform_gazebo:/home/ayush/project_gazebo_ws/install/as2_motion_controller:/home/ayush/project_gazebo_ws/install/as2_behaviors_trajectory_generation:/home/ayush/project_gazebo_ws/install/as2_behaviors_motion:/home/ayush/project_gazebo_ws/install/as2_motion_reference_handlers:/home/ayush/project_gazebo_ws/install/as2_map_server:/home/ayush/project_gazebo_ws/install/as2_geozones:/home/ayush/project_gazebo_ws/install/as2_gazebo_assets:/home/ayush/project_gazebo_ws/install/as2_external_object_to_tf:/home/ayush/project_gazebo_ws/install/as2_behaviors_platform:/home/ayush/project_gazebo_ws/install/as2_behaviors_perception:/home/ayush/project_gazebo_ws/install/as2_behaviors_path_planning:/home/ayush/project_gazebo_ws/install/as2_behavior_tree:/home/ayush/project_gazebo_ws/install/as2_behavior:/home/ayush/project_gazebo_ws/install/as2_alphanumeric_viewer:/home/ayush/project_gazebo_ws/install/as2_core:/home/ayush/project_gazebo_ws/install/as2_msgs:/home/ayush/project_gazebo_ws/install/as2_cli:/home/ayush/project_gazebo_ws/install/as2_visualization:/home/ayush/project_gazebo_ws/install/as2_keyboard_teleoperation:/home/ayush/project_gazebo_ws/install/as2_python_api:/opt/ros/humble LD_LIBRARY_PATH=/home/ayush/challenge_multi_drone/install/as2_motion_reference_handlers/lib:/home/ayush/challenge_multi_drone/install/as2_core/lib:/home/ayush/challenge_multi_drone/install/as2_msgs/lib:${LD_LIBRARY_PATH} PYTHONPATH=/home/ayush/challenge_multi_drone/install/as2_motion_reference_handlers/local/lib/python3.10/dist-packages:/home/ayush/challenge_multi_drone/install/as2_core/local/lib/python3.10/dist-packages:/home/ayush/challenge_multi_drone/install/as2_msgs/local/lib/python3.10/dist-packages:${PYTHONPATH} /usr/bin/cmake --install /home/ayush/challenge_multi_drone/build/as2_motion_controller
