[0.029s] Invoking command in '/home/ayush/challenge_multi_drone/build/as2_platform_crazyflie': AMENT_PREFIX_PATH=/home/ayush/challenge_multi_drone/install/as2_core:/home/ayush/challenge_multi_drone/install/as2_msgs:${AMENT_PREFIX_PATH} CMAKE_PREFIX_PATH=/home/ayush/challenge_multi_drone/install/as2_core:/home/ayush/challenge_multi_drone/install/as2_msgs:/home/ayush/project_gazebo_ws/install/aerostack2:/home/ayush/project_gazebo_ws/install/as2_usb_camera_interface:/home/ayush/project_gazebo_ws/install/as2_state_estimator:/home/ayush/project_gazebo_ws/install/as2_rviz_plugins:/home/ayush/project_gazebo_ws/install/as2_realsense_interface:/home/ayush/project_gazebo_ws/install/as2_platform_multirotor_simulator:/home/ayush/project_gazebo_ws/install/as2_platform_gazebo:/home/ayush/project_gazebo_ws/install/as2_motion_controller:/home/ayush/project_gazebo_ws/install/as2_behaviors_trajectory_generation:/home/ayush/project_gazebo_ws/install/as2_behaviors_motion:/home/ayush/project_gazebo_ws/install/as2_motion_reference_handlers:/home/ayush/project_gazebo_ws/install/as2_map_server:/home/ayush/project_gazebo_ws/install/as2_geozones:/home/ayush/project_gazebo_ws/install/as2_gazebo_assets:/home/ayush/project_gazebo_ws/install/as2_external_object_to_tf:/home/ayush/project_gazebo_ws/install/as2_behaviors_platform:/home/ayush/project_gazebo_ws/install/as2_behaviors_perception:/home/ayush/project_gazebo_ws/install/as2_behaviors_path_planning:/home/ayush/project_gazebo_ws/install/as2_behavior_tree:/home/ayush/project_gazebo_ws/install/as2_behavior:/home/ayush/project_gazebo_ws/install/as2_alphanumeric_viewer:/home/ayush/project_gazebo_ws/install/as2_core:/home/ayush/project_gazebo_ws/install/as2_msgs:/home/ayush/project_gazebo_ws/install/as2_cli:/home/ayush/project_gazebo_ws/install/as2_visualization:/home/ayush/project_gazebo_ws/install/as2_keyboard_teleoperation:/home/ayush/project_gazebo_ws/install/as2_python_api:/opt/ros/humble LD_LIBRARY_PATH=/home/ayush/challenge_multi_drone/install/as2_core/lib:/home/ayush/challenge_multi_drone/install/as2_msgs/lib:${LD_LIBRARY_PATH} PYTHONPATH=/home/ayush/challenge_multi_drone/install/as2_core/local/lib/python3.10/dist-packages:/home/ayush/challenge_multi_drone/install/as2_msgs/local/lib/python3.10/dist-packages:${PYTHONPATH} /usr/bin/cmake --build /home/ayush/challenge_multi_drone/build/as2_platform_crazyflie -- -j12 -l12
[0.136s] [ 50%] Built target crazyflieLinkCpp
[0.195s] [ 50%] Built target ament_cmake_python_copy_as2_platform_crazyflie
[0.242s] [ 66%] Built target crazyflie_cpp
[0.815s] running egg_info
[0.819s] writing as2_platform_crazyflie.egg-info/PKG-INFO
[0.819s] writing dependency_links to as2_platform_crazyflie.egg-info/dependency_links.txt
[0.819s] writing top-level names to as2_platform_crazyflie.egg-info/top_level.txt
[0.821s] reading manifest file 'as2_platform_crazyflie.egg-info/SOURCES.txt'
[0.824s] writing manifest file 'as2_platform_crazyflie.egg-info/SOURCES.txt'
[0.887s] [ 66%] Built target ament_cmake_python_build_as2_platform_crazyflie_egg
[0.957s] [ 83%] Built target as2_platform_crazyflie_swarm_node
[1.022s] [100%] Built target as2_platform_crazyflie_node
[1.045s] Invoked command in '/home/ayush/challenge_multi_drone/build/as2_platform_crazyflie' returned '0': AMENT_PREFIX_PATH=/home/ayush/challenge_multi_drone/install/as2_core:/home/ayush/challenge_multi_drone/install/as2_msgs:${AMENT_PREFIX_PATH} CMAKE_PREFIX_PATH=/home/ayush/challenge_multi_drone/install/as2_core:/home/ayush/challenge_multi_drone/install/as2_msgs:/home/ayush/project_gazebo_ws/install/aerostack2:/home/ayush/project_gazebo_ws/install/as2_usb_camera_interface:/home/ayush/project_gazebo_ws/install/as2_state_estimator:/home/ayush/project_gazebo_ws/install/as2_rviz_plugins:/home/ayush/project_gazebo_ws/install/as2_realsense_interface:/home/ayush/project_gazebo_ws/install/as2_platform_multirotor_simulator:/home/ayush/project_gazebo_ws/install/as2_platform_gazebo:/home/ayush/project_gazebo_ws/install/as2_motion_controller:/home/ayush/project_gazebo_ws/install/as2_behaviors_trajectory_generation:/home/ayush/project_gazebo_ws/install/as2_behaviors_motion:/home/ayush/project_gazebo_ws/install/as2_motion_reference_handlers:/home/ayush/project_gazebo_ws/install/as2_map_server:/home/ayush/project_gazebo_ws/install/as2_geozones:/home/ayush/project_gazebo_ws/install/as2_gazebo_assets:/home/ayush/project_gazebo_ws/install/as2_external_object_to_tf:/home/ayush/project_gazebo_ws/install/as2_behaviors_platform:/home/ayush/project_gazebo_ws/install/as2_behaviors_perception:/home/ayush/project_gazebo_ws/install/as2_behaviors_path_planning:/home/ayush/project_gazebo_ws/install/as2_behavior_tree:/home/ayush/project_gazebo_ws/install/as2_behavior:/home/ayush/project_gazebo_ws/install/as2_alphanumeric_viewer:/home/ayush/project_gazebo_ws/install/as2_core:/home/ayush/project_gazebo_ws/install/as2_msgs:/home/ayush/project_gazebo_ws/install/as2_cli:/home/ayush/project_gazebo_ws/install/as2_visualization:/home/ayush/project_gazebo_ws/install/as2_keyboard_teleoperation:/home/ayush/project_gazebo_ws/install/as2_python_api:/opt/ros/humble LD_LIBRARY_PATH=/home/ayush/challenge_multi_drone/install/as2_core/lib:/home/ayush/challenge_multi_drone/install/as2_msgs/lib:${LD_LIBRARY_PATH} PYTHONPATH=/home/ayush/challenge_multi_drone/install/as2_core/local/lib/python3.10/dist-packages:/home/ayush/challenge_multi_drone/install/as2_msgs/local/lib/python3.10/dist-packages:${PYTHONPATH} /usr/bin/cmake --build /home/ayush/challenge_multi_drone/build/as2_platform_crazyflie -- -j12 -l12
[1.049s] Invoking command in '/home/ayush/challenge_multi_drone/build/as2_platform_crazyflie': AMENT_PREFIX_PATH=/home/ayush/challenge_multi_drone/install/as2_core:/home/ayush/challenge_multi_drone/install/as2_msgs:${AMENT_PREFIX_PATH} CMAKE_PREFIX_PATH=/home/ayush/challenge_multi_drone/install/as2_core:/home/ayush/challenge_multi_drone/install/as2_msgs:/home/ayush/project_gazebo_ws/install/aerostack2:/home/ayush/project_gazebo_ws/install/as2_usb_camera_interface:/home/ayush/project_gazebo_ws/install/as2_state_estimator:/home/ayush/project_gazebo_ws/install/as2_rviz_plugins:/home/ayush/project_gazebo_ws/install/as2_realsense_interface:/home/ayush/project_gazebo_ws/install/as2_platform_multirotor_simulator:/home/ayush/project_gazebo_ws/install/as2_platform_gazebo:/home/ayush/project_gazebo_ws/install/as2_motion_controller:/home/ayush/project_gazebo_ws/install/as2_behaviors_trajectory_generation:/home/ayush/project_gazebo_ws/install/as2_behaviors_motion:/home/ayush/project_gazebo_ws/install/as2_motion_reference_handlers:/home/ayush/project_gazebo_ws/install/as2_map_server:/home/ayush/project_gazebo_ws/install/as2_geozones:/home/ayush/project_gazebo_ws/install/as2_gazebo_assets:/home/ayush/project_gazebo_ws/install/as2_external_object_to_tf:/home/ayush/project_gazebo_ws/install/as2_behaviors_platform:/home/ayush/project_gazebo_ws/install/as2_behaviors_perception:/home/ayush/project_gazebo_ws/install/as2_behaviors_path_planning:/home/ayush/project_gazebo_ws/install/as2_behavior_tree:/home/ayush/project_gazebo_ws/install/as2_behavior:/home/ayush/project_gazebo_ws/install/as2_alphanumeric_viewer:/home/ayush/project_gazebo_ws/install/as2_core:/home/ayush/project_gazebo_ws/install/as2_msgs:/home/ayush/project_gazebo_ws/install/as2_cli:/home/ayush/project_gazebo_ws/install/as2_visualization:/home/ayush/project_gazebo_ws/install/as2_keyboard_teleoperation:/home/ayush/project_gazebo_ws/install/as2_python_api:/opt/ros/humble LD_LIBRARY_PATH=/home/ayush/challenge_multi_drone/install/as2_core/lib:/home/ayush/challenge_multi_drone/install/as2_msgs/lib:${LD_LIBRARY_PATH} PYTHONPATH=/home/ayush/challenge_multi_drone/install/as2_core/local/lib/python3.10/dist-packages:/home/ayush/challenge_multi_drone/install/as2_msgs/local/lib/python3.10/dist-packages:${PYTHONPATH} /usr/bin/cmake --install /home/ayush/challenge_multi_drone/build/as2_platform_crazyflie
[1.060s] -- Install configuration: ""
[1.060s] -- Up-to-date: /home/ayush/challenge_multi_drone/install/as2_platform_crazyflie/share/as2_platform_crazyflie/launch
[1.060s] -- Up-to-date: /home/ayush/challenge_multi_drone/install/as2_platform_crazyflie/share/as2_platform_crazyflie/launch/crazyflie_aideck_stream_launch.py
[1.061s] -- Up-to-date: /home/ayush/challenge_multi_drone/install/as2_platform_crazyflie/share/as2_platform_crazyflie/launch/crazyflie_swarm_launch.py
[1.061s] -- Up-to-date: /home/ayush/challenge_multi_drone/install/as2_platform_crazyflie/share/as2_platform_crazyflie/config
[1.061s] -- Up-to-date: /home/ayush/challenge_multi_drone/install/as2_platform_crazyflie/share/as2_platform_crazyflie/config/control_modes.yaml
[1.061s] -- Up-to-date: /home/ayush/challenge_multi_drone/install/as2_platform_crazyflie/share/as2_platform_crazyflie/config/aideck_config_file.yaml
[1.061s] -- Up-to-date: /home/ayush/challenge_multi_drone/install/as2_platform_crazyflie/share/as2_platform_crazyflie/config/swarm_config_file.yaml
[1.061s] -- Up-to-date: /home/ayush/challenge_multi_drone/install/as2_platform_crazyflie/share/as2_platform_crazyflie/config/camera_calibration.yaml
[1.061s] -- Up-to-date: /home/ayush/challenge_multi_drone/install/as2_platform_crazyflie/share/as2_platform_crazyflie/config/platform_config_file.yaml
[1.062s] -- Up-to-date: /home/ayush/challenge_multi_drone/install/as2_platform_crazyflie/lib/as2_platform_crazyflie/as2_platform_crazyflie_node
[1.062s] -- Up-to-date: /home/ayush/challenge_multi_drone/install/as2_platform_crazyflie/lib/as2_platform_crazyflie/as2_platform_crazyflie_swarm_node
[1.063s] -- Up-to-date: /home/ayush/challenge_multi_drone/install/as2_platform_crazyflie/share/as2_platform_crazyflie/environment/pythonpath.sh
[1.063s] -- Up-to-date: /home/ayush/challenge_multi_drone/install/as2_platform_crazyflie/share/as2_platform_crazyflie/environment/pythonpath.dsv
[1.063s] -- Up-to-date: /home/ayush/challenge_multi_drone/install/as2_platform_crazyflie/local/lib/python3.10/dist-packages/as2_platform_crazyflie-1.1.0-py3.10.egg-info
[1.063s] -- Installing: /home/ayush/challenge_multi_drone/install/as2_platform_crazyflie/local/lib/python3.10/dist-packages/as2_platform_crazyflie-1.1.0-py3.10.egg-info/dependency_links.txt
[1.064s] -- Installing: /home/ayush/challenge_multi_drone/install/as2_platform_crazyflie/local/lib/python3.10/dist-packages/as2_platform_crazyflie-1.1.0-py3.10.egg-info/SOURCES.txt
[1.064s] -- Installing: /home/ayush/challenge_multi_drone/install/as2_platform_crazyflie/local/lib/python3.10/dist-packages/as2_platform_crazyflie-1.1.0-py3.10.egg-info/PKG-INFO
[1.064s] -- Installing: /home/ayush/challenge_multi_drone/install/as2_platform_crazyflie/local/lib/python3.10/dist-packages/as2_platform_crazyflie-1.1.0-py3.10.egg-info/top_level.txt
[1.064s] -- Up-to-date: /home/ayush/challenge_multi_drone/install/as2_platform_crazyflie/local/lib/python3.10/dist-packages/as2_platform_crazyflie
[1.064s] -- Up-to-date: /home/ayush/challenge_multi_drone/install/as2_platform_crazyflie/local/lib/python3.10/dist-packages/as2_platform_crazyflie/viewer.py
[1.064s] -- Up-to-date: /home/ayush/challenge_multi_drone/install/as2_platform_crazyflie/local/lib/python3.10/dist-packages/as2_platform_crazyflie/__init__.py
[1.131s] Listing '/home/ayush/challenge_multi_drone/install/as2_platform_crazyflie/local/lib/python3.10/dist-packages/as2_platform_crazyflie'...
[1.140s] -- Up-to-date: /home/ayush/challenge_multi_drone/install/as2_platform_crazyflie/lib/as2_platform_crazyflie/aideck_node.py
[1.140s] -- Up-to-date: /home/ayush/challenge_multi_drone/install/as2_platform_crazyflie/share/ament_index/resource_index/package_run_dependencies/as2_platform_crazyflie
[1.140s] -- Up-to-date: /home/ayush/challenge_multi_drone/install/as2_platform_crazyflie/share/ament_index/resource_index/parent_prefix_path/as2_platform_crazyflie
[1.141s] -- Up-to-date: /home/ayush/challenge_multi_drone/install/as2_platform_crazyflie/share/as2_platform_crazyflie/environment/ament_prefix_path.sh
[1.141s] -- Up-to-date: /home/ayush/challenge_multi_drone/install/as2_platform_crazyflie/share/as2_platform_crazyflie/environment/ament_prefix_path.dsv
[1.141s] -- Up-to-date: /home/ayush/challenge_multi_drone/install/as2_platform_crazyflie/share/as2_platform_crazyflie/environment/path.sh
[1.141s] -- Up-to-date: /home/ayush/challenge_multi_drone/install/as2_platform_crazyflie/share/as2_platform_crazyflie/environment/path.dsv
[1.142s] -- Up-to-date: /home/ayush/challenge_multi_drone/install/as2_platform_crazyflie/share/as2_platform_crazyflie/local_setup.bash
[1.142s] -- Up-to-date: /home/ayush/challenge_multi_drone/install/as2_platform_crazyflie/share/as2_platform_crazyflie/local_setup.sh
[1.142s] -- Up-to-date: /home/ayush/challenge_multi_drone/install/as2_platform_crazyflie/share/as2_platform_crazyflie/local_setup.zsh
[1.142s] -- Up-to-date: /home/ayush/challenge_multi_drone/install/as2_platform_crazyflie/share/as2_platform_crazyflie/local_setup.dsv
[1.142s] -- Installing: /home/ayush/challenge_multi_drone/install/as2_platform_crazyflie/share/as2_platform_crazyflie/package.dsv
[1.143s] -- Up-to-date: /home/ayush/challenge_multi_drone/install/as2_platform_crazyflie/share/ament_index/resource_index/packages/as2_platform_crazyflie
[1.143s] -- Up-to-date: /home/ayush/challenge_multi_drone/install/as2_platform_crazyflie/share/as2_platform_crazyflie/cmake/as2_platform_crazyflieConfig.cmake
[1.143s] -- Up-to-date: /home/ayush/challenge_multi_drone/install/as2_platform_crazyflie/share/as2_platform_crazyflie/cmake/as2_platform_crazyflieConfig-version.cmake
[1.143s] -- Up-to-date: /home/ayush/challenge_multi_drone/install/as2_platform_crazyflie/share/as2_platform_crazyflie/package.xml
[1.146s] Invoked command in '/home/ayush/challenge_multi_drone/build/as2_platform_crazyflie' returned '0': AMENT_PREFIX_PATH=/home/ayush/challenge_multi_drone/install/as2_core:/home/ayush/challenge_multi_drone/install/as2_msgs:${AMENT_PREFIX_PATH} CMAKE_PREFIX_PATH=/home/ayush/challenge_multi_drone/install/as2_core:/home/ayush/challenge_multi_drone/install/as2_msgs:/home/ayush/project_gazebo_ws/install/aerostack2:/home/ayush/project_gazebo_ws/install/as2_usb_camera_interface:/home/ayush/project_gazebo_ws/install/as2_state_estimator:/home/ayush/project_gazebo_ws/install/as2_rviz_plugins:/home/ayush/project_gazebo_ws/install/as2_realsense_interface:/home/ayush/project_gazebo_ws/install/as2_platform_multirotor_simulator:/home/ayush/project_gazebo_ws/install/as2_platform_gazebo:/home/ayush/project_gazebo_ws/install/as2_motion_controller:/home/ayush/project_gazebo_ws/install/as2_behaviors_trajectory_generation:/home/ayush/project_gazebo_ws/install/as2_behaviors_motion:/home/ayush/project_gazebo_ws/install/as2_motion_reference_handlers:/home/ayush/project_gazebo_ws/install/as2_map_server:/home/ayush/project_gazebo_ws/install/as2_geozones:/home/ayush/project_gazebo_ws/install/as2_gazebo_assets:/home/ayush/project_gazebo_ws/install/as2_external_object_to_tf:/home/ayush/project_gazebo_ws/install/as2_behaviors_platform:/home/ayush/project_gazebo_ws/install/as2_behaviors_perception:/home/ayush/project_gazebo_ws/install/as2_behaviors_path_planning:/home/ayush/project_gazebo_ws/install/as2_behavior_tree:/home/ayush/project_gazebo_ws/install/as2_behavior:/home/ayush/project_gazebo_ws/install/as2_alphanumeric_viewer:/home/ayush/project_gazebo_ws/install/as2_core:/home/ayush/project_gazebo_ws/install/as2_msgs:/home/ayush/project_gazebo_ws/install/as2_cli:/home/ayush/project_gazebo_ws/install/as2_visualization:/home/ayush/project_gazebo_ws/install/as2_keyboard_teleoperation:/home/ayush/project_gazebo_ws/install/as2_python_api:/opt/ros/humble LD_LIBRARY_PATH=/home/ayush/challenge_multi_drone/install/as2_core/lib:/home/ayush/challenge_multi_drone/install/as2_msgs/lib:${LD_LIBRARY_PATH} PYTHONPATH=/home/ayush/challenge_multi_drone/install/as2_core/local/lib/python3.10/dist-packages:/home/ayush/challenge_multi_drone/install/as2_msgs/local/lib/python3.10/dist-packages:${PYTHONPATH} /usr/bin/cmake --install /home/ayush/challenge_multi_drone/build/as2_platform_crazyflie
