[  2%] [32mBuilding CXX object gtest/CMakeFiles/gtest.dir/src/gtest-all.cc.o[0m
[  4%] Built target pid_controller
[  6%] [32mBuilding CXX object gtest/CMakeFiles/gtest_main.dir/src/gtest_main.cc.o[0m
[  8%] [32mBuilding CXX object _deps/multirotor_simulator-build/pid_controller/tests/CMakeFiles/pid_controller_pid_1d_gtest.dir/pid_1d_test/pid_1d_gtest.cpp.o[0m
[ 10%] [32mBuilding CXX object _deps/multirotor_simulator-build/pid_controller/tests/CMakeFiles/pid_controller_saturate_output_gtest.dir/pid_test/saturate_output_gtest.cpp.o[0m
[ 12%] [32mBuilding CXX object _deps/multirotor_simulator-build/tests/CMakeFiles/multirotor_simulator_acro_controller_gtest.dir/multirotor_controllers/controllers/acro_controller_gtest.cpp.o[0m
[ 14%] [32mBuilding CXX object _deps/multirotor_simulator-build/pid_controller/tests/CMakeFiles/pid_controller_pid_gtest.dir/pid_test/pid_gtest.cpp.o[0m
[ 18%] [32mBuilding CXX object CMakeFiles/as2_platform_multirotor_simulator.dir/src/as2_platform_multirotor_simulator.cpp.o[0m
[ 16%] [32mBuilding CXX object CMakeFiles/as2_platform_multirotor_simulator_node.dir/src/as2_platform_multirotor_simulator_node.cpp.o[0m
[ 20%] [32mBuilding CXX object _deps/multirotor_simulator-build/tests/CMakeFiles/multirotor_simulator_indi_controller_gtest.dir/multirotor_controllers/controllers/indi_controller_gtest.cpp.o[0m
[ 22%] [32mBuilding CXX object _deps/multirotor_simulator-build/tests/CMakeFiles/multirotor_simulator_inertial_odometry_gtest.dir/imu_simulator/inertial_odometry_gtest.cpp.o[0m
[ 25%] [32mBuilding CXX object _deps/multirotor_simulator-build/tests/CMakeFiles/multirotor_simulator_position_controller_gtest.dir/multirotor_controllers/controllers/position_controller_gtest.cpp.o[0m
[ 27%] [32mBuilding CXX object _deps/multirotor_simulator-build/tests/CMakeFiles/multirotor_simulator_imu_gtest.dir/imu_simulator/imu_gtest.cpp.o[0m
[ 29%] [32m[1mLinking CXX static library libgtest_main.a[0m
[ 29%] Built target gtest_main
[ 31%] [32mBuilding CXX object _deps/multirotor_simulator-build/tests/CMakeFiles/multirotor_simulator_trajectory_controller_gtest.dir/multirotor_controllers/controllers/trajectory_controller_gtest.cpp.o[0m
[ 33%] [32m[1mLinking CXX executable pid_controller_saturate_output_gtest[0m
[ 33%] Built target pid_controller_saturate_output_gtest
[ 35%] [32mBuilding CXX object _deps/multirotor_simulator-build/tests/CMakeFiles/multirotor_simulator_velocity_controller_gtest.dir/multirotor_controllers/controllers/velocity_controller_gtest.cpp.o[0m
[ 37%] [32m[1mLinking CXX executable pid_controller_pid_1d_gtest[0m
[ 37%] Built target pid_controller_pid_1d_gtest
[ 39%] [32mBuilding CXX object _deps/multirotor_simulator-build/tests/CMakeFiles/multirotor_simulator_multirotor_controllers_gtest.dir/multirotor_controllers/multirotor_controllers_gtest.cpp.o[0m
[ 41%] [32m[1mLinking CXX executable multirotor_simulator_position_controller_gtest[0m
[ 41%] Built target multirotor_simulator_position_controller_gtest
[ 43%] [32mBuilding CXX object CMakeFiles/as2_platform_multirotor_simulator_node.dir/src/as2_platform_multirotor_simulator.cpp.o[0m
[ 45%] [32m[1mLinking CXX executable pid_controller_pid_gtest[0m
[ 47%] [32m[1mLinking CXX executable multirotor_simulator_inertial_odometry_gtest[0m
[ 47%] Built target pid_controller_pid_gtest
[ 50%] [32mBuilding CXX object _deps/multirotor_simulator-build/tests/CMakeFiles/multirotor_simulator_state_gtest.dir/multirotor_dynamic_model/common/state_gtest.cpp.o[0m
[ 50%] Built target multirotor_simulator_inertial_odometry_gtest
[ 52%] [32mBuilding CXX object _deps/multirotor_simulator-build/tests/CMakeFiles/multirotor_simulator_utils_gtest.dir/multirotor_dynamic_model/common/utils_gtest.cpp.o[0m
[ 54%] [32m[1mLinking CXX executable multirotor_simulator_indi_controller_gtest[0m
[ 54%] Built target multirotor_simulator_indi_controller_gtest
[ 56%] [32mBuilding CXX object _deps/multirotor_simulator-build/tests/CMakeFiles/multirotor_simulator_dynamics_gtest.dir/multirotor_dynamic_model/multirotor_dynamic_model/dynamics_gtest.cpp.o[0m
[ 58%] [32m[1mLinking CXX executable multirotor_simulator_acro_controller_gtest[0m
[ 60%] [32m[1mLinking CXX executable multirotor_simulator_trajectory_controller_gtest[0m
[ 60%] Built target multirotor_simulator_acro_controller_gtest
[ 62%] [32mBuilding CXX object _deps/multirotor_simulator-build/tests/CMakeFiles/multirotor_simulator_model_gtest.dir/multirotor_dynamic_model/multirotor_dynamic_model/model_gtest.cpp.o[0m
[ 62%] Built target multirotor_simulator_trajectory_controller_gtest
[ 64%] [32mBuilding CXX object _deps/multirotor_simulator-build/tests/CMakeFiles/multirotor_simulator_multirotor_simulator_fly_gtest.dir/multirotor_simulator/multirotor_simulator_fly_gtest.cpp.o[0m
[ 66%] [32m[1mLinking CXX executable multirotor_simulator_imu_gtest[0m
[ 66%] Built target multirotor_simulator_imu_gtest
[ 68%] [32mBuilding CXX object _deps/multirotor_simulator-build/tests/CMakeFiles/multirotor_simulator_multirotor_simulator_gtest.dir/multirotor_simulator/multirotor_simulator_gtest.cpp.o[0m
[ 70%] [32m[1mLinking CXX executable multirotor_simulator_velocity_controller_gtest[0m
[ 70%] Built target multirotor_simulator_velocity_controller_gtest
[ 72%] [32m[1mLinking CXX static library libgtest.a[0m
[ 72%] Built target gtest
[ 75%] [32m[1mLinking CXX executable multirotor_simulator_utils_gtest[0m
[ 75%] Built target multirotor_simulator_utils_gtest
[ 77%] [32m[1mLinking CXX executable multirotor_simulator_state_gtest[0m
[ 77%] Built target multirotor_simulator_state_gtest
[ 79%] [32m[1mLinking CXX executable multirotor_simulator_multirotor_controllers_gtest[0m
[ 79%] Built target multirotor_simulator_multirotor_controllers_gtest
[ 81%] [32m[1mLinking CXX executable multirotor_simulator_multirotor_simulator_fly_gtest[0m
[ 81%] Built target multirotor_simulator_multirotor_simulator_fly_gtest
[ 83%] [32m[1mLinking CXX executable multirotor_simulator_dynamics_gtest[0m
[ 83%] Built target multirotor_simulator_dynamics_gtest
[ 85%] [32m[1mLinking CXX executable multirotor_simulator_multirotor_simulator_gtest[0m
[ 85%] Built target multirotor_simulator_multirotor_simulator_gtest
[ 87%] [32m[1mLinking CXX executable multirotor_simulator_model_gtest[0m
[ 87%] Built target multirotor_simulator_model_gtest
[ 89%] [32m[1mLinking CXX static library libas2_platform_multirotor_simulator.a[0m
[ 89%] Built target as2_platform_multirotor_simulator
[ 93%] [32mBuilding CXX object tests/CMakeFiles/as2_platform_multirotor_simulator_as2_platform_multirotor_simulator_gtest.dir/as2_platform_multirotor_simulator_gtest.cpp.o[0m
[ 93%] [32mBuilding CXX object tests/CMakeFiles/as2_platform_multirotor_simulator_as2_platform_multirotor_simulator_fly_gtest.dir/as2_platform_multirotor_simulator_fly_gtest.cpp.o[0m
[ 95%] [32m[1mLinking CXX executable as2_platform_multirotor_simulator_node[0m
[ 95%] Built target as2_platform_multirotor_simulator_node
[ 97%] [32m[1mLinking CXX executable as2_platform_multirotor_simulator_as2_platform_multirotor_simulator_fly_gtest[0m
[ 97%] Built target as2_platform_multirotor_simulator_as2_platform_multirotor_simulator_fly_gtest
[100%] [32m[1mLinking CXX executable as2_platform_multirotor_simulator_as2_platform_multirotor_simulator_gtest[0m
[100%] Built target as2_platform_multirotor_simulator_as2_platform_multirotor_simulator_gtest
-- Install configuration: "Release"
-- Installing: /home/ayush/challenge_multi_drone/install/as2_platform_multirotor_simulator/include
-- Installing: /home/ayush/challenge_multi_drone/install/as2_platform_multirotor_simulator/include/as2_platform_multirotor_simulator
-- Installing: /home/ayush/challenge_multi_drone/install/as2_platform_multirotor_simulator/include/as2_platform_multirotor_simulator/as2_platform_multirotor_simulator.hpp
-- Installing: /home/ayush/challenge_multi_drone/install/as2_platform_multirotor_simulator/lib/as2_platform_multirotor_simulator/as2_platform_multirotor_simulator_node
-- Set runtime path of "/home/ayush/challenge_multi_drone/install/as2_platform_multirotor_simulator/lib/as2_platform_multirotor_simulator/as2_platform_multirotor_simulator_node" to ""
-- Installing: /home/ayush/challenge_multi_drone/install/as2_platform_multirotor_simulator/lib/libas2_platform_multirotor_simulator.a
-- Installing: /home/ayush/challenge_multi_drone/install/as2_platform_multirotor_simulator/share/as2_platform_multirotor_simulator/launch
-- Installing: /home/ayush/challenge_multi_drone/install/as2_platform_multirotor_simulator/share/as2_platform_multirotor_simulator/launch/as2_platform_multirotor_simulator.launch.py
-- Installing: /home/ayush/challenge_multi_drone/install/as2_platform_multirotor_simulator/share/as2_platform_multirotor_simulator/config
-- Installing: /home/ayush/challenge_multi_drone/install/as2_platform_multirotor_simulator/share/as2_platform_multirotor_simulator/config/control_modes.yaml
-- Installing: /home/ayush/challenge_multi_drone/install/as2_platform_multirotor_simulator/share/as2_platform_multirotor_simulator/config/uav_config.yaml
-- Installing: /home/ayush/challenge_multi_drone/install/as2_platform_multirotor_simulator/share/as2_platform_multirotor_simulator/config/world_config.yaml
-- Installing: /home/ayush/challenge_multi_drone/install/as2_platform_multirotor_simulator/share/as2_platform_multirotor_simulator/config/platform_config_file.yaml
-- Installing: /home/ayush/challenge_multi_drone/install/as2_platform_multirotor_simulator/share/ament_index/resource_index/package_run_dependencies/as2_platform_multirotor_simulator
-- Installing: /home/ayush/challenge_multi_drone/install/as2_platform_multirotor_simulator/share/ament_index/resource_index/parent_prefix_path/as2_platform_multirotor_simulator
-- Installing: /home/ayush/challenge_multi_drone/install/as2_platform_multirotor_simulator/share/as2_platform_multirotor_simulator/environment/ament_prefix_path.sh
-- Installing: /home/ayush/challenge_multi_drone/install/as2_platform_multirotor_simulator/share/as2_platform_multirotor_simulator/environment/ament_prefix_path.dsv
-- Installing: /home/ayush/challenge_multi_drone/install/as2_platform_multirotor_simulator/share/as2_platform_multirotor_simulator/environment/path.sh
-- Installing: /home/ayush/challenge_multi_drone/install/as2_platform_multirotor_simulator/share/as2_platform_multirotor_simulator/environment/path.dsv
-- Installing: /home/ayush/challenge_multi_drone/install/as2_platform_multirotor_simulator/share/as2_platform_multirotor_simulator/local_setup.bash
-- Installing: /home/ayush/challenge_multi_drone/install/as2_platform_multirotor_simulator/share/as2_platform_multirotor_simulator/local_setup.sh
-- Installing: /home/ayush/challenge_multi_drone/install/as2_platform_multirotor_simulator/share/as2_platform_multirotor_simulator/local_setup.zsh
-- Installing: /home/ayush/challenge_multi_drone/install/as2_platform_multirotor_simulator/share/as2_platform_multirotor_simulator/local_setup.dsv
-- Installing: /home/ayush/challenge_multi_drone/install/as2_platform_multirotor_simulator/share/as2_platform_multirotor_simulator/package.dsv
-- Installing: /home/ayush/challenge_multi_drone/install/as2_platform_multirotor_simulator/share/ament_index/resource_index/packages/as2_platform_multirotor_simulator
-- Installing: /home/ayush/challenge_multi_drone/install/as2_platform_multirotor_simulator/share/as2_platform_multirotor_simulator/cmake/as2_platform_multirotor_simulatorConfig.cmake
-- Installing: /home/ayush/challenge_multi_drone/install/as2_platform_multirotor_simulator/share/as2_platform_multirotor_simulator/cmake/as2_platform_multirotor_simulatorConfig-version.cmake
-- Installing: /home/ayush/challenge_multi_drone/install/as2_platform_multirotor_simulator/share/as2_platform_multirotor_simulator/package.xml
