[0.023s] Invoking command in '/home/ayush/challenge_multi_drone/build/as2_platform_multirotor_simulator': AMENT_PREFIX_PATH=/home/ayush/challenge_multi_drone/install/as2_core:/home/ayush/challenge_multi_drone/install/as2_msgs:${AMENT_PREFIX_PATH} CMAKE_PREFIX_PATH=/home/ayush/challenge_multi_drone/install/as2_core:/home/ayush/challenge_multi_drone/install/as2_msgs:/home/ayush/project_gazebo_ws/install/aerostack2:/home/ayush/project_gazebo_ws/install/as2_usb_camera_interface:/home/ayush/project_gazebo_ws/install/as2_state_estimator:/home/ayush/project_gazebo_ws/install/as2_rviz_plugins:/home/ayush/project_gazebo_ws/install/as2_realsense_interface:/home/ayush/project_gazebo_ws/install/as2_platform_multirotor_simulator:/home/ayush/project_gazebo_ws/install/as2_platform_gazebo:/home/ayush/project_gazebo_ws/install/as2_motion_controller:/home/ayush/project_gazebo_ws/install/as2_behaviors_trajectory_generation:/home/ayush/project_gazebo_ws/install/as2_behaviors_motion:/home/ayush/project_gazebo_ws/install/as2_motion_reference_handlers:/home/ayush/project_gazebo_ws/install/as2_map_server:/home/ayush/project_gazebo_ws/install/as2_geozones:/home/ayush/project_gazebo_ws/install/as2_gazebo_assets:/home/ayush/project_gazebo_ws/install/as2_external_object_to_tf:/home/ayush/project_gazebo_ws/install/as2_behaviors_platform:/home/ayush/project_gazebo_ws/install/as2_behaviors_perception:/home/ayush/project_gazebo_ws/install/as2_behaviors_path_planning:/home/ayush/project_gazebo_ws/install/as2_behavior_tree:/home/ayush/project_gazebo_ws/install/as2_behavior:/home/ayush/project_gazebo_ws/install/as2_alphanumeric_viewer:/home/ayush/project_gazebo_ws/install/as2_core:/home/ayush/project_gazebo_ws/install/as2_msgs:/home/ayush/project_gazebo_ws/install/as2_cli:/home/ayush/project_gazebo_ws/install/as2_visualization:/home/ayush/project_gazebo_ws/install/as2_keyboard_teleoperation:/home/ayush/project_gazebo_ws/install/as2_python_api:/opt/ros/humble LD_LIBRARY_PATH=/home/ayush/challenge_multi_drone/install/as2_core/lib:/home/ayush/challenge_multi_drone/install/as2_msgs/lib:${LD_LIBRARY_PATH} PYTHONPATH=/home/ayush/challenge_multi_drone/install/as2_core/local/lib/python3.10/dist-packages:/home/ayush/challenge_multi_drone/install/as2_msgs/local/lib/python3.10/dist-packages:${PYTHONPATH} /usr/bin/cmake --build /home/ayush/challenge_multi_drone/build/as2_platform_multirotor_simulator -- -j12 -l12
[0.113s] [  2%] [32mBuilding CXX object gtest/CMakeFiles/gtest.dir/src/gtest-all.cc.o[0m
[0.114s] [  4%] Built target pid_controller
[0.116s] [  6%] [32mBuilding CXX object gtest/CMakeFiles/gtest_main.dir/src/gtest_main.cc.o[0m
[0.163s] [  8%] [32mBuilding CXX object _deps/multirotor_simulator-build/pid_controller/tests/CMakeFiles/pid_controller_pid_1d_gtest.dir/pid_1d_test/pid_1d_gtest.cpp.o[0m
[0.166s] [ 10%] [32mBuilding CXX object _deps/multirotor_simulator-build/pid_controller/tests/CMakeFiles/pid_controller_saturate_output_gtest.dir/pid_test/saturate_output_gtest.cpp.o[0m
[0.166s] [ 12%] [32mBuilding CXX object _deps/multirotor_simulator-build/tests/CMakeFiles/multirotor_simulator_acro_controller_gtest.dir/multirotor_controllers/controllers/acro_controller_gtest.cpp.o[0m
[0.170s] [ 14%] [32mBuilding CXX object _deps/multirotor_simulator-build/pid_controller/tests/CMakeFiles/pid_controller_pid_gtest.dir/pid_test/pid_gtest.cpp.o[0m
[0.170s] [ 18%] [32mBuilding CXX object CMakeFiles/as2_platform_multirotor_simulator.dir/src/as2_platform_multirotor_simulator.cpp.o[0m
[0.170s] [ 16%] [32mBuilding CXX object CMakeFiles/as2_platform_multirotor_simulator_node.dir/src/as2_platform_multirotor_simulator_node.cpp.o[0m
[0.176s] [ 20%] [32mBuilding CXX object _deps/multirotor_simulator-build/tests/CMakeFiles/multirotor_simulator_indi_controller_gtest.dir/multirotor_controllers/controllers/indi_controller_gtest.cpp.o[0m
[0.182s] [ 22%] [32mBuilding CXX object _deps/multirotor_simulator-build/tests/CMakeFiles/multirotor_simulator_inertial_odometry_gtest.dir/imu_simulator/inertial_odometry_gtest.cpp.o[0m
[0.187s] [ 25%] [32mBuilding CXX object _deps/multirotor_simulator-build/tests/CMakeFiles/multirotor_simulator_position_controller_gtest.dir/multirotor_controllers/controllers/position_controller_gtest.cpp.o[0m
[0.194s] [ 27%] [32mBuilding CXX object _deps/multirotor_simulator-build/tests/CMakeFiles/multirotor_simulator_imu_gtest.dir/imu_simulator/imu_gtest.cpp.o[0m
[2.971s] [ 29%] [32m[1mLinking CXX static library libgtest_main.a[0m
[3.147s] [ 29%] Built target gtest_main
[3.264s] [ 31%] [32mBuilding CXX object _deps/multirotor_simulator-build/tests/CMakeFiles/multirotor_simulator_trajectory_controller_gtest.dir/multirotor_controllers/controllers/trajectory_controller_gtest.cpp.o[0m
[7.327s] [ 33%] [32m[1mLinking CXX executable pid_controller_saturate_output_gtest[0m
[7.879s] [ 33%] Built target pid_controller_saturate_output_gtest
[7.989s] [ 35%] [32mBuilding CXX object _deps/multirotor_simulator-build/tests/CMakeFiles/multirotor_simulator_velocity_controller_gtest.dir/multirotor_controllers/controllers/velocity_controller_gtest.cpp.o[0m
[10.556s] [ 37%] [32m[1mLinking CXX executable pid_controller_pid_1d_gtest[0m
[11.045s] [ 37%] Built target pid_controller_pid_1d_gtest
[11.158s] [ 39%] [32mBuilding CXX object _deps/multirotor_simulator-build/tests/CMakeFiles/multirotor_simulator_multirotor_controllers_gtest.dir/multirotor_controllers/multirotor_controllers_gtest.cpp.o[0m
[13.564s] [ 41%] [32m[1mLinking CXX executable multirotor_simulator_position_controller_gtest[0m
[13.919s] [ 41%] Built target multirotor_simulator_position_controller_gtest
[13.947s] [ 43%] [32mBuilding CXX object CMakeFiles/as2_platform_multirotor_simulator_node.dir/src/as2_platform_multirotor_simulator.cpp.o[0m
[16.219s] [ 45%] [32m[1mLinking CXX executable pid_controller_pid_gtest[0m
[16.534s] [ 47%] [32m[1mLinking CXX executable multirotor_simulator_inertial_odometry_gtest[0m
[16.740s] [ 47%] Built target pid_controller_pid_gtest
[16.867s] [ 50%] [32mBuilding CXX object _deps/multirotor_simulator-build/tests/CMakeFiles/multirotor_simulator_state_gtest.dir/multirotor_dynamic_model/common/state_gtest.cpp.o[0m
[17.097s] [ 50%] Built target multirotor_simulator_inertial_odometry_gtest
[17.218s] [ 52%] [32mBuilding CXX object _deps/multirotor_simulator-build/tests/CMakeFiles/multirotor_simulator_utils_gtest.dir/multirotor_dynamic_model/common/utils_gtest.cpp.o[0m
[17.786s] [ 54%] [32m[1mLinking CXX executable multirotor_simulator_indi_controller_gtest[0m
[18.265s] [ 54%] Built target multirotor_simulator_indi_controller_gtest
[18.399s] [ 56%] [32mBuilding CXX object _deps/multirotor_simulator-build/tests/CMakeFiles/multirotor_simulator_dynamics_gtest.dir/multirotor_dynamic_model/multirotor_dynamic_model/dynamics_gtest.cpp.o[0m
[18.842s] [ 58%] [32m[1mLinking CXX executable multirotor_simulator_acro_controller_gtest[0m
[19.030s] [ 60%] [32m[1mLinking CXX executable multirotor_simulator_trajectory_controller_gtest[0m
[19.291s] [ 60%] Built target multirotor_simulator_acro_controller_gtest
[19.405s] [ 62%] [32mBuilding CXX object _deps/multirotor_simulator-build/tests/CMakeFiles/multirotor_simulator_model_gtest.dir/multirotor_dynamic_model/multirotor_dynamic_model/model_gtest.cpp.o[0m
[19.431s] [ 62%] Built target multirotor_simulator_trajectory_controller_gtest
[19.547s] [ 64%] [32mBuilding CXX object _deps/multirotor_simulator-build/tests/CMakeFiles/multirotor_simulator_multirotor_simulator_fly_gtest.dir/multirotor_simulator/multirotor_simulator_fly_gtest.cpp.o[0m
[20.105s] [ 66%] [32m[1mLinking CXX executable multirotor_simulator_imu_gtest[0m
[20.564s] [ 66%] Built target multirotor_simulator_imu_gtest
[20.670s] [ 68%] [32mBuilding CXX object _deps/multirotor_simulator-build/tests/CMakeFiles/multirotor_simulator_multirotor_simulator_gtest.dir/multirotor_simulator/multirotor_simulator_gtest.cpp.o[0m
[22.371s] [ 70%] [32m[1mLinking CXX executable multirotor_simulator_velocity_controller_gtest[0m
[22.674s] [ 70%] Built target multirotor_simulator_velocity_controller_gtest
[24.633s] [ 72%] [32m[1mLinking CXX static library libgtest.a[0m
[24.723s] [ 72%] Built target gtest
[27.168s] [ 75%] [32m[1mLinking CXX executable multirotor_simulator_utils_gtest[0m
[27.530s] [ 75%] Built target multirotor_simulator_utils_gtest
[29.570s] [ 77%] [32m[1mLinking CXX executable multirotor_simulator_state_gtest[0m
[29.845s] [ 77%] Built target multirotor_simulator_state_gtest
[36.850s] [ 79%] [32m[1mLinking CXX executable multirotor_simulator_multirotor_controllers_gtest[0m
[37.103s] [ 79%] Built target multirotor_simulator_multirotor_controllers_gtest
[40.467s] [ 81%] [32m[1mLinking CXX executable multirotor_simulator_multirotor_simulator_fly_gtest[0m
[40.741s] [ 81%] Built target multirotor_simulator_multirotor_simulator_fly_gtest
[44.679s] [ 83%] [32m[1mLinking CXX executable multirotor_simulator_dynamics_gtest[0m
[44.926s] [ 83%] Built target multirotor_simulator_dynamics_gtest
[47.826s] [ 85%] [32m[1mLinking CXX executable multirotor_simulator_multirotor_simulator_gtest[0m
[48.045s] [ 85%] Built target multirotor_simulator_multirotor_simulator_gtest
[50.895s] [ 87%] [32m[1mLinking CXX executable multirotor_simulator_model_gtest[0m
[51.107s] [ 87%] Built target multirotor_simulator_model_gtest
[58.731s] [ 89%] [32m[1mLinking CXX static library libas2_platform_multirotor_simulator.a[0m
[58.803s] [ 89%] Built target as2_platform_multirotor_simulator
[58.838s] [ 93%] [32mBuilding CXX object tests/CMakeFiles/as2_platform_multirotor_simulator_as2_platform_multirotor_simulator_gtest.dir/as2_platform_multirotor_simulator_gtest.cpp.o[0m
[58.839s] [ 93%] [32mBuilding CXX object tests/CMakeFiles/as2_platform_multirotor_simulator_as2_platform_multirotor_simulator_fly_gtest.dir/as2_platform_multirotor_simulator_fly_gtest.cpp.o[0m
[64.000s] [ 95%] [32m[1mLinking CXX executable as2_platform_multirotor_simulator_node[0m
[65.255s] [ 95%] Built target as2_platform_multirotor_simulator_node
[71.776s] [ 97%] [32m[1mLinking CXX executable as2_platform_multirotor_simulator_as2_platform_multirotor_simulator_fly_gtest[0m
[72.664s] [ 97%] Built target as2_platform_multirotor_simulator_as2_platform_multirotor_simulator_fly_gtest
[73.109s] [100%] [32m[1mLinking CXX executable as2_platform_multirotor_simulator_as2_platform_multirotor_simulator_gtest[0m
[73.876s] [100%] Built target as2_platform_multirotor_simulator_as2_platform_multirotor_simulator_gtest
[73.892s] Invoked command in '/home/ayush/challenge_multi_drone/build/as2_platform_multirotor_simulator' returned '0': AMENT_PREFIX_PATH=/home/ayush/challenge_multi_drone/install/as2_core:/home/ayush/challenge_multi_drone/install/as2_msgs:${AMENT_PREFIX_PATH} CMAKE_PREFIX_PATH=/home/ayush/challenge_multi_drone/install/as2_core:/home/ayush/challenge_multi_drone/install/as2_msgs:/home/ayush/project_gazebo_ws/install/aerostack2:/home/ayush/project_gazebo_ws/install/as2_usb_camera_interface:/home/ayush/project_gazebo_ws/install/as2_state_estimator:/home/ayush/project_gazebo_ws/install/as2_rviz_plugins:/home/ayush/project_gazebo_ws/install/as2_realsense_interface:/home/ayush/project_gazebo_ws/install/as2_platform_multirotor_simulator:/home/ayush/project_gazebo_ws/install/as2_platform_gazebo:/home/ayush/project_gazebo_ws/install/as2_motion_controller:/home/ayush/project_gazebo_ws/install/as2_behaviors_trajectory_generation:/home/ayush/project_gazebo_ws/install/as2_behaviors_motion:/home/ayush/project_gazebo_ws/install/as2_motion_reference_handlers:/home/ayush/project_gazebo_ws/install/as2_map_server:/home/ayush/project_gazebo_ws/install/as2_geozones:/home/ayush/project_gazebo_ws/install/as2_gazebo_assets:/home/ayush/project_gazebo_ws/install/as2_external_object_to_tf:/home/ayush/project_gazebo_ws/install/as2_behaviors_platform:/home/ayush/project_gazebo_ws/install/as2_behaviors_perception:/home/ayush/project_gazebo_ws/install/as2_behaviors_path_planning:/home/ayush/project_gazebo_ws/install/as2_behavior_tree:/home/ayush/project_gazebo_ws/install/as2_behavior:/home/ayush/project_gazebo_ws/install/as2_alphanumeric_viewer:/home/ayush/project_gazebo_ws/install/as2_core:/home/ayush/project_gazebo_ws/install/as2_msgs:/home/ayush/project_gazebo_ws/install/as2_cli:/home/ayush/project_gazebo_ws/install/as2_visualization:/home/ayush/project_gazebo_ws/install/as2_keyboard_teleoperation:/home/ayush/project_gazebo_ws/install/as2_python_api:/opt/ros/humble LD_LIBRARY_PATH=/home/ayush/challenge_multi_drone/install/as2_core/lib:/home/ayush/challenge_multi_drone/install/as2_msgs/lib:${LD_LIBRARY_PATH} PYTHONPATH=/home/ayush/challenge_multi_drone/install/as2_core/local/lib/python3.10/dist-packages:/home/ayush/challenge_multi_drone/install/as2_msgs/local/lib/python3.10/dist-packages:${PYTHONPATH} /usr/bin/cmake --build /home/ayush/challenge_multi_drone/build/as2_platform_multirotor_simulator -- -j12 -l12
[73.895s] Invoking command in '/home/ayush/challenge_multi_drone/build/as2_platform_multirotor_simulator': AMENT_PREFIX_PATH=/home/ayush/challenge_multi_drone/install/as2_core:/home/ayush/challenge_multi_drone/install/as2_msgs:${AMENT_PREFIX_PATH} CMAKE_PREFIX_PATH=/home/ayush/challenge_multi_drone/install/as2_core:/home/ayush/challenge_multi_drone/install/as2_msgs:/home/ayush/project_gazebo_ws/install/aerostack2:/home/ayush/project_gazebo_ws/install/as2_usb_camera_interface:/home/ayush/project_gazebo_ws/install/as2_state_estimator:/home/ayush/project_gazebo_ws/install/as2_rviz_plugins:/home/ayush/project_gazebo_ws/install/as2_realsense_interface:/home/ayush/project_gazebo_ws/install/as2_platform_multirotor_simulator:/home/ayush/project_gazebo_ws/install/as2_platform_gazebo:/home/ayush/project_gazebo_ws/install/as2_motion_controller:/home/ayush/project_gazebo_ws/install/as2_behaviors_trajectory_generation:/home/ayush/project_gazebo_ws/install/as2_behaviors_motion:/home/ayush/project_gazebo_ws/install/as2_motion_reference_handlers:/home/ayush/project_gazebo_ws/install/as2_map_server:/home/ayush/project_gazebo_ws/install/as2_geozones:/home/ayush/project_gazebo_ws/install/as2_gazebo_assets:/home/ayush/project_gazebo_ws/install/as2_external_object_to_tf:/home/ayush/project_gazebo_ws/install/as2_behaviors_platform:/home/ayush/project_gazebo_ws/install/as2_behaviors_perception:/home/ayush/project_gazebo_ws/install/as2_behaviors_path_planning:/home/ayush/project_gazebo_ws/install/as2_behavior_tree:/home/ayush/project_gazebo_ws/install/as2_behavior:/home/ayush/project_gazebo_ws/install/as2_alphanumeric_viewer:/home/ayush/project_gazebo_ws/install/as2_core:/home/ayush/project_gazebo_ws/install/as2_msgs:/home/ayush/project_gazebo_ws/install/as2_cli:/home/ayush/project_gazebo_ws/install/as2_visualization:/home/ayush/project_gazebo_ws/install/as2_keyboard_teleoperation:/home/ayush/project_gazebo_ws/install/as2_python_api:/opt/ros/humble LD_LIBRARY_PATH=/home/ayush/challenge_multi_drone/install/as2_core/lib:/home/ayush/challenge_multi_drone/install/as2_msgs/lib:${LD_LIBRARY_PATH} PYTHONPATH=/home/ayush/challenge_multi_drone/install/as2_core/local/lib/python3.10/dist-packages:/home/ayush/challenge_multi_drone/install/as2_msgs/local/lib/python3.10/dist-packages:${PYTHONPATH} /usr/bin/cmake --install /home/ayush/challenge_multi_drone/build/as2_platform_multirotor_simulator
[73.906s] -- Install configuration: "Release"
[73.906s] -- Installing: /home/ayush/challenge_multi_drone/install/as2_platform_multirotor_simulator/include
[73.906s] -- Installing: /home/ayush/challenge_multi_drone/install/as2_platform_multirotor_simulator/include/as2_platform_multirotor_simulator
[73.906s] -- Installing: /home/ayush/challenge_multi_drone/install/as2_platform_multirotor_simulator/include/as2_platform_multirotor_simulator/as2_platform_multirotor_simulator.hpp
[73.906s] -- Installing: /home/ayush/challenge_multi_drone/install/as2_platform_multirotor_simulator/lib/as2_platform_multirotor_simulator/as2_platform_multirotor_simulator_node
[73.911s] -- Set runtime path of "/home/ayush/challenge_multi_drone/install/as2_platform_multirotor_simulator/lib/as2_platform_multirotor_simulator/as2_platform_multirotor_simulator_node" to ""
[73.911s] -- Installing: /home/ayush/challenge_multi_drone/install/as2_platform_multirotor_simulator/lib/libas2_platform_multirotor_simulator.a
[73.914s] -- Installing: /home/ayush/challenge_multi_drone/install/as2_platform_multirotor_simulator/share/as2_platform_multirotor_simulator/launch
[73.914s] -- Installing: /home/ayush/challenge_multi_drone/install/as2_platform_multirotor_simulator/share/as2_platform_multirotor_simulator/launch/as2_platform_multirotor_simulator.launch.py
[73.914s] -- Installing: /home/ayush/challenge_multi_drone/install/as2_platform_multirotor_simulator/share/as2_platform_multirotor_simulator/config
[73.914s] -- Installing: /home/ayush/challenge_multi_drone/install/as2_platform_multirotor_simulator/share/as2_platform_multirotor_simulator/config/control_modes.yaml
[73.914s] -- Installing: /home/ayush/challenge_multi_drone/install/as2_platform_multirotor_simulator/share/as2_platform_multirotor_simulator/config/uav_config.yaml
[73.915s] -- Installing: /home/ayush/challenge_multi_drone/install/as2_platform_multirotor_simulator/share/as2_platform_multirotor_simulator/config/world_config.yaml
[73.915s] -- Installing: /home/ayush/challenge_multi_drone/install/as2_platform_multirotor_simulator/share/as2_platform_multirotor_simulator/config/platform_config_file.yaml
[73.915s] -- Installing: /home/ayush/challenge_multi_drone/install/as2_platform_multirotor_simulator/share/ament_index/resource_index/package_run_dependencies/as2_platform_multirotor_simulator
[73.916s] -- Installing: /home/ayush/challenge_multi_drone/install/as2_platform_multirotor_simulator/share/ament_index/resource_index/parent_prefix_path/as2_platform_multirotor_simulator
[73.916s] -- Installing: /home/ayush/challenge_multi_drone/install/as2_platform_multirotor_simulator/share/as2_platform_multirotor_simulator/environment/ament_prefix_path.sh
[73.916s] -- Installing: /home/ayush/challenge_multi_drone/install/as2_platform_multirotor_simulator/share/as2_platform_multirotor_simulator/environment/ament_prefix_path.dsv
[73.917s] -- Installing: /home/ayush/challenge_multi_drone/install/as2_platform_multirotor_simulator/share/as2_platform_multirotor_simulator/environment/path.sh
[73.917s] -- Installing: /home/ayush/challenge_multi_drone/install/as2_platform_multirotor_simulator/share/as2_platform_multirotor_simulator/environment/path.dsv
[73.917s] -- Installing: /home/ayush/challenge_multi_drone/install/as2_platform_multirotor_simulator/share/as2_platform_multirotor_simulator/local_setup.bash
[73.917s] -- Installing: /home/ayush/challenge_multi_drone/install/as2_platform_multirotor_simulator/share/as2_platform_multirotor_simulator/local_setup.sh
[73.918s] -- Installing: /home/ayush/challenge_multi_drone/install/as2_platform_multirotor_simulator/share/as2_platform_multirotor_simulator/local_setup.zsh
[73.918s] -- Installing: /home/ayush/challenge_multi_drone/install/as2_platform_multirotor_simulator/share/as2_platform_multirotor_simulator/local_setup.dsv
[73.918s] -- Installing: /home/ayush/challenge_multi_drone/install/as2_platform_multirotor_simulator/share/as2_platform_multirotor_simulator/package.dsv
[73.918s] -- Installing: /home/ayush/challenge_multi_drone/install/as2_platform_multirotor_simulator/share/ament_index/resource_index/packages/as2_platform_multirotor_simulator
[73.919s] -- Installing: /home/ayush/challenge_multi_drone/install/as2_platform_multirotor_simulator/share/as2_platform_multirotor_simulator/cmake/as2_platform_multirotor_simulatorConfig.cmake
[73.919s] -- Installing: /home/ayush/challenge_multi_drone/install/as2_platform_multirotor_simulator/share/as2_platform_multirotor_simulator/cmake/as2_platform_multirotor_simulatorConfig-version.cmake
[73.919s] -- Installing: /home/ayush/challenge_multi_drone/install/as2_platform_multirotor_simulator/share/as2_platform_multirotor_simulator/package.xml
[73.924s] Invoked command in '/home/ayush/challenge_multi_drone/build/as2_platform_multirotor_simulator' returned '0': AMENT_PREFIX_PATH=/home/ayush/challenge_multi_drone/install/as2_core:/home/ayush/challenge_multi_drone/install/as2_msgs:${AMENT_PREFIX_PATH} CMAKE_PREFIX_PATH=/home/ayush/challenge_multi_drone/install/as2_core:/home/ayush/challenge_multi_drone/install/as2_msgs:/home/ayush/project_gazebo_ws/install/aerostack2:/home/ayush/project_gazebo_ws/install/as2_usb_camera_interface:/home/ayush/project_gazebo_ws/install/as2_state_estimator:/home/ayush/project_gazebo_ws/install/as2_rviz_plugins:/home/ayush/project_gazebo_ws/install/as2_realsense_interface:/home/ayush/project_gazebo_ws/install/as2_platform_multirotor_simulator:/home/ayush/project_gazebo_ws/install/as2_platform_gazebo:/home/ayush/project_gazebo_ws/install/as2_motion_controller:/home/ayush/project_gazebo_ws/install/as2_behaviors_trajectory_generation:/home/ayush/project_gazebo_ws/install/as2_behaviors_motion:/home/ayush/project_gazebo_ws/install/as2_motion_reference_handlers:/home/ayush/project_gazebo_ws/install/as2_map_server:/home/ayush/project_gazebo_ws/install/as2_geozones:/home/ayush/project_gazebo_ws/install/as2_gazebo_assets:/home/ayush/project_gazebo_ws/install/as2_external_object_to_tf:/home/ayush/project_gazebo_ws/install/as2_behaviors_platform:/home/ayush/project_gazebo_ws/install/as2_behaviors_perception:/home/ayush/project_gazebo_ws/install/as2_behaviors_path_planning:/home/ayush/project_gazebo_ws/install/as2_behavior_tree:/home/ayush/project_gazebo_ws/install/as2_behavior:/home/ayush/project_gazebo_ws/install/as2_alphanumeric_viewer:/home/ayush/project_gazebo_ws/install/as2_core:/home/ayush/project_gazebo_ws/install/as2_msgs:/home/ayush/project_gazebo_ws/install/as2_cli:/home/ayush/project_gazebo_ws/install/as2_visualization:/home/ayush/project_gazebo_ws/install/as2_keyboard_teleoperation:/home/ayush/project_gazebo_ws/install/as2_python_api:/opt/ros/humble LD_LIBRARY_PATH=/home/ayush/challenge_multi_drone/install/as2_core/lib:/home/ayush/challenge_multi_drone/install/as2_msgs/lib:${LD_LIBRARY_PATH} PYTHONPATH=/home/ayush/challenge_multi_drone/install/as2_core/local/lib/python3.10/dist-packages:/home/ayush/challenge_multi_drone/install/as2_msgs/local/lib/python3.10/dist-packages:${PYTHONPATH} /usr/bin/cmake --install /home/ayush/challenge_multi_drone/build/as2_platform_multirotor_simulator
