[0.054s] Invoking command in '/home/ayush/challenge_multi_drone/build/as2_gazebo_assets': AMENT_PREFIX_PATH=/home/ayush/challenge_multi_drone/install/as2_core:/home/ayush/challenge_multi_drone/install/as2_msgs:${AMENT_PREFIX_PATH} CMAKE_PREFIX_PATH=/home/ayush/challenge_multi_drone/install/as2_core:/home/ayush/challenge_multi_drone/install/as2_msgs:/home/ayush/project_gazebo_ws/install/aerostack2:/home/ayush/project_gazebo_ws/install/as2_usb_camera_interface:/home/ayush/project_gazebo_ws/install/as2_state_estimator:/home/ayush/project_gazebo_ws/install/as2_rviz_plugins:/home/ayush/project_gazebo_ws/install/as2_realsense_interface:/home/ayush/project_gazebo_ws/install/as2_platform_multirotor_simulator:/home/ayush/project_gazebo_ws/install/as2_platform_gazebo:/home/ayush/project_gazebo_ws/install/as2_motion_controller:/home/ayush/project_gazebo_ws/install/as2_behaviors_trajectory_generation:/home/ayush/project_gazebo_ws/install/as2_behaviors_motion:/home/ayush/project_gazebo_ws/install/as2_motion_reference_handlers:/home/ayush/project_gazebo_ws/install/as2_map_server:/home/ayush/project_gazebo_ws/install/as2_geozones:/home/ayush/project_gazebo_ws/install/as2_gazebo_assets:/home/ayush/project_gazebo_ws/install/as2_external_object_to_tf:/home/ayush/project_gazebo_ws/install/as2_behaviors_platform:/home/ayush/project_gazebo_ws/install/as2_behaviors_perception:/home/ayush/project_gazebo_ws/install/as2_behaviors_path_planning:/home/ayush/project_gazebo_ws/install/as2_behavior_tree:/home/ayush/project_gazebo_ws/install/as2_behavior:/home/ayush/project_gazebo_ws/install/as2_alphanumeric_viewer:/home/ayush/project_gazebo_ws/install/as2_core:/home/ayush/project_gazebo_ws/install/as2_msgs:/home/ayush/project_gazebo_ws/install/as2_cli:/home/ayush/project_gazebo_ws/install/as2_visualization:/home/ayush/project_gazebo_ws/install/as2_keyboard_teleoperation:/home/ayush/project_gazebo_ws/install/as2_python_api:/opt/ros/humble LD_LIBRARY_PATH=/home/ayush/challenge_multi_drone/install/as2_core/lib:/home/ayush/challenge_multi_drone/install/as2_msgs/lib:${LD_LIBRARY_PATH} PYTHONPATH=/home/ayush/challenge_multi_drone/install/as2_core/local/lib/python3.10/dist-packages:/home/ayush/challenge_multi_drone/install/as2_msgs/local/lib/python3.10/dist-packages:${PYTHONPATH} /usr/bin/cmake /home/ayush/challenge_multi_drone/src/aerostack2/as2_simulation_assets/as2_gazebo_assets -DCMAKE_INSTALL_PREFIX=/home/ayush/challenge_multi_drone/install/as2_gazebo_assets
[0.149s] -- The C compiler identification is GNU 11.4.0
[0.255s] -- The CXX compiler identification is GNU 11.4.0
[0.268s] -- Detecting C compiler ABI info
[0.412s] -- Detecting C compiler ABI info - done
[0.435s] -- Check for working C compiler: /usr/bin/cc - skipped
[0.435s] -- Detecting C compile features
[0.435s] -- Detecting C compile features - done
[0.441s] -- Detecting CXX compiler ABI info
[0.617s] -- Detecting CXX compiler ABI info - done
[0.633s] -- Check for working CXX compiler: /usr/bin/c++ - skipped
[0.634s] -- Detecting CXX compile features
[0.636s] -- Detecting CXX compile features - done
[0.666s] [0mUsing GAZEBO version: fortress[0m
[0.675s] -- Looking for ignition-gazebo6 -- found version 6.17.0
[0.695s] -- Searching for dependencies of ignition-gazebo6
[0.699s] -- Looking for sdformat12 -- found version 12.8.0
[0.700s] -- Searching for dependencies of sdformat12
[0.712s] -- Checking for module 'tinyxml2'
[0.738s] --   Found tinyxml2, version 9.0.0
[0.819s] -- Looking for ignition-math6 -- found version 6.15.1
[0.822s] -- Searching for dependencies of ignition-math6
[0.832s] -- Looking for ignition-utils1 -- found version 1.5.1
[0.833s] -- Searching for dependencies of ignition-utils1
[0.845s] -- Looking for ignition-plugin1 -- found version 1.4.0
[0.848s] -- Searching for dependencies of ignition-plugin1
[0.849s] -- Searching for <ignition-plugin1> component [loader]
[0.857s] -- Looking for ignition-plugin1-loader -- found version 1.4.0
[0.858s] -- Searching for dependencies of ignition-plugin1-loader
[0.860s] -- Searching for <ignition-plugin1> component [register]
[0.871s] -- Looking for ignition-plugin1-register -- found version 1.4.0
[0.872s] -- Searching for dependencies of ignition-plugin1-register
[0.882s] -- Looking for ignition-transport11 -- found version 11.4.1
[0.883s] -- Searching for dependencies of ignition-transport11
[1.291s] -- Found Protobuf: /usr/lib/x86_64-linux-gnu/libprotobuf.so (found version "3.12.4") 
[1.321s] -- Config-file not installed for ZeroMQ -- checking for pkg-config
[1.335s] -- Checking for module 'libzmq >= 4'
[1.368s] --   Found libzmq , version 4.3.4
[1.444s] -- Found ZeroMQ: TRUE (Required is at least version "4") 
[1.457s] -- Checking for module 'uuid'
[1.491s] --   Found uuid, version 2.37.2
[1.556s] -- Found UUID: TRUE  
[1.559s] -- Looking for ignition-utils1 -- found version 1.5.1
[1.559s] -- Searching for dependencies of ignition-utils1
[1.560s] -- Searching for <ignition-utils1> component [cli]
[1.569s] -- Looking for ignition-utils1-cli -- found version 1.5.1
[1.571s] -- Searching for dependencies of ignition-utils1-cli
[1.581s] -- Looking for ignition-msgs8 -- found version 8.7.0
[1.585s] -- Searching for dependencies of ignition-msgs8
[1.627s] -- Found Protobuf: /usr/lib/x86_64-linux-gnu/libprotobuf.so (found suitable version "3.12.4", minimum required is "3") 
[1.630s] -- Looking for ignition-math6 -- found version 6.15.1
[1.656s] -- Searching for <ignition-transport11> component [log]
[1.665s] -- Looking for ignition-transport11-log -- found version 11.4.1
[1.666s] -- Searching for dependencies of ignition-transport11-log
[1.667s] -- Searching for <ignition-transport11> component [parameters]
[1.676s] -- Looking for ignition-transport11-parameters -- found version 11.4.1
[1.677s] -- Searching for dependencies of ignition-transport11-parameters
[1.679s] -- Looking for ignition-msgs8 -- found version 8.7.0
[1.688s] -- Looking for ignition-common4 -- found version 4.7.0
[1.689s] -- Searching for dependencies of ignition-common4
[1.690s] -- Looking for dlfcn.h - found
[1.692s] -- Looking for libdl - found
[1.696s] -- Found DL: TRUE  
[1.715s] -- Searching for <ignition-common4> component [profiler]
[1.725s] -- Looking for ignition-common4-profiler -- found version 4.7.0
[1.726s] -- Searching for dependencies of ignition-common4-profiler
[1.726s] -- Searching for <ignition-common4> component [events]
[1.733s] -- Looking for ignition-common4-events -- found version 4.7.0
[1.734s] -- Searching for dependencies of ignition-common4-events
[1.735s] -- Looking for ignition-math6 -- found version 6.15.1
[1.736s] -- Searching for <ignition-common4> component [av]
[1.744s] -- Looking for ignition-common4-av -- found version 4.7.0
[1.746s] -- Searching for dependencies of ignition-common4-av
[1.757s] -- Checking for module 'libswscale'
[1.790s] --   Found libswscale, version 5.9.100
[1.873s] -- Found SWSCALE: TRUE  
[1.882s] -- Checking for module 'libavdevice >= 56.4.100'
[1.909s] --   Found libavdevice , version 58.13.100
[1.988s] -- Found AVDEVICE: TRUE (Required is at least version "56.4.100") 
[1.997s] -- Checking for module 'libavformat'
[2.026s] --   Found libavformat, version 58.76.100
[2.101s] -- Found AVFORMAT: TRUE  
[2.113s] -- Checking for module 'libavcodec'
[2.138s] --   Found libavcodec, version 58.134.100
[2.224s] -- Found AVCODEC: TRUE  
[2.233s] -- Checking for module 'libavutil'
[2.263s] --   Found libavutil, version 56.70.100
[2.337s] -- Found AVUTIL: TRUE  
[2.350s] -- Looking for ignition-fuel_tools7 -- found version 7.3.1
[2.352s] -- Searching for dependencies of ignition-fuel_tools7
[2.543s] -- Found CURL: /usr/lib/x86_64-linux-gnu/libcurl.so (found version "7.81.0")  
[2.569s] -- Checking for module 'jsoncpp'
[2.599s] --   Found jsoncpp, version 1.9.5
[2.676s] -- Found JSONCPP: TRUE  
[2.696s] -- Checking for module 'libzip'
[2.729s] --   Found libzip, version 1.7.3
[2.808s] -- Found ZIP: TRUE  
[2.809s] -- Looking for ignition-common4 -- found version 4.7.0
[2.811s] -- Looking for ignition-math6 -- found version 6.15.1
[2.811s] -- Looking for ignition-msgs8 -- found version 8.7.0
[2.822s] -- Looking for ignition-gui6 -- found version 6.8.0
[2.823s] -- Searching for dependencies of ignition-gui6
[2.891s] -- Looking for ignition-math6 -- found version 6.15.1
[2.892s] -- Looking for ignition-common4 -- found version 4.7.0
[2.894s] -- Looking for ignition-plugin1 -- found version 1.4.0
[2.895s] -- Looking for ignition-transport11 -- found version 11.4.1
[2.906s] -- Looking for ignition-rendering6 -- found version 6.6.3
[2.907s] -- Searching for dependencies of ignition-rendering6
[2.908s] -- Looking for ignition-math6 -- found version 6.15.1
[2.909s] -- Searching for dependencies of ignition-math6
[2.910s] -- Searching for <ignition-math6> component [eigen3]
[2.921s] -- Looking for ignition-math6-eigen3 -- found version 6.15.1
[2.921s] -- Searching for dependencies of ignition-math6-eigen3
[2.942s] -- Looking for ignition-common4 -- found version 4.7.0
[2.943s] -- Searching for dependencies of ignition-common4
[2.943s] -- Looking for dlfcn.h - found
[2.943s] -- Looking for libdl - found
[2.959s] -- Searching for <ignition-common4> component [graphics]
[2.965s] -- Looking for ignition-common4-graphics -- found version 4.7.0
[2.966s] -- Searching for dependencies of ignition-common4-graphics
[2.967s] -- Looking for ignition-math6 -- found version 6.15.1
[2.968s] -- Looking for ignition-utils1 -- found version 1.5.1
[2.969s] -- Searching for <ignition-common4> component [events]
[2.975s] -- Looking for ignition-plugin1 -- found version 1.4.0
[2.975s] -- Searching for dependencies of ignition-plugin1
[2.975s] -- Searching for <ignition-plugin1> component [all]
[2.983s] -- Looking for all libraries of ignition-plugin1 -- found version 1.4.0
[2.985s] -- Looking for ignition-plugin1 -- found version 1.4.0
[2.992s] -- Looking for ignition-msgs8 -- found version 8.7.0
[3.043s] -- Looking for ignition-physics5 -- found version 5.3.2
[3.044s] -- Searching for dependencies of ignition-physics5
[3.044s] -- Looking for ignition-math6 -- found version 6.15.1
[3.045s] -- Looking for ignition-plugin1 -- found version 1.4.0
[3.046s] -- Looking for ignition-utils1 -- found version 1.5.1
[3.048s] -- Searching for <ignition-physics5> component [heightmap]
[3.062s] -- Looking for ignition-physics5-heightmap -- found version 5.3.2
[3.062s] -- Searching for dependencies of ignition-physics5-heightmap
[3.063s] -- Looking for ignition-common4 -- found version 4.7.0
[3.063s] -- Searching for <ignition-physics5> component [mesh]
[3.073s] -- Looking for ignition-physics5-mesh -- found version 5.3.2
[3.073s] -- Searching for dependencies of ignition-physics5-mesh
[3.073s] -- Looking for ignition-common4 -- found version 4.7.0
[3.074s] -- Searching for <ignition-physics5> component [sdf]
[3.077s] -- Looking for ignition-physics5-sdf -- found version 5.3.2
[3.080s] -- Searching for dependencies of ignition-physics5-sdf
[3.080s] -- Looking for sdformat12 -- found version 12.8.0
[3.088s] -- Looking for ignition-sensors6 -- found version 6.8.1
[3.089s] -- Searching for dependencies of ignition-sensors6
[3.130s] -- Found Protobuf: /usr/lib/x86_64-linux-gnu/libprotobuf.so (found version "3.12.4") 
[3.130s] -- Looking for ignition-math6 -- found version 6.15.1
[3.130s] -- Looking for ignition-common4 -- found version 4.7.0
[3.131s] -- Looking for ignition-transport11 -- found version 11.4.1
[3.132s] -- Looking for ignition-rendering6 -- found version 6.6.3
[3.134s] -- Looking for ignition-msgs8 -- found version 8.7.0
[3.134s] -- Looking for sdformat12 -- found version 12.8.0
[3.135s] -- Searching for <ignition-sensors6> component [air_pressure]
[3.142s] -- Looking for ignition-sensors6-air_pressure -- found version 6.8.1
[3.143s] -- Searching for dependencies of ignition-sensors6-air_pressure
[3.144s] -- Searching for <ignition-sensors6> component [altimeter]
[3.153s] -- Looking for ignition-sensors6-altimeter -- found version 6.8.1
[3.153s] -- Searching for dependencies of ignition-sensors6-altimeter
[3.154s] -- Searching for <ignition-sensors6> component [imu]
[3.163s] -- Looking for ignition-sensors6-imu -- found version 6.8.1
[3.163s] -- Searching for dependencies of ignition-sensors6-imu
[3.164s] -- Searching for <ignition-sensors6> component [force_torque]
[3.173s] -- Looking for ignition-sensors6-force_torque -- found version 6.8.1
[3.174s] -- Searching for dependencies of ignition-sensors6-force_torque
[3.175s] -- Searching for <ignition-sensors6> component [logical_camera]
[3.183s] -- Looking for ignition-sensors6-logical_camera -- found version 6.8.1
[3.185s] -- Searching for dependencies of ignition-sensors6-logical_camera
[3.186s] -- Searching for <ignition-sensors6> component [magnetometer]
[3.197s] -- Looking for ignition-sensors6-magnetometer -- found version 6.8.1
[3.198s] -- Searching for dependencies of ignition-sensors6-magnetometer
[3.198s] -- Searching for <ignition-sensors6> component [navsat]
[3.206s] -- Looking for ignition-sensors6-navsat -- found version 6.8.1
[3.206s] -- Searching for dependencies of ignition-sensors6-navsat
[3.207s] -- Searching for <ignition-sensors6> component [rendering]
[3.214s] -- Looking for ignition-sensors6-rendering -- found version 6.8.1
[3.215s] -- Searching for dependencies of ignition-sensors6-rendering
[3.215s] -- Searching for <ignition-sensors6> component [lidar]
[3.224s] -- Looking for ignition-sensors6-lidar -- found version 6.8.1
[3.225s] -- Searching for dependencies of ignition-sensors6-lidar
[3.228s] -- Looking for ignition-sensors6 -- found version 6.8.1
[3.229s] -- Searching for <ignition-sensors6> component [gpu_lidar]
[3.235s] -- Looking for ignition-sensors6-gpu_lidar -- found version 6.8.1
[3.236s] -- Searching for dependencies of ignition-sensors6-gpu_lidar
[3.236s] -- Looking for ignition-sensors6 -- found version 6.8.1
[3.237s] -- Searching for <ignition-sensors6> component [camera]
[3.246s] -- Looking for ignition-sensors6-camera -- found version 6.8.1
[3.248s] -- Searching for dependencies of ignition-sensors6-camera
[3.248s] -- Looking for ignition-sensors6 -- found version 6.8.1
[3.248s] -- Searching for <ignition-sensors6> component [boundingbox_camera]
[3.256s] -- Looking for ignition-sensors6-boundingbox_camera -- found version 6.8.1
[3.257s] -- Searching for dependencies of ignition-sensors6-boundingbox_camera
[3.259s] -- Searching for <ignition-sensors6> component [segmentation_camera]
[3.267s] -- Looking for ignition-sensors6-segmentation_camera -- found version 6.8.1
[3.267s] -- Searching for dependencies of ignition-sensors6-segmentation_camera
[3.268s] -- Searching for <ignition-sensors6> component [depth_camera]
[3.280s] -- Looking for ignition-sensors6-depth_camera -- found version 6.8.1
[3.280s] -- Searching for dependencies of ignition-sensors6-depth_camera
[3.281s] -- Looking for ignition-sensors6 -- found version 6.8.1
[3.281s] -- Searching for <ignition-sensors6> component [rgbd_camera]
[3.288s] -- Looking for ignition-sensors6-rgbd_camera -- found version 6.8.1
[3.289s] -- Searching for dependencies of ignition-sensors6-rgbd_camera
[3.290s] -- Looking for ignition-sensors6 -- found version 6.8.1
[3.291s] -- Searching for <ignition-sensors6> component [thermal_camera]
[3.299s] -- Looking for ignition-sensors6-thermal_camera -- found version 6.8.1
[3.300s] -- Searching for dependencies of ignition-sensors6-thermal_camera
[3.301s] -- Looking for ignition-sensors6 -- found version 6.8.1
[3.303s] -- Looking for ignition-rendering6 -- found version 6.6.3
[3.303s] -- Looking for ignition-math6 -- found version 6.15.1
[3.313s] -- Looking for ignition-utils1 -- found version 1.5.1
[3.357s] -- Looking for ignition-common4 -- found version 4.7.0
[3.358s] -- Looking for ignition-math6 -- found version 6.15.1
[3.358s] -- Looking for ignition-transport11 -- found version 11.4.1
[3.358s] -- Looking for ignition-plugin1 -- found version 1.4.0
[3.358s] -- Looking for ignition-rendering6 -- found version 6.6.3
[3.358s] -- Looking for ignition-msgs8 -- found version 8.7.0
[3.366s] -- Found ament_cmake: 1.3.11 (/opt/ros/humble/share/ament_cmake/cmake)
[3.872s] -- Found Python3: /usr/bin/python3 (found version "3.10.12") found components: Interpreter 
[4.284s] -- Found ros_gz_sim: 0.244.16 (/opt/ros/humble/share/ros_gz_sim/cmake)
[4.457s] -- Found rosidl_generator_c: 3.1.6 (/opt/ros/humble/share/rosidl_generator_c/cmake)
[4.475s] -- Found rosidl_adapter: 3.1.6 (/opt/ros/humble/share/rosidl_adapter/cmake)
[4.507s] -- Found rosidl_generator_cpp: 3.1.6 (/opt/ros/humble/share/rosidl_generator_cpp/cmake)
[4.547s] -- Using all available rosidl_typesupport_c: rosidl_typesupport_fastrtps_c;rosidl_typesupport_introspection_c
[4.605s] -- Using all available rosidl_typesupport_cpp: rosidl_typesupport_fastrtps_cpp;rosidl_typesupport_introspection_cpp
[4.757s] -- Found rmw_implementation_cmake: 6.1.2 (/opt/ros/humble/share/rmw_implementation_cmake/cmake)
[4.768s] -- Found rmw_fastrtps_cpp: 6.2.7 (/opt/ros/humble/share/rmw_fastrtps_cpp/cmake)
[5.293s] -- Found OpenSSL: /usr/lib/x86_64-linux-gnu/libcrypto.so (found version "3.0.2")  
[5.452s] -- Found FastRTPS: /opt/ros/humble/include  
[5.666s] -- Using RMW implementation 'rmw_fastrtps_cpp' as default
[5.778s] -- Found Threads: TRUE  
[6.045s] -- Found ros_gz_bridge: 0.244.16 (/opt/ros/humble/share/ros_gz_bridge/cmake)
[8.336s] -- Found as2_core: 1.1.2 (/home/ayush/challenge_multi_drone/install/as2_core/share/as2_core/cmake)
[9.359s] -- Found eigen3_cmake_module: 0.1.1 (/opt/ros/humble/share/eigen3_cmake_module/cmake)
[9.379s] -- Found Eigen3: TRUE (found version "3.4.0") 
[9.380s] -- Ensuring Eigen3 include directory is part of orocos-kdl CMake target
[12.089s] -- Found ament_lint_auto: 0.12.11 (/opt/ros/humble/share/ament_lint_auto/cmake)
[13.645s] -- Found ament_cmake_pytest: 1.3.11 (/opt/ros/humble/share/ament_cmake_pytest/cmake)
