[0.037s] Invoking command in '/home/ayush/challenge_multi_drone/build/as2_behaviors_path_planning': AMENT_PREFIX_PATH=/home/ayush/challenge_multi_drone/install/as2_behavior:/home/ayush/challenge_multi_drone/install/as2_core:/home/ayush/challenge_multi_drone/install/as2_msgs:${AMENT_PREFIX_PATH} CMAKE_PREFIX_PATH=/home/ayush/challenge_multi_drone/install/as2_behavior:/home/ayush/challenge_multi_drone/install/as2_core:/home/ayush/challenge_multi_drone/install/as2_msgs:/home/ayush/project_gazebo_ws/install/aerostack2:/home/ayush/project_gazebo_ws/install/as2_usb_camera_interface:/home/ayush/project_gazebo_ws/install/as2_state_estimator:/home/ayush/project_gazebo_ws/install/as2_rviz_plugins:/home/ayush/project_gazebo_ws/install/as2_realsense_interface:/home/ayush/project_gazebo_ws/install/as2_platform_multirotor_simulator:/home/ayush/project_gazebo_ws/install/as2_platform_gazebo:/home/ayush/project_gazebo_ws/install/as2_motion_controller:/home/ayush/project_gazebo_ws/install/as2_behaviors_trajectory_generation:/home/ayush/project_gazebo_ws/install/as2_behaviors_motion:/home/ayush/project_gazebo_ws/install/as2_motion_reference_handlers:/home/ayush/project_gazebo_ws/install/as2_map_server:/home/ayush/project_gazebo_ws/install/as2_geozones:/home/ayush/project_gazebo_ws/install/as2_gazebo_assets:/home/ayush/project_gazebo_ws/install/as2_external_object_to_tf:/home/ayush/project_gazebo_ws/install/as2_behaviors_platform:/home/ayush/project_gazebo_ws/install/as2_behaviors_perception:/home/ayush/project_gazebo_ws/install/as2_behaviors_path_planning:/home/ayush/project_gazebo_ws/install/as2_behavior_tree:/home/ayush/project_gazebo_ws/install/as2_behavior:/home/ayush/project_gazebo_ws/install/as2_alphanumeric_viewer:/home/ayush/project_gazebo_ws/install/as2_core:/home/ayush/project_gazebo_ws/install/as2_msgs:/home/ayush/project_gazebo_ws/install/as2_cli:/home/ayush/project_gazebo_ws/install/as2_visualization:/home/ayush/project_gazebo_ws/install/as2_keyboard_teleoperation:/home/ayush/project_gazebo_ws/install/as2_python_api:/opt/ros/humble LD_LIBRARY_PATH=/home/ayush/challenge_multi_drone/install/as2_behavior/lib:/home/ayush/challenge_multi_drone/install/as2_core/lib:/home/ayush/challenge_multi_drone/install/as2_msgs/lib:${LD_LIBRARY_PATH} PYTHONPATH=/home/ayush/challenge_multi_drone/install/as2_core/local/lib/python3.10/dist-packages:/home/ayush/challenge_multi_drone/install/as2_msgs/local/lib/python3.10/dist-packages:${PYTHONPATH} /usr/bin/cmake --build /home/ayush/challenge_multi_drone/build/as2_behaviors_path_planning -- -j12 -l12
[0.150s] [  7%] Built target as2_behaviors_path_planning_plugin_base
[0.195s] [ 14%] Built target path_planner_common
[0.253s] [ 35%] Built target a_star
[0.315s] [ 64%] Built target voronoi
[0.373s] [ 85%] Built target as2_behaviors_path_planning_node
[0.429s] [100%] Built target path_planner_component
[0.447s] Invoked command in '/home/ayush/challenge_multi_drone/build/as2_behaviors_path_planning' returned '0': AMENT_PREFIX_PATH=/home/ayush/challenge_multi_drone/install/as2_behavior:/home/ayush/challenge_multi_drone/install/as2_core:/home/ayush/challenge_multi_drone/install/as2_msgs:${AMENT_PREFIX_PATH} CMAKE_PREFIX_PATH=/home/ayush/challenge_multi_drone/install/as2_behavior:/home/ayush/challenge_multi_drone/install/as2_core:/home/ayush/challenge_multi_drone/install/as2_msgs:/home/ayush/project_gazebo_ws/install/aerostack2:/home/ayush/project_gazebo_ws/install/as2_usb_camera_interface:/home/ayush/project_gazebo_ws/install/as2_state_estimator:/home/ayush/project_gazebo_ws/install/as2_rviz_plugins:/home/ayush/project_gazebo_ws/install/as2_realsense_interface:/home/ayush/project_gazebo_ws/install/as2_platform_multirotor_simulator:/home/ayush/project_gazebo_ws/install/as2_platform_gazebo:/home/ayush/project_gazebo_ws/install/as2_motion_controller:/home/ayush/project_gazebo_ws/install/as2_behaviors_trajectory_generation:/home/ayush/project_gazebo_ws/install/as2_behaviors_motion:/home/ayush/project_gazebo_ws/install/as2_motion_reference_handlers:/home/ayush/project_gazebo_ws/install/as2_map_server:/home/ayush/project_gazebo_ws/install/as2_geozones:/home/ayush/project_gazebo_ws/install/as2_gazebo_assets:/home/ayush/project_gazebo_ws/install/as2_external_object_to_tf:/home/ayush/project_gazebo_ws/install/as2_behaviors_platform:/home/ayush/project_gazebo_ws/install/as2_behaviors_perception:/home/ayush/project_gazebo_ws/install/as2_behaviors_path_planning:/home/ayush/project_gazebo_ws/install/as2_behavior_tree:/home/ayush/project_gazebo_ws/install/as2_behavior:/home/ayush/project_gazebo_ws/install/as2_alphanumeric_viewer:/home/ayush/project_gazebo_ws/install/as2_core:/home/ayush/project_gazebo_ws/install/as2_msgs:/home/ayush/project_gazebo_ws/install/as2_cli:/home/ayush/project_gazebo_ws/install/as2_visualization:/home/ayush/project_gazebo_ws/install/as2_keyboard_teleoperation:/home/ayush/project_gazebo_ws/install/as2_python_api:/opt/ros/humble LD_LIBRARY_PATH=/home/ayush/challenge_multi_drone/install/as2_behavior/lib:/home/ayush/challenge_multi_drone/install/as2_core/lib:/home/ayush/challenge_multi_drone/install/as2_msgs/lib:${LD_LIBRARY_PATH} PYTHONPATH=/home/ayush/challenge_multi_drone/install/as2_core/local/lib/python3.10/dist-packages:/home/ayush/challenge_multi_drone/install/as2_msgs/local/lib/python3.10/dist-packages:${PYTHONPATH} /usr/bin/cmake --build /home/ayush/challenge_multi_drone/build/as2_behaviors_path_planning -- -j12 -l12
[0.450s] Invoking command in '/home/ayush/challenge_multi_drone/build/as2_behaviors_path_planning': AMENT_PREFIX_PATH=/home/ayush/challenge_multi_drone/install/as2_behavior:/home/ayush/challenge_multi_drone/install/as2_core:/home/ayush/challenge_multi_drone/install/as2_msgs:${AMENT_PREFIX_PATH} CMAKE_PREFIX_PATH=/home/ayush/challenge_multi_drone/install/as2_behavior:/home/ayush/challenge_multi_drone/install/as2_core:/home/ayush/challenge_multi_drone/install/as2_msgs:/home/ayush/project_gazebo_ws/install/aerostack2:/home/ayush/project_gazebo_ws/install/as2_usb_camera_interface:/home/ayush/project_gazebo_ws/install/as2_state_estimator:/home/ayush/project_gazebo_ws/install/as2_rviz_plugins:/home/ayush/project_gazebo_ws/install/as2_realsense_interface:/home/ayush/project_gazebo_ws/install/as2_platform_multirotor_simulator:/home/ayush/project_gazebo_ws/install/as2_platform_gazebo:/home/ayush/project_gazebo_ws/install/as2_motion_controller:/home/ayush/project_gazebo_ws/install/as2_behaviors_trajectory_generation:/home/ayush/project_gazebo_ws/install/as2_behaviors_motion:/home/ayush/project_gazebo_ws/install/as2_motion_reference_handlers:/home/ayush/project_gazebo_ws/install/as2_map_server:/home/ayush/project_gazebo_ws/install/as2_geozones:/home/ayush/project_gazebo_ws/install/as2_gazebo_assets:/home/ayush/project_gazebo_ws/install/as2_external_object_to_tf:/home/ayush/project_gazebo_ws/install/as2_behaviors_platform:/home/ayush/project_gazebo_ws/install/as2_behaviors_perception:/home/ayush/project_gazebo_ws/install/as2_behaviors_path_planning:/home/ayush/project_gazebo_ws/install/as2_behavior_tree:/home/ayush/project_gazebo_ws/install/as2_behavior:/home/ayush/project_gazebo_ws/install/as2_alphanumeric_viewer:/home/ayush/project_gazebo_ws/install/as2_core:/home/ayush/project_gazebo_ws/install/as2_msgs:/home/ayush/project_gazebo_ws/install/as2_cli:/home/ayush/project_gazebo_ws/install/as2_visualization:/home/ayush/project_gazebo_ws/install/as2_keyboard_teleoperation:/home/ayush/project_gazebo_ws/install/as2_python_api:/opt/ros/humble LD_LIBRARY_PATH=/home/ayush/challenge_multi_drone/install/as2_behavior/lib:/home/ayush/challenge_multi_drone/install/as2_core/lib:/home/ayush/challenge_multi_drone/install/as2_msgs/lib:${LD_LIBRARY_PATH} PYTHONPATH=/home/ayush/challenge_multi_drone/install/as2_core/local/lib/python3.10/dist-packages:/home/ayush/challenge_multi_drone/install/as2_msgs/local/lib/python3.10/dist-packages:${PYTHONPATH} /usr/bin/cmake --install /home/ayush/challenge_multi_drone/build/as2_behaviors_path_planning
[0.466s] -- Install configuration: "Release"
[0.466s] -- Up-to-date: /home/ayush/challenge_multi_drone/install/as2_behaviors_path_planning/include
[0.466s] -- Up-to-date: /home/ayush/challenge_multi_drone/install/as2_behaviors_path_planning/include/as2_behaviors_path_planning
[0.466s] -- Up-to-date: /home/ayush/challenge_multi_drone/install/as2_behaviors_path_planning/include/as2_behaviors_path_planning/path_planner_behavior.hpp
[0.466s] -- Up-to-date: /home/ayush/challenge_multi_drone/install/as2_behaviors_path_planning/include/as2_behaviors_path_planning/path_planner_plugin_base.hpp
[0.467s] -- Up-to-date: /home/ayush/challenge_multi_drone/install/as2_behaviors_path_planning/share/as2_behaviors_path_planning/environment/library_path.sh
[0.467s] -- Up-to-date: /home/ayush/challenge_multi_drone/install/as2_behaviors_path_planning/share/as2_behaviors_path_planning/environment/library_path.dsv
[0.467s] -- Up-to-date: /home/ayush/challenge_multi_drone/install/as2_behaviors_path_planning/include/include
[0.467s] -- Up-to-date: /home/ayush/challenge_multi_drone/install/as2_behaviors_path_planning/include/include/cell_node.hpp
[0.467s] -- Up-to-date: /home/ayush/challenge_multi_drone/install/as2_behaviors_path_planning/include/include/graph_searcher.hpp
[0.467s] -- Up-to-date: /home/ayush/challenge_multi_drone/install/as2_behaviors_path_planning/include/include/utils.hpp
[0.468s] -- Up-to-date: /home/ayush/challenge_multi_drone/install/as2_behaviors_path_planning/lib/libas2_behaviors_path_planning_plugin_base.so
[0.469s] -- Up-to-date: /home/ayush/challenge_multi_drone/install/as2_behaviors_path_planning/lib/libpath_planner_component.so
[0.469s] -- Up-to-date: /home/ayush/challenge_multi_drone/install/as2_behaviors_path_planning/share/as2_behaviors_path_planning/plugins.xml
[0.470s] -- Up-to-date: /home/ayush/challenge_multi_drone/install/as2_behaviors_path_planning/share/as2_behaviors_path_planning/launch
[0.470s] -- Up-to-date: /home/ayush/challenge_multi_drone/install/as2_behaviors_path_planning/share/as2_behaviors_path_planning/launch/a_star-path_planner_behavior.launch.py
[0.470s] -- Up-to-date: /home/ayush/challenge_multi_drone/install/as2_behaviors_path_planning/share/as2_behaviors_path_planning/launch
[0.470s] -- Up-to-date: /home/ayush/challenge_multi_drone/install/as2_behaviors_path_planning/share/as2_behaviors_path_planning/launch/voronoi-path_planner_behavior.launch.py
[0.471s] -- Up-to-date: /home/ayush/challenge_multi_drone/install/as2_behaviors_path_planning/lib/as2_behaviors_path_planning/as2_behaviors_path_planning_node
[0.471s] -- Up-to-date: /home/ayush/challenge_multi_drone/install/as2_behaviors_path_planning/share/as2_behaviors_path_planning/launch
[0.471s] -- Up-to-date: /home/ayush/challenge_multi_drone/install/as2_behaviors_path_planning/share/as2_behaviors_path_planning/launch/composable_path_planner_behavior.launch.py
[0.472s] -- Up-to-date: /home/ayush/challenge_multi_drone/install/as2_behaviors_path_planning/share/as2_behaviors_path_planning/launch/path_planner_behavior_launch.py
[0.472s] -- Up-to-date: /home/ayush/challenge_multi_drone/install/as2_behaviors_path_planning/share/as2_behaviors_path_planning/config
[0.472s] -- Up-to-date: /home/ayush/challenge_multi_drone/install/as2_behaviors_path_planning/share/as2_behaviors_path_planning/config/behavior_default.yaml
[0.473s] -- Up-to-date: /home/ayush/challenge_multi_drone/install/as2_behaviors_path_planning/share/ament_index/resource_index/package_run_dependencies/as2_behaviors_path_planning
[0.473s] -- Up-to-date: /home/ayush/challenge_multi_drone/install/as2_behaviors_path_planning/share/ament_index/resource_index/parent_prefix_path/as2_behaviors_path_planning
[0.473s] -- Up-to-date: /home/ayush/challenge_multi_drone/install/as2_behaviors_path_planning/share/as2_behaviors_path_planning/environment/ament_prefix_path.sh
[0.473s] -- Up-to-date: /home/ayush/challenge_multi_drone/install/as2_behaviors_path_planning/share/as2_behaviors_path_planning/environment/ament_prefix_path.dsv
[0.473s] -- Up-to-date: /home/ayush/challenge_multi_drone/install/as2_behaviors_path_planning/share/as2_behaviors_path_planning/environment/path.sh
[0.473s] -- Up-to-date: /home/ayush/challenge_multi_drone/install/as2_behaviors_path_planning/share/as2_behaviors_path_planning/environment/path.dsv
[0.473s] -- Up-to-date: /home/ayush/challenge_multi_drone/install/as2_behaviors_path_planning/share/as2_behaviors_path_planning/local_setup.bash
[0.473s] -- Up-to-date: /home/ayush/challenge_multi_drone/install/as2_behaviors_path_planning/share/as2_behaviors_path_planning/local_setup.sh
[0.473s] -- Up-to-date: /home/ayush/challenge_multi_drone/install/as2_behaviors_path_planning/share/as2_behaviors_path_planning/local_setup.zsh
[0.474s] -- Up-to-date: /home/ayush/challenge_multi_drone/install/as2_behaviors_path_planning/share/as2_behaviors_path_planning/local_setup.dsv
[0.474s] -- Installing: /home/ayush/challenge_multi_drone/install/as2_behaviors_path_planning/share/as2_behaviors_path_planning/package.dsv
[0.474s] -- Up-to-date: /home/ayush/challenge_multi_drone/install/as2_behaviors_path_planning/share/ament_index/resource_index/packages/as2_behaviors_path_planning
[0.474s] -- Up-to-date: /home/ayush/challenge_multi_drone/install/as2_behaviors_path_planning/share/ament_index/resource_index/as2_behaviors_path_planning__pluginlib__plugin/as2_behaviors_path_planning
[0.475s] -- Up-to-date: /home/ayush/challenge_multi_drone/install/as2_behaviors_path_planning/share/as2_behaviors_path_planning/cmake/as2_behaviors_path_planning_plugin_baseExport.cmake
[0.475s] -- Up-to-date: /home/ayush/challenge_multi_drone/install/as2_behaviors_path_planning/share/as2_behaviors_path_planning/cmake/as2_behaviors_path_planning_plugin_baseExport-release.cmake
[0.477s] -- Up-to-date: /home/ayush/challenge_multi_drone/install/as2_behaviors_path_planning/share/ament_index/resource_index/rclcpp_components/as2_behaviors_path_planning
[0.477s] -- Up-to-date: /home/ayush/challenge_multi_drone/install/as2_behaviors_path_planning/share/as2_behaviors_path_planning/cmake/ament_cmake_export_include_directories-extras.cmake
[0.477s] -- Up-to-date: /home/ayush/challenge_multi_drone/install/as2_behaviors_path_planning/share/as2_behaviors_path_planning/cmake/ament_cmake_export_libraries-extras.cmake
[0.478s] -- Up-to-date: /home/ayush/challenge_multi_drone/install/as2_behaviors_path_planning/share/as2_behaviors_path_planning/cmake/ament_cmake_export_targets-extras.cmake
[0.478s] -- Up-to-date: /home/ayush/challenge_multi_drone/install/as2_behaviors_path_planning/share/as2_behaviors_path_planning/cmake/as2_behaviors_path_planningConfig.cmake
[0.478s] -- Up-to-date: /home/ayush/challenge_multi_drone/install/as2_behaviors_path_planning/share/as2_behaviors_path_planning/cmake/as2_behaviors_path_planningConfig-version.cmake
[0.478s] -- Up-to-date: /home/ayush/challenge_multi_drone/install/as2_behaviors_path_planning/share/as2_behaviors_path_planning/package.xml
[0.478s] -- Up-to-date: /home/ayush/challenge_multi_drone/install/as2_behaviors_path_planning/include
[0.478s] -- Up-to-date: /home/ayush/challenge_multi_drone/install/as2_behaviors_path_planning/include/a_star.hpp
[0.478s] -- Up-to-date: /home/ayush/challenge_multi_drone/install/as2_behaviors_path_planning/include/a_star_algorithm.hpp
[0.478s] -- Up-to-date: /home/ayush/challenge_multi_drone/install/as2_behaviors_path_planning/include/a_star_searcher.hpp
[0.479s] -- Up-to-date: /home/ayush/challenge_multi_drone/install/as2_behaviors_path_planning/lib/liba_star.so
[0.479s] -- Up-to-date: /home/ayush/challenge_multi_drone/install/as2_behaviors_path_planning/include
[0.479s] -- Up-to-date: /home/ayush/challenge_multi_drone/install/as2_behaviors_path_planning/include/voronoi.hpp
[0.479s] -- Up-to-date: /home/ayush/challenge_multi_drone/install/as2_behaviors_path_planning/include/voronoi_searcher.hpp
[0.479s] -- Up-to-date: /home/ayush/challenge_multi_drone/install/as2_behaviors_path_planning/lib/libvoronoi.so
[0.484s] Invoked command in '/home/ayush/challenge_multi_drone/build/as2_behaviors_path_planning' returned '0': AMENT_PREFIX_PATH=/home/ayush/challenge_multi_drone/install/as2_behavior:/home/ayush/challenge_multi_drone/install/as2_core:/home/ayush/challenge_multi_drone/install/as2_msgs:${AMENT_PREFIX_PATH} CMAKE_PREFIX_PATH=/home/ayush/challenge_multi_drone/install/as2_behavior:/home/ayush/challenge_multi_drone/install/as2_core:/home/ayush/challenge_multi_drone/install/as2_msgs:/home/ayush/project_gazebo_ws/install/aerostack2:/home/ayush/project_gazebo_ws/install/as2_usb_camera_interface:/home/ayush/project_gazebo_ws/install/as2_state_estimator:/home/ayush/project_gazebo_ws/install/as2_rviz_plugins:/home/ayush/project_gazebo_ws/install/as2_realsense_interface:/home/ayush/project_gazebo_ws/install/as2_platform_multirotor_simulator:/home/ayush/project_gazebo_ws/install/as2_platform_gazebo:/home/ayush/project_gazebo_ws/install/as2_motion_controller:/home/ayush/project_gazebo_ws/install/as2_behaviors_trajectory_generation:/home/ayush/project_gazebo_ws/install/as2_behaviors_motion:/home/ayush/project_gazebo_ws/install/as2_motion_reference_handlers:/home/ayush/project_gazebo_ws/install/as2_map_server:/home/ayush/project_gazebo_ws/install/as2_geozones:/home/ayush/project_gazebo_ws/install/as2_gazebo_assets:/home/ayush/project_gazebo_ws/install/as2_external_object_to_tf:/home/ayush/project_gazebo_ws/install/as2_behaviors_platform:/home/ayush/project_gazebo_ws/install/as2_behaviors_perception:/home/ayush/project_gazebo_ws/install/as2_behaviors_path_planning:/home/ayush/project_gazebo_ws/install/as2_behavior_tree:/home/ayush/project_gazebo_ws/install/as2_behavior:/home/ayush/project_gazebo_ws/install/as2_alphanumeric_viewer:/home/ayush/project_gazebo_ws/install/as2_core:/home/ayush/project_gazebo_ws/install/as2_msgs:/home/ayush/project_gazebo_ws/install/as2_cli:/home/ayush/project_gazebo_ws/install/as2_visualization:/home/ayush/project_gazebo_ws/install/as2_keyboard_teleoperation:/home/ayush/project_gazebo_ws/install/as2_python_api:/opt/ros/humble LD_LIBRARY_PATH=/home/ayush/challenge_multi_drone/install/as2_behavior/lib:/home/ayush/challenge_multi_drone/install/as2_core/lib:/home/ayush/challenge_multi_drone/install/as2_msgs/lib:${LD_LIBRARY_PATH} PYTHONPATH=/home/ayush/challenge_multi_drone/install/as2_core/local/lib/python3.10/dist-packages:/home/ayush/challenge_multi_drone/install/as2_msgs/local/lib/python3.10/dist-packages:${PYTHONPATH} /usr/bin/cmake --install /home/ayush/challenge_multi_drone/build/as2_behaviors_path_planning
