[0.032s] Invoking command in '/home/ayush/challenge_multi_drone/build/as2_platform_multirotor_simulator': AMENT_PREFIX_PATH=/home/ayush/challenge_multi_drone/install/as2_core:/home/ayush/challenge_multi_drone/install/as2_msgs:${AMENT_PREFIX_PATH} CMAKE_PREFIX_PATH=/home/ayush/challenge_multi_drone/install/as2_core:/home/ayush/challenge_multi_drone/install/as2_msgs:/home/ayush/project_gazebo_ws/install/aerostack2:/home/ayush/project_gazebo_ws/install/as2_usb_camera_interface:/home/ayush/project_gazebo_ws/install/as2_state_estimator:/home/ayush/project_gazebo_ws/install/as2_rviz_plugins:/home/ayush/project_gazebo_ws/install/as2_realsense_interface:/home/ayush/project_gazebo_ws/install/as2_platform_multirotor_simulator:/home/ayush/project_gazebo_ws/install/as2_platform_gazebo:/home/ayush/project_gazebo_ws/install/as2_motion_controller:/home/ayush/project_gazebo_ws/install/as2_behaviors_trajectory_generation:/home/ayush/project_gazebo_ws/install/as2_behaviors_motion:/home/ayush/project_gazebo_ws/install/as2_motion_reference_handlers:/home/ayush/project_gazebo_ws/install/as2_map_server:/home/ayush/project_gazebo_ws/install/as2_geozones:/home/ayush/project_gazebo_ws/install/as2_gazebo_assets:/home/ayush/project_gazebo_ws/install/as2_external_object_to_tf:/home/ayush/project_gazebo_ws/install/as2_behaviors_platform:/home/ayush/project_gazebo_ws/install/as2_behaviors_perception:/home/ayush/project_gazebo_ws/install/as2_behaviors_path_planning:/home/ayush/project_gazebo_ws/install/as2_behavior_tree:/home/ayush/project_gazebo_ws/install/as2_behavior:/home/ayush/project_gazebo_ws/install/as2_alphanumeric_viewer:/home/ayush/project_gazebo_ws/install/as2_core:/home/ayush/project_gazebo_ws/install/as2_msgs:/home/ayush/project_gazebo_ws/install/as2_cli:/home/ayush/project_gazebo_ws/install/as2_visualization:/home/ayush/project_gazebo_ws/install/as2_keyboard_teleoperation:/home/ayush/project_gazebo_ws/install/as2_python_api:/opt/ros/humble LD_LIBRARY_PATH=/home/ayush/challenge_multi_drone/install/as2_core/lib:/home/ayush/challenge_multi_drone/install/as2_msgs/lib:${LD_LIBRARY_PATH} PYTHONPATH=/home/ayush/challenge_multi_drone/install/as2_core/local/lib/python3.10/dist-packages:/home/ayush/challenge_multi_drone/install/as2_msgs/local/lib/python3.10/dist-packages:${PYTHONPATH} /usr/bin/cmake --build /home/ayush/challenge_multi_drone/build/as2_platform_multirotor_simulator -- -j12 -l12
[0.147s] [  2%] Built target pid_controller
[0.200s] [  6%] Built target gtest
[0.252s] [ 10%] Built target multirotor_simulator_position_controller_gtest
[0.299s] [ 14%] Built target multirotor_simulator_trajectory_controller_gtest
[0.341s] [ 18%] Built target multirotor_simulator_velocity_controller_gtest
[0.391s] [ 22%] Built target multirotor_simulator_multirotor_controllers_gtest
[0.438s] [ 27%] Built target multirotor_simulator_state_gtest
[0.487s] [ 31%] Built target multirotor_simulator_utils_gtest
[0.536s] [ 35%] Built target multirotor_simulator_dynamics_gtest
[0.593s] [ 39%] Built target multirotor_simulator_model_gtest
[0.642s] [ 43%] Built target multirotor_simulator_multirotor_simulator_fly_gtest
[0.686s] [ 47%] Built target multirotor_simulator_multirotor_simulator_gtest
[0.729s] [ 52%] Built target multirotor_simulator_indi_controller_gtest
[0.778s] [ 56%] Built target multirotor_simulator_acro_controller_gtest
[0.824s] [ 60%] Built target multirotor_simulator_inertial_odometry_gtest
[0.874s] [ 64%] Built target multirotor_simulator_imu_gtest
[0.926s] [ 68%] Built target pid_controller_saturate_output_gtest
[0.976s] [ 72%] Built target pid_controller_pid_gtest
[1.022s] [ 77%] Built target pid_controller_pid_1d_gtest
[1.082s] [ 81%] Built target as2_platform_multirotor_simulator
[1.145s] [ 87%] Built target as2_platform_multirotor_simulator_node
[1.190s] [ 91%] Built target gtest_main
[1.248s] [ 95%] Built target as2_platform_multirotor_simulator_as2_platform_multirotor_simulator_fly_gtest
[1.305s] [100%] Built target as2_platform_multirotor_simulator_as2_platform_multirotor_simulator_gtest
[1.325s] Invoked command in '/home/ayush/challenge_multi_drone/build/as2_platform_multirotor_simulator' returned '0': AMENT_PREFIX_PATH=/home/ayush/challenge_multi_drone/install/as2_core:/home/ayush/challenge_multi_drone/install/as2_msgs:${AMENT_PREFIX_PATH} CMAKE_PREFIX_PATH=/home/ayush/challenge_multi_drone/install/as2_core:/home/ayush/challenge_multi_drone/install/as2_msgs:/home/ayush/project_gazebo_ws/install/aerostack2:/home/ayush/project_gazebo_ws/install/as2_usb_camera_interface:/home/ayush/project_gazebo_ws/install/as2_state_estimator:/home/ayush/project_gazebo_ws/install/as2_rviz_plugins:/home/ayush/project_gazebo_ws/install/as2_realsense_interface:/home/ayush/project_gazebo_ws/install/as2_platform_multirotor_simulator:/home/ayush/project_gazebo_ws/install/as2_platform_gazebo:/home/ayush/project_gazebo_ws/install/as2_motion_controller:/home/ayush/project_gazebo_ws/install/as2_behaviors_trajectory_generation:/home/ayush/project_gazebo_ws/install/as2_behaviors_motion:/home/ayush/project_gazebo_ws/install/as2_motion_reference_handlers:/home/ayush/project_gazebo_ws/install/as2_map_server:/home/ayush/project_gazebo_ws/install/as2_geozones:/home/ayush/project_gazebo_ws/install/as2_gazebo_assets:/home/ayush/project_gazebo_ws/install/as2_external_object_to_tf:/home/ayush/project_gazebo_ws/install/as2_behaviors_platform:/home/ayush/project_gazebo_ws/install/as2_behaviors_perception:/home/ayush/project_gazebo_ws/install/as2_behaviors_path_planning:/home/ayush/project_gazebo_ws/install/as2_behavior_tree:/home/ayush/project_gazebo_ws/install/as2_behavior:/home/ayush/project_gazebo_ws/install/as2_alphanumeric_viewer:/home/ayush/project_gazebo_ws/install/as2_core:/home/ayush/project_gazebo_ws/install/as2_msgs:/home/ayush/project_gazebo_ws/install/as2_cli:/home/ayush/project_gazebo_ws/install/as2_visualization:/home/ayush/project_gazebo_ws/install/as2_keyboard_teleoperation:/home/ayush/project_gazebo_ws/install/as2_python_api:/opt/ros/humble LD_LIBRARY_PATH=/home/ayush/challenge_multi_drone/install/as2_core/lib:/home/ayush/challenge_multi_drone/install/as2_msgs/lib:${LD_LIBRARY_PATH} PYTHONPATH=/home/ayush/challenge_multi_drone/install/as2_core/local/lib/python3.10/dist-packages:/home/ayush/challenge_multi_drone/install/as2_msgs/local/lib/python3.10/dist-packages:${PYTHONPATH} /usr/bin/cmake --build /home/ayush/challenge_multi_drone/build/as2_platform_multirotor_simulator -- -j12 -l12
[1.330s] Invoking command in '/home/ayush/challenge_multi_drone/build/as2_platform_multirotor_simulator': AMENT_PREFIX_PATH=/home/ayush/challenge_multi_drone/install/as2_core:/home/ayush/challenge_multi_drone/install/as2_msgs:${AMENT_PREFIX_PATH} CMAKE_PREFIX_PATH=/home/ayush/challenge_multi_drone/install/as2_core:/home/ayush/challenge_multi_drone/install/as2_msgs:/home/ayush/project_gazebo_ws/install/aerostack2:/home/ayush/project_gazebo_ws/install/as2_usb_camera_interface:/home/ayush/project_gazebo_ws/install/as2_state_estimator:/home/ayush/project_gazebo_ws/install/as2_rviz_plugins:/home/ayush/project_gazebo_ws/install/as2_realsense_interface:/home/ayush/project_gazebo_ws/install/as2_platform_multirotor_simulator:/home/ayush/project_gazebo_ws/install/as2_platform_gazebo:/home/ayush/project_gazebo_ws/install/as2_motion_controller:/home/ayush/project_gazebo_ws/install/as2_behaviors_trajectory_generation:/home/ayush/project_gazebo_ws/install/as2_behaviors_motion:/home/ayush/project_gazebo_ws/install/as2_motion_reference_handlers:/home/ayush/project_gazebo_ws/install/as2_map_server:/home/ayush/project_gazebo_ws/install/as2_geozones:/home/ayush/project_gazebo_ws/install/as2_gazebo_assets:/home/ayush/project_gazebo_ws/install/as2_external_object_to_tf:/home/ayush/project_gazebo_ws/install/as2_behaviors_platform:/home/ayush/project_gazebo_ws/install/as2_behaviors_perception:/home/ayush/project_gazebo_ws/install/as2_behaviors_path_planning:/home/ayush/project_gazebo_ws/install/as2_behavior_tree:/home/ayush/project_gazebo_ws/install/as2_behavior:/home/ayush/project_gazebo_ws/install/as2_alphanumeric_viewer:/home/ayush/project_gazebo_ws/install/as2_core:/home/ayush/project_gazebo_ws/install/as2_msgs:/home/ayush/project_gazebo_ws/install/as2_cli:/home/ayush/project_gazebo_ws/install/as2_visualization:/home/ayush/project_gazebo_ws/install/as2_keyboard_teleoperation:/home/ayush/project_gazebo_ws/install/as2_python_api:/opt/ros/humble LD_LIBRARY_PATH=/home/ayush/challenge_multi_drone/install/as2_core/lib:/home/ayush/challenge_multi_drone/install/as2_msgs/lib:${LD_LIBRARY_PATH} PYTHONPATH=/home/ayush/challenge_multi_drone/install/as2_core/local/lib/python3.10/dist-packages:/home/ayush/challenge_multi_drone/install/as2_msgs/local/lib/python3.10/dist-packages:${PYTHONPATH} /usr/bin/cmake --install /home/ayush/challenge_multi_drone/build/as2_platform_multirotor_simulator
[1.347s] -- Install configuration: "Release"
[1.348s] -- Up-to-date: /home/ayush/challenge_multi_drone/install/as2_platform_multirotor_simulator/include
[1.348s] -- Up-to-date: /home/ayush/challenge_multi_drone/install/as2_platform_multirotor_simulator/include/as2_platform_multirotor_simulator
[1.348s] -- Up-to-date: /home/ayush/challenge_multi_drone/install/as2_platform_multirotor_simulator/include/as2_platform_multirotor_simulator/as2_platform_multirotor_simulator.hpp
[1.349s] -- Up-to-date: /home/ayush/challenge_multi_drone/install/as2_platform_multirotor_simulator/lib/as2_platform_multirotor_simulator/as2_platform_multirotor_simulator_node
[1.349s] -- Up-to-date: /home/ayush/challenge_multi_drone/install/as2_platform_multirotor_simulator/lib/libas2_platform_multirotor_simulator.a
[1.349s] -- Up-to-date: /home/ayush/challenge_multi_drone/install/as2_platform_multirotor_simulator/share/as2_platform_multirotor_simulator/launch
[1.350s] -- Up-to-date: /home/ayush/challenge_multi_drone/install/as2_platform_multirotor_simulator/share/as2_platform_multirotor_simulator/launch/as2_platform_multirotor_simulator.launch.py
[1.350s] -- Up-to-date: /home/ayush/challenge_multi_drone/install/as2_platform_multirotor_simulator/share/as2_platform_multirotor_simulator/config
[1.350s] -- Up-to-date: /home/ayush/challenge_multi_drone/install/as2_platform_multirotor_simulator/share/as2_platform_multirotor_simulator/config/control_modes.yaml
[1.350s] -- Up-to-date: /home/ayush/challenge_multi_drone/install/as2_platform_multirotor_simulator/share/as2_platform_multirotor_simulator/config/uav_config.yaml
[1.351s] -- Up-to-date: /home/ayush/challenge_multi_drone/install/as2_platform_multirotor_simulator/share/as2_platform_multirotor_simulator/config/world_config.yaml
[1.351s] -- Up-to-date: /home/ayush/challenge_multi_drone/install/as2_platform_multirotor_simulator/share/as2_platform_multirotor_simulator/config/platform_config_file.yaml
[1.351s] -- Up-to-date: /home/ayush/challenge_multi_drone/install/as2_platform_multirotor_simulator/share/ament_index/resource_index/package_run_dependencies/as2_platform_multirotor_simulator
[1.352s] -- Up-to-date: /home/ayush/challenge_multi_drone/install/as2_platform_multirotor_simulator/share/ament_index/resource_index/parent_prefix_path/as2_platform_multirotor_simulator
[1.352s] -- Up-to-date: /home/ayush/challenge_multi_drone/install/as2_platform_multirotor_simulator/share/as2_platform_multirotor_simulator/environment/ament_prefix_path.sh
[1.352s] -- Up-to-date: /home/ayush/challenge_multi_drone/install/as2_platform_multirotor_simulator/share/as2_platform_multirotor_simulator/environment/ament_prefix_path.dsv
[1.352s] -- Up-to-date: /home/ayush/challenge_multi_drone/install/as2_platform_multirotor_simulator/share/as2_platform_multirotor_simulator/environment/path.sh
[1.352s] -- Up-to-date: /home/ayush/challenge_multi_drone/install/as2_platform_multirotor_simulator/share/as2_platform_multirotor_simulator/environment/path.dsv
[1.352s] -- Up-to-date: /home/ayush/challenge_multi_drone/install/as2_platform_multirotor_simulator/share/as2_platform_multirotor_simulator/local_setup.bash
[1.352s] -- Up-to-date: /home/ayush/challenge_multi_drone/install/as2_platform_multirotor_simulator/share/as2_platform_multirotor_simulator/local_setup.sh
[1.353s] -- Up-to-date: /home/ayush/challenge_multi_drone/install/as2_platform_multirotor_simulator/share/as2_platform_multirotor_simulator/local_setup.zsh
[1.353s] -- Up-to-date: /home/ayush/challenge_multi_drone/install/as2_platform_multirotor_simulator/share/as2_platform_multirotor_simulator/local_setup.dsv
[1.353s] -- Installing: /home/ayush/challenge_multi_drone/install/as2_platform_multirotor_simulator/share/as2_platform_multirotor_simulator/package.dsv
[1.353s] -- Up-to-date: /home/ayush/challenge_multi_drone/install/as2_platform_multirotor_simulator/share/ament_index/resource_index/packages/as2_platform_multirotor_simulator
[1.353s] -- Up-to-date: /home/ayush/challenge_multi_drone/install/as2_platform_multirotor_simulator/share/as2_platform_multirotor_simulator/cmake/as2_platform_multirotor_simulatorConfig.cmake
[1.353s] -- Up-to-date: /home/ayush/challenge_multi_drone/install/as2_platform_multirotor_simulator/share/as2_platform_multirotor_simulator/cmake/as2_platform_multirotor_simulatorConfig-version.cmake
[1.353s] -- Up-to-date: /home/ayush/challenge_multi_drone/install/as2_platform_multirotor_simulator/share/as2_platform_multirotor_simulator/package.xml
[1.359s] Invoked command in '/home/ayush/challenge_multi_drone/build/as2_platform_multirotor_simulator' returned '0': AMENT_PREFIX_PATH=/home/ayush/challenge_multi_drone/install/as2_core:/home/ayush/challenge_multi_drone/install/as2_msgs:${AMENT_PREFIX_PATH} CMAKE_PREFIX_PATH=/home/ayush/challenge_multi_drone/install/as2_core:/home/ayush/challenge_multi_drone/install/as2_msgs:/home/ayush/project_gazebo_ws/install/aerostack2:/home/ayush/project_gazebo_ws/install/as2_usb_camera_interface:/home/ayush/project_gazebo_ws/install/as2_state_estimator:/home/ayush/project_gazebo_ws/install/as2_rviz_plugins:/home/ayush/project_gazebo_ws/install/as2_realsense_interface:/home/ayush/project_gazebo_ws/install/as2_platform_multirotor_simulator:/home/ayush/project_gazebo_ws/install/as2_platform_gazebo:/home/ayush/project_gazebo_ws/install/as2_motion_controller:/home/ayush/project_gazebo_ws/install/as2_behaviors_trajectory_generation:/home/ayush/project_gazebo_ws/install/as2_behaviors_motion:/home/ayush/project_gazebo_ws/install/as2_motion_reference_handlers:/home/ayush/project_gazebo_ws/install/as2_map_server:/home/ayush/project_gazebo_ws/install/as2_geozones:/home/ayush/project_gazebo_ws/install/as2_gazebo_assets:/home/ayush/project_gazebo_ws/install/as2_external_object_to_tf:/home/ayush/project_gazebo_ws/install/as2_behaviors_platform:/home/ayush/project_gazebo_ws/install/as2_behaviors_perception:/home/ayush/project_gazebo_ws/install/as2_behaviors_path_planning:/home/ayush/project_gazebo_ws/install/as2_behavior_tree:/home/ayush/project_gazebo_ws/install/as2_behavior:/home/ayush/project_gazebo_ws/install/as2_alphanumeric_viewer:/home/ayush/project_gazebo_ws/install/as2_core:/home/ayush/project_gazebo_ws/install/as2_msgs:/home/ayush/project_gazebo_ws/install/as2_cli:/home/ayush/project_gazebo_ws/install/as2_visualization:/home/ayush/project_gazebo_ws/install/as2_keyboard_teleoperation:/home/ayush/project_gazebo_ws/install/as2_python_api:/opt/ros/humble LD_LIBRARY_PATH=/home/ayush/challenge_multi_drone/install/as2_core/lib:/home/ayush/challenge_multi_drone/install/as2_msgs/lib:${LD_LIBRARY_PATH} PYTHONPATH=/home/ayush/challenge_multi_drone/install/as2_core/local/lib/python3.10/dist-packages:/home/ayush/challenge_multi_drone/install/as2_msgs/local/lib/python3.10/dist-packages:${PYTHONPATH} /usr/bin/cmake --install /home/ayush/challenge_multi_drone/build/as2_platform_multirotor_simulator
