[0.015s] Invoking command in '/home/ayush/challenge_multi_drone/build/as2_motion_controller': AMENT_PREFIX_PATH=/home/ayush/challenge_multi_drone/install/as2_motion_reference_handlers:/home/ayush/challenge_multi_drone/install/as2_core:/home/ayush/challenge_multi_drone/install/as2_msgs:${AMENT_PREFIX_PATH} CMAKE_PREFIX_PATH=/home/ayush/challenge_multi_drone/install/as2_motion_reference_handlers:/home/ayush/challenge_multi_drone/install/as2_core:/home/ayush/challenge_multi_drone/install/as2_msgs:/home/ayush/project_gazebo_ws/install/aerostack2:/home/ayush/project_gazebo_ws/install/as2_usb_camera_interface:/home/ayush/project_gazebo_ws/install/as2_state_estimator:/home/ayush/project_gazebo_ws/install/as2_rviz_plugins:/home/ayush/project_gazebo_ws/install/as2_realsense_interface:/home/ayush/project_gazebo_ws/install/as2_platform_multirotor_simulator:/home/ayush/project_gazebo_ws/install/as2_platform_gazebo:/home/ayush/project_gazebo_ws/install/as2_motion_controller:/home/ayush/project_gazebo_ws/install/as2_behaviors_trajectory_generation:/home/ayush/project_gazebo_ws/install/as2_behaviors_motion:/home/ayush/project_gazebo_ws/install/as2_motion_reference_handlers:/home/ayush/project_gazebo_ws/install/as2_map_server:/home/ayush/project_gazebo_ws/install/as2_geozones:/home/ayush/project_gazebo_ws/install/as2_gazebo_assets:/home/ayush/project_gazebo_ws/install/as2_external_object_to_tf:/home/ayush/project_gazebo_ws/install/as2_behaviors_platform:/home/ayush/project_gazebo_ws/install/as2_behaviors_perception:/home/ayush/project_gazebo_ws/install/as2_behaviors_path_planning:/home/ayush/project_gazebo_ws/install/as2_behavior_tree:/home/ayush/project_gazebo_ws/install/as2_behavior:/home/ayush/project_gazebo_ws/install/as2_alphanumeric_viewer:/home/ayush/project_gazebo_ws/install/as2_core:/home/ayush/project_gazebo_ws/install/as2_msgs:/home/ayush/project_gazebo_ws/install/as2_cli:/home/ayush/project_gazebo_ws/install/as2_visualization:/home/ayush/project_gazebo_ws/install/as2_keyboard_teleoperation:/home/ayush/project_gazebo_ws/install/as2_python_api:/opt/ros/humble LD_LIBRARY_PATH=/home/ayush/challenge_multi_drone/install/as2_motion_reference_handlers/lib:/home/ayush/challenge_multi_drone/install/as2_core/lib:/home/ayush/challenge_multi_drone/install/as2_msgs/lib:${LD_LIBRARY_PATH} PYTHONPATH=/home/ayush/challenge_multi_drone/install/as2_motion_reference_handlers/local/lib/python3.10/dist-packages:/home/ayush/challenge_multi_drone/install/as2_core/local/lib/python3.10/dist-packages:/home/ayush/challenge_multi_drone/install/as2_msgs/local/lib/python3.10/dist-packages:${PYTHONPATH} /usr/bin/cmake --build /home/ayush/challenge_multi_drone/build/as2_motion_controller -- -j12 -l12
[0.068s] [35m[1mConsolidate compiler generated dependencies of target gtest[0m
[0.071s] [35m[1mConsolidate compiler generated dependencies of target gtest_main[0m
[0.071s] [35m[1mConsolidate compiler generated dependencies of target as2_motion_controller[0m
[0.079s] [  3%] Built target as2_motion_controller_plugin_base
[0.080s] [  6%] Built target pid_controller
[0.083s] [ 13%] Built target gtest
[0.086s] [ 20%] Built target gtest_main
[0.090s] [35m[1mConsolidate compiler generated dependencies of target pid_controller_pid_gtest[0m
[0.092s] [35m[1mConsolidate compiler generated dependencies of target pid_controller_pid_1d_gtest[0m
[0.093s] [35m[1mConsolidate compiler generated dependencies of target pid_controller_saturate_output_gtest[0m
[0.094s] [ 31%] Built target as2_motion_controller
[0.104s] [ 37%] Built target pid_controller_pid_gtest
[0.105s] [35m[1mConsolidate compiler generated dependencies of target as2_motion_controller_node[0m
[0.105s] [ 44%] Built target pid_controller_pid_1d_gtest
[0.106s] [35m[1mConsolidate compiler generated dependencies of target as2_motion_controller_find_mode_match_test[0m
[0.106s] [35m[1mConsolidate compiler generated dependencies of target differential_flatness_controller[0m
[0.107s] [35m[1mConsolidate compiler generated dependencies of target pid_speed_controller[0m
[0.107s] [ 51%] Built target pid_controller_saturate_output_gtest
[0.108s] [35m[1mConsolidate compiler generated dependencies of target as2_motion_controller_as2_motion_controller_gtest[0m
[0.118s] [ 58%] Built target as2_motion_controller_find_mode_match_test
[0.122s] [ 65%] Built target as2_motion_controller_node
[0.123s] [ 72%] Built target differential_flatness_controller
[0.127s] [ 86%] Built target pid_speed_controller
[0.127s] [ 86%] Built target as2_motion_controller_as2_motion_controller_gtest
[0.134s] [35m[1mConsolidate compiler generated dependencies of target as2_motion_controller_differential_flatness_controller_gtest[0m
[0.140s] [35m[1mConsolidate compiler generated dependencies of target as2_motion_controller_pid_speed_controller_gtest[0m
[0.149s] [ 93%] Built target as2_motion_controller_differential_flatness_controller_gtest
[0.160s] [100%] Built target as2_motion_controller_pid_speed_controller_gtest
[0.174s] Invoked command in '/home/ayush/challenge_multi_drone/build/as2_motion_controller' returned '0': AMENT_PREFIX_PATH=/home/ayush/challenge_multi_drone/install/as2_motion_reference_handlers:/home/ayush/challenge_multi_drone/install/as2_core:/home/ayush/challenge_multi_drone/install/as2_msgs:${AMENT_PREFIX_PATH} CMAKE_PREFIX_PATH=/home/ayush/challenge_multi_drone/install/as2_motion_reference_handlers:/home/ayush/challenge_multi_drone/install/as2_core:/home/ayush/challenge_multi_drone/install/as2_msgs:/home/ayush/project_gazebo_ws/install/aerostack2:/home/ayush/project_gazebo_ws/install/as2_usb_camera_interface:/home/ayush/project_gazebo_ws/install/as2_state_estimator:/home/ayush/project_gazebo_ws/install/as2_rviz_plugins:/home/ayush/project_gazebo_ws/install/as2_realsense_interface:/home/ayush/project_gazebo_ws/install/as2_platform_multirotor_simulator:/home/ayush/project_gazebo_ws/install/as2_platform_gazebo:/home/ayush/project_gazebo_ws/install/as2_motion_controller:/home/ayush/project_gazebo_ws/install/as2_behaviors_trajectory_generation:/home/ayush/project_gazebo_ws/install/as2_behaviors_motion:/home/ayush/project_gazebo_ws/install/as2_motion_reference_handlers:/home/ayush/project_gazebo_ws/install/as2_map_server:/home/ayush/project_gazebo_ws/install/as2_geozones:/home/ayush/project_gazebo_ws/install/as2_gazebo_assets:/home/ayush/project_gazebo_ws/install/as2_external_object_to_tf:/home/ayush/project_gazebo_ws/install/as2_behaviors_platform:/home/ayush/project_gazebo_ws/install/as2_behaviors_perception:/home/ayush/project_gazebo_ws/install/as2_behaviors_path_planning:/home/ayush/project_gazebo_ws/install/as2_behavior_tree:/home/ayush/project_gazebo_ws/install/as2_behavior:/home/ayush/project_gazebo_ws/install/as2_alphanumeric_viewer:/home/ayush/project_gazebo_ws/install/as2_core:/home/ayush/project_gazebo_ws/install/as2_msgs:/home/ayush/project_gazebo_ws/install/as2_cli:/home/ayush/project_gazebo_ws/install/as2_visualization:/home/ayush/project_gazebo_ws/install/as2_keyboard_teleoperation:/home/ayush/project_gazebo_ws/install/as2_python_api:/opt/ros/humble LD_LIBRARY_PATH=/home/ayush/challenge_multi_drone/install/as2_motion_reference_handlers/lib:/home/ayush/challenge_multi_drone/install/as2_core/lib:/home/ayush/challenge_multi_drone/install/as2_msgs/lib:${LD_LIBRARY_PATH} PYTHONPATH=/home/ayush/challenge_multi_drone/install/as2_motion_reference_handlers/local/lib/python3.10/dist-packages:/home/ayush/challenge_multi_drone/install/as2_core/local/lib/python3.10/dist-packages:/home/ayush/challenge_multi_drone/install/as2_msgs/local/lib/python3.10/dist-packages:${PYTHONPATH} /usr/bin/cmake --build /home/ayush/challenge_multi_drone/build/as2_motion_controller -- -j12 -l12
[0.177s] Invoking command in '/home/ayush/challenge_multi_drone/build/as2_motion_controller': AMENT_PREFIX_PATH=/home/ayush/challenge_multi_drone/install/as2_motion_reference_handlers:/home/ayush/challenge_multi_drone/install/as2_core:/home/ayush/challenge_multi_drone/install/as2_msgs:${AMENT_PREFIX_PATH} CMAKE_PREFIX_PATH=/home/ayush/challenge_multi_drone/install/as2_motion_reference_handlers:/home/ayush/challenge_multi_drone/install/as2_core:/home/ayush/challenge_multi_drone/install/as2_msgs:/home/ayush/project_gazebo_ws/install/aerostack2:/home/ayush/project_gazebo_ws/install/as2_usb_camera_interface:/home/ayush/project_gazebo_ws/install/as2_state_estimator:/home/ayush/project_gazebo_ws/install/as2_rviz_plugins:/home/ayush/project_gazebo_ws/install/as2_realsense_interface:/home/ayush/project_gazebo_ws/install/as2_platform_multirotor_simulator:/home/ayush/project_gazebo_ws/install/as2_platform_gazebo:/home/ayush/project_gazebo_ws/install/as2_motion_controller:/home/ayush/project_gazebo_ws/install/as2_behaviors_trajectory_generation:/home/ayush/project_gazebo_ws/install/as2_behaviors_motion:/home/ayush/project_gazebo_ws/install/as2_motion_reference_handlers:/home/ayush/project_gazebo_ws/install/as2_map_server:/home/ayush/project_gazebo_ws/install/as2_geozones:/home/ayush/project_gazebo_ws/install/as2_gazebo_assets:/home/ayush/project_gazebo_ws/install/as2_external_object_to_tf:/home/ayush/project_gazebo_ws/install/as2_behaviors_platform:/home/ayush/project_gazebo_ws/install/as2_behaviors_perception:/home/ayush/project_gazebo_ws/install/as2_behaviors_path_planning:/home/ayush/project_gazebo_ws/install/as2_behavior_tree:/home/ayush/project_gazebo_ws/install/as2_behavior:/home/ayush/project_gazebo_ws/install/as2_alphanumeric_viewer:/home/ayush/project_gazebo_ws/install/as2_core:/home/ayush/project_gazebo_ws/install/as2_msgs:/home/ayush/project_gazebo_ws/install/as2_cli:/home/ayush/project_gazebo_ws/install/as2_visualization:/home/ayush/project_gazebo_ws/install/as2_keyboard_teleoperation:/home/ayush/project_gazebo_ws/install/as2_python_api:/opt/ros/humble LD_LIBRARY_PATH=/home/ayush/challenge_multi_drone/install/as2_motion_reference_handlers/lib:/home/ayush/challenge_multi_drone/install/as2_core/lib:/home/ayush/challenge_multi_drone/install/as2_msgs/lib:${LD_LIBRARY_PATH} PYTHONPATH=/home/ayush/challenge_multi_drone/install/as2_motion_reference_handlers/local/lib/python3.10/dist-packages:/home/ayush/challenge_multi_drone/install/as2_core/local/lib/python3.10/dist-packages:/home/ayush/challenge_multi_drone/install/as2_msgs/local/lib/python3.10/dist-packages:${PYTHONPATH} /usr/bin/cmake --install /home/ayush/challenge_multi_drone/build/as2_motion_controller
[0.184s] -- Install configuration: "Release"
[0.185s] -- Up-to-date: /home/ayush/challenge_multi_drone/install/as2_motion_controller/lib/libas2_motion_controller.so
[0.185s] -- Up-to-date: /home/ayush/challenge_multi_drone/install/as2_motion_controller/lib/libas2_motion_controller_plugin_base.so
[0.186s] -- Up-to-date: /home/ayush/challenge_multi_drone/install/as2_motion_controller/lib/as2_motion_controller/as2_motion_controller_node
[0.186s] -- Up-to-date: /home/ayush/challenge_multi_drone/install/as2_motion_controller/include
[0.186s] -- Up-to-date: /home/ayush/challenge_multi_drone/install/as2_motion_controller/include/as2_motion_controller
[0.186s] -- Up-to-date: /home/ayush/challenge_multi_drone/install/as2_motion_controller/include/as2_motion_controller/controller_manager.hpp
[0.186s] -- Up-to-date: /home/ayush/challenge_multi_drone/install/as2_motion_controller/include/as2_motion_controller/controller_base.hpp
[0.186s] -- Up-to-date: /home/ayush/challenge_multi_drone/install/as2_motion_controller/include/as2_motion_controller/controller_handler.hpp
[0.186s] -- Up-to-date: /home/ayush/challenge_multi_drone/install/as2_motion_controller/share/as2_motion_controller/environment/library_path.sh
[0.186s] -- Up-to-date: /home/ayush/challenge_multi_drone/install/as2_motion_controller/share/as2_motion_controller/environment/library_path.dsv
[0.187s] -- Up-to-date: /home/ayush/challenge_multi_drone/install/as2_motion_controller/share/as2_motion_controller/plugins.xml
[0.187s] -- Up-to-date: /home/ayush/challenge_multi_drone/install/as2_motion_controller/share/as2_motion_controller/plugins/differential_flatness_controller/config
[0.187s] -- Up-to-date: /home/ayush/challenge_multi_drone/install/as2_motion_controller/share/as2_motion_controller/plugins/differential_flatness_controller/config/available_modes.yaml
[0.187s] -- Up-to-date: /home/ayush/challenge_multi_drone/install/as2_motion_controller/share/as2_motion_controller/plugins/differential_flatness_controller/config/controller_default.yaml
[0.187s] -- Up-to-date: /home/ayush/challenge_multi_drone/install/as2_motion_controller/share/as2_motion_controller/plugins/pid_speed_controller/config
[0.187s] -- Up-to-date: /home/ayush/challenge_multi_drone/install/as2_motion_controller/share/as2_motion_controller/plugins/pid_speed_controller/config/available_modes.yaml
[0.187s] -- Up-to-date: /home/ayush/challenge_multi_drone/install/as2_motion_controller/share/as2_motion_controller/plugins/pid_speed_controller/config/controller_default.yaml
[0.187s] -- Up-to-date: /home/ayush/challenge_multi_drone/install/as2_motion_controller/share/as2_motion_controller/launch
[0.187s] -- Up-to-date: /home/ayush/challenge_multi_drone/install/as2_motion_controller/share/as2_motion_controller/launch/pid_speed_controller.launch.py
[0.187s] -- Up-to-date: /home/ayush/challenge_multi_drone/install/as2_motion_controller/share/as2_motion_controller/launch/controller_launch.py
[0.187s] -- Up-to-date: /home/ayush/challenge_multi_drone/install/as2_motion_controller/share/as2_motion_controller/launch/differential_flatness_controller.launch.py
[0.188s] -- Up-to-date: /home/ayush/challenge_multi_drone/install/as2_motion_controller/share/as2_motion_controller/config
[0.188s] -- Up-to-date: /home/ayush/challenge_multi_drone/install/as2_motion_controller/share/as2_motion_controller/config/motion_controller_default.yaml
[0.188s] -- Up-to-date: /home/ayush/challenge_multi_drone/install/as2_motion_controller/share/ament_index/resource_index/package_run_dependencies/as2_motion_controller
[0.188s] -- Up-to-date: /home/ayush/challenge_multi_drone/install/as2_motion_controller/share/ament_index/resource_index/parent_prefix_path/as2_motion_controller
[0.188s] -- Up-to-date: /home/ayush/challenge_multi_drone/install/as2_motion_controller/share/as2_motion_controller/environment/ament_prefix_path.sh
[0.188s] -- Up-to-date: /home/ayush/challenge_multi_drone/install/as2_motion_controller/share/as2_motion_controller/environment/ament_prefix_path.dsv
[0.188s] -- Up-to-date: /home/ayush/challenge_multi_drone/install/as2_motion_controller/share/as2_motion_controller/environment/path.sh
[0.188s] -- Up-to-date: /home/ayush/challenge_multi_drone/install/as2_motion_controller/share/as2_motion_controller/environment/path.dsv
[0.188s] -- Up-to-date: /home/ayush/challenge_multi_drone/install/as2_motion_controller/share/as2_motion_controller/local_setup.bash
[0.188s] -- Up-to-date: /home/ayush/challenge_multi_drone/install/as2_motion_controller/share/as2_motion_controller/local_setup.sh
[0.188s] -- Up-to-date: /home/ayush/challenge_multi_drone/install/as2_motion_controller/share/as2_motion_controller/local_setup.zsh
[0.188s] -- Up-to-date: /home/ayush/challenge_multi_drone/install/as2_motion_controller/share/as2_motion_controller/local_setup.dsv
[0.188s] -- Installing: /home/ayush/challenge_multi_drone/install/as2_motion_controller/share/as2_motion_controller/package.dsv
[0.189s] -- Up-to-date: /home/ayush/challenge_multi_drone/install/as2_motion_controller/share/ament_index/resource_index/packages/as2_motion_controller
[0.189s] -- Up-to-date: /home/ayush/challenge_multi_drone/install/as2_motion_controller/share/ament_index/resource_index/as2_motion_controller__pluginlib__plugin/as2_motion_controller
[0.189s] -- Up-to-date: /home/ayush/challenge_multi_drone/install/as2_motion_controller/share/as2_motion_controller/cmake/ament_cmake_export_include_directories-extras.cmake
[0.189s] -- Up-to-date: /home/ayush/challenge_multi_drone/install/as2_motion_controller/share/as2_motion_controller/cmake/ament_cmake_export_libraries-extras.cmake
[0.189s] -- Up-to-date: /home/ayush/challenge_multi_drone/install/as2_motion_controller/share/as2_motion_controller/cmake/as2_motion_controllerConfig.cmake
[0.189s] -- Up-to-date: /home/ayush/challenge_multi_drone/install/as2_motion_controller/share/as2_motion_controller/cmake/as2_motion_controllerConfig-version.cmake
[0.189s] -- Up-to-date: /home/ayush/challenge_multi_drone/install/as2_motion_controller/share/as2_motion_controller/package.xml
[0.189s] -- Up-to-date: /home/ayush/challenge_multi_drone/install/as2_motion_controller/include
[0.189s] -- Up-to-date: /home/ayush/challenge_multi_drone/install/as2_motion_controller/include/differential_flatness_controller
[0.189s] -- Up-to-date: /home/ayush/challenge_multi_drone/install/as2_motion_controller/include/differential_flatness_controller/differential_flatness_controller.hpp
[0.189s] -- Up-to-date: /home/ayush/challenge_multi_drone/install/as2_motion_controller/lib/libdifferential_flatness_controller.so
[0.190s] -- Up-to-date: /home/ayush/challenge_multi_drone/install/as2_motion_controller/include
[0.190s] -- Up-to-date: /home/ayush/challenge_multi_drone/install/as2_motion_controller/include/pid_speed_controller
[0.190s] -- Up-to-date: /home/ayush/challenge_multi_drone/install/as2_motion_controller/include/pid_speed_controller/pid_speed_controller.hpp
[0.191s] -- Up-to-date: /home/ayush/challenge_multi_drone/install/as2_motion_controller/lib/libpid_speed_controller.so
[0.194s] Invoked command in '/home/ayush/challenge_multi_drone/build/as2_motion_controller' returned '0': AMENT_PREFIX_PATH=/home/ayush/challenge_multi_drone/install/as2_motion_reference_handlers:/home/ayush/challenge_multi_drone/install/as2_core:/home/ayush/challenge_multi_drone/install/as2_msgs:${AMENT_PREFIX_PATH} CMAKE_PREFIX_PATH=/home/ayush/challenge_multi_drone/install/as2_motion_reference_handlers:/home/ayush/challenge_multi_drone/install/as2_core:/home/ayush/challenge_multi_drone/install/as2_msgs:/home/ayush/project_gazebo_ws/install/aerostack2:/home/ayush/project_gazebo_ws/install/as2_usb_camera_interface:/home/ayush/project_gazebo_ws/install/as2_state_estimator:/home/ayush/project_gazebo_ws/install/as2_rviz_plugins:/home/ayush/project_gazebo_ws/install/as2_realsense_interface:/home/ayush/project_gazebo_ws/install/as2_platform_multirotor_simulator:/home/ayush/project_gazebo_ws/install/as2_platform_gazebo:/home/ayush/project_gazebo_ws/install/as2_motion_controller:/home/ayush/project_gazebo_ws/install/as2_behaviors_trajectory_generation:/home/ayush/project_gazebo_ws/install/as2_behaviors_motion:/home/ayush/project_gazebo_ws/install/as2_motion_reference_handlers:/home/ayush/project_gazebo_ws/install/as2_map_server:/home/ayush/project_gazebo_ws/install/as2_geozones:/home/ayush/project_gazebo_ws/install/as2_gazebo_assets:/home/ayush/project_gazebo_ws/install/as2_external_object_to_tf:/home/ayush/project_gazebo_ws/install/as2_behaviors_platform:/home/ayush/project_gazebo_ws/install/as2_behaviors_perception:/home/ayush/project_gazebo_ws/install/as2_behaviors_path_planning:/home/ayush/project_gazebo_ws/install/as2_behavior_tree:/home/ayush/project_gazebo_ws/install/as2_behavior:/home/ayush/project_gazebo_ws/install/as2_alphanumeric_viewer:/home/ayush/project_gazebo_ws/install/as2_core:/home/ayush/project_gazebo_ws/install/as2_msgs:/home/ayush/project_gazebo_ws/install/as2_cli:/home/ayush/project_gazebo_ws/install/as2_visualization:/home/ayush/project_gazebo_ws/install/as2_keyboard_teleoperation:/home/ayush/project_gazebo_ws/install/as2_python_api:/opt/ros/humble LD_LIBRARY_PATH=/home/ayush/challenge_multi_drone/install/as2_motion_reference_handlers/lib:/home/ayush/challenge_multi_drone/install/as2_core/lib:/home/ayush/challenge_multi_drone/install/as2_msgs/lib:${LD_LIBRARY_PATH} PYTHONPATH=/home/ayush/challenge_multi_drone/install/as2_motion_reference_handlers/local/lib/python3.10/dist-packages:/home/ayush/challenge_multi_drone/install/as2_core/local/lib/python3.10/dist-packages:/home/ayush/challenge_multi_drone/install/as2_msgs/local/lib/python3.10/dist-packages:${PYTHONPATH} /usr/bin/cmake --install /home/ayush/challenge_multi_drone/build/as2_motion_controller
