[0.017s] Invoking command in '/home/ayush/challenge_multi_drone/build/as2_behavior_tree': AMENT_PREFIX_PATH=/home/ayush/challenge_multi_drone/install/as2_core:/home/ayush/challenge_multi_drone/install/as2_msgs:${AMENT_PREFIX_PATH} CMAKE_PREFIX_PATH=/home/ayush/challenge_multi_drone/install/as2_core:/home/ayush/challenge_multi_drone/install/as2_msgs:/home/ayush/project_gazebo_ws/install/aerostack2:/home/ayush/project_gazebo_ws/install/as2_usb_camera_interface:/home/ayush/project_gazebo_ws/install/as2_state_estimator:/home/ayush/project_gazebo_ws/install/as2_rviz_plugins:/home/ayush/project_gazebo_ws/install/as2_realsense_interface:/home/ayush/project_gazebo_ws/install/as2_platform_multirotor_simulator:/home/ayush/project_gazebo_ws/install/as2_platform_gazebo:/home/ayush/project_gazebo_ws/install/as2_motion_controller:/home/ayush/project_gazebo_ws/install/as2_behaviors_trajectory_generation:/home/ayush/project_gazebo_ws/install/as2_behaviors_motion:/home/ayush/project_gazebo_ws/install/as2_motion_reference_handlers:/home/ayush/project_gazebo_ws/install/as2_map_server:/home/ayush/project_gazebo_ws/install/as2_geozones:/home/ayush/project_gazebo_ws/install/as2_gazebo_assets:/home/ayush/project_gazebo_ws/install/as2_external_object_to_tf:/home/ayush/project_gazebo_ws/install/as2_behaviors_platform:/home/ayush/project_gazebo_ws/install/as2_behaviors_perception:/home/ayush/project_gazebo_ws/install/as2_behaviors_path_planning:/home/ayush/project_gazebo_ws/install/as2_behavior_tree:/home/ayush/project_gazebo_ws/install/as2_behavior:/home/ayush/project_gazebo_ws/install/as2_alphanumeric_viewer:/home/ayush/project_gazebo_ws/install/as2_core:/home/ayush/project_gazebo_ws/install/as2_msgs:/home/ayush/project_gazebo_ws/install/as2_cli:/home/ayush/project_gazebo_ws/install/as2_visualization:/home/ayush/project_gazebo_ws/install/as2_keyboard_teleoperation:/home/ayush/project_gazebo_ws/install/as2_python_api:/opt/ros/humble LD_LIBRARY_PATH=/home/ayush/challenge_multi_drone/install/as2_core/lib:/home/ayush/challenge_multi_drone/install/as2_msgs/lib:${LD_LIBRARY_PATH} PYTHONPATH=/home/ayush/challenge_multi_drone/install/as2_core/local/lib/python3.10/dist-packages:/home/ayush/challenge_multi_drone/install/as2_msgs/local/lib/python3.10/dist-packages:${PYTHONPATH} /usr/bin/cmake --build /home/ayush/challenge_multi_drone/build/as2_behavior_tree -- -j12 -l12
[0.091s] [  3%] [32mBuilding CXX object CMakeFiles/as2_behavior_tree.dir/plugins/action/takeoff_action.cpp.o[0m
[0.093s] [  6%] [32mBuilding CXX object tests/node_emulators/CMakeFiles/platform_emulator.dir/src/platform_emulator.cpp.o[0m
[0.093s] [  9%] [32mBuilding CXX object CMakeFiles/as2_behavior_tree.dir/plugins/action/offboard_service.cpp.o[0m
[0.094s] [ 12%] [32mBuilding CXX object CMakeFiles/as2_behavior_tree.dir/plugins/action/land_action.cpp.o[0m
[0.094s] [ 16%] [32mBuilding CXX object CMakeFiles/as2_behavior_tree.dir/plugins/action/go_to_action.cpp.o[0m
[0.094s] [ 19%] [32mBuilding CXX object tests/node_emulators/CMakeFiles/land_emulator.dir/src/land_emulator.cpp.o[0m
[0.094s] [ 22%] [32mBuilding CXX object CMakeFiles/as2_behavior_tree.dir/plugins/action/arm_service.cpp.o[0m
[0.096s] [ 29%] [32mBuilding CXX object CMakeFiles/as2_behavior_tree.dir/plugins/action/echo.cpp.o[0m
[0.096s] [ 29%] [32mBuilding CXX object tests/node_emulators/CMakeFiles/takeoff_emulator.dir/src/takeoff_emulator.cpp.o[0m
[0.097s] [ 35%] [32mBuilding CXX object CMakeFiles/as2_behavior_tree.dir/plugins/action/send_event.cpp.o[0m
[0.097s] [ 35%] [32mBuilding CXX object tests/node_emulators/CMakeFiles/follow_path_emulator.dir/src/follow_path_emulator.cpp.o[0m
[0.105s] [ 38%] [32mBuilding CXX object tests/node_emulators/CMakeFiles/go_to_emulator.dir/src/go_to_emulator.cpp.o[0m
[10.548s] [ 41%] [32mBuilding CXX object CMakeFiles/as2_behavior_tree.dir/plugins/action/set_origin.cpp.o[0m
[13.058s] [ 45%] [32mBuilding CXX object CMakeFiles/as2_behavior_tree.dir/plugins/action/get_origin.cpp.o[0m
[16.377s] [ 48%] [32mBuilding CXX object CMakeFiles/as2_behavior_tree.dir/plugins/action/gps_to_cartesian.cpp.o[0m
[16.889s] [ 51%] [32mBuilding CXX object CMakeFiles/as2_behavior_tree.dir/plugins/action/go_to_gps_action.cpp.o[0m
[16.979s] [ 54%] [32mBuilding CXX object CMakeFiles/as2_behavior_tree.dir/plugins/condition/is_flying_condition.cpp.o[0m
[17.597s] [ 58%] [32mBuilding CXX object CMakeFiles/as2_behavior_tree.dir/plugins/decorator/wait_for_event.cpp.o[0m
[18.333s] [ 61%] [32mBuilding CXX object CMakeFiles/as2_behavior_tree.dir/plugins/decorator/wait_for_alert.cpp.o[0m
[22.790s] [ 64%] [32m[1mLinking CXX executable takeoff_emulator[0m
[22.841s] [ 67%] [32m[1mLinking CXX executable follow_path_emulator[0m
[23.042s] [ 70%] [32m[1mLinking CXX executable go_to_emulator[0m
[23.337s] [ 70%] Built target takeoff_emulator
[23.405s] [ 70%] Built target follow_path_emulator
[23.636s] [ 70%] Built target go_to_emulator
[23.976s] [ 74%] [32m[1mLinking CXX executable platform_emulator[0m
[24.363s] [ 77%] [32m[1mLinking CXX executable land_emulator[0m
[24.371s] [ 77%] Built target platform_emulator
[24.753s] [ 77%] Built target land_emulator
[42.832s] [ 80%] [32m[1mLinking CXX shared library libas2_behavior_tree.so[0m
[43.499s] [ 80%] Built target as2_behavior_tree
[43.538s] [ 87%] [32mBuilding CXX object CMakeFiles/as2_behavior_tree_node.dir/src/as2_behavior_tree_node.cpp.o[0m
[43.538s] [ 87%] [32mBuilding CXX object tests/CMakeFiles/as2_behavior_tree_port_test.dir/port_test.cpp.o[0m
[43.539s] [ 90%] [32mBuilding CXX object tests/CMakeFiles/as2_behavior_tree_port_pose_test.dir/port_pose_test.cpp.o[0m
[47.404s] [ 93%] [32m[1mLinking CXX executable as2_behavior_tree_port_pose_test[0m
[47.691s] [ 93%] Built target as2_behavior_tree_port_pose_test
[47.873s] [ 96%] [32m[1mLinking CXX executable as2_behavior_tree_port_test[0m
[48.130s] [ 96%] Built target as2_behavior_tree_port_test
[56.604s] [100%] [32m[1mLinking CXX executable as2_behavior_tree_node[0m
[57.001s] [100%] Built target as2_behavior_tree_node
[57.020s] Invoked command in '/home/ayush/challenge_multi_drone/build/as2_behavior_tree' returned '0': AMENT_PREFIX_PATH=/home/ayush/challenge_multi_drone/install/as2_core:/home/ayush/challenge_multi_drone/install/as2_msgs:${AMENT_PREFIX_PATH} CMAKE_PREFIX_PATH=/home/ayush/challenge_multi_drone/install/as2_core:/home/ayush/challenge_multi_drone/install/as2_msgs:/home/ayush/project_gazebo_ws/install/aerostack2:/home/ayush/project_gazebo_ws/install/as2_usb_camera_interface:/home/ayush/project_gazebo_ws/install/as2_state_estimator:/home/ayush/project_gazebo_ws/install/as2_rviz_plugins:/home/ayush/project_gazebo_ws/install/as2_realsense_interface:/home/ayush/project_gazebo_ws/install/as2_platform_multirotor_simulator:/home/ayush/project_gazebo_ws/install/as2_platform_gazebo:/home/ayush/project_gazebo_ws/install/as2_motion_controller:/home/ayush/project_gazebo_ws/install/as2_behaviors_trajectory_generation:/home/ayush/project_gazebo_ws/install/as2_behaviors_motion:/home/ayush/project_gazebo_ws/install/as2_motion_reference_handlers:/home/ayush/project_gazebo_ws/install/as2_map_server:/home/ayush/project_gazebo_ws/install/as2_geozones:/home/ayush/project_gazebo_ws/install/as2_gazebo_assets:/home/ayush/project_gazebo_ws/install/as2_external_object_to_tf:/home/ayush/project_gazebo_ws/install/as2_behaviors_platform:/home/ayush/project_gazebo_ws/install/as2_behaviors_perception:/home/ayush/project_gazebo_ws/install/as2_behaviors_path_planning:/home/ayush/project_gazebo_ws/install/as2_behavior_tree:/home/ayush/project_gazebo_ws/install/as2_behavior:/home/ayush/project_gazebo_ws/install/as2_alphanumeric_viewer:/home/ayush/project_gazebo_ws/install/as2_core:/home/ayush/project_gazebo_ws/install/as2_msgs:/home/ayush/project_gazebo_ws/install/as2_cli:/home/ayush/project_gazebo_ws/install/as2_visualization:/home/ayush/project_gazebo_ws/install/as2_keyboard_teleoperation:/home/ayush/project_gazebo_ws/install/as2_python_api:/opt/ros/humble LD_LIBRARY_PATH=/home/ayush/challenge_multi_drone/install/as2_core/lib:/home/ayush/challenge_multi_drone/install/as2_msgs/lib:${LD_LIBRARY_PATH} PYTHONPATH=/home/ayush/challenge_multi_drone/install/as2_core/local/lib/python3.10/dist-packages:/home/ayush/challenge_multi_drone/install/as2_msgs/local/lib/python3.10/dist-packages:${PYTHONPATH} /usr/bin/cmake --build /home/ayush/challenge_multi_drone/build/as2_behavior_tree -- -j12 -l12
[57.023s] Invoking command in '/home/ayush/challenge_multi_drone/build/as2_behavior_tree': AMENT_PREFIX_PATH=/home/ayush/challenge_multi_drone/install/as2_core:/home/ayush/challenge_multi_drone/install/as2_msgs:${AMENT_PREFIX_PATH} CMAKE_PREFIX_PATH=/home/ayush/challenge_multi_drone/install/as2_core:/home/ayush/challenge_multi_drone/install/as2_msgs:/home/ayush/project_gazebo_ws/install/aerostack2:/home/ayush/project_gazebo_ws/install/as2_usb_camera_interface:/home/ayush/project_gazebo_ws/install/as2_state_estimator:/home/ayush/project_gazebo_ws/install/as2_rviz_plugins:/home/ayush/project_gazebo_ws/install/as2_realsense_interface:/home/ayush/project_gazebo_ws/install/as2_platform_multirotor_simulator:/home/ayush/project_gazebo_ws/install/as2_platform_gazebo:/home/ayush/project_gazebo_ws/install/as2_motion_controller:/home/ayush/project_gazebo_ws/install/as2_behaviors_trajectory_generation:/home/ayush/project_gazebo_ws/install/as2_behaviors_motion:/home/ayush/project_gazebo_ws/install/as2_motion_reference_handlers:/home/ayush/project_gazebo_ws/install/as2_map_server:/home/ayush/project_gazebo_ws/install/as2_geozones:/home/ayush/project_gazebo_ws/install/as2_gazebo_assets:/home/ayush/project_gazebo_ws/install/as2_external_object_to_tf:/home/ayush/project_gazebo_ws/install/as2_behaviors_platform:/home/ayush/project_gazebo_ws/install/as2_behaviors_perception:/home/ayush/project_gazebo_ws/install/as2_behaviors_path_planning:/home/ayush/project_gazebo_ws/install/as2_behavior_tree:/home/ayush/project_gazebo_ws/install/as2_behavior:/home/ayush/project_gazebo_ws/install/as2_alphanumeric_viewer:/home/ayush/project_gazebo_ws/install/as2_core:/home/ayush/project_gazebo_ws/install/as2_msgs:/home/ayush/project_gazebo_ws/install/as2_cli:/home/ayush/project_gazebo_ws/install/as2_visualization:/home/ayush/project_gazebo_ws/install/as2_keyboard_teleoperation:/home/ayush/project_gazebo_ws/install/as2_python_api:/opt/ros/humble LD_LIBRARY_PATH=/home/ayush/challenge_multi_drone/install/as2_core/lib:/home/ayush/challenge_multi_drone/install/as2_msgs/lib:${LD_LIBRARY_PATH} PYTHONPATH=/home/ayush/challenge_multi_drone/install/as2_core/local/lib/python3.10/dist-packages:/home/ayush/challenge_multi_drone/install/as2_msgs/local/lib/python3.10/dist-packages:${PYTHONPATH} /usr/bin/cmake --install /home/ayush/challenge_multi_drone/build/as2_behavior_tree
[57.035s] -- Install configuration: "Release"
[57.035s] -- Installing: /home/ayush/challenge_multi_drone/install/as2_behavior_tree/include
[57.036s] -- Installing: /home/ayush/challenge_multi_drone/install/as2_behavior_tree/include/as2_behavior_tree
[57.036s] -- Installing: /home/ayush/challenge_multi_drone/install/as2_behavior_tree/include/as2_behavior_tree/action
[57.036s] -- Installing: /home/ayush/challenge_multi_drone/install/as2_behavior_tree/include/as2_behavior_tree/action/arm_service.hpp
[57.036s] -- Installing: /home/ayush/challenge_multi_drone/install/as2_behavior_tree/include/as2_behavior_tree/action/go_to_action.hpp
[57.036s] -- Installing: /home/ayush/challenge_multi_drone/install/as2_behavior_tree/include/as2_behavior_tree/action/echo.hpp
[57.037s] -- Installing: /home/ayush/challenge_multi_drone/install/as2_behavior_tree/include/as2_behavior_tree/action/gps_to_cartesian.hpp
[57.037s] -- Installing: /home/ayush/challenge_multi_drone/install/as2_behavior_tree/include/as2_behavior_tree/action/offboard_service.hpp
[57.037s] -- Installing: /home/ayush/challenge_multi_drone/install/as2_behavior_tree/include/as2_behavior_tree/action/follow_path.hpp
[57.037s] -- Installing: /home/ayush/challenge_multi_drone/install/as2_behavior_tree/include/as2_behavior_tree/action/set_origin.hpp
[57.037s] -- Installing: /home/ayush/challenge_multi_drone/install/as2_behavior_tree/include/as2_behavior_tree/action/send_event.hpp
[57.037s] -- Installing: /home/ayush/challenge_multi_drone/install/as2_behavior_tree/include/as2_behavior_tree/action/takeoff_action.hpp
[57.037s] -- Installing: /home/ayush/challenge_multi_drone/install/as2_behavior_tree/include/as2_behavior_tree/action/get_origin.hpp
[57.037s] -- Installing: /home/ayush/challenge_multi_drone/install/as2_behavior_tree/include/as2_behavior_tree/action/land_action.hpp
[57.037s] -- Installing: /home/ayush/challenge_multi_drone/install/as2_behavior_tree/include/as2_behavior_tree/action/go_to_gps_action.hpp
[57.037s] -- Installing: /home/ayush/challenge_multi_drone/install/as2_behavior_tree/include/as2_behavior_tree/bt_service_node.hpp
[57.038s] -- Installing: /home/ayush/challenge_multi_drone/install/as2_behavior_tree/include/as2_behavior_tree/bt_action_node.hpp
[57.038s] -- Installing: /home/ayush/challenge_multi_drone/install/as2_behavior_tree/include/as2_behavior_tree/port_specialization.hpp
[57.038s] -- Installing: /home/ayush/challenge_multi_drone/install/as2_behavior_tree/include/as2_behavior_tree/condition
[57.038s] -- Installing: /home/ayush/challenge_multi_drone/install/as2_behavior_tree/include/as2_behavior_tree/condition/is_flying_condition.hpp
[57.038s] -- Installing: /home/ayush/challenge_multi_drone/install/as2_behavior_tree/include/as2_behavior_tree/decorator
[57.038s] -- Installing: /home/ayush/challenge_multi_drone/install/as2_behavior_tree/include/as2_behavior_tree/decorator/wait_for_event.hpp
[57.038s] -- Installing: /home/ayush/challenge_multi_drone/install/as2_behavior_tree/include/as2_behavior_tree/decorator/wait_for_alert.hpp
[57.038s] -- Installing: /home/ayush/challenge_multi_drone/install/as2_behavior_tree/lib/as2_behavior_tree/as2_behavior_tree_node
[57.039s] -- Set runtime path of "/home/ayush/challenge_multi_drone/install/as2_behavior_tree/lib/as2_behavior_tree/as2_behavior_tree_node" to ""
[57.039s] -- Installing: /home/ayush/challenge_multi_drone/install/as2_behavior_tree/lib/libas2_behavior_tree.so
[57.044s] -- Set runtime path of "/home/ayush/challenge_multi_drone/install/as2_behavior_tree/lib/libas2_behavior_tree.so" to ""
[57.044s] -- Installing: /home/ayush/challenge_multi_drone/install/as2_behavior_tree/share/as2_behavior_tree/launch
[57.044s] -- Installing: /home/ayush/challenge_multi_drone/install/as2_behavior_tree/share/as2_behavior_tree/launch/behavior_trees.launch.py
[57.044s] -- Installing: /home/ayush/challenge_multi_drone/install/as2_behavior_tree/share/as2_behavior_tree/resource
[57.044s] -- Installing: /home/ayush/challenge_multi_drone/install/as2_behavior_tree/share/as2_behavior_tree/resource/takeoff.xml
[57.044s] -- Installing: /home/ayush/challenge_multi_drone/install/as2_behavior_tree/share/as2_behavior_tree/resource/event_test_2.xml
[57.045s] -- Installing: /home/ayush/challenge_multi_drone/install/as2_behavior_tree/share/as2_behavior_tree/resource/actions.xml
[57.045s] -- Installing: /home/ayush/challenge_multi_drone/install/as2_behavior_tree/share/as2_behavior_tree/resource/test.xml
[57.045s] -- Installing: /home/ayush/challenge_multi_drone/install/as2_behavior_tree/share/as2_behavior_tree/resource/follow_path_test.xml
[57.045s] -- Installing: /home/ayush/challenge_multi_drone/install/as2_behavior_tree/share/as2_behavior_tree/resource/arm_test.xml
[57.045s] -- Installing: /home/ayush/challenge_multi_drone/install/as2_behavior_tree/share/as2_behavior_tree/resource/basic_mission.xml
[57.046s] -- Installing: /home/ayush/challenge_multi_drone/install/as2_behavior_tree/share/as2_behavior_tree/resource/event_test.xml
[57.046s] -- Installing: /home/ayush/challenge_multi_drone/install/as2_behavior_tree/share/as2_behavior_tree/resource/RTL_test_2.xml
[57.046s] -- Installing: /home/ayush/challenge_multi_drone/install/as2_behavior_tree/share/ament_index/resource_index/package_run_dependencies/as2_behavior_tree
[57.046s] -- Installing: /home/ayush/challenge_multi_drone/install/as2_behavior_tree/share/ament_index/resource_index/parent_prefix_path/as2_behavior_tree
[57.047s] -- Installing: /home/ayush/challenge_multi_drone/install/as2_behavior_tree/share/as2_behavior_tree/environment/ament_prefix_path.sh
[57.047s] -- Installing: /home/ayush/challenge_multi_drone/install/as2_behavior_tree/share/as2_behavior_tree/environment/ament_prefix_path.dsv
[57.047s] -- Installing: /home/ayush/challenge_multi_drone/install/as2_behavior_tree/share/as2_behavior_tree/environment/path.sh
[57.047s] -- Installing: /home/ayush/challenge_multi_drone/install/as2_behavior_tree/share/as2_behavior_tree/environment/path.dsv
[57.048s] -- Installing: /home/ayush/challenge_multi_drone/install/as2_behavior_tree/share/as2_behavior_tree/local_setup.bash
[57.048s] -- Installing: /home/ayush/challenge_multi_drone/install/as2_behavior_tree/share/as2_behavior_tree/local_setup.sh
[57.048s] -- Installing: /home/ayush/challenge_multi_drone/install/as2_behavior_tree/share/as2_behavior_tree/local_setup.zsh
[57.048s] -- Installing: /home/ayush/challenge_multi_drone/install/as2_behavior_tree/share/as2_behavior_tree/local_setup.dsv
[57.048s] -- Installing: /home/ayush/challenge_multi_drone/install/as2_behavior_tree/share/as2_behavior_tree/package.dsv
[57.049s] -- Installing: /home/ayush/challenge_multi_drone/install/as2_behavior_tree/share/ament_index/resource_index/packages/as2_behavior_tree
[57.049s] -- Installing: /home/ayush/challenge_multi_drone/install/as2_behavior_tree/share/as2_behavior_tree/cmake/as2_behavior_treeConfig.cmake
[57.049s] -- Installing: /home/ayush/challenge_multi_drone/install/as2_behavior_tree/share/as2_behavior_tree/cmake/as2_behavior_treeConfig-version.cmake
[57.050s] -- Installing: /home/ayush/challenge_multi_drone/install/as2_behavior_tree/share/as2_behavior_tree/package.xml
[57.050s] -- Up-to-date: /home/ayush/challenge_multi_drone/install/as2_behavior_tree/share/as2_behavior_tree/launch
[57.050s] -- Installing: /home/ayush/challenge_multi_drone/install/as2_behavior_tree/share/as2_behavior_tree/launch/all_emulator.launch.py
[57.051s] -- Installing: /home/ayush/challenge_multi_drone/install/as2_behavior_tree/share/as2_behavior_tree/launch/land_emulator.launch.py
[57.051s] -- Installing: /home/ayush/challenge_multi_drone/install/as2_behavior_tree/share/as2_behavior_tree/launch/takeoff_emulator.launch.py
[57.051s] -- Installing: /home/ayush/challenge_multi_drone/install/as2_behavior_tree/lib/as2_behavior_tree/platform_emulator
[57.052s] -- Set runtime path of "/home/ayush/challenge_multi_drone/install/as2_behavior_tree/lib/as2_behavior_tree/platform_emulator" to ""
[57.052s] -- Installing: /home/ayush/challenge_multi_drone/install/as2_behavior_tree/lib/as2_behavior_tree/takeoff_emulator
[57.052s] -- Set runtime path of "/home/ayush/challenge_multi_drone/install/as2_behavior_tree/lib/as2_behavior_tree/takeoff_emulator" to ""
[57.053s] -- Installing: /home/ayush/challenge_multi_drone/install/as2_behavior_tree/lib/as2_behavior_tree/land_emulator
[57.053s] -- Set runtime path of "/home/ayush/challenge_multi_drone/install/as2_behavior_tree/lib/as2_behavior_tree/land_emulator" to ""
[57.053s] -- Installing: /home/ayush/challenge_multi_drone/install/as2_behavior_tree/lib/as2_behavior_tree/go_to_emulator
[57.054s] -- Set runtime path of "/home/ayush/challenge_multi_drone/install/as2_behavior_tree/lib/as2_behavior_tree/go_to_emulator" to ""
[57.054s] -- Installing: /home/ayush/challenge_multi_drone/install/as2_behavior_tree/lib/as2_behavior_tree/follow_path_emulator
[57.055s] -- Set runtime path of "/home/ayush/challenge_multi_drone/install/as2_behavior_tree/lib/as2_behavior_tree/follow_path_emulator" to ""
[57.058s] Invoked command in '/home/ayush/challenge_multi_drone/build/as2_behavior_tree' returned '0': AMENT_PREFIX_PATH=/home/ayush/challenge_multi_drone/install/as2_core:/home/ayush/challenge_multi_drone/install/as2_msgs:${AMENT_PREFIX_PATH} CMAKE_PREFIX_PATH=/home/ayush/challenge_multi_drone/install/as2_core:/home/ayush/challenge_multi_drone/install/as2_msgs:/home/ayush/project_gazebo_ws/install/aerostack2:/home/ayush/project_gazebo_ws/install/as2_usb_camera_interface:/home/ayush/project_gazebo_ws/install/as2_state_estimator:/home/ayush/project_gazebo_ws/install/as2_rviz_plugins:/home/ayush/project_gazebo_ws/install/as2_realsense_interface:/home/ayush/project_gazebo_ws/install/as2_platform_multirotor_simulator:/home/ayush/project_gazebo_ws/install/as2_platform_gazebo:/home/ayush/project_gazebo_ws/install/as2_motion_controller:/home/ayush/project_gazebo_ws/install/as2_behaviors_trajectory_generation:/home/ayush/project_gazebo_ws/install/as2_behaviors_motion:/home/ayush/project_gazebo_ws/install/as2_motion_reference_handlers:/home/ayush/project_gazebo_ws/install/as2_map_server:/home/ayush/project_gazebo_ws/install/as2_geozones:/home/ayush/project_gazebo_ws/install/as2_gazebo_assets:/home/ayush/project_gazebo_ws/install/as2_external_object_to_tf:/home/ayush/project_gazebo_ws/install/as2_behaviors_platform:/home/ayush/project_gazebo_ws/install/as2_behaviors_perception:/home/ayush/project_gazebo_ws/install/as2_behaviors_path_planning:/home/ayush/project_gazebo_ws/install/as2_behavior_tree:/home/ayush/project_gazebo_ws/install/as2_behavior:/home/ayush/project_gazebo_ws/install/as2_alphanumeric_viewer:/home/ayush/project_gazebo_ws/install/as2_core:/home/ayush/project_gazebo_ws/install/as2_msgs:/home/ayush/project_gazebo_ws/install/as2_cli:/home/ayush/project_gazebo_ws/install/as2_visualization:/home/ayush/project_gazebo_ws/install/as2_keyboard_teleoperation:/home/ayush/project_gazebo_ws/install/as2_python_api:/opt/ros/humble LD_LIBRARY_PATH=/home/ayush/challenge_multi_drone/install/as2_core/lib:/home/ayush/challenge_multi_drone/install/as2_msgs/lib:${LD_LIBRARY_PATH} PYTHONPATH=/home/ayush/challenge_multi_drone/install/as2_core/local/lib/python3.10/dist-packages:/home/ayush/challenge_multi_drone/install/as2_msgs/local/lib/python3.10/dist-packages:${PYTHONPATH} /usr/bin/cmake --install /home/ayush/challenge_multi_drone/build/as2_behavior_tree
