[1.414s] Invoking command in '/home/ayush/challenge_multi_drone/src/challenge_multi_drone/config_sim/rviz2/scenario_obstacle_viz': PYTHONPATH=/home/ayush/challenge_multi_drone/build/scenario_obstacle_viz/prefix_override:/usr/lib/python3/dist-packages/colcon_core/task/python/colcon_distutils_commands:/home/ayush/challenge_multi_drone/install/scenario_obstacle_viz/lib/python3.10/site-packages:${PYTHONPATH} /usr/bin/python3 -W ignore:setup.py install is deprecated -W ignore:easy_install command is deprecated setup.py egg_info --egg-base ../../../../../build/scenario_obstacle_viz build --build-base /home/ayush/challenge_multi_drone/build/scenario_obstacle_viz/build install --record /home/ayush/challenge_multi_drone/build/scenario_obstacle_viz/install.log --single-version-externally-managed install_data
[1.959s] running egg_info
[1.961s] writing ../../../../../build/scenario_obstacle_viz/scenario_obstacle_viz.egg-info/PKG-INFO
[1.961s] writing dependency_links to ../../../../../build/scenario_obstacle_viz/scenario_obstacle_viz.egg-info/dependency_links.txt
[1.961s] writing entry points to ../../../../../build/scenario_obstacle_viz/scenario_obstacle_viz.egg-info/entry_points.txt
[1.962s] writing requirements to ../../../../../build/scenario_obstacle_viz/scenario_obstacle_viz.egg-info/requires.txt
[1.962s] writing top-level names to ../../../../../build/scenario_obstacle_viz/scenario_obstacle_viz.egg-info/top_level.txt
[1.966s] reading manifest file '../../../../../build/scenario_obstacle_viz/scenario_obstacle_viz.egg-info/SOURCES.txt'
[1.968s] writing manifest file '../../../../../build/scenario_obstacle_viz/scenario_obstacle_viz.egg-info/SOURCES.txt'
[1.968s] running build
[1.968s] running build_py
[1.969s] running install
[1.970s] running install_lib
[1.973s] running install_data
[1.973s] running install_egg_info
[1.977s] removing '/home/ayush/challenge_multi_drone/install/scenario_obstacle_viz/lib/python3.10/site-packages/scenario_obstacle_viz-0.0.0-py3.10.egg-info' (and everything under it)
[1.977s] Copying ../../../../../build/scenario_obstacle_viz/scenario_obstacle_viz.egg-info to /home/ayush/challenge_multi_drone/install/scenario_obstacle_viz/lib/python3.10/site-packages/scenario_obstacle_viz-0.0.0-py3.10.egg-info
[1.979s] running install_scripts
[2.022s] Installing viz script to /home/ayush/challenge_multi_drone/install/scenario_obstacle_viz/lib/scenario_obstacle_viz
[2.023s] writing list of installed files to '/home/ayush/challenge_multi_drone/build/scenario_obstacle_viz/install.log'
[2.072s] Invoked command in '/home/ayush/challenge_multi_drone/src/challenge_multi_drone/config_sim/rviz2/scenario_obstacle_viz' returned '0': PYTHONPATH=/home/ayush/challenge_multi_drone/build/scenario_obstacle_viz/prefix_override:/usr/lib/python3/dist-packages/colcon_core/task/python/colcon_distutils_commands:/home/ayush/challenge_multi_drone/install/scenario_obstacle_viz/lib/python3.10/site-packages:${PYTHONPATH} /usr/bin/python3 -W ignore:setup.py install is deprecated -W ignore:easy_install command is deprecated setup.py egg_info --egg-base ../../../../../build/scenario_obstacle_viz build --build-base /home/ayush/challenge_multi_drone/build/scenario_obstacle_viz/build install --record /home/ayush/challenge_multi_drone/build/scenario_obstacle_viz/install.log --single-version-externally-managed install_data
