[0.015s] Invoking command in '/home/ayush/challenge_multi_drone/build/as2_map_server': AMENT_PREFIX_PATH=/home/ayush/challenge_multi_drone/install/as2_core:/home/ayush/challenge_multi_drone/install/as2_msgs:${AMENT_PREFIX_PATH} CMAKE_PREFIX_PATH=/home/ayush/challenge_multi_drone/install/as2_core:/home/ayush/challenge_multi_drone/install/as2_msgs:/home/ayush/project_gazebo_ws/install/aerostack2:/home/ayush/project_gazebo_ws/install/as2_usb_camera_interface:/home/ayush/project_gazebo_ws/install/as2_state_estimator:/home/ayush/project_gazebo_ws/install/as2_rviz_plugins:/home/ayush/project_gazebo_ws/install/as2_realsense_interface:/home/ayush/project_gazebo_ws/install/as2_platform_multirotor_simulator:/home/ayush/project_gazebo_ws/install/as2_platform_gazebo:/home/ayush/project_gazebo_ws/install/as2_motion_controller:/home/ayush/project_gazebo_ws/install/as2_behaviors_trajectory_generation:/home/ayush/project_gazebo_ws/install/as2_behaviors_motion:/home/ayush/project_gazebo_ws/install/as2_motion_reference_handlers:/home/ayush/project_gazebo_ws/install/as2_map_server:/home/ayush/project_gazebo_ws/install/as2_geozones:/home/ayush/project_gazebo_ws/install/as2_gazebo_assets:/home/ayush/project_gazebo_ws/install/as2_external_object_to_tf:/home/ayush/project_gazebo_ws/install/as2_behaviors_platform:/home/ayush/project_gazebo_ws/install/as2_behaviors_perception:/home/ayush/project_gazebo_ws/install/as2_behaviors_path_planning:/home/ayush/project_gazebo_ws/install/as2_behavior_tree:/home/ayush/project_gazebo_ws/install/as2_behavior:/home/ayush/project_gazebo_ws/install/as2_alphanumeric_viewer:/home/ayush/project_gazebo_ws/install/as2_core:/home/ayush/project_gazebo_ws/install/as2_msgs:/home/ayush/project_gazebo_ws/install/as2_cli:/home/ayush/project_gazebo_ws/install/as2_visualization:/home/ayush/project_gazebo_ws/install/as2_keyboard_teleoperation:/home/ayush/project_gazebo_ws/install/as2_python_api:/opt/ros/humble LD_LIBRARY_PATH=/home/ayush/challenge_multi_drone/install/as2_core/lib:/home/ayush/challenge_multi_drone/install/as2_msgs/lib:${LD_LIBRARY_PATH} PYTHONPATH=/home/ayush/challenge_multi_drone/install/as2_core/local/lib/python3.10/dist-packages:/home/ayush/challenge_multi_drone/install/as2_msgs/local/lib/python3.10/dist-packages:${PYTHONPATH} /usr/bin/cmake --build /home/ayush/challenge_multi_drone/build/as2_map_server -- -j12 -l12
[0.061s] [35m[1mConsolidate compiler generated dependencies of target gtest[0m
[0.065s] [35m[1mConsolidate compiler generated dependencies of target as2_map_server[0m
[0.072s] [  7%] Built target as2_map_server_base
[0.074s] [ 21%] Built target gtest
[0.074s] [ 35%] Built target gtest_main
[0.085s] [35m[1mConsolidate compiler generated dependencies of target scan2occ_grid[0m
[0.085s] [ 57%] Built target as2_map_server
[0.098s] [35m[1mConsolidate compiler generated dependencies of target as2_map_server_map_server_gtest[0m
[0.098s] [35m[1mConsolidate compiler generated dependencies of target as2_map_server_node[0m
[0.103s] [ 71%] Built target scan2occ_grid
[0.116s] [100%] Built target as2_map_server_node
[0.116s] [100%] Built target as2_map_server_map_server_gtest
[0.128s] Invoked command in '/home/ayush/challenge_multi_drone/build/as2_map_server' returned '0': AMENT_PREFIX_PATH=/home/ayush/challenge_multi_drone/install/as2_core:/home/ayush/challenge_multi_drone/install/as2_msgs:${AMENT_PREFIX_PATH} CMAKE_PREFIX_PATH=/home/ayush/challenge_multi_drone/install/as2_core:/home/ayush/challenge_multi_drone/install/as2_msgs:/home/ayush/project_gazebo_ws/install/aerostack2:/home/ayush/project_gazebo_ws/install/as2_usb_camera_interface:/home/ayush/project_gazebo_ws/install/as2_state_estimator:/home/ayush/project_gazebo_ws/install/as2_rviz_plugins:/home/ayush/project_gazebo_ws/install/as2_realsense_interface:/home/ayush/project_gazebo_ws/install/as2_platform_multirotor_simulator:/home/ayush/project_gazebo_ws/install/as2_platform_gazebo:/home/ayush/project_gazebo_ws/install/as2_motion_controller:/home/ayush/project_gazebo_ws/install/as2_behaviors_trajectory_generation:/home/ayush/project_gazebo_ws/install/as2_behaviors_motion:/home/ayush/project_gazebo_ws/install/as2_motion_reference_handlers:/home/ayush/project_gazebo_ws/install/as2_map_server:/home/ayush/project_gazebo_ws/install/as2_geozones:/home/ayush/project_gazebo_ws/install/as2_gazebo_assets:/home/ayush/project_gazebo_ws/install/as2_external_object_to_tf:/home/ayush/project_gazebo_ws/install/as2_behaviors_platform:/home/ayush/project_gazebo_ws/install/as2_behaviors_perception:/home/ayush/project_gazebo_ws/install/as2_behaviors_path_planning:/home/ayush/project_gazebo_ws/install/as2_behavior_tree:/home/ayush/project_gazebo_ws/install/as2_behavior:/home/ayush/project_gazebo_ws/install/as2_alphanumeric_viewer:/home/ayush/project_gazebo_ws/install/as2_core:/home/ayush/project_gazebo_ws/install/as2_msgs:/home/ayush/project_gazebo_ws/install/as2_cli:/home/ayush/project_gazebo_ws/install/as2_visualization:/home/ayush/project_gazebo_ws/install/as2_keyboard_teleoperation:/home/ayush/project_gazebo_ws/install/as2_python_api:/opt/ros/humble LD_LIBRARY_PATH=/home/ayush/challenge_multi_drone/install/as2_core/lib:/home/ayush/challenge_multi_drone/install/as2_msgs/lib:${LD_LIBRARY_PATH} PYTHONPATH=/home/ayush/challenge_multi_drone/install/as2_core/local/lib/python3.10/dist-packages:/home/ayush/challenge_multi_drone/install/as2_msgs/local/lib/python3.10/dist-packages:${PYTHONPATH} /usr/bin/cmake --build /home/ayush/challenge_multi_drone/build/as2_map_server -- -j12 -l12
[0.130s] Invoking command in '/home/ayush/challenge_multi_drone/build/as2_map_server': AMENT_PREFIX_PATH=/home/ayush/challenge_multi_drone/install/as2_core:/home/ayush/challenge_multi_drone/install/as2_msgs:${AMENT_PREFIX_PATH} CMAKE_PREFIX_PATH=/home/ayush/challenge_multi_drone/install/as2_core:/home/ayush/challenge_multi_drone/install/as2_msgs:/home/ayush/project_gazebo_ws/install/aerostack2:/home/ayush/project_gazebo_ws/install/as2_usb_camera_interface:/home/ayush/project_gazebo_ws/install/as2_state_estimator:/home/ayush/project_gazebo_ws/install/as2_rviz_plugins:/home/ayush/project_gazebo_ws/install/as2_realsense_interface:/home/ayush/project_gazebo_ws/install/as2_platform_multirotor_simulator:/home/ayush/project_gazebo_ws/install/as2_platform_gazebo:/home/ayush/project_gazebo_ws/install/as2_motion_controller:/home/ayush/project_gazebo_ws/install/as2_behaviors_trajectory_generation:/home/ayush/project_gazebo_ws/install/as2_behaviors_motion:/home/ayush/project_gazebo_ws/install/as2_motion_reference_handlers:/home/ayush/project_gazebo_ws/install/as2_map_server:/home/ayush/project_gazebo_ws/install/as2_geozones:/home/ayush/project_gazebo_ws/install/as2_gazebo_assets:/home/ayush/project_gazebo_ws/install/as2_external_object_to_tf:/home/ayush/project_gazebo_ws/install/as2_behaviors_platform:/home/ayush/project_gazebo_ws/install/as2_behaviors_perception:/home/ayush/project_gazebo_ws/install/as2_behaviors_path_planning:/home/ayush/project_gazebo_ws/install/as2_behavior_tree:/home/ayush/project_gazebo_ws/install/as2_behavior:/home/ayush/project_gazebo_ws/install/as2_alphanumeric_viewer:/home/ayush/project_gazebo_ws/install/as2_core:/home/ayush/project_gazebo_ws/install/as2_msgs:/home/ayush/project_gazebo_ws/install/as2_cli:/home/ayush/project_gazebo_ws/install/as2_visualization:/home/ayush/project_gazebo_ws/install/as2_keyboard_teleoperation:/home/ayush/project_gazebo_ws/install/as2_python_api:/opt/ros/humble LD_LIBRARY_PATH=/home/ayush/challenge_multi_drone/install/as2_core/lib:/home/ayush/challenge_multi_drone/install/as2_msgs/lib:${LD_LIBRARY_PATH} PYTHONPATH=/home/ayush/challenge_multi_drone/install/as2_core/local/lib/python3.10/dist-packages:/home/ayush/challenge_multi_drone/install/as2_msgs/local/lib/python3.10/dist-packages:${PYTHONPATH} /usr/bin/cmake --install /home/ayush/challenge_multi_drone/build/as2_map_server
[0.136s] -- Install configuration: "Release"
[0.137s] -- Up-to-date: /home/ayush/challenge_multi_drone/install/as2_map_server/include
[0.137s] -- Up-to-date: /home/ayush/challenge_multi_drone/install/as2_map_server/include/as2_map_server
[0.137s] -- Up-to-date: /home/ayush/challenge_multi_drone/install/as2_map_server/include/as2_map_server/plugin_base.hpp
[0.137s] -- Up-to-date: /home/ayush/challenge_multi_drone/install/as2_map_server/include/as2_map_server/map_server.hpp
[0.137s] -- Up-to-date: /home/ayush/challenge_multi_drone/install/as2_map_server/share/as2_map_server/environment/library_path.sh
[0.137s] -- Up-to-date: /home/ayush/challenge_multi_drone/install/as2_map_server/share/as2_map_server/environment/library_path.dsv
[0.138s] -- Up-to-date: /home/ayush/challenge_multi_drone/install/as2_map_server/lib/libas2_map_server_base.so
[0.138s] -- Up-to-date: /home/ayush/challenge_multi_drone/install/as2_map_server/include
[0.138s] -- Up-to-date: /home/ayush/challenge_multi_drone/install/as2_map_server/include/as2_map_server
[0.138s] -- Up-to-date: /home/ayush/challenge_multi_drone/install/as2_map_server/include/as2_map_server/plugin_base.hpp
[0.138s] -- Up-to-date: /home/ayush/challenge_multi_drone/install/as2_map_server/include/as2_map_server/map_server.hpp
[0.138s] -- Up-to-date: /home/ayush/challenge_multi_drone/install/as2_map_server/lib/libas2_map_server.so
[0.139s] -- Up-to-date: /home/ayush/challenge_multi_drone/install/as2_map_server/lib/as2_map_server/as2_map_server_node
[0.139s] -- Up-to-date: /home/ayush/challenge_multi_drone/install/as2_map_server/share/as2_map_server/plugins.xml
[0.139s] -- Up-to-date: /home/ayush/challenge_multi_drone/install/as2_map_server/share/as2_map_server/launch
[0.139s] -- Up-to-date: /home/ayush/challenge_multi_drone/install/as2_map_server/share/as2_map_server/launch/map_server.launch.py
[0.139s] -- Up-to-date: /home/ayush/challenge_multi_drone/install/as2_map_server/share/as2_map_server/launch
[0.140s] -- Up-to-date: /home/ayush/challenge_multi_drone/install/as2_map_server/share/as2_map_server/launch/scan2occ_grid-map_server.launch.py
[0.140s] -- Up-to-date: /home/ayush/challenge_multi_drone/install/as2_map_server/share/as2_map_server/plugins/scan2occ_grid/config
[0.140s] -- Up-to-date: /home/ayush/challenge_multi_drone/install/as2_map_server/share/as2_map_server/plugins/scan2occ_grid/config/plugin_default.yaml
[0.140s] -- Up-to-date: /home/ayush/challenge_multi_drone/install/as2_map_server/share/as2_map_server/launch
[0.140s] -- Up-to-date: /home/ayush/challenge_multi_drone/install/as2_map_server/share/as2_map_server/launch/depth2occ_grid-map_server.launch.py
[0.140s] -- Up-to-date: /home/ayush/challenge_multi_drone/install/as2_map_server/share/as2_map_server/plugins/depth2occ_grid/config
[0.141s] -- Up-to-date: /home/ayush/challenge_multi_drone/install/as2_map_server/share/as2_map_server/plugins/depth2occ_grid/config/plugin_default.yaml
[0.141s] -- Up-to-date: /home/ayush/challenge_multi_drone/install/as2_map_server/share/ament_index/resource_index/package_run_dependencies/as2_map_server
[0.141s] -- Up-to-date: /home/ayush/challenge_multi_drone/install/as2_map_server/share/ament_index/resource_index/parent_prefix_path/as2_map_server
[0.141s] -- Up-to-date: /home/ayush/challenge_multi_drone/install/as2_map_server/share/as2_map_server/environment/ament_prefix_path.sh
[0.141s] -- Up-to-date: /home/ayush/challenge_multi_drone/install/as2_map_server/share/as2_map_server/environment/ament_prefix_path.dsv
[0.141s] -- Up-to-date: /home/ayush/challenge_multi_drone/install/as2_map_server/share/as2_map_server/environment/path.sh
[0.141s] -- Up-to-date: /home/ayush/challenge_multi_drone/install/as2_map_server/share/as2_map_server/environment/path.dsv
[0.141s] -- Up-to-date: /home/ayush/challenge_multi_drone/install/as2_map_server/share/as2_map_server/local_setup.bash
[0.141s] -- Up-to-date: /home/ayush/challenge_multi_drone/install/as2_map_server/share/as2_map_server/local_setup.sh
[0.141s] -- Up-to-date: /home/ayush/challenge_multi_drone/install/as2_map_server/share/as2_map_server/local_setup.zsh
[0.141s] -- Up-to-date: /home/ayush/challenge_multi_drone/install/as2_map_server/share/as2_map_server/local_setup.dsv
[0.142s] -- Installing: /home/ayush/challenge_multi_drone/install/as2_map_server/share/as2_map_server/package.dsv
[0.142s] -- Up-to-date: /home/ayush/challenge_multi_drone/install/as2_map_server/share/ament_index/resource_index/packages/as2_map_server
[0.142s] -- Up-to-date: /home/ayush/challenge_multi_drone/install/as2_map_server/share/ament_index/resource_index/as2_map_server__pluginlib__plugin/as2_map_server
[0.142s] -- Up-to-date: /home/ayush/challenge_multi_drone/install/as2_map_server/share/as2_map_server/cmake/export_as2_map_server_baseExport.cmake
[0.142s] -- Up-to-date: /home/ayush/challenge_multi_drone/install/as2_map_server/share/as2_map_server/cmake/export_as2_map_server_baseExport-release.cmake
[0.142s] -- Up-to-date: /home/ayush/challenge_multi_drone/install/as2_map_server/share/as2_map_server/cmake/export_as2_map_serverExport.cmake
[0.142s] -- Up-to-date: /home/ayush/challenge_multi_drone/install/as2_map_server/share/as2_map_server/cmake/export_as2_map_serverExport-release.cmake
[0.143s] -- Up-to-date: /home/ayush/challenge_multi_drone/install/as2_map_server/share/as2_map_server/cmake/ament_cmake_export_libraries-extras.cmake
[0.143s] -- Up-to-date: /home/ayush/challenge_multi_drone/install/as2_map_server/share/as2_map_server/cmake/ament_cmake_export_targets-extras.cmake
[0.143s] -- Up-to-date: /home/ayush/challenge_multi_drone/install/as2_map_server/share/as2_map_server/cmake/ament_cmake_export_include_directories-extras.cmake
[0.143s] -- Up-to-date: /home/ayush/challenge_multi_drone/install/as2_map_server/share/as2_map_server/cmake/as2_map_serverConfig.cmake
[0.143s] -- Up-to-date: /home/ayush/challenge_multi_drone/install/as2_map_server/share/as2_map_server/cmake/as2_map_serverConfig-version.cmake
[0.143s] -- Up-to-date: /home/ayush/challenge_multi_drone/install/as2_map_server/share/as2_map_server/package.xml
[0.143s] -- Up-to-date: /home/ayush/challenge_multi_drone/install/as2_map_server/include
[0.143s] -- Up-to-date: /home/ayush/challenge_multi_drone/install/as2_map_server/include/scan2occ_grid.hpp
[0.143s] -- Up-to-date: /home/ayush/challenge_multi_drone/install/as2_map_server/lib/libscan2occ_grid.so
[0.146s] Invoked command in '/home/ayush/challenge_multi_drone/build/as2_map_server' returned '0': AMENT_PREFIX_PATH=/home/ayush/challenge_multi_drone/install/as2_core:/home/ayush/challenge_multi_drone/install/as2_msgs:${AMENT_PREFIX_PATH} CMAKE_PREFIX_PATH=/home/ayush/challenge_multi_drone/install/as2_core:/home/ayush/challenge_multi_drone/install/as2_msgs:/home/ayush/project_gazebo_ws/install/aerostack2:/home/ayush/project_gazebo_ws/install/as2_usb_camera_interface:/home/ayush/project_gazebo_ws/install/as2_state_estimator:/home/ayush/project_gazebo_ws/install/as2_rviz_plugins:/home/ayush/project_gazebo_ws/install/as2_realsense_interface:/home/ayush/project_gazebo_ws/install/as2_platform_multirotor_simulator:/home/ayush/project_gazebo_ws/install/as2_platform_gazebo:/home/ayush/project_gazebo_ws/install/as2_motion_controller:/home/ayush/project_gazebo_ws/install/as2_behaviors_trajectory_generation:/home/ayush/project_gazebo_ws/install/as2_behaviors_motion:/home/ayush/project_gazebo_ws/install/as2_motion_reference_handlers:/home/ayush/project_gazebo_ws/install/as2_map_server:/home/ayush/project_gazebo_ws/install/as2_geozones:/home/ayush/project_gazebo_ws/install/as2_gazebo_assets:/home/ayush/project_gazebo_ws/install/as2_external_object_to_tf:/home/ayush/project_gazebo_ws/install/as2_behaviors_platform:/home/ayush/project_gazebo_ws/install/as2_behaviors_perception:/home/ayush/project_gazebo_ws/install/as2_behaviors_path_planning:/home/ayush/project_gazebo_ws/install/as2_behavior_tree:/home/ayush/project_gazebo_ws/install/as2_behavior:/home/ayush/project_gazebo_ws/install/as2_alphanumeric_viewer:/home/ayush/project_gazebo_ws/install/as2_core:/home/ayush/project_gazebo_ws/install/as2_msgs:/home/ayush/project_gazebo_ws/install/as2_cli:/home/ayush/project_gazebo_ws/install/as2_visualization:/home/ayush/project_gazebo_ws/install/as2_keyboard_teleoperation:/home/ayush/project_gazebo_ws/install/as2_python_api:/opt/ros/humble LD_LIBRARY_PATH=/home/ayush/challenge_multi_drone/install/as2_core/lib:/home/ayush/challenge_multi_drone/install/as2_msgs/lib:${LD_LIBRARY_PATH} PYTHONPATH=/home/ayush/challenge_multi_drone/install/as2_core/local/lib/python3.10/dist-packages:/home/ayush/challenge_multi_drone/install/as2_msgs/local/lib/python3.10/dist-packages:${PYTHONPATH} /usr/bin/cmake --install /home/ayush/challenge_multi_drone/build/as2_map_server
