[0.041s] Invoking command in '/home/ayush/challenge_multi_drone/build/as2_behaviors_motion': AMENT_PREFIX_PATH=/home/ayush/challenge_multi_drone/install/as2_motion_reference_handlers:/home/ayush/challenge_multi_drone/install/as2_behavior:/home/ayush/challenge_multi_drone/install/as2_core:/home/ayush/challenge_multi_drone/install/as2_msgs:${AMENT_PREFIX_PATH} CMAKE_PREFIX_PATH=/home/ayush/challenge_multi_drone/install/as2_motion_reference_handlers:/home/ayush/challenge_multi_drone/install/as2_behavior:/home/ayush/challenge_multi_drone/install/as2_core:/home/ayush/challenge_multi_drone/install/as2_msgs:/home/ayush/project_gazebo_ws/install/aerostack2:/home/ayush/project_gazebo_ws/install/as2_usb_camera_interface:/home/ayush/project_gazebo_ws/install/as2_state_estimator:/home/ayush/project_gazebo_ws/install/as2_rviz_plugins:/home/ayush/project_gazebo_ws/install/as2_realsense_interface:/home/ayush/project_gazebo_ws/install/as2_platform_multirotor_simulator:/home/ayush/project_gazebo_ws/install/as2_platform_gazebo:/home/ayush/project_gazebo_ws/install/as2_motion_controller:/home/ayush/project_gazebo_ws/install/as2_behaviors_trajectory_generation:/home/ayush/project_gazebo_ws/install/as2_behaviors_motion:/home/ayush/project_gazebo_ws/install/as2_motion_reference_handlers:/home/ayush/project_gazebo_ws/install/as2_map_server:/home/ayush/project_gazebo_ws/install/as2_geozones:/home/ayush/project_gazebo_ws/install/as2_gazebo_assets:/home/ayush/project_gazebo_ws/install/as2_external_object_to_tf:/home/ayush/project_gazebo_ws/install/as2_behaviors_platform:/home/ayush/project_gazebo_ws/install/as2_behaviors_perception:/home/ayush/project_gazebo_ws/install/as2_behaviors_path_planning:/home/ayush/project_gazebo_ws/install/as2_behavior_tree:/home/ayush/project_gazebo_ws/install/as2_behavior:/home/ayush/project_gazebo_ws/install/as2_alphanumeric_viewer:/home/ayush/project_gazebo_ws/install/as2_core:/home/ayush/project_gazebo_ws/install/as2_msgs:/home/ayush/project_gazebo_ws/install/as2_cli:/home/ayush/project_gazebo_ws/install/as2_visualization:/home/ayush/project_gazebo_ws/install/as2_keyboard_teleoperation:/home/ayush/project_gazebo_ws/install/as2_python_api:/opt/ros/humble LD_LIBRARY_PATH=/home/ayush/challenge_multi_drone/install/as2_motion_reference_handlers/lib:/home/ayush/challenge_multi_drone/install/as2_behavior/lib:/home/ayush/challenge_multi_drone/install/as2_core/lib:/home/ayush/challenge_multi_drone/install/as2_msgs/lib:${LD_LIBRARY_PATH} PYTHONPATH=/home/ayush/challenge_multi_drone/install/as2_motion_reference_handlers/local/lib/python3.10/dist-packages:/home/ayush/challenge_multi_drone/install/as2_core/local/lib/python3.10/dist-packages:/home/ayush/challenge_multi_drone/install/as2_msgs/local/lib/python3.10/dist-packages:${PYTHONPATH} /usr/bin/cmake --build /home/ayush/challenge_multi_drone/build/as2_behaviors_motion -- -j12 -l12
[0.209s] [ 32%] Built target as2_behaviors_motion
[0.273s] [ 37%] Built target follow_reference_component
[0.335s] [ 43%] Built target follow_path_component
[0.401s] [ 48%] Built target go_to_component
[0.464s] [ 54%] Built target land_component
[0.519s] [ 59%] Built target takeoff_component
[0.581s] [ 67%] Built target follow_reference_behavior_node
[0.646s] [ 75%] Built target takeoff_behavior_node
[0.710s] [ 83%] Built target land_behavior_node
[0.774s] [ 91%] Built target go_to_behavior_node
[0.848s] [100%] Built target follow_path_behavior_node
[0.870s] Invoked command in '/home/ayush/challenge_multi_drone/build/as2_behaviors_motion' returned '0': AMENT_PREFIX_PATH=/home/ayush/challenge_multi_drone/install/as2_motion_reference_handlers:/home/ayush/challenge_multi_drone/install/as2_behavior:/home/ayush/challenge_multi_drone/install/as2_core:/home/ayush/challenge_multi_drone/install/as2_msgs:${AMENT_PREFIX_PATH} CMAKE_PREFIX_PATH=/home/ayush/challenge_multi_drone/install/as2_motion_reference_handlers:/home/ayush/challenge_multi_drone/install/as2_behavior:/home/ayush/challenge_multi_drone/install/as2_core:/home/ayush/challenge_multi_drone/install/as2_msgs:/home/ayush/project_gazebo_ws/install/aerostack2:/home/ayush/project_gazebo_ws/install/as2_usb_camera_interface:/home/ayush/project_gazebo_ws/install/as2_state_estimator:/home/ayush/project_gazebo_ws/install/as2_rviz_plugins:/home/ayush/project_gazebo_ws/install/as2_realsense_interface:/home/ayush/project_gazebo_ws/install/as2_platform_multirotor_simulator:/home/ayush/project_gazebo_ws/install/as2_platform_gazebo:/home/ayush/project_gazebo_ws/install/as2_motion_controller:/home/ayush/project_gazebo_ws/install/as2_behaviors_trajectory_generation:/home/ayush/project_gazebo_ws/install/as2_behaviors_motion:/home/ayush/project_gazebo_ws/install/as2_motion_reference_handlers:/home/ayush/project_gazebo_ws/install/as2_map_server:/home/ayush/project_gazebo_ws/install/as2_geozones:/home/ayush/project_gazebo_ws/install/as2_gazebo_assets:/home/ayush/project_gazebo_ws/install/as2_external_object_to_tf:/home/ayush/project_gazebo_ws/install/as2_behaviors_platform:/home/ayush/project_gazebo_ws/install/as2_behaviors_perception:/home/ayush/project_gazebo_ws/install/as2_behaviors_path_planning:/home/ayush/project_gazebo_ws/install/as2_behavior_tree:/home/ayush/project_gazebo_ws/install/as2_behavior:/home/ayush/project_gazebo_ws/install/as2_alphanumeric_viewer:/home/ayush/project_gazebo_ws/install/as2_core:/home/ayush/project_gazebo_ws/install/as2_msgs:/home/ayush/project_gazebo_ws/install/as2_cli:/home/ayush/project_gazebo_ws/install/as2_visualization:/home/ayush/project_gazebo_ws/install/as2_keyboard_teleoperation:/home/ayush/project_gazebo_ws/install/as2_python_api:/opt/ros/humble LD_LIBRARY_PATH=/home/ayush/challenge_multi_drone/install/as2_motion_reference_handlers/lib:/home/ayush/challenge_multi_drone/install/as2_behavior/lib:/home/ayush/challenge_multi_drone/install/as2_core/lib:/home/ayush/challenge_multi_drone/install/as2_msgs/lib:${LD_LIBRARY_PATH} PYTHONPATH=/home/ayush/challenge_multi_drone/install/as2_motion_reference_handlers/local/lib/python3.10/dist-packages:/home/ayush/challenge_multi_drone/install/as2_core/local/lib/python3.10/dist-packages:/home/ayush/challenge_multi_drone/install/as2_msgs/local/lib/python3.10/dist-packages:${PYTHONPATH} /usr/bin/cmake --build /home/ayush/challenge_multi_drone/build/as2_behaviors_motion -- -j12 -l12
[0.873s] Invoking command in '/home/ayush/challenge_multi_drone/build/as2_behaviors_motion': AMENT_PREFIX_PATH=/home/ayush/challenge_multi_drone/install/as2_motion_reference_handlers:/home/ayush/challenge_multi_drone/install/as2_behavior:/home/ayush/challenge_multi_drone/install/as2_core:/home/ayush/challenge_multi_drone/install/as2_msgs:${AMENT_PREFIX_PATH} CMAKE_PREFIX_PATH=/home/ayush/challenge_multi_drone/install/as2_motion_reference_handlers:/home/ayush/challenge_multi_drone/install/as2_behavior:/home/ayush/challenge_multi_drone/install/as2_core:/home/ayush/challenge_multi_drone/install/as2_msgs:/home/ayush/project_gazebo_ws/install/aerostack2:/home/ayush/project_gazebo_ws/install/as2_usb_camera_interface:/home/ayush/project_gazebo_ws/install/as2_state_estimator:/home/ayush/project_gazebo_ws/install/as2_rviz_plugins:/home/ayush/project_gazebo_ws/install/as2_realsense_interface:/home/ayush/project_gazebo_ws/install/as2_platform_multirotor_simulator:/home/ayush/project_gazebo_ws/install/as2_platform_gazebo:/home/ayush/project_gazebo_ws/install/as2_motion_controller:/home/ayush/project_gazebo_ws/install/as2_behaviors_trajectory_generation:/home/ayush/project_gazebo_ws/install/as2_behaviors_motion:/home/ayush/project_gazebo_ws/install/as2_motion_reference_handlers:/home/ayush/project_gazebo_ws/install/as2_map_server:/home/ayush/project_gazebo_ws/install/as2_geozones:/home/ayush/project_gazebo_ws/install/as2_gazebo_assets:/home/ayush/project_gazebo_ws/install/as2_external_object_to_tf:/home/ayush/project_gazebo_ws/install/as2_behaviors_platform:/home/ayush/project_gazebo_ws/install/as2_behaviors_perception:/home/ayush/project_gazebo_ws/install/as2_behaviors_path_planning:/home/ayush/project_gazebo_ws/install/as2_behavior_tree:/home/ayush/project_gazebo_ws/install/as2_behavior:/home/ayush/project_gazebo_ws/install/as2_alphanumeric_viewer:/home/ayush/project_gazebo_ws/install/as2_core:/home/ayush/project_gazebo_ws/install/as2_msgs:/home/ayush/project_gazebo_ws/install/as2_cli:/home/ayush/project_gazebo_ws/install/as2_visualization:/home/ayush/project_gazebo_ws/install/as2_keyboard_teleoperation:/home/ayush/project_gazebo_ws/install/as2_python_api:/opt/ros/humble LD_LIBRARY_PATH=/home/ayush/challenge_multi_drone/install/as2_motion_reference_handlers/lib:/home/ayush/challenge_multi_drone/install/as2_behavior/lib:/home/ayush/challenge_multi_drone/install/as2_core/lib:/home/ayush/challenge_multi_drone/install/as2_msgs/lib:${LD_LIBRARY_PATH} PYTHONPATH=/home/ayush/challenge_multi_drone/install/as2_motion_reference_handlers/local/lib/python3.10/dist-packages:/home/ayush/challenge_multi_drone/install/as2_core/local/lib/python3.10/dist-packages:/home/ayush/challenge_multi_drone/install/as2_msgs/local/lib/python3.10/dist-packages:${PYTHONPATH} /usr/bin/cmake --install /home/ayush/challenge_multi_drone/build/as2_behaviors_motion
[0.887s] -- Install configuration: "Release"
[0.888s] -- Up-to-date: /home/ayush/challenge_multi_drone/install/as2_behaviors_motion/share/as2_behaviors_motion/plugins.xml
[0.888s] -- Up-to-date: /home/ayush/challenge_multi_drone/install/as2_behaviors_motion/lib/libas2_behaviors_motion.so
[0.888s] -- Up-to-date: /home/ayush/challenge_multi_drone/install/as2_behaviors_motion/share/as2_behaviors_motion/environment/library_path.sh
[0.889s] -- Up-to-date: /home/ayush/challenge_multi_drone/install/as2_behaviors_motion/share/as2_behaviors_motion/environment/library_path.dsv
[0.889s] -- Up-to-date: /home/ayush/challenge_multi_drone/install/as2_behaviors_motion/lib/as2_behaviors_motion/follow_path_behavior_node
[0.889s] -- Up-to-date: /home/ayush/challenge_multi_drone/install/as2_behaviors_motion/include
[0.889s] -- Up-to-date: /home/ayush/challenge_multi_drone/install/as2_behaviors_motion/include/follow_path_behavior
[0.890s] -- Up-to-date: /home/ayush/challenge_multi_drone/install/as2_behaviors_motion/include/follow_path_behavior/follow_path_base.hpp
[0.890s] -- Up-to-date: /home/ayush/challenge_multi_drone/install/as2_behaviors_motion/include/follow_path_behavior/follow_path_behavior.hpp
[0.890s] -- Up-to-date: /home/ayush/challenge_multi_drone/install/as2_behaviors_motion/share/as2_behaviors_motion/follow_path_behavior/config/
[0.890s] -- Up-to-date: /home/ayush/challenge_multi_drone/install/as2_behaviors_motion/share/as2_behaviors_motion/follow_path_behavior/config//config_default.yaml
[0.890s] -- Up-to-date: /home/ayush/challenge_multi_drone/install/as2_behaviors_motion/lib/as2_behaviors_motion/go_to_behavior_node
[0.890s] -- Up-to-date: /home/ayush/challenge_multi_drone/install/as2_behaviors_motion/include
[0.891s] -- Up-to-date: /home/ayush/challenge_multi_drone/install/as2_behaviors_motion/include/go_to_behavior
[0.891s] -- Up-to-date: /home/ayush/challenge_multi_drone/install/as2_behaviors_motion/include/go_to_behavior/go_to_base.hpp
[0.891s] -- Up-to-date: /home/ayush/challenge_multi_drone/install/as2_behaviors_motion/include/go_to_behavior/go_to_behavior.hpp
[0.891s] -- Up-to-date: /home/ayush/challenge_multi_drone/install/as2_behaviors_motion/share/as2_behaviors_motion/go_to_behavior/config/
[0.891s] -- Up-to-date: /home/ayush/challenge_multi_drone/install/as2_behaviors_motion/share/as2_behaviors_motion/go_to_behavior/config//config_default.yaml
[0.891s] -- Up-to-date: /home/ayush/challenge_multi_drone/install/as2_behaviors_motion/lib/as2_behaviors_motion/land_behavior_node
[0.892s] -- Up-to-date: /home/ayush/challenge_multi_drone/install/as2_behaviors_motion/include
[0.893s] -- Up-to-date: /home/ayush/challenge_multi_drone/install/as2_behaviors_motion/include/land_behavior
[0.893s] -- Up-to-date: /home/ayush/challenge_multi_drone/install/as2_behaviors_motion/include/land_behavior/land_base.hpp
[0.893s] -- Up-to-date: /home/ayush/challenge_multi_drone/install/as2_behaviors_motion/include/land_behavior/land_behavior.hpp
[0.893s] -- Up-to-date: /home/ayush/challenge_multi_drone/install/as2_behaviors_motion/share/as2_behaviors_motion/land_behavior/config/
[0.894s] -- Up-to-date: /home/ayush/challenge_multi_drone/install/as2_behaviors_motion/share/as2_behaviors_motion/land_behavior/config//config_default.yaml
[0.894s] -- Up-to-date: /home/ayush/challenge_multi_drone/install/as2_behaviors_motion/lib/as2_behaviors_motion/takeoff_behavior_node
[0.894s] -- Up-to-date: /home/ayush/challenge_multi_drone/install/as2_behaviors_motion/include
[0.894s] -- Up-to-date: /home/ayush/challenge_multi_drone/install/as2_behaviors_motion/include/takeoff_behavior
[0.894s] -- Up-to-date: /home/ayush/challenge_multi_drone/install/as2_behaviors_motion/include/takeoff_behavior/takeoff_behavior.hpp
[0.895s] -- Up-to-date: /home/ayush/challenge_multi_drone/install/as2_behaviors_motion/include/takeoff_behavior/takeoff_base.hpp
[0.895s] -- Up-to-date: /home/ayush/challenge_multi_drone/install/as2_behaviors_motion/share/as2_behaviors_motion/takeoff_behavior/config/
[0.895s] -- Up-to-date: /home/ayush/challenge_multi_drone/install/as2_behaviors_motion/share/as2_behaviors_motion/takeoff_behavior/config//config_default.yaml
[0.895s] -- Up-to-date: /home/ayush/challenge_multi_drone/install/as2_behaviors_motion/lib/as2_behaviors_motion/follow_reference_behavior_node
[0.895s] -- Up-to-date: /home/ayush/challenge_multi_drone/install/as2_behaviors_motion/include
[0.895s] -- Up-to-date: /home/ayush/challenge_multi_drone/install/as2_behaviors_motion/include/follow_reference_behavior
[0.896s] -- Up-to-date: /home/ayush/challenge_multi_drone/install/as2_behaviors_motion/include/follow_reference_behavior/follow_reference_behavior.hpp
[0.896s] -- Up-to-date: /home/ayush/challenge_multi_drone/install/as2_behaviors_motion/share/as2_behaviors_motion/follow_reference_behavior/config/
[0.896s] -- Up-to-date: /home/ayush/challenge_multi_drone/install/as2_behaviors_motion/share/as2_behaviors_motion/follow_reference_behavior/config//config_default.yaml
[0.897s] -- Up-to-date: /home/ayush/challenge_multi_drone/install/as2_behaviors_motion/lib/libtakeoff_component.so
[0.898s] -- Up-to-date: /home/ayush/challenge_multi_drone/install/as2_behaviors_motion/lib/libland_component.so
[0.899s] -- Up-to-date: /home/ayush/challenge_multi_drone/install/as2_behaviors_motion/lib/libgo_to_component.so
[0.899s] -- Up-to-date: /home/ayush/challenge_multi_drone/install/as2_behaviors_motion/lib/libfollow_path_component.so
[0.901s] -- Up-to-date: /home/ayush/challenge_multi_drone/install/as2_behaviors_motion/lib/libfollow_reference_component.so
[0.901s] -- Up-to-date: /home/ayush/challenge_multi_drone/install/as2_behaviors_motion/share/as2_behaviors_motion/launch
[0.902s] -- Up-to-date: /home/ayush/challenge_multi_drone/install/as2_behaviors_motion/share/as2_behaviors_motion/launch/land_behavior_launch.py
[0.902s] -- Up-to-date: /home/ayush/challenge_multi_drone/install/as2_behaviors_motion/share/as2_behaviors_motion/launch/composable_follow_reference.launch.py
[0.902s] -- Up-to-date: /home/ayush/challenge_multi_drone/install/as2_behaviors_motion/share/as2_behaviors_motion/launch/go_to_behavior_launch.py
[0.902s] -- Up-to-date: /home/ayush/challenge_multi_drone/install/as2_behaviors_motion/share/as2_behaviors_motion/launch/motion_behaviors_launch.py
[0.902s] -- Up-to-date: /home/ayush/challenge_multi_drone/install/as2_behaviors_motion/share/as2_behaviors_motion/launch/takeoff_behavior_launch.py
[0.902s] -- Up-to-date: /home/ayush/challenge_multi_drone/install/as2_behaviors_motion/share/as2_behaviors_motion/launch/follow_path_behavior_launch.py
[0.902s] -- Up-to-date: /home/ayush/challenge_multi_drone/install/as2_behaviors_motion/share/as2_behaviors_motion/launch/follow_reference_behavior_launch.py
[0.902s] -- Up-to-date: /home/ayush/challenge_multi_drone/install/as2_behaviors_motion/share/as2_behaviors_motion/launch/composable_motion_behaviors.launch.py
[0.903s] -- Up-to-date: /home/ayush/challenge_multi_drone/install/as2_behaviors_motion/share/ament_index/resource_index/package_run_dependencies/as2_behaviors_motion
[0.903s] -- Up-to-date: /home/ayush/challenge_multi_drone/install/as2_behaviors_motion/share/ament_index/resource_index/parent_prefix_path/as2_behaviors_motion
[0.903s] -- Up-to-date: /home/ayush/challenge_multi_drone/install/as2_behaviors_motion/share/as2_behaviors_motion/environment/ament_prefix_path.sh
[0.903s] -- Up-to-date: /home/ayush/challenge_multi_drone/install/as2_behaviors_motion/share/as2_behaviors_motion/environment/ament_prefix_path.dsv
[0.903s] -- Up-to-date: /home/ayush/challenge_multi_drone/install/as2_behaviors_motion/share/as2_behaviors_motion/environment/path.sh
[0.903s] -- Up-to-date: /home/ayush/challenge_multi_drone/install/as2_behaviors_motion/share/as2_behaviors_motion/environment/path.dsv
[0.903s] -- Up-to-date: /home/ayush/challenge_multi_drone/install/as2_behaviors_motion/share/as2_behaviors_motion/local_setup.bash
[0.903s] -- Up-to-date: /home/ayush/challenge_multi_drone/install/as2_behaviors_motion/share/as2_behaviors_motion/local_setup.sh
[0.903s] -- Up-to-date: /home/ayush/challenge_multi_drone/install/as2_behaviors_motion/share/as2_behaviors_motion/local_setup.zsh
[0.903s] -- Up-to-date: /home/ayush/challenge_multi_drone/install/as2_behaviors_motion/share/as2_behaviors_motion/local_setup.dsv
[0.903s] -- Installing: /home/ayush/challenge_multi_drone/install/as2_behaviors_motion/share/as2_behaviors_motion/package.dsv
[0.904s] -- Up-to-date: /home/ayush/challenge_multi_drone/install/as2_behaviors_motion/share/ament_index/resource_index/packages/as2_behaviors_motion
[0.904s] -- Up-to-date: /home/ayush/challenge_multi_drone/install/as2_behaviors_motion/share/ament_index/resource_index/as2_behaviors_motion__pluginlib__plugin/as2_behaviors_motion
[0.905s] -- Up-to-date: /home/ayush/challenge_multi_drone/install/as2_behaviors_motion/share/as2_behaviors_motion/cmake/export_as2_behaviors_motionExport.cmake
[0.906s] -- Up-to-date: /home/ayush/challenge_multi_drone/install/as2_behaviors_motion/share/as2_behaviors_motion/cmake/export_as2_behaviors_motionExport-release.cmake
[0.906s] -- Up-to-date: /home/ayush/challenge_multi_drone/install/as2_behaviors_motion/share/ament_index/resource_index/rclcpp_components/as2_behaviors_motion
[0.906s] -- Up-to-date: /home/ayush/challenge_multi_drone/install/as2_behaviors_motion/share/as2_behaviors_motion/cmake/ament_cmake_export_libraries-extras.cmake
[0.906s] -- Up-to-date: /home/ayush/challenge_multi_drone/install/as2_behaviors_motion/share/as2_behaviors_motion/cmake/ament_cmake_export_targets-extras.cmake
[0.906s] -- Up-to-date: /home/ayush/challenge_multi_drone/install/as2_behaviors_motion/share/as2_behaviors_motion/cmake/ament_cmake_export_include_directories-extras.cmake
[0.906s] -- Up-to-date: /home/ayush/challenge_multi_drone/install/as2_behaviors_motion/share/as2_behaviors_motion/cmake/as2_behaviors_motionConfig.cmake
[0.906s] -- Up-to-date: /home/ayush/challenge_multi_drone/install/as2_behaviors_motion/share/as2_behaviors_motion/cmake/as2_behaviors_motionConfig-version.cmake
[0.906s] -- Up-to-date: /home/ayush/challenge_multi_drone/install/as2_behaviors_motion/share/as2_behaviors_motion/package.xml
[0.911s] Invoked command in '/home/ayush/challenge_multi_drone/build/as2_behaviors_motion' returned '0': AMENT_PREFIX_PATH=/home/ayush/challenge_multi_drone/install/as2_motion_reference_handlers:/home/ayush/challenge_multi_drone/install/as2_behavior:/home/ayush/challenge_multi_drone/install/as2_core:/home/ayush/challenge_multi_drone/install/as2_msgs:${AMENT_PREFIX_PATH} CMAKE_PREFIX_PATH=/home/ayush/challenge_multi_drone/install/as2_motion_reference_handlers:/home/ayush/challenge_multi_drone/install/as2_behavior:/home/ayush/challenge_multi_drone/install/as2_core:/home/ayush/challenge_multi_drone/install/as2_msgs:/home/ayush/project_gazebo_ws/install/aerostack2:/home/ayush/project_gazebo_ws/install/as2_usb_camera_interface:/home/ayush/project_gazebo_ws/install/as2_state_estimator:/home/ayush/project_gazebo_ws/install/as2_rviz_plugins:/home/ayush/project_gazebo_ws/install/as2_realsense_interface:/home/ayush/project_gazebo_ws/install/as2_platform_multirotor_simulator:/home/ayush/project_gazebo_ws/install/as2_platform_gazebo:/home/ayush/project_gazebo_ws/install/as2_motion_controller:/home/ayush/project_gazebo_ws/install/as2_behaviors_trajectory_generation:/home/ayush/project_gazebo_ws/install/as2_behaviors_motion:/home/ayush/project_gazebo_ws/install/as2_motion_reference_handlers:/home/ayush/project_gazebo_ws/install/as2_map_server:/home/ayush/project_gazebo_ws/install/as2_geozones:/home/ayush/project_gazebo_ws/install/as2_gazebo_assets:/home/ayush/project_gazebo_ws/install/as2_external_object_to_tf:/home/ayush/project_gazebo_ws/install/as2_behaviors_platform:/home/ayush/project_gazebo_ws/install/as2_behaviors_perception:/home/ayush/project_gazebo_ws/install/as2_behaviors_path_planning:/home/ayush/project_gazebo_ws/install/as2_behavior_tree:/home/ayush/project_gazebo_ws/install/as2_behavior:/home/ayush/project_gazebo_ws/install/as2_alphanumeric_viewer:/home/ayush/project_gazebo_ws/install/as2_core:/home/ayush/project_gazebo_ws/install/as2_msgs:/home/ayush/project_gazebo_ws/install/as2_cli:/home/ayush/project_gazebo_ws/install/as2_visualization:/home/ayush/project_gazebo_ws/install/as2_keyboard_teleoperation:/home/ayush/project_gazebo_ws/install/as2_python_api:/opt/ros/humble LD_LIBRARY_PATH=/home/ayush/challenge_multi_drone/install/as2_motion_reference_handlers/lib:/home/ayush/challenge_multi_drone/install/as2_behavior/lib:/home/ayush/challenge_multi_drone/install/as2_core/lib:/home/ayush/challenge_multi_drone/install/as2_msgs/lib:${LD_LIBRARY_PATH} PYTHONPATH=/home/ayush/challenge_multi_drone/install/as2_motion_reference_handlers/local/lib/python3.10/dist-packages:/home/ayush/challenge_multi_drone/install/as2_core/local/lib/python3.10/dist-packages:/home/ayush/challenge_multi_drone/install/as2_msgs/local/lib/python3.10/dist-packages:${PYTHONPATH} /usr/bin/cmake --install /home/ayush/challenge_multi_drone/build/as2_behaviors_motion
