[0.012s] Invoking command in '/home/ayush/challenge_multi_drone/build/as2_core': AMENT_PREFIX_PATH=/home/ayush/challenge_multi_drone/install/as2_msgs:${AMENT_PREFIX_PATH} CMAKE_PREFIX_PATH=/home/ayush/challenge_multi_drone/install/as2_msgs:/home/ayush/project_gazebo_ws/install/aerostack2:/home/ayush/project_gazebo_ws/install/as2_usb_camera_interface:/home/ayush/project_gazebo_ws/install/as2_state_estimator:/home/ayush/project_gazebo_ws/install/as2_rviz_plugins:/home/ayush/project_gazebo_ws/install/as2_realsense_interface:/home/ayush/project_gazebo_ws/install/as2_platform_multirotor_simulator:/home/ayush/project_gazebo_ws/install/as2_platform_gazebo:/home/ayush/project_gazebo_ws/install/as2_motion_controller:/home/ayush/project_gazebo_ws/install/as2_behaviors_trajectory_generation:/home/ayush/project_gazebo_ws/install/as2_behaviors_motion:/home/ayush/project_gazebo_ws/install/as2_motion_reference_handlers:/home/ayush/project_gazebo_ws/install/as2_map_server:/home/ayush/project_gazebo_ws/install/as2_geozones:/home/ayush/project_gazebo_ws/install/as2_gazebo_assets:/home/ayush/project_gazebo_ws/install/as2_external_object_to_tf:/home/ayush/project_gazebo_ws/install/as2_behaviors_platform:/home/ayush/project_gazebo_ws/install/as2_behaviors_perception:/home/ayush/project_gazebo_ws/install/as2_behaviors_path_planning:/home/ayush/project_gazebo_ws/install/as2_behavior_tree:/home/ayush/project_gazebo_ws/install/as2_behavior:/home/ayush/project_gazebo_ws/install/as2_alphanumeric_viewer:/home/ayush/project_gazebo_ws/install/as2_core:/home/ayush/project_gazebo_ws/install/as2_msgs:/home/ayush/project_gazebo_ws/install/as2_cli:/home/ayush/project_gazebo_ws/install/as2_visualization:/home/ayush/project_gazebo_ws/install/as2_keyboard_teleoperation:/home/ayush/project_gazebo_ws/install/as2_python_api:/opt/ros/humble LD_LIBRARY_PATH=/home/ayush/challenge_multi_drone/install/as2_msgs/lib:${LD_LIBRARY_PATH} PYTHONPATH=/home/ayush/challenge_multi_drone/install/as2_msgs/local/lib/python3.10/dist-packages:${PYTHONPATH} /usr/bin/cmake --build /home/ayush/challenge_multi_drone/build/as2_core -- -j12 -l12
[0.085s] [  6%] Built target gtest_main
[0.093s] [ 12%] Built target gtest
[0.099s] [ 19%] Built target as2_names
[0.104s] [ 29%] Built target mocks
[0.104s] [ 29%] Built target ament_cmake_python_copy_as2_core
[0.121s] [ 67%] Built target as2_core
[0.150s] [ 74%] Built target frame_test
[0.152s] [ 80%] Built target tf2_namespace_test
[0.153s] [ 87%] Built target platform_state_machine_test
[0.156s] [ 96%] Built target sensor_test
[0.156s] [100%] Built target tf_utils_gtest
[0.274s] running egg_info
[0.275s] writing as2_core.egg-info/PKG-INFO
[0.275s] writing dependency_links to as2_core.egg-info/dependency_links.txt
[0.275s] writing top-level names to as2_core.egg-info/top_level.txt
[0.276s] reading manifest file 'as2_core.egg-info/SOURCES.txt'
[0.277s] writing manifest file 'as2_core.egg-info/SOURCES.txt'
[0.297s] [100%] Built target ament_cmake_python_build_as2_core_egg
[0.305s] Invoked command in '/home/ayush/challenge_multi_drone/build/as2_core' returned '0': AMENT_PREFIX_PATH=/home/ayush/challenge_multi_drone/install/as2_msgs:${AMENT_PREFIX_PATH} CMAKE_PREFIX_PATH=/home/ayush/challenge_multi_drone/install/as2_msgs:/home/ayush/project_gazebo_ws/install/aerostack2:/home/ayush/project_gazebo_ws/install/as2_usb_camera_interface:/home/ayush/project_gazebo_ws/install/as2_state_estimator:/home/ayush/project_gazebo_ws/install/as2_rviz_plugins:/home/ayush/project_gazebo_ws/install/as2_realsense_interface:/home/ayush/project_gazebo_ws/install/as2_platform_multirotor_simulator:/home/ayush/project_gazebo_ws/install/as2_platform_gazebo:/home/ayush/project_gazebo_ws/install/as2_motion_controller:/home/ayush/project_gazebo_ws/install/as2_behaviors_trajectory_generation:/home/ayush/project_gazebo_ws/install/as2_behaviors_motion:/home/ayush/project_gazebo_ws/install/as2_motion_reference_handlers:/home/ayush/project_gazebo_ws/install/as2_map_server:/home/ayush/project_gazebo_ws/install/as2_geozones:/home/ayush/project_gazebo_ws/install/as2_gazebo_assets:/home/ayush/project_gazebo_ws/install/as2_external_object_to_tf:/home/ayush/project_gazebo_ws/install/as2_behaviors_platform:/home/ayush/project_gazebo_ws/install/as2_behaviors_perception:/home/ayush/project_gazebo_ws/install/as2_behaviors_path_planning:/home/ayush/project_gazebo_ws/install/as2_behavior_tree:/home/ayush/project_gazebo_ws/install/as2_behavior:/home/ayush/project_gazebo_ws/install/as2_alphanumeric_viewer:/home/ayush/project_gazebo_ws/install/as2_core:/home/ayush/project_gazebo_ws/install/as2_msgs:/home/ayush/project_gazebo_ws/install/as2_cli:/home/ayush/project_gazebo_ws/install/as2_visualization:/home/ayush/project_gazebo_ws/install/as2_keyboard_teleoperation:/home/ayush/project_gazebo_ws/install/as2_python_api:/opt/ros/humble LD_LIBRARY_PATH=/home/ayush/challenge_multi_drone/install/as2_msgs/lib:${LD_LIBRARY_PATH} PYTHONPATH=/home/ayush/challenge_multi_drone/install/as2_msgs/local/lib/python3.10/dist-packages:${PYTHONPATH} /usr/bin/cmake --build /home/ayush/challenge_multi_drone/build/as2_core -- -j12 -l12
[0.307s] Invoking command in '/home/ayush/challenge_multi_drone/build/as2_core': AMENT_PREFIX_PATH=/home/ayush/challenge_multi_drone/install/as2_msgs:${AMENT_PREFIX_PATH} CMAKE_PREFIX_PATH=/home/ayush/challenge_multi_drone/install/as2_msgs:/home/ayush/project_gazebo_ws/install/aerostack2:/home/ayush/project_gazebo_ws/install/as2_usb_camera_interface:/home/ayush/project_gazebo_ws/install/as2_state_estimator:/home/ayush/project_gazebo_ws/install/as2_rviz_plugins:/home/ayush/project_gazebo_ws/install/as2_realsense_interface:/home/ayush/project_gazebo_ws/install/as2_platform_multirotor_simulator:/home/ayush/project_gazebo_ws/install/as2_platform_gazebo:/home/ayush/project_gazebo_ws/install/as2_motion_controller:/home/ayush/project_gazebo_ws/install/as2_behaviors_trajectory_generation:/home/ayush/project_gazebo_ws/install/as2_behaviors_motion:/home/ayush/project_gazebo_ws/install/as2_motion_reference_handlers:/home/ayush/project_gazebo_ws/install/as2_map_server:/home/ayush/project_gazebo_ws/install/as2_geozones:/home/ayush/project_gazebo_ws/install/as2_gazebo_assets:/home/ayush/project_gazebo_ws/install/as2_external_object_to_tf:/home/ayush/project_gazebo_ws/install/as2_behaviors_platform:/home/ayush/project_gazebo_ws/install/as2_behaviors_perception:/home/ayush/project_gazebo_ws/install/as2_behaviors_path_planning:/home/ayush/project_gazebo_ws/install/as2_behavior_tree:/home/ayush/project_gazebo_ws/install/as2_behavior:/home/ayush/project_gazebo_ws/install/as2_alphanumeric_viewer:/home/ayush/project_gazebo_ws/install/as2_core:/home/ayush/project_gazebo_ws/install/as2_msgs:/home/ayush/project_gazebo_ws/install/as2_cli:/home/ayush/project_gazebo_ws/install/as2_visualization:/home/ayush/project_gazebo_ws/install/as2_keyboard_teleoperation:/home/ayush/project_gazebo_ws/install/as2_python_api:/opt/ros/humble LD_LIBRARY_PATH=/home/ayush/challenge_multi_drone/install/as2_msgs/lib:${LD_LIBRARY_PATH} PYTHONPATH=/home/ayush/challenge_multi_drone/install/as2_msgs/local/lib/python3.10/dist-packages:${PYTHONPATH} /usr/bin/cmake --install /home/ayush/challenge_multi_drone/build/as2_core
[0.312s] -- Install configuration: "Release"
[0.313s] -- Up-to-date: /home/ayush/challenge_multi_drone/install/as2_core/share/as2_core/environment/pythonpath.sh
[0.313s] -- Up-to-date: /home/ayush/challenge_multi_drone/install/as2_core/share/as2_core/environment/pythonpath.dsv
[0.313s] -- Up-to-date: /home/ayush/challenge_multi_drone/install/as2_core/local/lib/python3.10/dist-packages/as2_core-1.1.2-py3.10.egg-info
[0.313s] -- Installing: /home/ayush/challenge_multi_drone/install/as2_core/local/lib/python3.10/dist-packages/as2_core-1.1.2-py3.10.egg-info/dependency_links.txt
[0.313s] -- Installing: /home/ayush/challenge_multi_drone/install/as2_core/local/lib/python3.10/dist-packages/as2_core-1.1.2-py3.10.egg-info/SOURCES.txt
[0.313s] -- Installing: /home/ayush/challenge_multi_drone/install/as2_core/local/lib/python3.10/dist-packages/as2_core-1.1.2-py3.10.egg-info/PKG-INFO
[0.313s] -- Installing: /home/ayush/challenge_multi_drone/install/as2_core/local/lib/python3.10/dist-packages/as2_core-1.1.2-py3.10.egg-info/top_level.txt
[0.313s] -- Up-to-date: /home/ayush/challenge_multi_drone/install/as2_core/local/lib/python3.10/dist-packages/as2_core
[0.313s] -- Up-to-date: /home/ayush/challenge_multi_drone/install/as2_core/local/lib/python3.10/dist-packages/as2_core/declare_launch_arguments_from_config_file.py
[0.313s] -- Up-to-date: /home/ayush/challenge_multi_drone/install/as2_core/local/lib/python3.10/dist-packages/as2_core/launch_param_utils.py
[0.313s] -- Up-to-date: /home/ayush/challenge_multi_drone/install/as2_core/local/lib/python3.10/dist-packages/as2_core/launch_plugin_utils.py
[0.313s] -- Up-to-date: /home/ayush/challenge_multi_drone/install/as2_core/local/lib/python3.10/dist-packages/as2_core/launch_configuration_from_config_file.py
[0.313s] -- Up-to-date: /home/ayush/challenge_multi_drone/install/as2_core/local/lib/python3.10/dist-packages/as2_core/__init__.py
[0.337s] Listing '/home/ayush/challenge_multi_drone/install/as2_core/local/lib/python3.10/dist-packages/as2_core'...
[0.341s] -- Up-to-date: /home/ayush/challenge_multi_drone/install/as2_core/include/as2_core/mocks/
[0.342s] -- Up-to-date: /home/ayush/challenge_multi_drone/install/as2_core/include/as2_core/mocks//executor_thread_util
[0.342s] -- Up-to-date: /home/ayush/challenge_multi_drone/install/as2_core/include/as2_core/mocks//executor_thread_util/executor_thread_util.hpp
[0.342s] -- Up-to-date: /home/ayush/challenge_multi_drone/install/as2_core/include/as2_core/mocks//aerial_platform
[0.342s] -- Up-to-date: /home/ayush/challenge_multi_drone/install/as2_core/include/as2_core/mocks//aerial_platform/mock_aerial_platform.hpp
[0.342s] -- Up-to-date: /home/ayush/challenge_multi_drone/install/as2_core/share/as2_core/environment/library_path.sh
[0.342s] -- Up-to-date: /home/ayush/challenge_multi_drone/install/as2_core/share/as2_core/environment/library_path.dsv
[0.342s] -- Up-to-date: /home/ayush/challenge_multi_drone/install/as2_core/local/lib/python3.10/dist-packages/as2_core/as2_names.cpython-310-x86_64-linux-gnu.so
[0.343s] -- Up-to-date: /home/ayush/challenge_multi_drone/install/as2_core/include
[0.343s] -- Up-to-date: /home/ayush/challenge_multi_drone/install/as2_core/include/as2_core
[0.343s] -- Up-to-date: /home/ayush/challenge_multi_drone/install/as2_core/include/as2_core/node.hpp
[0.343s] -- Up-to-date: /home/ayush/challenge_multi_drone/install/as2_core/include/as2_core/custom
[0.343s] -- Up-to-date: /home/ayush/challenge_multi_drone/install/as2_core/include/as2_core/custom/tf2_geometry_msgs.hpp
[0.343s] -- Up-to-date: /home/ayush/challenge_multi_drone/install/as2_core/include/as2_core/custom/tf2_geometry_msgs.hpp.in
[0.343s] -- Up-to-date: /home/ayush/challenge_multi_drone/install/as2_core/include/as2_core/core_functions.hpp
[0.343s] -- Up-to-date: /home/ayush/challenge_multi_drone/install/as2_core/include/as2_core/names
[0.343s] -- Up-to-date: /home/ayush/challenge_multi_drone/install/as2_core/include/as2_core/names/topics.hpp
[0.343s] -- Up-to-date: /home/ayush/challenge_multi_drone/install/as2_core/include/as2_core/names/services.hpp
[0.343s] -- Up-to-date: /home/ayush/challenge_multi_drone/install/as2_core/include/as2_core/names/actions.hpp
[0.343s] -- Up-to-date: /home/ayush/challenge_multi_drone/install/as2_core/include/as2_core/utils
[0.344s] -- Up-to-date: /home/ayush/challenge_multi_drone/install/as2_core/include/as2_core/utils/gps_utils.hpp
[0.344s] -- Up-to-date: /home/ayush/challenge_multi_drone/install/as2_core/include/as2_core/utils/tf_utils.hpp
[0.344s] -- Up-to-date: /home/ayush/challenge_multi_drone/install/as2_core/include/as2_core/utils/frame_utils.hpp
[0.344s] -- Up-to-date: /home/ayush/challenge_multi_drone/install/as2_core/include/as2_core/utils/control_mode_utils.hpp
[0.344s] -- Up-to-date: /home/ayush/challenge_multi_drone/install/as2_core/include/as2_core/utils/yaml_utils.hpp
[0.344s] -- Up-to-date: /home/ayush/challenge_multi_drone/install/as2_core/include/as2_core/as2_basic_behavior.hpp
[0.344s] -- Up-to-date: /home/ayush/challenge_multi_drone/install/as2_core/include/as2_core/platform_state_machine.hpp
[0.344s] -- Up-to-date: /home/ayush/challenge_multi_drone/install/as2_core/include/as2_core/rate.hpp
[0.344s] -- Up-to-date: /home/ayush/challenge_multi_drone/install/as2_core/include/as2_core/aerial_platform.hpp
[0.344s] -- Up-to-date: /home/ayush/challenge_multi_drone/install/as2_core/include/as2_core/sensor.hpp
[0.344s] -- Up-to-date: /home/ayush/challenge_multi_drone/install/as2_core/include/as2_core/synchronous_service_client.hpp
[0.344s] -- Up-to-date: /home/ayush/challenge_multi_drone/install/as2_core/lib/libas2_core.a
[0.344s] -- Up-to-date: /home/ayush/challenge_multi_drone/install/as2_core/lib/libmocks.so
[0.345s] -- Up-to-date: /home/ayush/challenge_multi_drone/install/as2_core/share/ament_index/resource_index/package_run_dependencies/as2_core
[0.345s] -- Up-to-date: /home/ayush/challenge_multi_drone/install/as2_core/share/ament_index/resource_index/parent_prefix_path/as2_core
[0.345s] -- Up-to-date: /home/ayush/challenge_multi_drone/install/as2_core/share/as2_core/environment/ament_prefix_path.sh
[0.345s] -- Up-to-date: /home/ayush/challenge_multi_drone/install/as2_core/share/as2_core/environment/ament_prefix_path.dsv
[0.345s] -- Up-to-date: /home/ayush/challenge_multi_drone/install/as2_core/share/as2_core/environment/path.sh
[0.345s] -- Up-to-date: /home/ayush/challenge_multi_drone/install/as2_core/share/as2_core/environment/path.dsv
[0.345s] -- Up-to-date: /home/ayush/challenge_multi_drone/install/as2_core/share/as2_core/local_setup.bash
[0.345s] -- Up-to-date: /home/ayush/challenge_multi_drone/install/as2_core/share/as2_core/local_setup.sh
[0.345s] -- Up-to-date: /home/ayush/challenge_multi_drone/install/as2_core/share/as2_core/local_setup.zsh
[0.345s] -- Up-to-date: /home/ayush/challenge_multi_drone/install/as2_core/share/as2_core/local_setup.dsv
[0.345s] -- Installing: /home/ayush/challenge_multi_drone/install/as2_core/share/as2_core/package.dsv
[0.346s] -- Up-to-date: /home/ayush/challenge_multi_drone/install/as2_core/share/ament_index/resource_index/packages/as2_core
[0.347s] -- Up-to-date: /home/ayush/challenge_multi_drone/install/as2_core/share/as2_core/cmake/export_as2_coreExport.cmake
[0.347s] -- Up-to-date: /home/ayush/challenge_multi_drone/install/as2_core/share/as2_core/cmake/export_as2_coreExport-release.cmake
[0.347s] -- Up-to-date: /home/ayush/challenge_multi_drone/install/as2_core/share/as2_core/cmake/ament_cmake_export_targets-extras.cmake
[0.347s] -- Up-to-date: /home/ayush/challenge_multi_drone/install/as2_core/share/as2_core/cmake/ament_cmake_export_dependencies-extras.cmake
[0.347s] -- Up-to-date: /home/ayush/challenge_multi_drone/install/as2_core/share/as2_core/cmake/ament_cmake_export_include_directories-extras.cmake
[0.347s] -- Up-to-date: /home/ayush/challenge_multi_drone/install/as2_core/share/as2_core/cmake/ament_cmake_export_libraries-extras.cmake
[0.347s] -- Up-to-date: /home/ayush/challenge_multi_drone/install/as2_core/share/as2_core/cmake/as2_coreConfig.cmake
[0.347s] -- Up-to-date: /home/ayush/challenge_multi_drone/install/as2_core/share/as2_core/cmake/as2_coreConfig-version.cmake
[0.347s] -- Up-to-date: /home/ayush/challenge_multi_drone/install/as2_core/share/as2_core/package.xml
[0.351s] Invoked command in '/home/ayush/challenge_multi_drone/build/as2_core' returned '0': AMENT_PREFIX_PATH=/home/ayush/challenge_multi_drone/install/as2_msgs:${AMENT_PREFIX_PATH} CMAKE_PREFIX_PATH=/home/ayush/challenge_multi_drone/install/as2_msgs:/home/ayush/project_gazebo_ws/install/aerostack2:/home/ayush/project_gazebo_ws/install/as2_usb_camera_interface:/home/ayush/project_gazebo_ws/install/as2_state_estimator:/home/ayush/project_gazebo_ws/install/as2_rviz_plugins:/home/ayush/project_gazebo_ws/install/as2_realsense_interface:/home/ayush/project_gazebo_ws/install/as2_platform_multirotor_simulator:/home/ayush/project_gazebo_ws/install/as2_platform_gazebo:/home/ayush/project_gazebo_ws/install/as2_motion_controller:/home/ayush/project_gazebo_ws/install/as2_behaviors_trajectory_generation:/home/ayush/project_gazebo_ws/install/as2_behaviors_motion:/home/ayush/project_gazebo_ws/install/as2_motion_reference_handlers:/home/ayush/project_gazebo_ws/install/as2_map_server:/home/ayush/project_gazebo_ws/install/as2_geozones:/home/ayush/project_gazebo_ws/install/as2_gazebo_assets:/home/ayush/project_gazebo_ws/install/as2_external_object_to_tf:/home/ayush/project_gazebo_ws/install/as2_behaviors_platform:/home/ayush/project_gazebo_ws/install/as2_behaviors_perception:/home/ayush/project_gazebo_ws/install/as2_behaviors_path_planning:/home/ayush/project_gazebo_ws/install/as2_behavior_tree:/home/ayush/project_gazebo_ws/install/as2_behavior:/home/ayush/project_gazebo_ws/install/as2_alphanumeric_viewer:/home/ayush/project_gazebo_ws/install/as2_core:/home/ayush/project_gazebo_ws/install/as2_msgs:/home/ayush/project_gazebo_ws/install/as2_cli:/home/ayush/project_gazebo_ws/install/as2_visualization:/home/ayush/project_gazebo_ws/install/as2_keyboard_teleoperation:/home/ayush/project_gazebo_ws/install/as2_python_api:/opt/ros/humble LD_LIBRARY_PATH=/home/ayush/challenge_multi_drone/install/as2_msgs/lib:${LD_LIBRARY_PATH} PYTHONPATH=/home/ayush/challenge_multi_drone/install/as2_msgs/local/lib/python3.10/dist-packages:${PYTHONPATH} /usr/bin/cmake --install /home/ayush/challenge_multi_drone/build/as2_core
