/home/ayush/challenge_multi_drone/install/as2_visualization/lib/python3.10/site-packages/as2_visualization/geozones_marker_publisher.py
/home/ayush/challenge_multi_drone/install/as2_visualization/lib/python3.10/site-packages/as2_visualization/marker_publisher.py
/home/ayush/challenge_multi_drone/install/as2_visualization/lib/python3.10/site-packages/as2_visualization/__init__.py
/home/ayush/challenge_multi_drone/install/as2_visualization/lib/python3.10/site-packages/as2_visualization/gate_publisher.py
/home/ayush/challenge_multi_drone/install/as2_visualization/lib/python3.10/site-packages/as2_visualization/__pycache__/geozones_marker_publisher.cpython-310.pyc
/home/ayush/challenge_multi_drone/install/as2_visualization/lib/python3.10/site-packages/as2_visualization/__pycache__/marker_publisher.cpython-310.pyc
/home/ayush/challenge_multi_drone/install/as2_visualization/lib/python3.10/site-packages/as2_visualization/__pycache__/__init__.cpython-310.pyc
/home/ayush/challenge_multi_drone/install/as2_visualization/lib/python3.10/site-packages/as2_visualization/__pycache__/gate_publisher.cpython-310.pyc
/home/ayush/challenge_multi_drone/install/as2_visualization/share/ament_index/resource_index/packages/as2_visualization
/home/ayush/challenge_multi_drone/install/as2_visualization/share/as2_visualization/package.xml
/home/ayush/challenge_multi_drone/install/as2_visualization/share/as2_visualization/launch/as2_visualization.launch.py
/home/ayush/challenge_multi_drone/install/as2_visualization/share/as2_visualization/launch/swarm_viz.launch.py
/home/ayush/challenge_multi_drone/install/as2_visualization/share/as2_visualization/config/as2_default.rviz
/home/ayush/challenge_multi_drone/install/as2_visualization/lib/python3.10/site-packages/as2_visualization-1.1.2-py3.10.egg-info/zip-safe
/home/ayush/challenge_multi_drone/install/as2_visualization/lib/python3.10/site-packages/as2_visualization-1.1.2-py3.10.egg-info/requires.txt
/home/ayush/challenge_multi_drone/install/as2_visualization/lib/python3.10/site-packages/as2_visualization-1.1.2-py3.10.egg-info/dependency_links.txt
/home/ayush/challenge_multi_drone/install/as2_visualization/lib/python3.10/site-packages/as2_visualization-1.1.2-py3.10.egg-info/SOURCES.txt
/home/ayush/challenge_multi_drone/install/as2_visualization/lib/python3.10/site-packages/as2_visualization-1.1.2-py3.10.egg-info/entry_points.txt
/home/ayush/challenge_multi_drone/install/as2_visualization/lib/python3.10/site-packages/as2_visualization-1.1.2-py3.10.egg-info/PKG-INFO
/home/ayush/challenge_multi_drone/install/as2_visualization/lib/python3.10/site-packages/as2_visualization-1.1.2-py3.10.egg-info/top_level.txt
/home/ayush/challenge_multi_drone/install/as2_visualization/lib/as2_visualization/gate_publisher
/home/ayush/challenge_multi_drone/install/as2_visualization/lib/as2_visualization/marker_publisher
