[35m[1mConsolidate compiler generated dependencies of target gtest_main[0m
[ 15%] Built target as2_state_estimator_plugin_base
[ 15%] [32mBuilding CXX object CMakeFiles/as2_state_estimator.dir/src/as2_state_estimator.cpp.o[0m
[ 15%] [32mBuilding CXX object gtest/CMakeFiles/gtest.dir/src/gtest-all.cc.o[0m
[ 26%] Built target gtest_main
[ 31%] [32m[1mLinking CXX static library libgtest.a[0m
[ 31%] Built target gtest
[ 36%] [32m[1mLinking CXX shared library libas2_state_estimator.so[0m
[ 36%] Built target as2_state_estimator
[ 42%] [32mBuilding CXX object CMakeFiles/as2_state_estimator_node.dir/src/as2_state_estimator_node.cpp.o[0m
[ 47%] [32mBuilding CXX object plugins/ground_truth/CMakeFiles/ground_truth.dir/src/ground_truth.cpp.o[0m
[ 52%] [32mBuilding CXX object tests/CMakeFiles/as2_state_estimator_as2_state_estimator_gtest.dir/as2_state_estimator_gtest.cpp.o[0m
[ 57%] [32mBuilding CXX object plugins/raw_odometry/CMakeFiles/raw_odometry.dir/src/raw_odometry.cpp.o[0m
[ 63%] [32mBuilding CXX object plugins/mocap_pose/CMakeFiles/mocap_pose.dir/src/mocap_pose.cpp.o[0m
[ 68%] [32m[1mLinking CXX executable as2_state_estimator_node[0m
[ 68%] Built target as2_state_estimator_node
[ 73%] [32m[1mLinking CXX executable as2_state_estimator_as2_state_estimator_gtest[0m
[ 73%] Built target as2_state_estimator_as2_state_estimator_gtest
[ 78%] [32m[1mLinking CXX shared library libmocap_pose.so[0m
[ 78%] Built target mocap_pose
[ 84%] [32mBuilding CXX object plugins/mocap_pose/tests/CMakeFiles/as2_state_estimator_mocap_gtest.dir/mocap_gtest.cpp.o[0m
[ 89%] [32m[1mLinking CXX shared library libraw_odometry.so[0m
[ 89%] Built target raw_odometry
[ 94%] [32m[1mLinking CXX shared library libground_truth.so[0m
[ 94%] Built target ground_truth
[100%] [32m[1mLinking CXX executable as2_state_estimator_mocap_gtest[0m
[100%] Built target as2_state_estimator_mocap_gtest
-- Install configuration: "Release"
-- Installing: /home/ayush/challenge_multi_drone/install/as2_state_estimator/lib/libas2_state_estimator.so
-- Set runtime path of "/home/ayush/challenge_multi_drone/install/as2_state_estimator/lib/libas2_state_estimator.so" to ""
-- Installing: /home/ayush/challenge_multi_drone/install/as2_state_estimator/lib/libas2_state_estimator_plugin_base.so
-- Set runtime path of "/home/ayush/challenge_multi_drone/install/as2_state_estimator/lib/libas2_state_estimator_plugin_base.so" to ""
-- Installing: /home/ayush/challenge_multi_drone/install/as2_state_estimator/lib/as2_state_estimator/as2_state_estimator_node
-- Set runtime path of "/home/ayush/challenge_multi_drone/install/as2_state_estimator/lib/as2_state_estimator/as2_state_estimator_node" to ""
-- Installing: /home/ayush/challenge_multi_drone/install/as2_state_estimator/include
-- Installing: /home/ayush/challenge_multi_drone/install/as2_state_estimator/include/as2_state_estimator
-- Installing: /home/ayush/challenge_multi_drone/install/as2_state_estimator/include/as2_state_estimator/as2_state_estimator.hpp
-- Installing: /home/ayush/challenge_multi_drone/install/as2_state_estimator/include/as2_state_estimator/plugin_base.hpp
-- Installing: /home/ayush/challenge_multi_drone/install/as2_state_estimator/share/as2_state_estimator/plugins.xml
-- Installing: /home/ayush/challenge_multi_drone/install/as2_state_estimator/share/as2_state_estimator/plugins/raw_odometry/config
-- Installing: /home/ayush/challenge_multi_drone/install/as2_state_estimator/share/as2_state_estimator/plugins/raw_odometry/config/plugin_default.yaml
-- Installing: /home/ayush/challenge_multi_drone/install/as2_state_estimator/share/as2_state_estimator/plugins/ground_truth/config
-- Installing: /home/ayush/challenge_multi_drone/install/as2_state_estimator/share/as2_state_estimator/plugins/ground_truth/config/plugin_default.yaml
-- Installing: /home/ayush/challenge_multi_drone/install/as2_state_estimator/share/as2_state_estimator/plugins/mocap_pose/config
-- Installing: /home/ayush/challenge_multi_drone/install/as2_state_estimator/share/as2_state_estimator/plugins/mocap_pose/config/plugin_default.yaml
-- Installing: /home/ayush/challenge_multi_drone/install/as2_state_estimator/share/as2_state_estimator/launch
-- Installing: /home/ayush/challenge_multi_drone/install/as2_state_estimator/share/as2_state_estimator/launch/state_estimator_launch.py
-- Installing: /home/ayush/challenge_multi_drone/install/as2_state_estimator/share/as2_state_estimator/launch/mocap_pose_state_estimator.launch.py
-- Installing: /home/ayush/challenge_multi_drone/install/as2_state_estimator/share/as2_state_estimator/launch/ground_truth_state_estimator.launch.py
-- Installing: /home/ayush/challenge_multi_drone/install/as2_state_estimator/share/as2_state_estimator/launch/raw_odometry_state_estimator.launch.py
-- Installing: /home/ayush/challenge_multi_drone/install/as2_state_estimator/share/as2_state_estimator/config
-- Installing: /home/ayush/challenge_multi_drone/install/as2_state_estimator/share/as2_state_estimator/config/state_estimator_default.yaml
-- Installing: /home/ayush/challenge_multi_drone/install/as2_state_estimator/share/ament_index/resource_index/package_run_dependencies/as2_state_estimator
-- Installing: /home/ayush/challenge_multi_drone/install/as2_state_estimator/share/ament_index/resource_index/parent_prefix_path/as2_state_estimator
-- Installing: /home/ayush/challenge_multi_drone/install/as2_state_estimator/share/as2_state_estimator/environment/ament_prefix_path.sh
-- Installing: /home/ayush/challenge_multi_drone/install/as2_state_estimator/share/as2_state_estimator/environment/ament_prefix_path.dsv
-- Installing: /home/ayush/challenge_multi_drone/install/as2_state_estimator/share/as2_state_estimator/environment/path.sh
-- Installing: /home/ayush/challenge_multi_drone/install/as2_state_estimator/share/as2_state_estimator/environment/path.dsv
-- Installing: /home/ayush/challenge_multi_drone/install/as2_state_estimator/share/as2_state_estimator/local_setup.bash
-- Installing: /home/ayush/challenge_multi_drone/install/as2_state_estimator/share/as2_state_estimator/local_setup.sh
-- Installing: /home/ayush/challenge_multi_drone/install/as2_state_estimator/share/as2_state_estimator/local_setup.zsh
-- Installing: /home/ayush/challenge_multi_drone/install/as2_state_estimator/share/as2_state_estimator/local_setup.dsv
-- Installing: /home/ayush/challenge_multi_drone/install/as2_state_estimator/share/as2_state_estimator/package.dsv
-- Installing: /home/ayush/challenge_multi_drone/install/as2_state_estimator/share/ament_index/resource_index/packages/as2_state_estimator
-- Installing: /home/ayush/challenge_multi_drone/install/as2_state_estimator/share/ament_index/resource_index/as2_state_estimator__pluginlib__plugin/as2_state_estimator
-- Installing: /home/ayush/challenge_multi_drone/install/as2_state_estimator/share/as2_state_estimator/cmake/as2_state_estimatorConfig.cmake
-- Installing: /home/ayush/challenge_multi_drone/install/as2_state_estimator/share/as2_state_estimator/cmake/as2_state_estimatorConfig-version.cmake
-- Installing: /home/ayush/challenge_multi_drone/install/as2_state_estimator/share/as2_state_estimator/package.xml
-- Up-to-date: /home/ayush/challenge_multi_drone/install/as2_state_estimator/include
-- Installing: /home/ayush/challenge_multi_drone/install/as2_state_estimator/include/raw_odometry.hpp
-- Installing: /home/ayush/challenge_multi_drone/install/as2_state_estimator/share/as2_state_estimator/environment/library_path.sh
-- Installing: /home/ayush/challenge_multi_drone/install/as2_state_estimator/share/as2_state_estimator/environment/library_path.dsv
-- Installing: /home/ayush/challenge_multi_drone/install/as2_state_estimator/lib/libraw_odometry.so
-- Set runtime path of "/home/ayush/challenge_multi_drone/install/as2_state_estimator/lib/libraw_odometry.so" to ""
-- Up-to-date: /home/ayush/challenge_multi_drone/install/as2_state_estimator/include
-- Installing: /home/ayush/challenge_multi_drone/install/as2_state_estimator/include/ground_truth.hpp
-- Up-to-date: /home/ayush/challenge_multi_drone/install/as2_state_estimator/share/as2_state_estimator/environment/library_path.sh
-- Up-to-date: /home/ayush/challenge_multi_drone/install/as2_state_estimator/share/as2_state_estimator/environment/library_path.dsv
-- Installing: /home/ayush/challenge_multi_drone/install/as2_state_estimator/lib/libground_truth.so
-- Set runtime path of "/home/ayush/challenge_multi_drone/install/as2_state_estimator/lib/libground_truth.so" to ""
-- Up-to-date: /home/ayush/challenge_multi_drone/install/as2_state_estimator/include
-- Installing: /home/ayush/challenge_multi_drone/install/as2_state_estimator/include/mocap_pose.hpp
-- Up-to-date: /home/ayush/challenge_multi_drone/install/as2_state_estimator/share/as2_state_estimator/environment/library_path.sh
-- Up-to-date: /home/ayush/challenge_multi_drone/install/as2_state_estimator/share/as2_state_estimator/environment/library_path.dsv
-- Installing: /home/ayush/challenge_multi_drone/install/as2_state_estimator/lib/libmocap_pose.so
-- Set runtime path of "/home/ayush/challenge_multi_drone/install/as2_state_estimator/lib/libmocap_pose.so" to ""
