[0.027s] Invoking command in '/home/ayush/challenge_multi_drone/build/as2_state_estimator': AMENT_PREFIX_PATH=/home/ayush/challenge_multi_drone/install/as2_core:/home/ayush/challenge_multi_drone/install/as2_msgs:${AMENT_PREFIX_PATH} CMAKE_PREFIX_PATH=/home/ayush/challenge_multi_drone/install/as2_core:/home/ayush/challenge_multi_drone/install/as2_msgs:/home/ayush/project_gazebo_ws/install/aerostack2:/home/ayush/project_gazebo_ws/install/as2_usb_camera_interface:/home/ayush/project_gazebo_ws/install/as2_state_estimator:/home/ayush/project_gazebo_ws/install/as2_rviz_plugins:/home/ayush/project_gazebo_ws/install/as2_realsense_interface:/home/ayush/project_gazebo_ws/install/as2_platform_multirotor_simulator:/home/ayush/project_gazebo_ws/install/as2_platform_gazebo:/home/ayush/project_gazebo_ws/install/as2_motion_controller:/home/ayush/project_gazebo_ws/install/as2_behaviors_trajectory_generation:/home/ayush/project_gazebo_ws/install/as2_behaviors_motion:/home/ayush/project_gazebo_ws/install/as2_motion_reference_handlers:/home/ayush/project_gazebo_ws/install/as2_map_server:/home/ayush/project_gazebo_ws/install/as2_geozones:/home/ayush/project_gazebo_ws/install/as2_gazebo_assets:/home/ayush/project_gazebo_ws/install/as2_external_object_to_tf:/home/ayush/project_gazebo_ws/install/as2_behaviors_platform:/home/ayush/project_gazebo_ws/install/as2_behaviors_perception:/home/ayush/project_gazebo_ws/install/as2_behaviors_path_planning:/home/ayush/project_gazebo_ws/install/as2_behavior_tree:/home/ayush/project_gazebo_ws/install/as2_behavior:/home/ayush/project_gazebo_ws/install/as2_alphanumeric_viewer:/home/ayush/project_gazebo_ws/install/as2_core:/home/ayush/project_gazebo_ws/install/as2_msgs:/home/ayush/project_gazebo_ws/install/as2_cli:/home/ayush/project_gazebo_ws/install/as2_visualization:/home/ayush/project_gazebo_ws/install/as2_keyboard_teleoperation:/home/ayush/project_gazebo_ws/install/as2_python_api:/opt/ros/humble LD_LIBRARY_PATH=/home/ayush/challenge_multi_drone/install/as2_core/lib:/home/ayush/challenge_multi_drone/install/as2_msgs/lib:${LD_LIBRARY_PATH} PYTHONPATH=/home/ayush/challenge_multi_drone/install/as2_core/local/lib/python3.10/dist-packages:/home/ayush/challenge_multi_drone/install/as2_msgs/local/lib/python3.10/dist-packages:${PYTHONPATH} /usr/bin/cmake --build /home/ayush/challenge_multi_drone/build/as2_state_estimator -- -j12 -l12
[0.113s] [35m[1mConsolidate compiler generated dependencies of target gtest_main[0m
[0.133s] [ 15%] Built target as2_state_estimator_plugin_base
[0.133s] [ 15%] [32mBuilding CXX object CMakeFiles/as2_state_estimator.dir/src/as2_state_estimator.cpp.o[0m
[0.133s] [ 15%] [32mBuilding CXX object gtest/CMakeFiles/gtest.dir/src/gtest-all.cc.o[0m
[0.136s] [ 26%] Built target gtest_main
[12.287s] [ 31%] [32m[1mLinking CXX static library libgtest.a[0m
[12.353s] [ 31%] Built target gtest
[17.906s] [ 36%] [32m[1mLinking CXX shared library libas2_state_estimator.so[0m
[18.288s] [ 36%] Built target as2_state_estimator
[18.327s] [ 42%] [32mBuilding CXX object CMakeFiles/as2_state_estimator_node.dir/src/as2_state_estimator_node.cpp.o[0m
[18.330s] [ 47%] [32mBuilding CXX object plugins/ground_truth/CMakeFiles/ground_truth.dir/src/ground_truth.cpp.o[0m
[18.331s] [ 52%] [32mBuilding CXX object tests/CMakeFiles/as2_state_estimator_as2_state_estimator_gtest.dir/as2_state_estimator_gtest.cpp.o[0m
[18.332s] [ 57%] [32mBuilding CXX object plugins/raw_odometry/CMakeFiles/raw_odometry.dir/src/raw_odometry.cpp.o[0m
[18.334s] [ 63%] [32mBuilding CXX object plugins/mocap_pose/CMakeFiles/mocap_pose.dir/src/mocap_pose.cpp.o[0m
[29.177s] [ 68%] [32m[1mLinking CXX executable as2_state_estimator_node[0m
[29.444s] [ 68%] Built target as2_state_estimator_node
[32.742s] [ 73%] [32m[1mLinking CXX executable as2_state_estimator_as2_state_estimator_gtest[0m
[33.011s] [ 73%] Built target as2_state_estimator_as2_state_estimator_gtest
[42.857s] [ 78%] [32m[1mLinking CXX shared library libmocap_pose.so[0m
[43.142s] [ 78%] Built target mocap_pose
[43.176s] [ 84%] [32mBuilding CXX object plugins/mocap_pose/tests/CMakeFiles/as2_state_estimator_mocap_gtest.dir/mocap_gtest.cpp.o[0m
[45.805s] [ 89%] [32m[1mLinking CXX shared library libraw_odometry.so[0m
[46.921s] [ 89%] Built target raw_odometry
[57.029s] [ 94%] [32m[1mLinking CXX shared library libground_truth.so[0m
[58.387s] [ 94%] Built target ground_truth
[68.972s] [100%] [32m[1mLinking CXX executable as2_state_estimator_mocap_gtest[0m
[69.874s] [100%] Built target as2_state_estimator_mocap_gtest
[69.934s] Invoked command in '/home/ayush/challenge_multi_drone/build/as2_state_estimator' returned '0': AMENT_PREFIX_PATH=/home/ayush/challenge_multi_drone/install/as2_core:/home/ayush/challenge_multi_drone/install/as2_msgs:${AMENT_PREFIX_PATH} CMAKE_PREFIX_PATH=/home/ayush/challenge_multi_drone/install/as2_core:/home/ayush/challenge_multi_drone/install/as2_msgs:/home/ayush/project_gazebo_ws/install/aerostack2:/home/ayush/project_gazebo_ws/install/as2_usb_camera_interface:/home/ayush/project_gazebo_ws/install/as2_state_estimator:/home/ayush/project_gazebo_ws/install/as2_rviz_plugins:/home/ayush/project_gazebo_ws/install/as2_realsense_interface:/home/ayush/project_gazebo_ws/install/as2_platform_multirotor_simulator:/home/ayush/project_gazebo_ws/install/as2_platform_gazebo:/home/ayush/project_gazebo_ws/install/as2_motion_controller:/home/ayush/project_gazebo_ws/install/as2_behaviors_trajectory_generation:/home/ayush/project_gazebo_ws/install/as2_behaviors_motion:/home/ayush/project_gazebo_ws/install/as2_motion_reference_handlers:/home/ayush/project_gazebo_ws/install/as2_map_server:/home/ayush/project_gazebo_ws/install/as2_geozones:/home/ayush/project_gazebo_ws/install/as2_gazebo_assets:/home/ayush/project_gazebo_ws/install/as2_external_object_to_tf:/home/ayush/project_gazebo_ws/install/as2_behaviors_platform:/home/ayush/project_gazebo_ws/install/as2_behaviors_perception:/home/ayush/project_gazebo_ws/install/as2_behaviors_path_planning:/home/ayush/project_gazebo_ws/install/as2_behavior_tree:/home/ayush/project_gazebo_ws/install/as2_behavior:/home/ayush/project_gazebo_ws/install/as2_alphanumeric_viewer:/home/ayush/project_gazebo_ws/install/as2_core:/home/ayush/project_gazebo_ws/install/as2_msgs:/home/ayush/project_gazebo_ws/install/as2_cli:/home/ayush/project_gazebo_ws/install/as2_visualization:/home/ayush/project_gazebo_ws/install/as2_keyboard_teleoperation:/home/ayush/project_gazebo_ws/install/as2_python_api:/opt/ros/humble LD_LIBRARY_PATH=/home/ayush/challenge_multi_drone/install/as2_core/lib:/home/ayush/challenge_multi_drone/install/as2_msgs/lib:${LD_LIBRARY_PATH} PYTHONPATH=/home/ayush/challenge_multi_drone/install/as2_core/local/lib/python3.10/dist-packages:/home/ayush/challenge_multi_drone/install/as2_msgs/local/lib/python3.10/dist-packages:${PYTHONPATH} /usr/bin/cmake --build /home/ayush/challenge_multi_drone/build/as2_state_estimator -- -j12 -l12
[69.942s] Invoking command in '/home/ayush/challenge_multi_drone/build/as2_state_estimator': AMENT_PREFIX_PATH=/home/ayush/challenge_multi_drone/install/as2_core:/home/ayush/challenge_multi_drone/install/as2_msgs:${AMENT_PREFIX_PATH} CMAKE_PREFIX_PATH=/home/ayush/challenge_multi_drone/install/as2_core:/home/ayush/challenge_multi_drone/install/as2_msgs:/home/ayush/project_gazebo_ws/install/aerostack2:/home/ayush/project_gazebo_ws/install/as2_usb_camera_interface:/home/ayush/project_gazebo_ws/install/as2_state_estimator:/home/ayush/project_gazebo_ws/install/as2_rviz_plugins:/home/ayush/project_gazebo_ws/install/as2_realsense_interface:/home/ayush/project_gazebo_ws/install/as2_platform_multirotor_simulator:/home/ayush/project_gazebo_ws/install/as2_platform_gazebo:/home/ayush/project_gazebo_ws/install/as2_motion_controller:/home/ayush/project_gazebo_ws/install/as2_behaviors_trajectory_generation:/home/ayush/project_gazebo_ws/install/as2_behaviors_motion:/home/ayush/project_gazebo_ws/install/as2_motion_reference_handlers:/home/ayush/project_gazebo_ws/install/as2_map_server:/home/ayush/project_gazebo_ws/install/as2_geozones:/home/ayush/project_gazebo_ws/install/as2_gazebo_assets:/home/ayush/project_gazebo_ws/install/as2_external_object_to_tf:/home/ayush/project_gazebo_ws/install/as2_behaviors_platform:/home/ayush/project_gazebo_ws/install/as2_behaviors_perception:/home/ayush/project_gazebo_ws/install/as2_behaviors_path_planning:/home/ayush/project_gazebo_ws/install/as2_behavior_tree:/home/ayush/project_gazebo_ws/install/as2_behavior:/home/ayush/project_gazebo_ws/install/as2_alphanumeric_viewer:/home/ayush/project_gazebo_ws/install/as2_core:/home/ayush/project_gazebo_ws/install/as2_msgs:/home/ayush/project_gazebo_ws/install/as2_cli:/home/ayush/project_gazebo_ws/install/as2_visualization:/home/ayush/project_gazebo_ws/install/as2_keyboard_teleoperation:/home/ayush/project_gazebo_ws/install/as2_python_api:/opt/ros/humble LD_LIBRARY_PATH=/home/ayush/challenge_multi_drone/install/as2_core/lib:/home/ayush/challenge_multi_drone/install/as2_msgs/lib:${LD_LIBRARY_PATH} PYTHONPATH=/home/ayush/challenge_multi_drone/install/as2_core/local/lib/python3.10/dist-packages:/home/ayush/challenge_multi_drone/install/as2_msgs/local/lib/python3.10/dist-packages:${PYTHONPATH} /usr/bin/cmake --install /home/ayush/challenge_multi_drone/build/as2_state_estimator
[69.979s] -- Install configuration: "Release"
[69.984s] -- Installing: /home/ayush/challenge_multi_drone/install/as2_state_estimator/lib/libas2_state_estimator.so
[69.985s] -- Set runtime path of "/home/ayush/challenge_multi_drone/install/as2_state_estimator/lib/libas2_state_estimator.so" to ""
[69.985s] -- Installing: /home/ayush/challenge_multi_drone/install/as2_state_estimator/lib/libas2_state_estimator_plugin_base.so
[69.989s] -- Set runtime path of "/home/ayush/challenge_multi_drone/install/as2_state_estimator/lib/libas2_state_estimator_plugin_base.so" to ""
[69.991s] -- Installing: /home/ayush/challenge_multi_drone/install/as2_state_estimator/lib/as2_state_estimator/as2_state_estimator_node
[69.991s] -- Set runtime path of "/home/ayush/challenge_multi_drone/install/as2_state_estimator/lib/as2_state_estimator/as2_state_estimator_node" to ""
[69.995s] -- Installing: /home/ayush/challenge_multi_drone/install/as2_state_estimator/include
[69.995s] -- Installing: /home/ayush/challenge_multi_drone/install/as2_state_estimator/include/as2_state_estimator
[69.995s] -- Installing: /home/ayush/challenge_multi_drone/install/as2_state_estimator/include/as2_state_estimator/as2_state_estimator.hpp
[69.996s] -- Installing: /home/ayush/challenge_multi_drone/install/as2_state_estimator/include/as2_state_estimator/plugin_base.hpp
[69.996s] -- Installing: /home/ayush/challenge_multi_drone/install/as2_state_estimator/share/as2_state_estimator/plugins.xml
[69.996s] -- Installing: /home/ayush/challenge_multi_drone/install/as2_state_estimator/share/as2_state_estimator/plugins/raw_odometry/config
[69.996s] -- Installing: /home/ayush/challenge_multi_drone/install/as2_state_estimator/share/as2_state_estimator/plugins/raw_odometry/config/plugin_default.yaml
[69.996s] -- Installing: /home/ayush/challenge_multi_drone/install/as2_state_estimator/share/as2_state_estimator/plugins/ground_truth/config
[69.997s] -- Installing: /home/ayush/challenge_multi_drone/install/as2_state_estimator/share/as2_state_estimator/plugins/ground_truth/config/plugin_default.yaml
[69.997s] -- Installing: /home/ayush/challenge_multi_drone/install/as2_state_estimator/share/as2_state_estimator/plugins/mocap_pose/config
[69.998s] -- Installing: /home/ayush/challenge_multi_drone/install/as2_state_estimator/share/as2_state_estimator/plugins/mocap_pose/config/plugin_default.yaml
[69.998s] -- Installing: /home/ayush/challenge_multi_drone/install/as2_state_estimator/share/as2_state_estimator/launch
[69.998s] -- Installing: /home/ayush/challenge_multi_drone/install/as2_state_estimator/share/as2_state_estimator/launch/state_estimator_launch.py
[69.998s] -- Installing: /home/ayush/challenge_multi_drone/install/as2_state_estimator/share/as2_state_estimator/launch/mocap_pose_state_estimator.launch.py
[69.999s] -- Installing: /home/ayush/challenge_multi_drone/install/as2_state_estimator/share/as2_state_estimator/launch/ground_truth_state_estimator.launch.py
[69.999s] -- Installing: /home/ayush/challenge_multi_drone/install/as2_state_estimator/share/as2_state_estimator/launch/raw_odometry_state_estimator.launch.py
[69.999s] -- Installing: /home/ayush/challenge_multi_drone/install/as2_state_estimator/share/as2_state_estimator/config
[70.000s] -- Installing: /home/ayush/challenge_multi_drone/install/as2_state_estimator/share/as2_state_estimator/config/state_estimator_default.yaml
[70.000s] -- Installing: /home/ayush/challenge_multi_drone/install/as2_state_estimator/share/ament_index/resource_index/package_run_dependencies/as2_state_estimator
[70.000s] -- Installing: /home/ayush/challenge_multi_drone/install/as2_state_estimator/share/ament_index/resource_index/parent_prefix_path/as2_state_estimator
[70.001s] -- Installing: /home/ayush/challenge_multi_drone/install/as2_state_estimator/share/as2_state_estimator/environment/ament_prefix_path.sh
[70.001s] -- Installing: /home/ayush/challenge_multi_drone/install/as2_state_estimator/share/as2_state_estimator/environment/ament_prefix_path.dsv
[70.005s] -- Installing: /home/ayush/challenge_multi_drone/install/as2_state_estimator/share/as2_state_estimator/environment/path.sh
[70.005s] -- Installing: /home/ayush/challenge_multi_drone/install/as2_state_estimator/share/as2_state_estimator/environment/path.dsv
[70.005s] -- Installing: /home/ayush/challenge_multi_drone/install/as2_state_estimator/share/as2_state_estimator/local_setup.bash
[70.006s] -- Installing: /home/ayush/challenge_multi_drone/install/as2_state_estimator/share/as2_state_estimator/local_setup.sh
[70.006s] -- Installing: /home/ayush/challenge_multi_drone/install/as2_state_estimator/share/as2_state_estimator/local_setup.zsh
[70.009s] -- Installing: /home/ayush/challenge_multi_drone/install/as2_state_estimator/share/as2_state_estimator/local_setup.dsv
[70.009s] -- Installing: /home/ayush/challenge_multi_drone/install/as2_state_estimator/share/as2_state_estimator/package.dsv
[70.010s] -- Installing: /home/ayush/challenge_multi_drone/install/as2_state_estimator/share/ament_index/resource_index/packages/as2_state_estimator
[70.010s] -- Installing: /home/ayush/challenge_multi_drone/install/as2_state_estimator/share/ament_index/resource_index/as2_state_estimator__pluginlib__plugin/as2_state_estimator
[70.010s] -- Installing: /home/ayush/challenge_multi_drone/install/as2_state_estimator/share/as2_state_estimator/cmake/as2_state_estimatorConfig.cmake
[70.010s] -- Installing: /home/ayush/challenge_multi_drone/install/as2_state_estimator/share/as2_state_estimator/cmake/as2_state_estimatorConfig-version.cmake
[70.010s] -- Installing: /home/ayush/challenge_multi_drone/install/as2_state_estimator/share/as2_state_estimator/package.xml
[70.011s] -- Up-to-date: /home/ayush/challenge_multi_drone/install/as2_state_estimator/include
[70.011s] -- Installing: /home/ayush/challenge_multi_drone/install/as2_state_estimator/include/raw_odometry.hpp
[70.012s] -- Installing: /home/ayush/challenge_multi_drone/install/as2_state_estimator/share/as2_state_estimator/environment/library_path.sh
[70.012s] -- Installing: /home/ayush/challenge_multi_drone/install/as2_state_estimator/share/as2_state_estimator/environment/library_path.dsv
[70.016s] -- Installing: /home/ayush/challenge_multi_drone/install/as2_state_estimator/lib/libraw_odometry.so
[70.023s] -- Set runtime path of "/home/ayush/challenge_multi_drone/install/as2_state_estimator/lib/libraw_odometry.so" to ""
[70.027s] -- Up-to-date: /home/ayush/challenge_multi_drone/install/as2_state_estimator/include
[70.028s] -- Installing: /home/ayush/challenge_multi_drone/install/as2_state_estimator/include/ground_truth.hpp
[70.028s] -- Up-to-date: /home/ayush/challenge_multi_drone/install/as2_state_estimator/share/as2_state_estimator/environment/library_path.sh
[70.028s] -- Up-to-date: /home/ayush/challenge_multi_drone/install/as2_state_estimator/share/as2_state_estimator/environment/library_path.dsv
[70.028s] -- Installing: /home/ayush/challenge_multi_drone/install/as2_state_estimator/lib/libground_truth.so
[70.036s] -- Set runtime path of "/home/ayush/challenge_multi_drone/install/as2_state_estimator/lib/libground_truth.so" to ""
[70.037s] -- Up-to-date: /home/ayush/challenge_multi_drone/install/as2_state_estimator/include
[70.038s] -- Installing: /home/ayush/challenge_multi_drone/install/as2_state_estimator/include/mocap_pose.hpp
[70.038s] -- Up-to-date: /home/ayush/challenge_multi_drone/install/as2_state_estimator/share/as2_state_estimator/environment/library_path.sh
[70.038s] -- Up-to-date: /home/ayush/challenge_multi_drone/install/as2_state_estimator/share/as2_state_estimator/environment/library_path.dsv
[70.038s] -- Installing: /home/ayush/challenge_multi_drone/install/as2_state_estimator/lib/libmocap_pose.so
[70.044s] -- Set runtime path of "/home/ayush/challenge_multi_drone/install/as2_state_estimator/lib/libmocap_pose.so" to ""
[70.061s] Invoked command in '/home/ayush/challenge_multi_drone/build/as2_state_estimator' returned '0': AMENT_PREFIX_PATH=/home/ayush/challenge_multi_drone/install/as2_core:/home/ayush/challenge_multi_drone/install/as2_msgs:${AMENT_PREFIX_PATH} CMAKE_PREFIX_PATH=/home/ayush/challenge_multi_drone/install/as2_core:/home/ayush/challenge_multi_drone/install/as2_msgs:/home/ayush/project_gazebo_ws/install/aerostack2:/home/ayush/project_gazebo_ws/install/as2_usb_camera_interface:/home/ayush/project_gazebo_ws/install/as2_state_estimator:/home/ayush/project_gazebo_ws/install/as2_rviz_plugins:/home/ayush/project_gazebo_ws/install/as2_realsense_interface:/home/ayush/project_gazebo_ws/install/as2_platform_multirotor_simulator:/home/ayush/project_gazebo_ws/install/as2_platform_gazebo:/home/ayush/project_gazebo_ws/install/as2_motion_controller:/home/ayush/project_gazebo_ws/install/as2_behaviors_trajectory_generation:/home/ayush/project_gazebo_ws/install/as2_behaviors_motion:/home/ayush/project_gazebo_ws/install/as2_motion_reference_handlers:/home/ayush/project_gazebo_ws/install/as2_map_server:/home/ayush/project_gazebo_ws/install/as2_geozones:/home/ayush/project_gazebo_ws/install/as2_gazebo_assets:/home/ayush/project_gazebo_ws/install/as2_external_object_to_tf:/home/ayush/project_gazebo_ws/install/as2_behaviors_platform:/home/ayush/project_gazebo_ws/install/as2_behaviors_perception:/home/ayush/project_gazebo_ws/install/as2_behaviors_path_planning:/home/ayush/project_gazebo_ws/install/as2_behavior_tree:/home/ayush/project_gazebo_ws/install/as2_behavior:/home/ayush/project_gazebo_ws/install/as2_alphanumeric_viewer:/home/ayush/project_gazebo_ws/install/as2_core:/home/ayush/project_gazebo_ws/install/as2_msgs:/home/ayush/project_gazebo_ws/install/as2_cli:/home/ayush/project_gazebo_ws/install/as2_visualization:/home/ayush/project_gazebo_ws/install/as2_keyboard_teleoperation:/home/ayush/project_gazebo_ws/install/as2_python_api:/opt/ros/humble LD_LIBRARY_PATH=/home/ayush/challenge_multi_drone/install/as2_core/lib:/home/ayush/challenge_multi_drone/install/as2_msgs/lib:${LD_LIBRARY_PATH} PYTHONPATH=/home/ayush/challenge_multi_drone/install/as2_core/local/lib/python3.10/dist-packages:/home/ayush/challenge_multi_drone/install/as2_msgs/local/lib/python3.10/dist-packages:${PYTHONPATH} /usr/bin/cmake --install /home/ayush/challenge_multi_drone/build/as2_state_estimator
