[1.566s] Invoking command in '/home/ayush/challenge_multi_drone/src/aerostack2/as2_python_api': AMENT_PREFIX_PATH=/home/ayush/challenge_multi_drone/install/as2_motion_reference_handlers:/home/ayush/challenge_multi_drone/install/as2_core:/home/ayush/challenge_multi_drone/install/as2_msgs:${AMENT_PREFIX_PATH} CMAKE_PREFIX_PATH=/home/ayush/challenge_multi_drone/install/as2_motion_reference_handlers:/home/ayush/challenge_multi_drone/install/as2_core:/home/ayush/challenge_multi_drone/install/as2_msgs:${CMAKE_PREFIX_PATH} LD_LIBRARY_PATH=/home/ayush/challenge_multi_drone/install/as2_motion_reference_handlers/lib:/home/ayush/challenge_multi_drone/install/as2_core/lib:/home/ayush/challenge_multi_drone/install/as2_msgs/lib:${LD_LIBRARY_PATH} PYTHONPATH=/home/ayush/challenge_multi_drone/build/as2_python_api/prefix_override:/usr/lib/python3/dist-packages/colcon_core/task/python/colcon_distutils_commands:/home/ayush/challenge_multi_drone/install/as2_python_api/lib/python3.10/site-packages:/home/ayush/challenge_multi_drone/install/as2_motion_reference_handlers/local/lib/python3.10/dist-packages:/home/ayush/challenge_multi_drone/install/as2_core/local/lib/python3.10/dist-packages:/home/ayush/challenge_multi_drone/install/as2_msgs/local/lib/python3.10/dist-packages:${PYTHONPATH} /usr/bin/python3 -W ignore:setup.py install is deprecated -W ignore:easy_install command is deprecated setup.py egg_info --egg-base ../../../build/as2_python_api build --build-base /home/ayush/challenge_multi_drone/build/as2_python_api/build install --record /home/ayush/challenge_multi_drone/build/as2_python_api/install.log --single-version-externally-managed install_data
[2.070s] running egg_info
[2.072s] writing ../../../build/as2_python_api/as2_python_api.egg-info/PKG-INFO
[2.072s] writing dependency_links to ../../../build/as2_python_api/as2_python_api.egg-info/dependency_links.txt
[2.073s] writing entry points to ../../../build/as2_python_api/as2_python_api.egg-info/entry_points.txt
[2.073s] writing requirements to ../../../build/as2_python_api/as2_python_api.egg-info/requires.txt
[2.074s] writing top-level names to ../../../build/as2_python_api/as2_python_api.egg-info/top_level.txt
[2.078s] reading manifest file '../../../build/as2_python_api/as2_python_api.egg-info/SOURCES.txt'
[2.081s] writing manifest file '../../../build/as2_python_api/as2_python_api.egg-info/SOURCES.txt'
[2.081s] running build
[2.081s] running build_py
[2.087s] running install
[2.088s] running install_lib
[2.094s] running install_data
[2.094s] running install_egg_info
[2.098s] removing '/home/ayush/challenge_multi_drone/install/as2_python_api/lib/python3.10/site-packages/as2_python_api-1.1.2-py3.10.egg-info' (and everything under it)
[2.098s] Copying ../../../build/as2_python_api/as2_python_api.egg-info to /home/ayush/challenge_multi_drone/install/as2_python_api/lib/python3.10/site-packages/as2_python_api-1.1.2-py3.10.egg-info
[2.101s] running install_scripts
[2.146s] Installing mission_executor script to /home/ayush/challenge_multi_drone/install/as2_python_api/lib/as2_python_api
[2.149s] writing list of installed files to '/home/ayush/challenge_multi_drone/build/as2_python_api/install.log'
[2.205s] Invoked command in '/home/ayush/challenge_multi_drone/src/aerostack2/as2_python_api' returned '0': AMENT_PREFIX_PATH=/home/ayush/challenge_multi_drone/install/as2_motion_reference_handlers:/home/ayush/challenge_multi_drone/install/as2_core:/home/ayush/challenge_multi_drone/install/as2_msgs:${AMENT_PREFIX_PATH} CMAKE_PREFIX_PATH=/home/ayush/challenge_multi_drone/install/as2_motion_reference_handlers:/home/ayush/challenge_multi_drone/install/as2_core:/home/ayush/challenge_multi_drone/install/as2_msgs:${CMAKE_PREFIX_PATH} LD_LIBRARY_PATH=/home/ayush/challenge_multi_drone/install/as2_motion_reference_handlers/lib:/home/ayush/challenge_multi_drone/install/as2_core/lib:/home/ayush/challenge_multi_drone/install/as2_msgs/lib:${LD_LIBRARY_PATH} PYTHONPATH=/home/ayush/challenge_multi_drone/build/as2_python_api/prefix_override:/usr/lib/python3/dist-packages/colcon_core/task/python/colcon_distutils_commands:/home/ayush/challenge_multi_drone/install/as2_python_api/lib/python3.10/site-packages:/home/ayush/challenge_multi_drone/install/as2_motion_reference_handlers/local/lib/python3.10/dist-packages:/home/ayush/challenge_multi_drone/install/as2_core/local/lib/python3.10/dist-packages:/home/ayush/challenge_multi_drone/install/as2_msgs/local/lib/python3.10/dist-packages:${PYTHONPATH} /usr/bin/python3 -W ignore:setup.py install is deprecated -W ignore:easy_install command is deprecated setup.py egg_info --egg-base ../../../build/as2_python_api build --build-base /home/ayush/challenge_multi_drone/build/as2_python_api/build install --record /home/ayush/challenge_multi_drone/build/as2_python_api/install.log --single-version-externally-managed install_data
